[2025-05-25T07:05:35.526+0000] {local_task_job_runner.py:123} INFO - ::group::Pre task execution logs
[2025-05-25T07:05:35.881+0000] {taskinstance.py:2613} INFO - Dependencies all met for dep_context=non-requeueable deps ti=<TaskInstance: load_file_to_psql.generate_file manual__2025-05-25T07:04:43.033301+00:00 [queued]>
[2025-05-25T07:05:36.024+0000] {taskinstance.py:2613} INFO - Dependencies all met for dep_context=requeueable deps ti=<TaskInstance: load_file_to_psql.generate_file manual__2025-05-25T07:04:43.033301+00:00 [queued]>
[2025-05-25T07:05:36.092+0000] {taskinstance.py:2866} INFO - Starting attempt 1 of 1
[2025-05-25T07:05:36.886+0000] {taskinstance.py:2889} INFO - Executing <Task(PythonOperator): generate_file> on 2025-05-25 07:04:43.033301+00:00
[2025-05-25T07:05:37.095+0000] {warnings.py:112} WARNING - /home/***/.local/lib/python3.12/site-packages/***/task/task_runner/standard_task_runner.py:70: DeprecationWarning: This process (pid=1444) is multi-threaded, use of fork() may lead to deadlocks in the child.
  pid = os.fork()

[2025-05-25T07:05:37.198+0000] {standard_task_runner.py:72} INFO - Started process 1461 to run task
[2025-05-25T07:05:37.182+0000] {standard_task_runner.py:104} INFO - Running: ['***', 'tasks', 'run', 'load_file_to_psql', 'generate_file', 'manual__2025-05-25T07:04:43.033301+00:00', '--job-id', '205', '--raw', '--subdir', 'DAGS_FOLDER/data_quality.py', '--cfg-path', '/tmp/tmpzyl1917s']
[2025-05-25T07:05:37.304+0000] {standard_task_runner.py:105} INFO - Job 205: Subtask generate_file
[2025-05-25T07:05:43.982+0000] {task_command.py:467} INFO - Running <TaskInstance: load_file_to_psql.generate_file manual__2025-05-25T07:04:43.033301+00:00 [running]> on host b4cf172ed0b9
[2025-05-25T07:05:48.594+0000] {taskinstance.py:3132} INFO - Exporting env vars: AIRFLOW_CTX_DAG_EMAIL='https://t.me/Shust_DE' AIRFLOW_CTX_DAG_OWNER='@Shust_DE' AIRFLOW_CTX_DAG_ID='load_file_to_psql' AIRFLOW_CTX_TASK_ID='generate_file' AIRFLOW_CTX_EXECUTION_DATE='2025-05-25T07:04:43.033301+00:00' AIRFLOW_CTX_TRY_NUMBER='1' AIRFLOW_CTX_DAG_RUN_ID='manual__2025-05-25T07:04:43.033301+00:00'
[2025-05-25T07:05:48.669+0000] {taskinstance.py:731} INFO - ::endgroup::
[2025-05-25T07:05:50.635+0000] {job.py:229} INFO - Heartbeat recovered after 15.95 seconds
[2025-05-25T07:05:50.969+0000] {python.py:240} INFO - Done. Returned value was: None
[2025-05-25T07:05:51.461+0000] {taskinstance.py:340} INFO - ::group::Post task execution logs
[2025-05-25T07:05:51.528+0000] {taskinstance.py:352} INFO - Marking task as SUCCESS. dag_id=load_file_to_psql, task_id=generate_file, run_id=manual__2025-05-25T07:04:43.033301+00:00, execution_date=20250525T070443, start_date=20250525T070535, end_date=20250525T070551
[2025-05-25T07:05:52.246+0000] {local_task_job_runner.py:266} INFO - Task exited with return code 0
[2025-05-25T07:05:53.645+0000] {taskinstance.py:3895} INFO - 1 downstream tasks scheduled from follow-on schedule check
[2025-05-25T07:05:53.713+0000] {local_task_job_runner.py:245} INFO - ::endgroup::
