[2025-05-25T05:26:47.279+0000] {local_task_job_runner.py:123} INFO - ::group::Pre task execution logs
[2025-05-25T05:26:48.520+0000] {taskinstance.py:2613} INFO - Dependencies all met for dep_context=non-requeueable deps ti=<TaskInstance: load_file_to_psql.move_data_file scheduled__2025-01-30T00:00:00+00:00 [queued]>
[2025-05-25T05:26:48.876+0000] {taskinstance.py:2613} INFO - Dependencies all met for dep_context=requeueable deps ti=<TaskInstance: load_file_to_psql.move_data_file scheduled__2025-01-30T00:00:00+00:00 [queued]>
[2025-05-25T05:26:48.888+0000] {taskinstance.py:2866} INFO - Starting attempt 1 of 1
[2025-05-25T05:26:49.726+0000] {taskinstance.py:2889} INFO - Executing <Task(BashOperator): move_data_file> on 2025-01-30 00:00:00+00:00
[2025-05-25T05:26:49.753+0000] {warnings.py:112} WARNING - /home/***/.local/lib/python3.12/site-packages/***/task/task_runner/standard_task_runner.py:70: DeprecationWarning: This process (pid=825) is multi-threaded, use of fork() may lead to deadlocks in the child.
  pid = os.fork()

[2025-05-25T05:26:49.825+0000] {standard_task_runner.py:72} INFO - Started process 875 to run task
[2025-05-25T05:26:49.850+0000] {standard_task_runner.py:104} INFO - Running: ['***', 'tasks', 'run', 'load_file_to_psql', 'move_data_file', 'scheduled__2025-01-30T00:00:00+00:00', '--job-id', '111', '--raw', '--subdir', 'DAGS_FOLDER/data_quality.py', '--cfg-path', '/tmp/tmp_0971pfe']
[2025-05-25T05:26:50.116+0000] {standard_task_runner.py:105} INFO - Job 111: Subtask move_data_file
[2025-05-25T05:27:02.966+0000] {task_command.py:467} INFO - Running <TaskInstance: load_file_to_psql.move_data_file scheduled__2025-01-30T00:00:00+00:00 [running]> on host b4cf172ed0b9
[2025-05-25T05:26:56.158+0000] {job.py:229} INFO - Heartbeat recovered after 10.67 seconds
[2025-05-25T05:27:04.993+0000] {taskinstance.py:3132} INFO - Exporting env vars: AIRFLOW_CTX_DAG_EMAIL='https://t.me/Shust_DE' AIRFLOW_CTX_DAG_OWNER='@Shust_DE' AIRFLOW_CTX_DAG_ID='load_file_to_psql' AIRFLOW_CTX_TASK_ID='move_data_file' AIRFLOW_CTX_EXECUTION_DATE='2025-01-30T00:00:00+00:00' AIRFLOW_CTX_TRY_NUMBER='1' AIRFLOW_CTX_DAG_RUN_ID='scheduled__2025-01-30T00:00:00+00:00'
[2025-05-25T05:27:05.012+0000] {taskinstance.py:731} INFO - ::endgroup::
[2025-05-25T05:27:05.213+0000] {subprocess.py:78} INFO - Tmp dir root location: /tmp
[2025-05-25T05:27:05.220+0000] {subprocess.py:88} INFO - Running command: ['/usr/bin/bash', '-c', 'mkdir -p /tmp/processed_data/ && mv /tmp/data.csv /tmp/processed_data/']
[2025-05-25T05:27:05.415+0000] {subprocess.py:99} INFO - Output:
[2025-05-25T05:27:05.598+0000] {subprocess.py:110} INFO - Command exited with return code 0
[2025-05-25T05:27:06.065+0000] {taskinstance.py:340} INFO - ::group::Post task execution logs
[2025-05-25T05:27:06.070+0000] {taskinstance.py:352} INFO - Marking task as SUCCESS. dag_id=load_file_to_psql, task_id=move_data_file, run_id=scheduled__2025-01-30T00:00:00+00:00, execution_date=20250130T000000, start_date=20250525T052648, end_date=20250525T052706
[2025-05-25T05:27:07.111+0000] {local_task_job_runner.py:266} INFO - Task exited with return code 0
[2025-05-25T05:27:07.378+0000] {taskinstance.py:3895} INFO - 1 downstream tasks scheduled from follow-on schedule check
[2025-05-25T05:27:07.393+0000] {local_task_job_runner.py:245} INFO - ::endgroup::
