[2025-05-25T07:09:06.559+0000] {local_task_job_runner.py:123} INFO - ::group::Pre task execution logs
[2025-05-25T07:09:08.211+0000] {taskinstance.py:2613} INFO - Dependencies all met for dep_context=non-requeueable deps ti=<TaskInstance: load_file_to_psql.move_data_file scheduled__2025-04-10T00:00:00+00:00 [queued]>
[2025-05-25T07:09:08.345+0000] {taskinstance.py:2613} INFO - Dependencies all met for dep_context=requeueable deps ti=<TaskInstance: load_file_to_psql.move_data_file scheduled__2025-04-10T00:00:00+00:00 [queued]>
[2025-05-25T07:09:08.353+0000] {taskinstance.py:2866} INFO - Starting attempt 1 of 1
[2025-05-25T07:09:08.518+0000] {taskinstance.py:2889} INFO - Executing <Task(BashOperator): move_data_file> on 2025-04-10 00:00:00+00:00
[2025-05-25T07:09:08.611+0000] {warnings.py:112} WARNING - /home/***/.local/lib/python3.12/site-packages/***/task/task_runner/standard_task_runner.py:70: DeprecationWarning: This process (pid=1584) is multi-threaded, use of fork() may lead to deadlocks in the child.
  pid = os.fork()

[2025-05-25T07:09:08.659+0000] {standard_task_runner.py:72} INFO - Started process 1602 to run task
[2025-05-25T07:09:08.702+0000] {standard_task_runner.py:104} INFO - Running: ['***', 'tasks', 'run', 'load_file_to_psql', 'move_data_file', 'scheduled__2025-04-10T00:00:00+00:00', '--job-id', '223', '--raw', '--subdir', 'DAGS_FOLDER/data_quality.py', '--cfg-path', '/tmp/tmpan5b7zzn']
[2025-05-25T07:09:08.875+0000] {standard_task_runner.py:105} INFO - Job 223: Subtask move_data_file
[2025-05-25T07:09:09.333+0000] {task_command.py:467} INFO - Running <TaskInstance: load_file_to_psql.move_data_file scheduled__2025-04-10T00:00:00+00:00 [running]> on host b4cf172ed0b9
[2025-05-25T07:09:10.721+0000] {taskinstance.py:3132} INFO - Exporting env vars: AIRFLOW_CTX_DAG_EMAIL='https://t.me/Shust_DE' AIRFLOW_CTX_DAG_OWNER='@Shust_DE' AIRFLOW_CTX_DAG_ID='load_file_to_psql' AIRFLOW_CTX_TASK_ID='move_data_file' AIRFLOW_CTX_EXECUTION_DATE='2025-04-10T00:00:00+00:00' AIRFLOW_CTX_TRY_NUMBER='1' AIRFLOW_CTX_DAG_RUN_ID='scheduled__2025-04-10T00:00:00+00:00'
[2025-05-25T07:09:10.740+0000] {taskinstance.py:731} INFO - ::endgroup::
[2025-05-25T07:09:11.230+0000] {subprocess.py:78} INFO - Tmp dir root location: /tmp
[2025-05-25T07:09:11.249+0000] {subprocess.py:88} INFO - Running command: ['/usr/bin/bash', '-c', 'mkdir -p /tmp/processed_data/ && mv /tmp/data.csv /tmp/processed_data/']
[2025-05-25T07:09:11.418+0000] {subprocess.py:99} INFO - Output:
[2025-05-25T07:09:11.644+0000] {subprocess.py:110} INFO - Command exited with return code 0
[2025-05-25T07:09:12.457+0000] {taskinstance.py:340} INFO - ::group::Post task execution logs
[2025-05-25T07:09:12.472+0000] {taskinstance.py:352} INFO - Marking task as SUCCESS. dag_id=load_file_to_psql, task_id=move_data_file, run_id=scheduled__2025-04-10T00:00:00+00:00, execution_date=20250410T000000, start_date=20250525T070908, end_date=20250525T070912
[2025-05-25T07:09:13.493+0000] {local_task_job_runner.py:266} INFO - Task exited with return code 0
[2025-05-25T07:09:13.737+0000] {standard_task_runner.py:217} INFO - Process not found (most likely exited), stop collecting metrics
[2025-05-25T07:09:14.071+0000] {taskinstance.py:3895} INFO - 1 downstream tasks scheduled from follow-on schedule check
[2025-05-25T07:09:14.089+0000] {local_task_job_runner.py:245} INFO - ::endgroup::
