[2025-05-25T07:06:41.698+0000] {local_task_job_runner.py:123} INFO - ::group::Pre task execution logs
[2025-05-25T07:06:43.774+0000] {taskinstance.py:2613} INFO - Dependencies all met for dep_context=non-requeueable deps ti=<TaskInstance: load_file_to_psql.move_data_file manual__2025-05-25T07:04:43.033301+00:00 [queued]>
[2025-05-25T07:06:44.574+0000] {taskinstance.py:2613} INFO - Dependencies all met for dep_context=requeueable deps ti=<TaskInstance: load_file_to_psql.move_data_file manual__2025-05-25T07:04:43.033301+00:00 [queued]>
[2025-05-25T07:06:44.597+0000] {taskinstance.py:2866} INFO - Starting attempt 1 of 1
[2025-05-25T07:06:57.864+0000] {taskinstance.py:2889} INFO - Executing <Task(BashOperator): move_data_file> on 2025-05-25 07:04:43.033301+00:00
[2025-05-25T07:06:58.581+0000] {standard_task_runner.py:104} INFO - Running: ['***', 'tasks', 'run', 'load_file_to_psql', 'move_data_file', 'manual__2025-05-25T07:04:43.033301+00:00', '--job-id', '208', '--raw', '--subdir', 'DAGS_FOLDER/data_quality.py', '--cfg-path', '/tmp/tmpy7xf1_79']
[2025-05-25T07:06:58.632+0000] {standard_task_runner.py:105} INFO - Job 208: Subtask move_data_file
[2025-05-25T07:06:58.421+0000] {warnings.py:112} WARNING - /home/***/.local/lib/python3.12/site-packages/***/task/task_runner/standard_task_runner.py:70: DeprecationWarning: This process (pid=1463) is multi-threaded, use of fork() may lead to deadlocks in the child.
  pid = os.fork()

[2025-05-25T07:06:58.654+0000] {standard_task_runner.py:72} INFO - Started process 1513 to run task
[2025-05-25T07:07:05.199+0000] {task_command.py:467} INFO - Running <TaskInstance: load_file_to_psql.move_data_file manual__2025-05-25T07:04:43.033301+00:00 [running]> on host b4cf172ed0b9
[2025-05-25T07:07:05.211+0000] {job.py:229} INFO - Heartbeat recovered after 25.88 seconds
[2025-05-25T07:07:11.628+0000] {taskinstance.py:3132} INFO - Exporting env vars: AIRFLOW_CTX_DAG_EMAIL='https://t.me/Shust_DE' AIRFLOW_CTX_DAG_OWNER='@Shust_DE' AIRFLOW_CTX_DAG_ID='load_file_to_psql' AIRFLOW_CTX_TASK_ID='move_data_file' AIRFLOW_CTX_EXECUTION_DATE='2025-05-25T07:04:43.033301+00:00' AIRFLOW_CTX_TRY_NUMBER='1' AIRFLOW_CTX_DAG_RUN_ID='manual__2025-05-25T07:04:43.033301+00:00'
[2025-05-25T07:07:11.647+0000] {taskinstance.py:731} INFO - ::endgroup::
[2025-05-25T07:07:13.624+0000] {subprocess.py:78} INFO - Tmp dir root location: /tmp
[2025-05-25T07:07:13.640+0000] {subprocess.py:88} INFO - Running command: ['/usr/bin/bash', '-c', 'mkdir -p /tmp/processed_data/ && mv /tmp/data.csv /tmp/processed_data/']
[2025-05-25T07:07:15.658+0000] {subprocess.py:99} INFO - Output:
[2025-05-25T07:07:17.000+0000] {subprocess.py:110} INFO - Command exited with return code 0
[2025-05-25T07:07:20.392+0000] {taskinstance.py:340} INFO - ::group::Post task execution logs
[2025-05-25T07:07:20.425+0000] {taskinstance.py:352} INFO - Marking task as SUCCESS. dag_id=load_file_to_psql, task_id=move_data_file, run_id=manual__2025-05-25T07:04:43.033301+00:00, execution_date=20250525T070443, start_date=20250525T070643, end_date=20250525T070720
[2025-05-25T07:07:21.778+0000] {local_task_job_runner.py:266} INFO - Task exited with return code 0
[2025-05-25T07:07:21.797+0000] {standard_task_runner.py:217} INFO - Process not found (most likely exited), stop collecting metrics
[2025-05-25T07:07:22.687+0000] {local_task_job_runner.py:245} INFO - ::endgroup::
