[2025-06-15T15:04:12.350+0000] {processor.py:186} INFO - Started process (PID=1442) to work on /opt/airflow/dags/create_postgres_app.py
[2025-06-15T15:04:12.370+0000] {processor.py:914} INFO - Processing file /opt/airflow/dags/create_postgres_app.py for tasks to queue
[2025-06-15T15:04:12.402+0000] {logging_mixin.py:190} INFO - [2025-06-15T15:04:12.401+0000] {dagbag.py:588} INFO - Filling up the DagBag from /opt/airflow/dags/create_postgres_app.py
[2025-06-15T15:04:14.156+0000] {logging_mixin.py:190} INFO - [2025-06-15T15:04:13.910+0000] {dagbag.py:387} ERROR - Failed to import: /opt/airflow/dags/create_postgres_app.py
Traceback (most recent call last):
  File "/home/airflow/.local/lib/python3.12/site-packages/airflow/models/dagbag.py", line 383, in parse
    loader.exec_module(new_module)
  File "<frozen importlib._bootstrap_external>", line 995, in exec_module
  File "<frozen importlib._bootstrap>", line 488, in _call_with_frames_removed
  File "/opt/airflow/dags/create_postgres_app.py", line 8, in <module>
    'start_date': datetime(2025, 6, 11),
                  ^^^^^^^^^^^^^^^^^^^^^
TypeError: 'module' object is not callable. Did you mean: 'datetime.datetime(...)'?
[2025-06-15T15:04:14.196+0000] {processor.py:927} WARNING - No viable dags retrieved from /opt/airflow/dags/create_postgres_app.py
[2025-06-15T15:04:14.379+0000] {processor.py:208} INFO - Processing /opt/airflow/dags/create_postgres_app.py took 2.170 seconds
[2025-06-15T15:04:48.634+0000] {processor.py:186} INFO - Started process (PID=1454) to work on /opt/airflow/dags/create_postgres_app.py
[2025-06-15T15:04:49.926+0000] {processor.py:914} INFO - Processing file /opt/airflow/dags/create_postgres_app.py for tasks to queue
[2025-06-15T15:04:50.660+0000] {logging_mixin.py:190} INFO - [2025-06-15T15:04:50.630+0000] {dagbag.py:588} INFO - Filling up the DagBag from /opt/airflow/dags/create_postgres_app.py
[2025-06-15T15:04:54.154+0000] {logging_mixin.py:190} INFO - [2025-06-15T15:04:53.684+0000] {dagbag.py:387} ERROR - Failed to import: /opt/airflow/dags/create_postgres_app.py
Traceback (most recent call last):
  File "/home/airflow/.local/lib/python3.12/site-packages/airflow/models/dagbag.py", line 383, in parse
    loader.exec_module(new_module)
  File "<frozen importlib._bootstrap_external>", line 995, in exec_module
  File "<frozen importlib._bootstrap>", line 488, in _call_with_frames_removed
  File "/opt/airflow/dags/create_postgres_app.py", line 8, in <module>
    'start_date': datetime(2025, 6, 11),
                  ^^^^^^^^^^^^^^^^^^^^^
TypeError: 'module' object is not callable. Did you mean: 'datetime.datetime(...)'?
[2025-06-15T15:04:54.401+0000] {processor.py:927} WARNING - No viable dags retrieved from /opt/airflow/dags/create_postgres_app.py
[2025-06-15T15:04:55.015+0000] {processor.py:208} INFO - Processing /opt/airflow/dags/create_postgres_app.py took 6.703 seconds
[2025-06-15T15:05:26.924+0000] {processor.py:186} INFO - Started process (PID=1470) to work on /opt/airflow/dags/create_postgres_app.py
[2025-06-15T15:05:26.939+0000] {processor.py:914} INFO - Processing file /opt/airflow/dags/create_postgres_app.py for tasks to queue
[2025-06-15T15:05:27.019+0000] {logging_mixin.py:190} INFO - [2025-06-15T15:05:27.018+0000] {dagbag.py:588} INFO - Filling up the DagBag from /opt/airflow/dags/create_postgres_app.py
[2025-06-15T15:05:27.969+0000] {logging_mixin.py:190} INFO - [2025-06-15T15:05:27.714+0000] {dagbag.py:387} ERROR - Failed to import: /opt/airflow/dags/create_postgres_app.py
Traceback (most recent call last):
  File "/home/airflow/.local/lib/python3.12/site-packages/airflow/models/dagbag.py", line 383, in parse
    loader.exec_module(new_module)
  File "<frozen importlib._bootstrap_external>", line 995, in exec_module
  File "<frozen importlib._bootstrap>", line 488, in _call_with_frames_removed
  File "/opt/airflow/dags/create_postgres_app.py", line 8, in <module>
    'start_date': datetime(2025, 6, 11),
                  ^^^^^^^^^^^^^^^^^^^^^
TypeError: 'module' object is not callable. Did you mean: 'datetime.datetime(...)'?
[2025-06-15T15:05:28.029+0000] {processor.py:927} WARNING - No viable dags retrieved from /opt/airflow/dags/create_postgres_app.py
[2025-06-15T15:05:29.107+0000] {processor.py:208} INFO - Processing /opt/airflow/dags/create_postgres_app.py took 2.327 seconds
[2025-06-15T15:06:00.667+0000] {processor.py:186} INFO - Started process (PID=1482) to work on /opt/airflow/dags/create_postgres_app.py
[2025-06-15T15:06:00.671+0000] {processor.py:914} INFO - Processing file /opt/airflow/dags/create_postgres_app.py for tasks to queue
[2025-06-15T15:06:00.796+0000] {logging_mixin.py:190} INFO - [2025-06-15T15:06:00.750+0000] {dagbag.py:588} INFO - Filling up the DagBag from /opt/airflow/dags/create_postgres_app.py
[2025-06-15T15:06:01.449+0000] {logging_mixin.py:190} INFO - [2025-06-15T15:06:01.303+0000] {dagbag.py:387} ERROR - Failed to import: /opt/airflow/dags/create_postgres_app.py
Traceback (most recent call last):
  File "/home/airflow/.local/lib/python3.12/site-packages/airflow/models/dagbag.py", line 383, in parse
    loader.exec_module(new_module)
  File "<frozen importlib._bootstrap_external>", line 995, in exec_module
  File "<frozen importlib._bootstrap>", line 488, in _call_with_frames_removed
  File "/opt/airflow/dags/create_postgres_app.py", line 8, in <module>
    'start_date': datetime(2025, 6, 11),
                  ^^^^^^^^^^^^^^^^^^^^^
TypeError: 'module' object is not callable. Did you mean: 'datetime.datetime(...)'?
[2025-06-15T15:06:01.525+0000] {processor.py:927} WARNING - No viable dags retrieved from /opt/airflow/dags/create_postgres_app.py
[2025-06-15T15:06:01.978+0000] {processor.py:208} INFO - Processing /opt/airflow/dags/create_postgres_app.py took 1.564 seconds
[2025-06-15T15:06:33.329+0000] {processor.py:186} INFO - Started process (PID=1492) to work on /opt/airflow/dags/create_postgres_app.py
[2025-06-15T15:06:33.335+0000] {processor.py:914} INFO - Processing file /opt/airflow/dags/create_postgres_app.py for tasks to queue
[2025-06-15T15:06:33.378+0000] {logging_mixin.py:190} INFO - [2025-06-15T15:06:33.376+0000] {dagbag.py:588} INFO - Filling up the DagBag from /opt/airflow/dags/create_postgres_app.py
[2025-06-15T15:06:33.486+0000] {logging_mixin.py:190} INFO - [2025-06-15T15:06:33.450+0000] {dagbag.py:387} ERROR - Failed to import: /opt/airflow/dags/create_postgres_app.py
Traceback (most recent call last):
  File "/home/airflow/.local/lib/python3.12/site-packages/airflow/models/dagbag.py", line 383, in parse
    loader.exec_module(new_module)
  File "<frozen importlib._bootstrap_external>", line 995, in exec_module
  File "<frozen importlib._bootstrap>", line 488, in _call_with_frames_removed
  File "/opt/airflow/dags/create_postgres_app.py", line 8, in <module>
    'start_date': datetime(2025, 6, 11),
                  ^^^^^^^^^^^^^^^^^^^^^
TypeError: 'module' object is not callable. Did you mean: 'datetime.datetime(...)'?
[2025-06-15T15:06:33.492+0000] {processor.py:927} WARNING - No viable dags retrieved from /opt/airflow/dags/create_postgres_app.py
[2025-06-15T15:06:33.679+0000] {processor.py:208} INFO - Processing /opt/airflow/dags/create_postgres_app.py took 0.492 seconds
[2025-06-15T15:07:04.629+0000] {processor.py:186} INFO - Started process (PID=1504) to work on /opt/airflow/dags/create_postgres_app.py
[2025-06-15T15:07:04.674+0000] {processor.py:914} INFO - Processing file /opt/airflow/dags/create_postgres_app.py for tasks to queue
[2025-06-15T15:07:04.716+0000] {logging_mixin.py:190} INFO - [2025-06-15T15:07:04.714+0000] {dagbag.py:588} INFO - Filling up the DagBag from /opt/airflow/dags/create_postgres_app.py
[2025-06-15T15:07:04.980+0000] {logging_mixin.py:190} INFO - [2025-06-15T15:07:04.959+0000] {dagbag.py:387} ERROR - Failed to import: /opt/airflow/dags/create_postgres_app.py
Traceback (most recent call last):
  File "/home/airflow/.local/lib/python3.12/site-packages/airflow/models/dagbag.py", line 383, in parse
    loader.exec_module(new_module)
  File "<frozen importlib._bootstrap_external>", line 995, in exec_module
  File "<frozen importlib._bootstrap>", line 488, in _call_with_frames_removed
  File "/opt/airflow/dags/create_postgres_app.py", line 8, in <module>
    'start_date': datetime(2025, 6, 11),
                  ^^^^^^^^^^^^^^^^^^^^^
TypeError: 'module' object is not callable. Did you mean: 'datetime.datetime(...)'?
[2025-06-15T15:07:04.998+0000] {processor.py:927} WARNING - No viable dags retrieved from /opt/airflow/dags/create_postgres_app.py
[2025-06-15T15:07:05.235+0000] {processor.py:208} INFO - Processing /opt/airflow/dags/create_postgres_app.py took 0.696 seconds
[2025-06-15T15:07:36.350+0000] {processor.py:186} INFO - Started process (PID=1516) to work on /opt/airflow/dags/create_postgres_app.py
[2025-06-15T15:07:36.364+0000] {processor.py:914} INFO - Processing file /opt/airflow/dags/create_postgres_app.py for tasks to queue
[2025-06-15T15:07:36.395+0000] {logging_mixin.py:190} INFO - [2025-06-15T15:07:36.392+0000] {dagbag.py:588} INFO - Filling up the DagBag from /opt/airflow/dags/create_postgres_app.py
[2025-06-15T15:07:36.777+0000] {logging_mixin.py:190} INFO - [2025-06-15T15:07:36.677+0000] {dagbag.py:387} ERROR - Failed to import: /opt/airflow/dags/create_postgres_app.py
Traceback (most recent call last):
  File "/home/airflow/.local/lib/python3.12/site-packages/airflow/models/dagbag.py", line 383, in parse
    loader.exec_module(new_module)
  File "<frozen importlib._bootstrap_external>", line 995, in exec_module
  File "<frozen importlib._bootstrap>", line 488, in _call_with_frames_removed
  File "/opt/airflow/dags/create_postgres_app.py", line 8, in <module>
    'start_date': datetime(2025, 6, 11),
                  ^^^^^^^^^^^^^^^^^^^^^
TypeError: 'module' object is not callable. Did you mean: 'datetime.datetime(...)'?
[2025-06-15T15:07:36.782+0000] {processor.py:927} WARNING - No viable dags retrieved from /opt/airflow/dags/create_postgres_app.py
[2025-06-15T15:07:36.950+0000] {processor.py:208} INFO - Processing /opt/airflow/dags/create_postgres_app.py took 0.719 seconds
[2025-06-15T15:08:07.589+0000] {processor.py:186} INFO - Started process (PID=1528) to work on /opt/airflow/dags/create_postgres_app.py
[2025-06-15T15:08:07.616+0000] {processor.py:914} INFO - Processing file /opt/airflow/dags/create_postgres_app.py for tasks to queue
[2025-06-15T15:08:07.671+0000] {logging_mixin.py:190} INFO - [2025-06-15T15:08:07.639+0000] {dagbag.py:588} INFO - Filling up the DagBag from /opt/airflow/dags/create_postgres_app.py
[2025-06-15T15:08:08.107+0000] {logging_mixin.py:190} INFO - [2025-06-15T15:08:07.986+0000] {dagbag.py:387} ERROR - Failed to import: /opt/airflow/dags/create_postgres_app.py
Traceback (most recent call last):
  File "/home/airflow/.local/lib/python3.12/site-packages/airflow/models/dagbag.py", line 383, in parse
    loader.exec_module(new_module)
  File "<frozen importlib._bootstrap_external>", line 995, in exec_module
  File "<frozen importlib._bootstrap>", line 488, in _call_with_frames_removed
  File "/opt/airflow/dags/create_postgres_app.py", line 8, in <module>
    'start_date': datetime(2025, 6, 11),
                  ^^^^^^^^^^^^^^^^^^^^^
TypeError: 'module' object is not callable. Did you mean: 'datetime.datetime(...)'?
[2025-06-15T15:08:08.136+0000] {processor.py:927} WARNING - No viable dags retrieved from /opt/airflow/dags/create_postgres_app.py
[2025-06-15T15:08:08.555+0000] {processor.py:208} INFO - Processing /opt/airflow/dags/create_postgres_app.py took 1.015 seconds
[2025-06-15T15:08:39.416+0000] {processor.py:186} INFO - Started process (PID=1538) to work on /opt/airflow/dags/create_postgres_app.py
[2025-06-15T15:08:39.419+0000] {processor.py:914} INFO - Processing file /opt/airflow/dags/create_postgres_app.py for tasks to queue
[2025-06-15T15:08:39.432+0000] {logging_mixin.py:190} INFO - [2025-06-15T15:08:39.431+0000] {dagbag.py:588} INFO - Filling up the DagBag from /opt/airflow/dags/create_postgres_app.py
[2025-06-15T15:08:39.499+0000] {logging_mixin.py:190} INFO - [2025-06-15T15:08:39.481+0000] {dagbag.py:387} ERROR - Failed to import: /opt/airflow/dags/create_postgres_app.py
Traceback (most recent call last):
  File "/home/airflow/.local/lib/python3.12/site-packages/airflow/models/dagbag.py", line 383, in parse
    loader.exec_module(new_module)
  File "<frozen importlib._bootstrap_external>", line 995, in exec_module
  File "<frozen importlib._bootstrap>", line 488, in _call_with_frames_removed
  File "/opt/airflow/dags/create_postgres_app.py", line 8, in <module>
    'start_date': datetime(2025, 6, 11),
                  ^^^^^^^^^^^^^^^^^^^^^
TypeError: 'module' object is not callable. Did you mean: 'datetime.datetime(...)'?
[2025-06-15T15:08:39.507+0000] {processor.py:927} WARNING - No viable dags retrieved from /opt/airflow/dags/create_postgres_app.py
[2025-06-15T15:08:39.656+0000] {processor.py:208} INFO - Processing /opt/airflow/dags/create_postgres_app.py took 0.279 seconds
[2025-06-15T15:09:11.386+0000] {processor.py:186} INFO - Started process (PID=1550) to work on /opt/airflow/dags/create_postgres_app.py
[2025-06-15T15:09:11.400+0000] {processor.py:914} INFO - Processing file /opt/airflow/dags/create_postgres_app.py for tasks to queue
[2025-06-15T15:09:11.419+0000] {logging_mixin.py:190} INFO - [2025-06-15T15:09:11.418+0000] {dagbag.py:588} INFO - Filling up the DagBag from /opt/airflow/dags/create_postgres_app.py
[2025-06-15T15:09:11.887+0000] {logging_mixin.py:190} INFO - [2025-06-15T15:09:11.792+0000] {dagbag.py:387} ERROR - Failed to import: /opt/airflow/dags/create_postgres_app.py
Traceback (most recent call last):
  File "/home/airflow/.local/lib/python3.12/site-packages/airflow/models/dagbag.py", line 383, in parse
    loader.exec_module(new_module)
  File "<frozen importlib._bootstrap_external>", line 995, in exec_module
  File "<frozen importlib._bootstrap>", line 488, in _call_with_frames_removed
  File "/opt/airflow/dags/create_postgres_app.py", line 8, in <module>
    'start_date': datetime(2025, 6, 11),
                  ^^^^^^^^^^^^^^^^^^^^^
TypeError: 'module' object is not callable. Did you mean: 'datetime.datetime(...)'?
[2025-06-15T15:09:11.899+0000] {processor.py:927} WARNING - No viable dags retrieved from /opt/airflow/dags/create_postgres_app.py
[2025-06-15T15:09:12.046+0000] {processor.py:208} INFO - Processing /opt/airflow/dags/create_postgres_app.py took 0.710 seconds
[2025-06-15T15:09:42.281+0000] {processor.py:186} INFO - Started process (PID=1562) to work on /opt/airflow/dags/create_postgres_app.py
[2025-06-15T15:09:42.286+0000] {processor.py:914} INFO - Processing file /opt/airflow/dags/create_postgres_app.py for tasks to queue
[2025-06-15T15:09:42.305+0000] {logging_mixin.py:190} INFO - [2025-06-15T15:09:42.304+0000] {dagbag.py:588} INFO - Filling up the DagBag from /opt/airflow/dags/create_postgres_app.py
[2025-06-15T15:09:42.380+0000] {logging_mixin.py:190} INFO - [2025-06-15T15:09:42.368+0000] {dagbag.py:387} ERROR - Failed to import: /opt/airflow/dags/create_postgres_app.py
Traceback (most recent call last):
  File "/home/airflow/.local/lib/python3.12/site-packages/airflow/models/dagbag.py", line 383, in parse
    loader.exec_module(new_module)
  File "<frozen importlib._bootstrap_external>", line 995, in exec_module
  File "<frozen importlib._bootstrap>", line 488, in _call_with_frames_removed
  File "/opt/airflow/dags/create_postgres_app.py", line 8, in <module>
    'start_date': datetime(2025, 6, 11),
                  ^^^^^^^^^^^^^^^^^^^^^
TypeError: 'module' object is not callable. Did you mean: 'datetime.datetime(...)'?
[2025-06-15T15:09:42.389+0000] {processor.py:927} WARNING - No viable dags retrieved from /opt/airflow/dags/create_postgres_app.py
[2025-06-15T15:09:42.496+0000] {processor.py:208} INFO - Processing /opt/airflow/dags/create_postgres_app.py took 0.241 seconds
[2025-06-15T15:10:13.454+0000] {processor.py:186} INFO - Started process (PID=1574) to work on /opt/airflow/dags/create_postgres_app.py
[2025-06-15T15:10:13.457+0000] {processor.py:914} INFO - Processing file /opt/airflow/dags/create_postgres_app.py for tasks to queue
[2025-06-15T15:10:13.467+0000] {logging_mixin.py:190} INFO - [2025-06-15T15:10:13.466+0000] {dagbag.py:588} INFO - Filling up the DagBag from /opt/airflow/dags/create_postgres_app.py
[2025-06-15T15:10:13.505+0000] {logging_mixin.py:190} INFO - [2025-06-15T15:10:13.496+0000] {dagbag.py:387} ERROR - Failed to import: /opt/airflow/dags/create_postgres_app.py
Traceback (most recent call last):
  File "/home/airflow/.local/lib/python3.12/site-packages/airflow/models/dagbag.py", line 383, in parse
    loader.exec_module(new_module)
  File "<frozen importlib._bootstrap_external>", line 995, in exec_module
  File "<frozen importlib._bootstrap>", line 488, in _call_with_frames_removed
  File "/opt/airflow/dags/create_postgres_app.py", line 8, in <module>
    'start_date': datetime(2025, 6, 11),
                  ^^^^^^^^^^^^^^^^^^^^^
TypeError: 'module' object is not callable. Did you mean: 'datetime.datetime(...)'?
[2025-06-15T15:10:13.508+0000] {processor.py:927} WARNING - No viable dags retrieved from /opt/airflow/dags/create_postgres_app.py
[2025-06-15T15:10:13.587+0000] {processor.py:208} INFO - Processing /opt/airflow/dags/create_postgres_app.py took 0.156 seconds
[2025-06-15T15:10:44.133+0000] {processor.py:186} INFO - Started process (PID=1586) to work on /opt/airflow/dags/create_postgres_app.py
[2025-06-15T15:10:44.136+0000] {processor.py:914} INFO - Processing file /opt/airflow/dags/create_postgres_app.py for tasks to queue
[2025-06-15T15:10:44.147+0000] {logging_mixin.py:190} INFO - [2025-06-15T15:10:44.146+0000] {dagbag.py:588} INFO - Filling up the DagBag from /opt/airflow/dags/create_postgres_app.py
[2025-06-15T15:10:44.193+0000] {logging_mixin.py:190} INFO - [2025-06-15T15:10:44.180+0000] {dagbag.py:387} ERROR - Failed to import: /opt/airflow/dags/create_postgres_app.py
Traceback (most recent call last):
  File "/home/airflow/.local/lib/python3.12/site-packages/airflow/models/dagbag.py", line 383, in parse
    loader.exec_module(new_module)
  File "<frozen importlib._bootstrap_external>", line 995, in exec_module
  File "<frozen importlib._bootstrap>", line 488, in _call_with_frames_removed
  File "/opt/airflow/dags/create_postgres_app.py", line 8, in <module>
    'start_date': datetime(2025, 6, 11),
                  ^^^^^^^^^^^^^^^^^^^^^
TypeError: 'module' object is not callable. Did you mean: 'datetime.datetime(...)'?
[2025-06-15T15:10:44.197+0000] {processor.py:927} WARNING - No viable dags retrieved from /opt/airflow/dags/create_postgres_app.py
[2025-06-15T15:10:44.271+0000] {processor.py:208} INFO - Processing /opt/airflow/dags/create_postgres_app.py took 0.161 seconds
[2025-06-15T15:11:18.110+0000] {processor.py:186} INFO - Started process (PID=1598) to work on /opt/airflow/dags/create_postgres_app.py
[2025-06-15T15:11:18.119+0000] {processor.py:914} INFO - Processing file /opt/airflow/dags/create_postgres_app.py for tasks to queue
[2025-06-15T15:11:18.182+0000] {logging_mixin.py:190} INFO - [2025-06-15T15:11:18.181+0000] {dagbag.py:588} INFO - Filling up the DagBag from /opt/airflow/dags/create_postgres_app.py
[2025-06-15T15:11:20.504+0000] {logging_mixin.py:190} INFO - [2025-06-15T15:11:19.981+0000] {dagbag.py:387} ERROR - Failed to import: /opt/airflow/dags/create_postgres_app.py
Traceback (most recent call last):
  File "/home/airflow/.local/lib/python3.12/site-packages/airflow/models/dagbag.py", line 383, in parse
    loader.exec_module(new_module)
  File "<frozen importlib._bootstrap_external>", line 995, in exec_module
  File "<frozen importlib._bootstrap>", line 488, in _call_with_frames_removed
  File "/opt/airflow/dags/create_postgres_app.py", line 8, in <module>
    'start_date': datetime(2025, 6, 11),
                  ^^^^^^^^^^^^^^^^^^^^^
TypeError: 'module' object is not callable. Did you mean: 'datetime.datetime(...)'?
[2025-06-15T15:11:20.731+0000] {processor.py:927} WARNING - No viable dags retrieved from /opt/airflow/dags/create_postgres_app.py
[2025-06-15T15:11:20.949+0000] {processor.py:208} INFO - Processing /opt/airflow/dags/create_postgres_app.py took 2.897 seconds
[2025-06-15T15:11:53.466+0000] {processor.py:186} INFO - Started process (PID=1610) to work on /opt/airflow/dags/create_postgres_app.py
[2025-06-15T15:11:53.501+0000] {processor.py:914} INFO - Processing file /opt/airflow/dags/create_postgres_app.py for tasks to queue
[2025-06-15T15:11:53.548+0000] {logging_mixin.py:190} INFO - [2025-06-15T15:11:53.535+0000] {dagbag.py:588} INFO - Filling up the DagBag from /opt/airflow/dags/create_postgres_app.py
[2025-06-15T15:11:53.755+0000] {logging_mixin.py:190} INFO - [2025-06-15T15:11:53.696+0000] {dagbag.py:387} ERROR - Failed to import: /opt/airflow/dags/create_postgres_app.py
Traceback (most recent call last):
  File "/home/airflow/.local/lib/python3.12/site-packages/airflow/models/dagbag.py", line 383, in parse
    loader.exec_module(new_module)
  File "<frozen importlib._bootstrap_external>", line 995, in exec_module
  File "<frozen importlib._bootstrap>", line 488, in _call_with_frames_removed
  File "/opt/airflow/dags/create_postgres_app.py", line 8, in <module>
    'start_date': datetime(2025, 6, 11),
                  ^^^^^^^^^^^^^^^^^^^^^
TypeError: 'module' object is not callable. Did you mean: 'datetime.datetime(...)'?
[2025-06-15T15:11:53.813+0000] {processor.py:927} WARNING - No viable dags retrieved from /opt/airflow/dags/create_postgres_app.py
[2025-06-15T15:11:54.066+0000] {processor.py:208} INFO - Processing /opt/airflow/dags/create_postgres_app.py took 0.662 seconds
[2025-06-15T15:12:24.478+0000] {processor.py:186} INFO - Started process (PID=1622) to work on /opt/airflow/dags/create_postgres_app.py
[2025-06-15T15:12:24.481+0000] {processor.py:914} INFO - Processing file /opt/airflow/dags/create_postgres_app.py for tasks to queue
[2025-06-15T15:12:24.489+0000] {logging_mixin.py:190} INFO - [2025-06-15T15:12:24.488+0000] {dagbag.py:588} INFO - Filling up the DagBag from /opt/airflow/dags/create_postgres_app.py
[2025-06-15T15:12:24.543+0000] {logging_mixin.py:190} INFO - [2025-06-15T15:12:24.529+0000] {dagbag.py:387} ERROR - Failed to import: /opt/airflow/dags/create_postgres_app.py
Traceback (most recent call last):
  File "/home/airflow/.local/lib/python3.12/site-packages/airflow/models/dagbag.py", line 383, in parse
    loader.exec_module(new_module)
  File "<frozen importlib._bootstrap_external>", line 995, in exec_module
  File "<frozen importlib._bootstrap>", line 488, in _call_with_frames_removed
  File "/opt/airflow/dags/create_postgres_app.py", line 8, in <module>
    'start_date': datetime(2025, 6, 11),
                  ^^^^^^^^^^^^^^^^^^^^^
TypeError: 'module' object is not callable. Did you mean: 'datetime.datetime(...)'?
[2025-06-15T15:12:24.548+0000] {processor.py:927} WARNING - No viable dags retrieved from /opt/airflow/dags/create_postgres_app.py
[2025-06-15T15:12:24.605+0000] {processor.py:208} INFO - Processing /opt/airflow/dags/create_postgres_app.py took 0.144 seconds
[2025-06-15T15:12:54.816+0000] {processor.py:186} INFO - Started process (PID=1634) to work on /opt/airflow/dags/create_postgres_app.py
[2025-06-15T15:12:54.820+0000] {processor.py:914} INFO - Processing file /opt/airflow/dags/create_postgres_app.py for tasks to queue
[2025-06-15T15:12:54.829+0000] {logging_mixin.py:190} INFO - [2025-06-15T15:12:54.828+0000] {dagbag.py:588} INFO - Filling up the DagBag from /opt/airflow/dags/create_postgres_app.py
[2025-06-15T15:12:54.896+0000] {logging_mixin.py:190} INFO - [2025-06-15T15:12:54.879+0000] {dagbag.py:387} ERROR - Failed to import: /opt/airflow/dags/create_postgres_app.py
Traceback (most recent call last):
  File "/home/airflow/.local/lib/python3.12/site-packages/airflow/models/dagbag.py", line 383, in parse
    loader.exec_module(new_module)
  File "<frozen importlib._bootstrap_external>", line 995, in exec_module
  File "<frozen importlib._bootstrap>", line 488, in _call_with_frames_removed
  File "/opt/airflow/dags/create_postgres_app.py", line 8, in <module>
    'start_date': datetime(2025, 6, 11),
                  ^^^^^^^^^^^^^^^^^^^^^
TypeError: 'module' object is not callable. Did you mean: 'datetime.datetime(...)'?
[2025-06-15T15:12:54.901+0000] {processor.py:927} WARNING - No viable dags retrieved from /opt/airflow/dags/create_postgres_app.py
[2025-06-15T15:12:54.983+0000] {processor.py:208} INFO - Processing /opt/airflow/dags/create_postgres_app.py took 0.204 seconds
[2025-06-15T15:13:25.425+0000] {processor.py:186} INFO - Started process (PID=1646) to work on /opt/airflow/dags/create_postgres_app.py
[2025-06-15T15:13:25.429+0000] {processor.py:914} INFO - Processing file /opt/airflow/dags/create_postgres_app.py for tasks to queue
[2025-06-15T15:13:25.442+0000] {logging_mixin.py:190} INFO - [2025-06-15T15:13:25.441+0000] {dagbag.py:588} INFO - Filling up the DagBag from /opt/airflow/dags/create_postgres_app.py
[2025-06-15T15:13:25.486+0000] {logging_mixin.py:190} INFO - [2025-06-15T15:13:25.473+0000] {dagbag.py:387} ERROR - Failed to import: /opt/airflow/dags/create_postgres_app.py
Traceback (most recent call last):
  File "/home/airflow/.local/lib/python3.12/site-packages/airflow/models/dagbag.py", line 383, in parse
    loader.exec_module(new_module)
  File "<frozen importlib._bootstrap_external>", line 995, in exec_module
  File "<frozen importlib._bootstrap>", line 488, in _call_with_frames_removed
  File "/opt/airflow/dags/create_postgres_app.py", line 8, in <module>
    'start_date': datetime(2025, 6, 11),
                  ^^^^^^^^^^^^^^^^^^^^^
TypeError: 'module' object is not callable. Did you mean: 'datetime.datetime(...)'?
[2025-06-15T15:13:25.489+0000] {processor.py:927} WARNING - No viable dags retrieved from /opt/airflow/dags/create_postgres_app.py
[2025-06-15T15:13:25.572+0000] {processor.py:208} INFO - Processing /opt/airflow/dags/create_postgres_app.py took 0.172 seconds
[2025-06-15T15:13:56.657+0000] {processor.py:186} INFO - Started process (PID=1658) to work on /opt/airflow/dags/create_postgres_app.py
[2025-06-15T15:13:56.671+0000] {processor.py:914} INFO - Processing file /opt/airflow/dags/create_postgres_app.py for tasks to queue
[2025-06-15T15:13:56.694+0000] {logging_mixin.py:190} INFO - [2025-06-15T15:13:56.691+0000] {dagbag.py:588} INFO - Filling up the DagBag from /opt/airflow/dags/create_postgres_app.py
[2025-06-15T15:13:56.800+0000] {logging_mixin.py:190} INFO - [2025-06-15T15:13:56.774+0000] {dagbag.py:387} ERROR - Failed to import: /opt/airflow/dags/create_postgres_app.py
Traceback (most recent call last):
  File "/home/airflow/.local/lib/python3.12/site-packages/airflow/models/dagbag.py", line 383, in parse
    loader.exec_module(new_module)
  File "<frozen importlib._bootstrap_external>", line 995, in exec_module
  File "<frozen importlib._bootstrap>", line 488, in _call_with_frames_removed
  File "/opt/airflow/dags/create_postgres_app.py", line 8, in <module>
    'start_date': datetime(2025, 6, 11),
                  ^^^^^^^^^^^^^^^^^^^^^
TypeError: 'module' object is not callable. Did you mean: 'datetime.datetime(...)'?
[2025-06-15T15:13:56.811+0000] {processor.py:927} WARNING - No viable dags retrieved from /opt/airflow/dags/create_postgres_app.py
[2025-06-15T15:13:56.945+0000] {processor.py:208} INFO - Processing /opt/airflow/dags/create_postgres_app.py took 0.315 seconds
[2025-06-15T15:14:27.387+0000] {processor.py:186} INFO - Started process (PID=1670) to work on /opt/airflow/dags/create_postgres_app.py
[2025-06-15T15:14:27.403+0000] {processor.py:914} INFO - Processing file /opt/airflow/dags/create_postgres_app.py for tasks to queue
[2025-06-15T15:14:27.464+0000] {logging_mixin.py:190} INFO - [2025-06-15T15:14:27.452+0000] {dagbag.py:588} INFO - Filling up the DagBag from /opt/airflow/dags/create_postgres_app.py
[2025-06-15T15:14:27.700+0000] {logging_mixin.py:190} INFO - [2025-06-15T15:14:27.579+0000] {dagbag.py:387} ERROR - Failed to import: /opt/airflow/dags/create_postgres_app.py
Traceback (most recent call last):
  File "/home/airflow/.local/lib/python3.12/site-packages/airflow/models/dagbag.py", line 383, in parse
    loader.exec_module(new_module)
  File "<frozen importlib._bootstrap_external>", line 995, in exec_module
  File "<frozen importlib._bootstrap>", line 488, in _call_with_frames_removed
  File "/opt/airflow/dags/create_postgres_app.py", line 8, in <module>
    'start_date': datetime(2025, 6, 11),
                  ^^^^^^^^^^^^^^^^^^^^^
TypeError: 'module' object is not callable. Did you mean: 'datetime.datetime(...)'?
[2025-06-15T15:14:27.710+0000] {processor.py:927} WARNING - No viable dags retrieved from /opt/airflow/dags/create_postgres_app.py
[2025-06-15T15:14:27.847+0000] {processor.py:208} INFO - Processing /opt/airflow/dags/create_postgres_app.py took 0.526 seconds
[2025-06-15T15:14:58.392+0000] {processor.py:186} INFO - Started process (PID=1682) to work on /opt/airflow/dags/create_postgres_app.py
[2025-06-15T15:14:58.405+0000] {processor.py:914} INFO - Processing file /opt/airflow/dags/create_postgres_app.py for tasks to queue
[2025-06-15T15:14:58.429+0000] {logging_mixin.py:190} INFO - [2025-06-15T15:14:58.428+0000] {dagbag.py:588} INFO - Filling up the DagBag from /opt/airflow/dags/create_postgres_app.py
[2025-06-15T15:14:58.683+0000] {logging_mixin.py:190} INFO - [2025-06-15T15:14:58.605+0000] {dagbag.py:387} ERROR - Failed to import: /opt/airflow/dags/create_postgres_app.py
Traceback (most recent call last):
  File "/home/airflow/.local/lib/python3.12/site-packages/airflow/models/dagbag.py", line 383, in parse
    loader.exec_module(new_module)
  File "<frozen importlib._bootstrap_external>", line 995, in exec_module
  File "<frozen importlib._bootstrap>", line 488, in _call_with_frames_removed
  File "/opt/airflow/dags/create_postgres_app.py", line 8, in <module>
    'start_date': datetime(2025, 6, 11),
                  ^^^^^^^^^^^^^^^^^^^^^
TypeError: 'module' object is not callable. Did you mean: 'datetime.datetime(...)'?
[2025-06-15T15:14:58.733+0000] {processor.py:927} WARNING - No viable dags retrieved from /opt/airflow/dags/create_postgres_app.py
[2025-06-15T15:14:59.069+0000] {processor.py:208} INFO - Processing /opt/airflow/dags/create_postgres_app.py took 0.788 seconds
[2025-06-15T15:15:29.800+0000] {processor.py:186} INFO - Started process (PID=1692) to work on /opt/airflow/dags/create_postgres_app.py
[2025-06-15T15:15:29.810+0000] {processor.py:914} INFO - Processing file /opt/airflow/dags/create_postgres_app.py for tasks to queue
[2025-06-15T15:15:29.827+0000] {logging_mixin.py:190} INFO - [2025-06-15T15:15:29.826+0000] {dagbag.py:588} INFO - Filling up the DagBag from /opt/airflow/dags/create_postgres_app.py
[2025-06-15T15:15:31.303+0000] {logging_mixin.py:190} INFO - [2025-06-15T15:15:30.691+0000] {dagbag.py:387} ERROR - Failed to import: /opt/airflow/dags/create_postgres_app.py
Traceback (most recent call last):
  File "/home/airflow/.local/lib/python3.12/site-packages/airflow/models/dagbag.py", line 383, in parse
    loader.exec_module(new_module)
  File "<frozen importlib._bootstrap_external>", line 995, in exec_module
  File "<frozen importlib._bootstrap>", line 488, in _call_with_frames_removed
  File "/opt/airflow/dags/create_postgres_app.py", line 8, in <module>
    'start_date': datetime(2025, 6, 11),
                  ^^^^^^^^^^^^^^^^^^^^^
TypeError: 'module' object is not callable. Did you mean: 'datetime.datetime(...)'?
[2025-06-15T15:15:31.505+0000] {processor.py:927} WARNING - No viable dags retrieved from /opt/airflow/dags/create_postgres_app.py
[2025-06-15T15:15:31.828+0000] {processor.py:208} INFO - Processing /opt/airflow/dags/create_postgres_app.py took 2.075 seconds
[2025-06-15T15:16:03.050+0000] {processor.py:186} INFO - Started process (PID=1710) to work on /opt/airflow/dags/create_postgres_app.py
[2025-06-15T15:16:03.061+0000] {processor.py:914} INFO - Processing file /opt/airflow/dags/create_postgres_app.py for tasks to queue
[2025-06-15T15:16:03.116+0000] {logging_mixin.py:190} INFO - [2025-06-15T15:16:03.115+0000] {dagbag.py:588} INFO - Filling up the DagBag from /opt/airflow/dags/create_postgres_app.py
[2025-06-15T15:16:04.499+0000] {logging_mixin.py:190} INFO - [2025-06-15T15:16:04.244+0000] {dagbag.py:387} ERROR - Failed to import: /opt/airflow/dags/create_postgres_app.py
Traceback (most recent call last):
  File "/home/airflow/.local/lib/python3.12/site-packages/airflow/models/dagbag.py", line 383, in parse
    loader.exec_module(new_module)
  File "<frozen importlib._bootstrap_external>", line 995, in exec_module
  File "<frozen importlib._bootstrap>", line 488, in _call_with_frames_removed
  File "/opt/airflow/dags/create_postgres_app.py", line 8, in <module>
    'start_date': datetime(2025, 6, 11),
                  ^^^^^^^^^^^^^^^^^^^^^
TypeError: 'module' object is not callable. Did you mean: 'datetime.datetime(...)'?
[2025-06-15T15:16:04.546+0000] {processor.py:927} WARNING - No viable dags retrieved from /opt/airflow/dags/create_postgres_app.py
[2025-06-15T15:16:04.826+0000] {processor.py:208} INFO - Processing /opt/airflow/dags/create_postgres_app.py took 1.855 seconds
[2025-06-15T15:16:35.029+0000] {processor.py:186} INFO - Started process (PID=1720) to work on /opt/airflow/dags/create_postgres_app.py
[2025-06-15T15:16:35.034+0000] {processor.py:914} INFO - Processing file /opt/airflow/dags/create_postgres_app.py for tasks to queue
[2025-06-15T15:16:35.042+0000] {logging_mixin.py:190} INFO - [2025-06-15T15:16:35.041+0000] {dagbag.py:588} INFO - Filling up the DagBag from /opt/airflow/dags/create_postgres_app.py
[2025-06-15T15:16:35.120+0000] {logging_mixin.py:190} INFO - [2025-06-15T15:16:35.106+0000] {dagbag.py:387} ERROR - Failed to import: /opt/airflow/dags/create_postgres_app.py
Traceback (most recent call last):
  File "/home/airflow/.local/lib/python3.12/site-packages/airflow/models/dagbag.py", line 383, in parse
    loader.exec_module(new_module)
  File "<frozen importlib._bootstrap_external>", line 995, in exec_module
  File "<frozen importlib._bootstrap>", line 488, in _call_with_frames_removed
  File "/opt/airflow/dags/create_postgres_app.py", line 8, in <module>
    'start_date': datetime(2025, 6, 11),
                  ^^^^^^^^^^^^^^^^^^^^^
TypeError: 'module' object is not callable. Did you mean: 'datetime.datetime(...)'?
[2025-06-15T15:16:35.125+0000] {processor.py:927} WARNING - No viable dags retrieved from /opt/airflow/dags/create_postgres_app.py
[2025-06-15T15:16:35.193+0000] {processor.py:208} INFO - Processing /opt/airflow/dags/create_postgres_app.py took 0.184 seconds
[2025-06-15T15:17:05.538+0000] {processor.py:186} INFO - Started process (PID=1732) to work on /opt/airflow/dags/create_postgres_app.py
[2025-06-15T15:17:05.541+0000] {processor.py:914} INFO - Processing file /opt/airflow/dags/create_postgres_app.py for tasks to queue
[2025-06-15T15:17:05.550+0000] {logging_mixin.py:190} INFO - [2025-06-15T15:17:05.548+0000] {dagbag.py:588} INFO - Filling up the DagBag from /opt/airflow/dags/create_postgres_app.py
[2025-06-15T15:17:05.601+0000] {logging_mixin.py:190} INFO - [2025-06-15T15:17:05.589+0000] {dagbag.py:387} ERROR - Failed to import: /opt/airflow/dags/create_postgres_app.py
Traceback (most recent call last):
  File "/home/airflow/.local/lib/python3.12/site-packages/airflow/models/dagbag.py", line 383, in parse
    loader.exec_module(new_module)
  File "<frozen importlib._bootstrap_external>", line 995, in exec_module
  File "<frozen importlib._bootstrap>", line 488, in _call_with_frames_removed
  File "/opt/airflow/dags/create_postgres_app.py", line 8, in <module>
    'start_date': datetime(2025, 6, 11),
                  ^^^^^^^^^^^^^^^^^^^^^
TypeError: 'module' object is not callable. Did you mean: 'datetime.datetime(...)'?
[2025-06-15T15:17:05.605+0000] {processor.py:927} WARNING - No viable dags retrieved from /opt/airflow/dags/create_postgres_app.py
[2025-06-15T15:17:05.656+0000] {processor.py:208} INFO - Processing /opt/airflow/dags/create_postgres_app.py took 0.135 seconds
[2025-06-15T15:17:36.802+0000] {processor.py:186} INFO - Started process (PID=1744) to work on /opt/airflow/dags/create_postgres_app.py
[2025-06-15T15:17:36.806+0000] {processor.py:914} INFO - Processing file /opt/airflow/dags/create_postgres_app.py for tasks to queue
[2025-06-15T15:17:36.819+0000] {logging_mixin.py:190} INFO - [2025-06-15T15:17:36.817+0000] {dagbag.py:588} INFO - Filling up the DagBag from /opt/airflow/dags/create_postgres_app.py
[2025-06-15T15:17:36.886+0000] {logging_mixin.py:190} INFO - [2025-06-15T15:17:36.847+0000] {dagbag.py:387} ERROR - Failed to import: /opt/airflow/dags/create_postgres_app.py
Traceback (most recent call last):
  File "/home/airflow/.local/lib/python3.12/site-packages/airflow/models/dagbag.py", line 383, in parse
    loader.exec_module(new_module)
  File "<frozen importlib._bootstrap_external>", line 995, in exec_module
  File "<frozen importlib._bootstrap>", line 488, in _call_with_frames_removed
  File "/opt/airflow/dags/create_postgres_app.py", line 8, in <module>
    'start_date': datetime(2025, 6, 11),
                  ^^^^^^^^^^^^^^^^^^^^^
TypeError: 'module' object is not callable. Did you mean: 'datetime.datetime(...)'?
[2025-06-15T15:17:36.891+0000] {processor.py:927} WARNING - No viable dags retrieved from /opt/airflow/dags/create_postgres_app.py
[2025-06-15T15:17:36.956+0000] {processor.py:208} INFO - Processing /opt/airflow/dags/create_postgres_app.py took 0.179 seconds
[2025-06-15T15:18:07.213+0000] {processor.py:186} INFO - Started process (PID=1756) to work on /opt/airflow/dags/create_postgres_app.py
[2025-06-15T15:18:07.216+0000] {processor.py:914} INFO - Processing file /opt/airflow/dags/create_postgres_app.py for tasks to queue
[2025-06-15T15:18:07.223+0000] {logging_mixin.py:190} INFO - [2025-06-15T15:18:07.222+0000] {dagbag.py:588} INFO - Filling up the DagBag from /opt/airflow/dags/create_postgres_app.py
[2025-06-15T15:18:07.277+0000] {logging_mixin.py:190} INFO - [2025-06-15T15:18:07.264+0000] {dagbag.py:387} ERROR - Failed to import: /opt/airflow/dags/create_postgres_app.py
Traceback (most recent call last):
  File "/home/airflow/.local/lib/python3.12/site-packages/airflow/models/dagbag.py", line 383, in parse
    loader.exec_module(new_module)
  File "<frozen importlib._bootstrap_external>", line 995, in exec_module
  File "<frozen importlib._bootstrap>", line 488, in _call_with_frames_removed
  File "/opt/airflow/dags/create_postgres_app.py", line 8, in <module>
    'start_date': datetime(2025, 6, 11),
                  ^^^^^^^^^^^^^^^^^^^^^
TypeError: 'module' object is not callable. Did you mean: 'datetime.datetime(...)'?
[2025-06-15T15:18:07.298+0000] {processor.py:927} WARNING - No viable dags retrieved from /opt/airflow/dags/create_postgres_app.py
[2025-06-15T15:18:07.397+0000] {processor.py:208} INFO - Processing /opt/airflow/dags/create_postgres_app.py took 0.203 seconds
[2025-06-15T15:18:37.792+0000] {processor.py:186} INFO - Started process (PID=1768) to work on /opt/airflow/dags/create_postgres_app.py
[2025-06-15T15:18:37.797+0000] {processor.py:914} INFO - Processing file /opt/airflow/dags/create_postgres_app.py for tasks to queue
[2025-06-15T15:18:37.813+0000] {logging_mixin.py:190} INFO - [2025-06-15T15:18:37.811+0000] {dagbag.py:588} INFO - Filling up the DagBag from /opt/airflow/dags/create_postgres_app.py
[2025-06-15T15:18:37.901+0000] {logging_mixin.py:190} INFO - [2025-06-15T15:18:37.888+0000] {dagbag.py:387} ERROR - Failed to import: /opt/airflow/dags/create_postgres_app.py
Traceback (most recent call last):
  File "/home/airflow/.local/lib/python3.12/site-packages/airflow/models/dagbag.py", line 383, in parse
    loader.exec_module(new_module)
  File "<frozen importlib._bootstrap_external>", line 995, in exec_module
  File "<frozen importlib._bootstrap>", line 488, in _call_with_frames_removed
  File "/opt/airflow/dags/create_postgres_app.py", line 8, in <module>
    'start_date': datetime(2025, 6, 11),
                  ^^^^^^^^^^^^^^^^^^^^^
TypeError: 'module' object is not callable. Did you mean: 'datetime.datetime(...)'?
[2025-06-15T15:18:37.906+0000] {processor.py:927} WARNING - No viable dags retrieved from /opt/airflow/dags/create_postgres_app.py
[2025-06-15T15:18:37.974+0000] {processor.py:208} INFO - Processing /opt/airflow/dags/create_postgres_app.py took 0.219 seconds
[2025-06-15T15:19:09.193+0000] {processor.py:186} INFO - Started process (PID=1780) to work on /opt/airflow/dags/create_postgres_app.py
[2025-06-15T15:19:09.201+0000] {processor.py:914} INFO - Processing file /opt/airflow/dags/create_postgres_app.py for tasks to queue
[2025-06-15T15:19:09.216+0000] {logging_mixin.py:190} INFO - [2025-06-15T15:19:09.214+0000] {dagbag.py:588} INFO - Filling up the DagBag from /opt/airflow/dags/create_postgres_app.py
[2025-06-15T15:19:09.278+0000] {logging_mixin.py:190} INFO - [2025-06-15T15:19:09.266+0000] {dagbag.py:387} ERROR - Failed to import: /opt/airflow/dags/create_postgres_app.py
Traceback (most recent call last):
  File "/home/airflow/.local/lib/python3.12/site-packages/airflow/models/dagbag.py", line 383, in parse
    loader.exec_module(new_module)
  File "<frozen importlib._bootstrap_external>", line 995, in exec_module
  File "<frozen importlib._bootstrap>", line 488, in _call_with_frames_removed
  File "/opt/airflow/dags/create_postgres_app.py", line 8, in <module>
    'start_date': datetime(2025, 6, 11),
                  ^^^^^^^^^^^^^^^^^^^^^
TypeError: 'module' object is not callable. Did you mean: 'datetime.datetime(...)'?
[2025-06-15T15:19:09.282+0000] {processor.py:927} WARNING - No viable dags retrieved from /opt/airflow/dags/create_postgres_app.py
[2025-06-15T15:19:09.340+0000] {processor.py:208} INFO - Processing /opt/airflow/dags/create_postgres_app.py took 0.200 seconds
[2025-06-15T15:19:40.738+0000] {processor.py:186} INFO - Started process (PID=1792) to work on /opt/airflow/dags/create_postgres_app.py
[2025-06-15T15:19:40.751+0000] {processor.py:914} INFO - Processing file /opt/airflow/dags/create_postgres_app.py for tasks to queue
[2025-06-15T15:19:40.778+0000] {logging_mixin.py:190} INFO - [2025-06-15T15:19:40.776+0000] {dagbag.py:588} INFO - Filling up the DagBag from /opt/airflow/dags/create_postgres_app.py
[2025-06-15T15:19:40.888+0000] {logging_mixin.py:190} INFO - [2025-06-15T15:19:40.873+0000] {dagbag.py:387} ERROR - Failed to import: /opt/airflow/dags/create_postgres_app.py
Traceback (most recent call last):
  File "/home/airflow/.local/lib/python3.12/site-packages/airflow/models/dagbag.py", line 383, in parse
    loader.exec_module(new_module)
  File "<frozen importlib._bootstrap_external>", line 995, in exec_module
  File "<frozen importlib._bootstrap>", line 488, in _call_with_frames_removed
  File "/opt/airflow/dags/create_postgres_app.py", line 8, in <module>
    'start_date': datetime(2025, 6, 11),
                  ^^^^^^^^^^^^^^^^^^^^^
TypeError: 'module' object is not callable. Did you mean: 'datetime.datetime(...)'?
[2025-06-15T15:19:40.893+0000] {processor.py:927} WARNING - No viable dags retrieved from /opt/airflow/dags/create_postgres_app.py
[2025-06-15T15:19:41.016+0000] {processor.py:208} INFO - Processing /opt/airflow/dags/create_postgres_app.py took 0.318 seconds
[2025-06-15T15:20:11.927+0000] {processor.py:186} INFO - Started process (PID=1805) to work on /opt/airflow/dags/create_postgres_app.py
[2025-06-15T15:20:11.937+0000] {processor.py:914} INFO - Processing file /opt/airflow/dags/create_postgres_app.py for tasks to queue
[2025-06-15T15:20:11.946+0000] {logging_mixin.py:190} INFO - [2025-06-15T15:20:11.944+0000] {dagbag.py:588} INFO - Filling up the DagBag from /opt/airflow/dags/create_postgres_app.py
[2025-06-15T15:20:12.035+0000] {logging_mixin.py:190} INFO - [2025-06-15T15:20:12.022+0000] {dagbag.py:387} ERROR - Failed to import: /opt/airflow/dags/create_postgres_app.py
Traceback (most recent call last):
  File "/home/airflow/.local/lib/python3.12/site-packages/airflow/models/dagbag.py", line 383, in parse
    loader.exec_module(new_module)
  File "<frozen importlib._bootstrap_external>", line 995, in exec_module
  File "<frozen importlib._bootstrap>", line 488, in _call_with_frames_removed
  File "/opt/airflow/dags/create_postgres_app.py", line 8, in <module>
    'start_date': datetime(2025, 6, 11),
                  ^^^^^^^^^^^^^^^^^^^^^
TypeError: 'module' object is not callable. Did you mean: 'datetime.datetime(...)'?
[2025-06-15T15:20:12.040+0000] {processor.py:927} WARNING - No viable dags retrieved from /opt/airflow/dags/create_postgres_app.py
[2025-06-15T15:20:12.144+0000] {processor.py:208} INFO - Processing /opt/airflow/dags/create_postgres_app.py took 0.252 seconds
[2025-06-15T15:20:42.573+0000] {processor.py:186} INFO - Started process (PID=1817) to work on /opt/airflow/dags/create_postgres_app.py
[2025-06-15T15:20:42.588+0000] {processor.py:914} INFO - Processing file /opt/airflow/dags/create_postgres_app.py for tasks to queue
[2025-06-15T15:20:42.601+0000] {logging_mixin.py:190} INFO - [2025-06-15T15:20:42.600+0000] {dagbag.py:588} INFO - Filling up the DagBag from /opt/airflow/dags/create_postgres_app.py
[2025-06-15T15:20:42.729+0000] {logging_mixin.py:190} INFO - [2025-06-15T15:20:42.711+0000] {dagbag.py:387} ERROR - Failed to import: /opt/airflow/dags/create_postgres_app.py
Traceback (most recent call last):
  File "/home/airflow/.local/lib/python3.12/site-packages/airflow/models/dagbag.py", line 383, in parse
    loader.exec_module(new_module)
  File "<frozen importlib._bootstrap_external>", line 995, in exec_module
  File "<frozen importlib._bootstrap>", line 488, in _call_with_frames_removed
  File "/opt/airflow/dags/create_postgres_app.py", line 8, in <module>
    'start_date': datetime(2025, 6, 11),
                  ^^^^^^^^^^^^^^^^^^^^^
TypeError: 'module' object is not callable. Did you mean: 'datetime.datetime(...)'?
[2025-06-15T15:20:42.740+0000] {processor.py:927} WARNING - No viable dags retrieved from /opt/airflow/dags/create_postgres_app.py
[2025-06-15T15:20:42.967+0000] {processor.py:208} INFO - Processing /opt/airflow/dags/create_postgres_app.py took 0.473 seconds
[2025-06-15T15:21:13.325+0000] {processor.py:186} INFO - Started process (PID=1828) to work on /opt/airflow/dags/create_postgres_app.py
[2025-06-15T15:21:13.328+0000] {processor.py:914} INFO - Processing file /opt/airflow/dags/create_postgres_app.py for tasks to queue
[2025-06-15T15:21:13.338+0000] {logging_mixin.py:190} INFO - [2025-06-15T15:21:13.337+0000] {dagbag.py:588} INFO - Filling up the DagBag from /opt/airflow/dags/create_postgres_app.py
[2025-06-15T15:21:13.386+0000] {logging_mixin.py:190} INFO - [2025-06-15T15:21:13.374+0000] {dagbag.py:387} ERROR - Failed to import: /opt/airflow/dags/create_postgres_app.py
Traceback (most recent call last):
  File "/home/airflow/.local/lib/python3.12/site-packages/airflow/models/dagbag.py", line 383, in parse
    loader.exec_module(new_module)
  File "<frozen importlib._bootstrap_external>", line 995, in exec_module
  File "<frozen importlib._bootstrap>", line 488, in _call_with_frames_removed
  File "/opt/airflow/dags/create_postgres_app.py", line 8, in <module>
    'start_date': datetime(2025, 6, 11),
                  ^^^^^^^^^^^^^^^^^^^^^
TypeError: 'module' object is not callable. Did you mean: 'datetime.datetime(...)'?
[2025-06-15T15:21:13.390+0000] {processor.py:927} WARNING - No viable dags retrieved from /opt/airflow/dags/create_postgres_app.py
[2025-06-15T15:21:13.461+0000] {processor.py:208} INFO - Processing /opt/airflow/dags/create_postgres_app.py took 0.157 seconds
[2025-06-15T15:21:43.943+0000] {processor.py:186} INFO - Started process (PID=1840) to work on /opt/airflow/dags/create_postgres_app.py
[2025-06-15T15:21:43.947+0000] {processor.py:914} INFO - Processing file /opt/airflow/dags/create_postgres_app.py for tasks to queue
[2025-06-15T15:21:43.958+0000] {logging_mixin.py:190} INFO - [2025-06-15T15:21:43.957+0000] {dagbag.py:588} INFO - Filling up the DagBag from /opt/airflow/dags/create_postgres_app.py
[2025-06-15T15:21:44.029+0000] {logging_mixin.py:190} INFO - [2025-06-15T15:21:44.007+0000] {dagbag.py:387} ERROR - Failed to import: /opt/airflow/dags/create_postgres_app.py
Traceback (most recent call last):
  File "/home/airflow/.local/lib/python3.12/site-packages/airflow/models/dagbag.py", line 383, in parse
    loader.exec_module(new_module)
  File "<frozen importlib._bootstrap_external>", line 995, in exec_module
  File "<frozen importlib._bootstrap>", line 488, in _call_with_frames_removed
  File "/opt/airflow/dags/create_postgres_app.py", line 8, in <module>
    'start_date': datetime(2025, 6, 11),
                  ^^^^^^^^^^^^^^^^^^^^^
TypeError: 'module' object is not callable. Did you mean: 'datetime.datetime(...)'?
[2025-06-15T15:21:44.035+0000] {processor.py:927} WARNING - No viable dags retrieved from /opt/airflow/dags/create_postgres_app.py
[2025-06-15T15:21:44.108+0000] {processor.py:208} INFO - Processing /opt/airflow/dags/create_postgres_app.py took 0.188 seconds
[2025-06-15T15:22:14.586+0000] {processor.py:186} INFO - Started process (PID=1852) to work on /opt/airflow/dags/create_postgres_app.py
[2025-06-15T15:22:14.615+0000] {processor.py:914} INFO - Processing file /opt/airflow/dags/create_postgres_app.py for tasks to queue
[2025-06-15T15:22:14.648+0000] {logging_mixin.py:190} INFO - [2025-06-15T15:22:14.634+0000] {dagbag.py:588} INFO - Filling up the DagBag from /opt/airflow/dags/create_postgres_app.py
[2025-06-15T15:22:14.813+0000] {logging_mixin.py:190} INFO - [2025-06-15T15:22:14.782+0000] {dagbag.py:387} ERROR - Failed to import: /opt/airflow/dags/create_postgres_app.py
Traceback (most recent call last):
  File "/home/airflow/.local/lib/python3.12/site-packages/airflow/models/dagbag.py", line 383, in parse
    loader.exec_module(new_module)
  File "<frozen importlib._bootstrap_external>", line 995, in exec_module
  File "<frozen importlib._bootstrap>", line 488, in _call_with_frames_removed
  File "/opt/airflow/dags/create_postgres_app.py", line 8, in <module>
    'start_date': datetime(2025, 6, 11),
                  ^^^^^^^^^^^^^^^^^^^^^
TypeError: 'module' object is not callable. Did you mean: 'datetime.datetime(...)'?
[2025-06-15T15:22:14.827+0000] {processor.py:927} WARNING - No viable dags retrieved from /opt/airflow/dags/create_postgres_app.py
[2025-06-15T15:22:15.056+0000] {processor.py:208} INFO - Processing /opt/airflow/dags/create_postgres_app.py took 0.512 seconds
[2025-06-15T15:22:46.422+0000] {processor.py:186} INFO - Started process (PID=1865) to work on /opt/airflow/dags/create_postgres_app.py
[2025-06-15T15:22:46.453+0000] {processor.py:914} INFO - Processing file /opt/airflow/dags/create_postgres_app.py for tasks to queue
[2025-06-15T15:22:46.534+0000] {logging_mixin.py:190} INFO - [2025-06-15T15:22:46.520+0000] {dagbag.py:588} INFO - Filling up the DagBag from /opt/airflow/dags/create_postgres_app.py
[2025-06-15T15:22:47.090+0000] {logging_mixin.py:190} INFO - [2025-06-15T15:22:46.978+0000] {dagbag.py:387} ERROR - Failed to import: /opt/airflow/dags/create_postgres_app.py
Traceback (most recent call last):
  File "/home/airflow/.local/lib/python3.12/site-packages/airflow/models/dagbag.py", line 383, in parse
    loader.exec_module(new_module)
  File "<frozen importlib._bootstrap_external>", line 995, in exec_module
  File "<frozen importlib._bootstrap>", line 488, in _call_with_frames_removed
  File "/opt/airflow/dags/create_postgres_app.py", line 8, in <module>
    'start_date': datetime(2025, 6, 11),
                  ^^^^^^^^^^^^^^^^^^^^^
TypeError: 'module' object is not callable. Did you mean: 'datetime.datetime(...)'?
[2025-06-15T15:22:47.106+0000] {processor.py:927} WARNING - No viable dags retrieved from /opt/airflow/dags/create_postgres_app.py
[2025-06-15T15:22:47.380+0000] {processor.py:208} INFO - Processing /opt/airflow/dags/create_postgres_app.py took 1.112 seconds
[2025-06-15T15:23:19.055+0000] {processor.py:186} INFO - Started process (PID=1877) to work on /opt/airflow/dags/create_postgres_app.py
[2025-06-15T15:23:19.073+0000] {processor.py:914} INFO - Processing file /opt/airflow/dags/create_postgres_app.py for tasks to queue
[2025-06-15T15:23:19.104+0000] {logging_mixin.py:190} INFO - [2025-06-15T15:23:19.103+0000] {dagbag.py:588} INFO - Filling up the DagBag from /opt/airflow/dags/create_postgres_app.py
[2025-06-15T15:23:19.227+0000] {logging_mixin.py:190} INFO - [2025-06-15T15:23:19.197+0000] {dagbag.py:387} ERROR - Failed to import: /opt/airflow/dags/create_postgres_app.py
Traceback (most recent call last):
  File "/home/airflow/.local/lib/python3.12/site-packages/airflow/models/dagbag.py", line 383, in parse
    loader.exec_module(new_module)
  File "<frozen importlib._bootstrap_external>", line 995, in exec_module
  File "<frozen importlib._bootstrap>", line 488, in _call_with_frames_removed
  File "/opt/airflow/dags/create_postgres_app.py", line 8, in <module>
    'start_date': datetime(2025, 6, 11),
                  ^^^^^^^^^^^^^^^^^^^^^
TypeError: 'module' object is not callable. Did you mean: 'datetime.datetime(...)'?
[2025-06-15T15:23:19.238+0000] {processor.py:927} WARNING - No viable dags retrieved from /opt/airflow/dags/create_postgres_app.py
[2025-06-15T15:23:19.508+0000] {processor.py:208} INFO - Processing /opt/airflow/dags/create_postgres_app.py took 0.551 seconds
[2025-06-15T15:23:50.343+0000] {processor.py:186} INFO - Started process (PID=1887) to work on /opt/airflow/dags/create_postgres_app.py
[2025-06-15T15:23:50.347+0000] {processor.py:914} INFO - Processing file /opt/airflow/dags/create_postgres_app.py for tasks to queue
[2025-06-15T15:23:50.355+0000] {logging_mixin.py:190} INFO - [2025-06-15T15:23:50.354+0000] {dagbag.py:588} INFO - Filling up the DagBag from /opt/airflow/dags/create_postgres_app.py
[2025-06-15T15:23:50.409+0000] {logging_mixin.py:190} INFO - [2025-06-15T15:23:50.393+0000] {dagbag.py:387} ERROR - Failed to import: /opt/airflow/dags/create_postgres_app.py
Traceback (most recent call last):
  File "/home/airflow/.local/lib/python3.12/site-packages/airflow/models/dagbag.py", line 383, in parse
    loader.exec_module(new_module)
  File "<frozen importlib._bootstrap_external>", line 995, in exec_module
  File "<frozen importlib._bootstrap>", line 488, in _call_with_frames_removed
  File "/opt/airflow/dags/create_postgres_app.py", line 8, in <module>
    'start_date': datetime(2025, 6, 11),
                  ^^^^^^^^^^^^^^^^^^^^^
TypeError: 'module' object is not callable. Did you mean: 'datetime.datetime(...)'?
[2025-06-15T15:23:50.414+0000] {processor.py:927} WARNING - No viable dags retrieved from /opt/airflow/dags/create_postgres_app.py
[2025-06-15T15:23:50.499+0000] {processor.py:208} INFO - Processing /opt/airflow/dags/create_postgres_app.py took 0.177 seconds
[2025-06-15T15:24:21.182+0000] {processor.py:186} INFO - Started process (PID=1899) to work on /opt/airflow/dags/create_postgres_app.py
[2025-06-15T15:24:21.186+0000] {processor.py:914} INFO - Processing file /opt/airflow/dags/create_postgres_app.py for tasks to queue
[2025-06-15T15:24:21.195+0000] {logging_mixin.py:190} INFO - [2025-06-15T15:24:21.194+0000] {dagbag.py:588} INFO - Filling up the DagBag from /opt/airflow/dags/create_postgres_app.py
[2025-06-15T15:24:21.261+0000] {logging_mixin.py:190} INFO - [2025-06-15T15:24:21.243+0000] {dagbag.py:387} ERROR - Failed to import: /opt/airflow/dags/create_postgres_app.py
Traceback (most recent call last):
  File "/home/airflow/.local/lib/python3.12/site-packages/airflow/models/dagbag.py", line 383, in parse
    loader.exec_module(new_module)
  File "<frozen importlib._bootstrap_external>", line 995, in exec_module
  File "<frozen importlib._bootstrap>", line 488, in _call_with_frames_removed
  File "/opt/airflow/dags/create_postgres_app.py", line 8, in <module>
    'start_date': datetime(2025, 6, 11),
                  ^^^^^^^^^^^^^^^^^^^^^
TypeError: 'module' object is not callable. Did you mean: 'datetime.datetime(...)'?
[2025-06-15T15:24:21.265+0000] {processor.py:927} WARNING - No viable dags retrieved from /opt/airflow/dags/create_postgres_app.py
[2025-06-15T15:24:21.350+0000] {processor.py:208} INFO - Processing /opt/airflow/dags/create_postgres_app.py took 0.197 seconds
[2025-06-15T15:24:51.825+0000] {processor.py:186} INFO - Started process (PID=1911) to work on /opt/airflow/dags/create_postgres_app.py
[2025-06-15T15:24:51.828+0000] {processor.py:914} INFO - Processing file /opt/airflow/dags/create_postgres_app.py for tasks to queue
[2025-06-15T15:24:51.860+0000] {logging_mixin.py:190} INFO - [2025-06-15T15:24:51.859+0000] {dagbag.py:588} INFO - Filling up the DagBag from /opt/airflow/dags/create_postgres_app.py
[2025-06-15T15:24:52.091+0000] {logging_mixin.py:190} INFO - [2025-06-15T15:24:51.975+0000] {dagbag.py:387} ERROR - Failed to import: /opt/airflow/dags/create_postgres_app.py
Traceback (most recent call last):
  File "/home/airflow/.local/lib/python3.12/site-packages/airflow/models/dagbag.py", line 383, in parse
    loader.exec_module(new_module)
  File "<frozen importlib._bootstrap_external>", line 995, in exec_module
  File "<frozen importlib._bootstrap>", line 488, in _call_with_frames_removed
  File "/opt/airflow/dags/create_postgres_app.py", line 8, in <module>
    'start_date': datetime(2025, 6, 11),
                  ^^^^^^^^^^^^^^^^^^^^^
TypeError: 'module' object is not callable. Did you mean: 'datetime.datetime(...)'?
[2025-06-15T15:24:52.124+0000] {processor.py:927} WARNING - No viable dags retrieved from /opt/airflow/dags/create_postgres_app.py
[2025-06-15T15:24:52.418+0000] {processor.py:208} INFO - Processing /opt/airflow/dags/create_postgres_app.py took 0.648 seconds
[2025-06-15T15:25:23.405+0000] {processor.py:186} INFO - Started process (PID=1923) to work on /opt/airflow/dags/create_postgres_app.py
[2025-06-15T15:25:23.425+0000] {processor.py:914} INFO - Processing file /opt/airflow/dags/create_postgres_app.py for tasks to queue
[2025-06-15T15:25:23.461+0000] {logging_mixin.py:190} INFO - [2025-06-15T15:25:23.449+0000] {dagbag.py:588} INFO - Filling up the DagBag from /opt/airflow/dags/create_postgres_app.py
[2025-06-15T15:25:23.778+0000] {logging_mixin.py:190} INFO - [2025-06-15T15:25:23.705+0000] {dagbag.py:387} ERROR - Failed to import: /opt/airflow/dags/create_postgres_app.py
Traceback (most recent call last):
  File "/home/airflow/.local/lib/python3.12/site-packages/airflow/models/dagbag.py", line 383, in parse
    loader.exec_module(new_module)
  File "<frozen importlib._bootstrap_external>", line 995, in exec_module
  File "<frozen importlib._bootstrap>", line 488, in _call_with_frames_removed
  File "/opt/airflow/dags/create_postgres_app.py", line 8, in <module>
    'start_date': datetime(2025, 6, 11),
                  ^^^^^^^^^^^^^^^^^^^^^
TypeError: 'module' object is not callable. Did you mean: 'datetime.datetime(...)'?
[2025-06-15T15:25:23.794+0000] {processor.py:927} WARNING - No viable dags retrieved from /opt/airflow/dags/create_postgres_app.py
[2025-06-15T15:25:23.963+0000] {processor.py:208} INFO - Processing /opt/airflow/dags/create_postgres_app.py took 0.696 seconds
[2025-06-15T15:25:54.614+0000] {processor.py:186} INFO - Started process (PID=1933) to work on /opt/airflow/dags/create_postgres_app.py
[2025-06-15T15:25:54.617+0000] {processor.py:914} INFO - Processing file /opt/airflow/dags/create_postgres_app.py for tasks to queue
[2025-06-15T15:25:54.638+0000] {logging_mixin.py:190} INFO - [2025-06-15T15:25:54.637+0000] {dagbag.py:588} INFO - Filling up the DagBag from /opt/airflow/dags/create_postgres_app.py
[2025-06-15T15:25:54.760+0000] {logging_mixin.py:190} INFO - [2025-06-15T15:25:54.744+0000] {dagbag.py:387} ERROR - Failed to import: /opt/airflow/dags/create_postgres_app.py
Traceback (most recent call last):
  File "/home/airflow/.local/lib/python3.12/site-packages/airflow/models/dagbag.py", line 383, in parse
    loader.exec_module(new_module)
  File "<frozen importlib._bootstrap_external>", line 995, in exec_module
  File "<frozen importlib._bootstrap>", line 488, in _call_with_frames_removed
  File "/opt/airflow/dags/create_postgres_app.py", line 8, in <module>
    'start_date': datetime(2025, 6, 11),
                  ^^^^^^^^^^^^^^^^^^^^^
TypeError: 'module' object is not callable. Did you mean: 'datetime.datetime(...)'?
[2025-06-15T15:25:54.767+0000] {processor.py:927} WARNING - No viable dags retrieved from /opt/airflow/dags/create_postgres_app.py
[2025-06-15T15:25:54.863+0000] {processor.py:208} INFO - Processing /opt/airflow/dags/create_postgres_app.py took 0.295 seconds
[2025-06-15T15:26:25.167+0000] {processor.py:186} INFO - Started process (PID=1945) to work on /opt/airflow/dags/create_postgres_app.py
[2025-06-15T15:26:25.172+0000] {processor.py:914} INFO - Processing file /opt/airflow/dags/create_postgres_app.py for tasks to queue
[2025-06-15T15:26:25.214+0000] {logging_mixin.py:190} INFO - [2025-06-15T15:26:25.203+0000] {dagbag.py:588} INFO - Filling up the DagBag from /opt/airflow/dags/create_postgres_app.py
[2025-06-15T15:26:25.337+0000] {logging_mixin.py:190} INFO - [2025-06-15T15:26:25.315+0000] {dagbag.py:387} ERROR - Failed to import: /opt/airflow/dags/create_postgres_app.py
Traceback (most recent call last):
  File "/home/airflow/.local/lib/python3.12/site-packages/airflow/models/dagbag.py", line 383, in parse
    loader.exec_module(new_module)
  File "<frozen importlib._bootstrap_external>", line 995, in exec_module
  File "<frozen importlib._bootstrap>", line 488, in _call_with_frames_removed
  File "/opt/airflow/dags/create_postgres_app.py", line 8, in <module>
    'start_date': datetime(2025, 6, 11),
                  ^^^^^^^^^^^^^^^^^^^^^
TypeError: 'module' object is not callable. Did you mean: 'datetime.datetime(...)'?
[2025-06-15T15:26:25.365+0000] {processor.py:927} WARNING - No viable dags retrieved from /opt/airflow/dags/create_postgres_app.py
[2025-06-15T15:26:25.511+0000] {processor.py:208} INFO - Processing /opt/airflow/dags/create_postgres_app.py took 0.387 seconds
[2025-06-15T15:26:56.134+0000] {processor.py:186} INFO - Started process (PID=1957) to work on /opt/airflow/dags/create_postgres_app.py
[2025-06-15T15:26:56.139+0000] {processor.py:914} INFO - Processing file /opt/airflow/dags/create_postgres_app.py for tasks to queue
[2025-06-15T15:26:56.166+0000] {logging_mixin.py:190} INFO - [2025-06-15T15:26:56.165+0000] {dagbag.py:588} INFO - Filling up the DagBag from /opt/airflow/dags/create_postgres_app.py
[2025-06-15T15:26:56.256+0000] {logging_mixin.py:190} INFO - [2025-06-15T15:26:56.240+0000] {dagbag.py:387} ERROR - Failed to import: /opt/airflow/dags/create_postgres_app.py
Traceback (most recent call last):
  File "/home/airflow/.local/lib/python3.12/site-packages/airflow/models/dagbag.py", line 383, in parse
    loader.exec_module(new_module)
  File "<frozen importlib._bootstrap_external>", line 995, in exec_module
  File "<frozen importlib._bootstrap>", line 488, in _call_with_frames_removed
  File "/opt/airflow/dags/create_postgres_app.py", line 8, in <module>
    'start_date': datetime(2025, 6, 11),
                  ^^^^^^^^^^^^^^^^^^^^^
TypeError: 'module' object is not callable. Did you mean: 'datetime.datetime(...)'?
[2025-06-15T15:26:56.262+0000] {processor.py:927} WARNING - No viable dags retrieved from /opt/airflow/dags/create_postgres_app.py
[2025-06-15T15:26:56.428+0000] {processor.py:208} INFO - Processing /opt/airflow/dags/create_postgres_app.py took 0.391 seconds
[2025-06-15T15:27:29.197+0000] {processor.py:186} INFO - Started process (PID=1969) to work on /opt/airflow/dags/create_postgres_app.py
[2025-06-15T15:27:29.273+0000] {processor.py:914} INFO - Processing file /opt/airflow/dags/create_postgres_app.py for tasks to queue
[2025-06-15T15:27:29.296+0000] {logging_mixin.py:190} INFO - [2025-06-15T15:27:29.295+0000] {dagbag.py:588} INFO - Filling up the DagBag from /opt/airflow/dags/create_postgres_app.py
[2025-06-15T15:27:30.199+0000] {logging_mixin.py:190} INFO - [2025-06-15T15:27:30.017+0000] {dagbag.py:387} ERROR - Failed to import: /opt/airflow/dags/create_postgres_app.py
Traceback (most recent call last):
  File "/home/airflow/.local/lib/python3.12/site-packages/airflow/models/dagbag.py", line 383, in parse
    loader.exec_module(new_module)
  File "<frozen importlib._bootstrap_external>", line 995, in exec_module
  File "<frozen importlib._bootstrap>", line 488, in _call_with_frames_removed
  File "/opt/airflow/dags/create_postgres_app.py", line 8, in <module>
    'start_date': datetime(2025, 6, 11),
                  ^^^^^^^^^^^^^^^^^^^^^
TypeError: 'module' object is not callable. Did you mean: 'datetime.datetime(...)'?
[2025-06-15T15:27:30.244+0000] {processor.py:927} WARNING - No viable dags retrieved from /opt/airflow/dags/create_postgres_app.py
[2025-06-15T15:27:30.444+0000] {processor.py:208} INFO - Processing /opt/airflow/dags/create_postgres_app.py took 1.299 seconds
[2025-06-15T15:28:03.498+0000] {processor.py:186} INFO - Started process (PID=1980) to work on /opt/airflow/dags/create_postgres_app.py
[2025-06-15T15:28:03.521+0000] {processor.py:914} INFO - Processing file /opt/airflow/dags/create_postgres_app.py for tasks to queue
[2025-06-15T15:28:03.559+0000] {logging_mixin.py:190} INFO - [2025-06-15T15:28:03.558+0000] {dagbag.py:588} INFO - Filling up the DagBag from /opt/airflow/dags/create_postgres_app.py
[2025-06-15T15:28:04.524+0000] {logging_mixin.py:190} INFO - [2025-06-15T15:28:04.362+0000] {dagbag.py:387} ERROR - Failed to import: /opt/airflow/dags/create_postgres_app.py
Traceback (most recent call last):
  File "/home/airflow/.local/lib/python3.12/site-packages/airflow/models/dagbag.py", line 383, in parse
    loader.exec_module(new_module)
  File "<frozen importlib._bootstrap_external>", line 995, in exec_module
  File "<frozen importlib._bootstrap>", line 488, in _call_with_frames_removed
  File "/opt/airflow/dags/create_postgres_app.py", line 8, in <module>
    'start_date': datetime(2025, 6, 11),
                  ^^^^^^^^^^^^^^^^^^^^^
TypeError: 'module' object is not callable. Did you mean: 'datetime.datetime(...)'?
[2025-06-15T15:28:04.542+0000] {processor.py:927} WARNING - No viable dags retrieved from /opt/airflow/dags/create_postgres_app.py
[2025-06-15T15:28:04.717+0000] {processor.py:208} INFO - Processing /opt/airflow/dags/create_postgres_app.py took 1.285 seconds
[2025-06-15T15:28:37.591+0000] {processor.py:186} INFO - Started process (PID=1991) to work on /opt/airflow/dags/create_postgres_app.py
[2025-06-15T15:28:37.608+0000] {processor.py:914} INFO - Processing file /opt/airflow/dags/create_postgres_app.py for tasks to queue
[2025-06-15T15:28:37.655+0000] {logging_mixin.py:190} INFO - [2025-06-15T15:28:37.655+0000] {dagbag.py:588} INFO - Filling up the DagBag from /opt/airflow/dags/create_postgres_app.py
[2025-06-15T15:28:38.270+0000] {logging_mixin.py:190} INFO - [2025-06-15T15:28:38.026+0000] {dagbag.py:387} ERROR - Failed to import: /opt/airflow/dags/create_postgres_app.py
Traceback (most recent call last):
  File "/home/airflow/.local/lib/python3.12/site-packages/airflow/models/dagbag.py", line 383, in parse
    loader.exec_module(new_module)
  File "<frozen importlib._bootstrap_external>", line 995, in exec_module
  File "<frozen importlib._bootstrap>", line 488, in _call_with_frames_removed
  File "/opt/airflow/dags/create_postgres_app.py", line 8, in <module>
    'start_date': datetime(2025, 6, 11),
                  ^^^^^^^^^^^^^^^^^^^^^
TypeError: 'module' object is not callable. Did you mean: 'datetime.datetime(...)'?
[2025-06-15T15:28:38.290+0000] {processor.py:927} WARNING - No viable dags retrieved from /opt/airflow/dags/create_postgres_app.py
[2025-06-15T15:28:38.561+0000] {processor.py:208} INFO - Processing /opt/airflow/dags/create_postgres_app.py took 1.052 seconds
[2025-06-15T15:29:09.253+0000] {processor.py:186} INFO - Started process (PID=2010) to work on /opt/airflow/dags/create_postgres_app.py
[2025-06-15T15:29:09.267+0000] {processor.py:914} INFO - Processing file /opt/airflow/dags/create_postgres_app.py for tasks to queue
[2025-06-15T15:29:09.288+0000] {logging_mixin.py:190} INFO - [2025-06-15T15:29:09.287+0000] {dagbag.py:588} INFO - Filling up the DagBag from /opt/airflow/dags/create_postgres_app.py
[2025-06-15T15:29:09.536+0000] {logging_mixin.py:190} INFO - [2025-06-15T15:29:09.496+0000] {dagbag.py:387} ERROR - Failed to import: /opt/airflow/dags/create_postgres_app.py
Traceback (most recent call last):
  File "/home/airflow/.local/lib/python3.12/site-packages/airflow/models/dagbag.py", line 383, in parse
    loader.exec_module(new_module)
  File "<frozen importlib._bootstrap_external>", line 995, in exec_module
  File "<frozen importlib._bootstrap>", line 488, in _call_with_frames_removed
  File "/opt/airflow/dags/create_postgres_app.py", line 8, in <module>
    'start_date': datetime(2025, 6, 11),
                  ^^^^^^^^^^^^^^^^^^^^^
TypeError: 'module' object is not callable. Did you mean: 'datetime.datetime(...)'?
[2025-06-15T15:29:09.549+0000] {processor.py:927} WARNING - No viable dags retrieved from /opt/airflow/dags/create_postgres_app.py
[2025-06-15T15:29:09.641+0000] {processor.py:208} INFO - Processing /opt/airflow/dags/create_postgres_app.py took 0.437 seconds
[2025-06-15T15:29:40.406+0000] {processor.py:186} INFO - Started process (PID=2022) to work on /opt/airflow/dags/create_postgres_app.py
[2025-06-15T15:29:40.424+0000] {processor.py:914} INFO - Processing file /opt/airflow/dags/create_postgres_app.py for tasks to queue
[2025-06-15T15:29:40.443+0000] {logging_mixin.py:190} INFO - [2025-06-15T15:29:40.442+0000] {dagbag.py:588} INFO - Filling up the DagBag from /opt/airflow/dags/create_postgres_app.py
[2025-06-15T15:29:40.540+0000] {logging_mixin.py:190} INFO - [2025-06-15T15:29:40.523+0000] {dagbag.py:387} ERROR - Failed to import: /opt/airflow/dags/create_postgres_app.py
Traceback (most recent call last):
  File "/home/airflow/.local/lib/python3.12/site-packages/airflow/models/dagbag.py", line 383, in parse
    loader.exec_module(new_module)
  File "<frozen importlib._bootstrap_external>", line 995, in exec_module
  File "<frozen importlib._bootstrap>", line 488, in _call_with_frames_removed
  File "/opt/airflow/dags/create_postgres_app.py", line 8, in <module>
    'start_date': datetime(2025, 6, 11),
                  ^^^^^^^^^^^^^^^^^^^^^
TypeError: 'module' object is not callable. Did you mean: 'datetime.datetime(...)'?
[2025-06-15T15:29:40.550+0000] {processor.py:927} WARNING - No viable dags retrieved from /opt/airflow/dags/create_postgres_app.py
[2025-06-15T15:29:40.647+0000] {processor.py:208} INFO - Processing /opt/airflow/dags/create_postgres_app.py took 0.280 seconds
[2025-06-15T15:30:11.859+0000] {processor.py:186} INFO - Started process (PID=2033) to work on /opt/airflow/dags/create_postgres_app.py
[2025-06-15T15:30:11.870+0000] {processor.py:914} INFO - Processing file /opt/airflow/dags/create_postgres_app.py for tasks to queue
[2025-06-15T15:30:11.896+0000] {logging_mixin.py:190} INFO - [2025-06-15T15:30:11.894+0000] {dagbag.py:588} INFO - Filling up the DagBag from /opt/airflow/dags/create_postgres_app.py
[2025-06-15T15:30:12.215+0000] {logging_mixin.py:190} INFO - [2025-06-15T15:30:12.155+0000] {dagbag.py:387} ERROR - Failed to import: /opt/airflow/dags/create_postgres_app.py
Traceback (most recent call last):
  File "/home/airflow/.local/lib/python3.12/site-packages/airflow/models/dagbag.py", line 383, in parse
    loader.exec_module(new_module)
  File "<frozen importlib._bootstrap_external>", line 995, in exec_module
  File "<frozen importlib._bootstrap>", line 488, in _call_with_frames_removed
  File "/opt/airflow/dags/create_postgres_app.py", line 8, in <module>
    'start_date': datetime(2025, 6, 11),
                  ^^^^^^^^^^^^^^^^^^^^^
TypeError: 'module' object is not callable. Did you mean: 'datetime.datetime(...)'?
[2025-06-15T15:30:12.229+0000] {processor.py:927} WARNING - No viable dags retrieved from /opt/airflow/dags/create_postgres_app.py
[2025-06-15T15:30:12.441+0000] {processor.py:208} INFO - Processing /opt/airflow/dags/create_postgres_app.py took 0.649 seconds
[2025-06-15T15:30:42.979+0000] {processor.py:186} INFO - Started process (PID=2043) to work on /opt/airflow/dags/create_postgres_app.py
[2025-06-15T15:30:42.984+0000] {processor.py:914} INFO - Processing file /opt/airflow/dags/create_postgres_app.py for tasks to queue
[2025-06-15T15:30:43.013+0000] {logging_mixin.py:190} INFO - [2025-06-15T15:30:43.012+0000] {dagbag.py:588} INFO - Filling up the DagBag from /opt/airflow/dags/create_postgres_app.py
[2025-06-15T15:30:43.108+0000] {logging_mixin.py:190} INFO - [2025-06-15T15:30:43.068+0000] {dagbag.py:387} ERROR - Failed to import: /opt/airflow/dags/create_postgres_app.py
Traceback (most recent call last):
  File "/home/airflow/.local/lib/python3.12/site-packages/airflow/models/dagbag.py", line 383, in parse
    loader.exec_module(new_module)
  File "<frozen importlib._bootstrap_external>", line 995, in exec_module
  File "<frozen importlib._bootstrap>", line 488, in _call_with_frames_removed
  File "/opt/airflow/dags/create_postgres_app.py", line 8, in <module>
    'start_date': datetime(2025, 6, 11),
                  ^^^^^^^^^^^^^^^^^^^^^
TypeError: 'module' object is not callable. Did you mean: 'datetime.datetime(...)'?
[2025-06-15T15:30:43.127+0000] {processor.py:927} WARNING - No viable dags retrieved from /opt/airflow/dags/create_postgres_app.py
[2025-06-15T15:30:43.243+0000] {processor.py:208} INFO - Processing /opt/airflow/dags/create_postgres_app.py took 0.341 seconds
[2025-06-15T15:31:15.350+0000] {processor.py:186} INFO - Started process (PID=2056) to work on /opt/airflow/dags/create_postgres_app.py
[2025-06-15T15:31:15.387+0000] {processor.py:914} INFO - Processing file /opt/airflow/dags/create_postgres_app.py for tasks to queue
[2025-06-15T15:31:15.408+0000] {logging_mixin.py:190} INFO - [2025-06-15T15:31:15.407+0000] {dagbag.py:588} INFO - Filling up the DagBag from /opt/airflow/dags/create_postgres_app.py
[2025-06-15T15:31:16.223+0000] {logging_mixin.py:190} INFO - [2025-06-15T15:31:16.044+0000] {dagbag.py:387} ERROR - Failed to import: /opt/airflow/dags/create_postgres_app.py
Traceback (most recent call last):
  File "/home/airflow/.local/lib/python3.12/site-packages/airflow/models/dagbag.py", line 383, in parse
    loader.exec_module(new_module)
  File "<frozen importlib._bootstrap_external>", line 995, in exec_module
  File "<frozen importlib._bootstrap>", line 488, in _call_with_frames_removed
  File "/opt/airflow/dags/create_postgres_app.py", line 8, in <module>
    'start_date': datetime(2025, 6, 11),
                  ^^^^^^^^^^^^^^^^^^^^^
TypeError: 'module' object is not callable. Did you mean: 'datetime.datetime(...)'?
[2025-06-15T15:31:16.273+0000] {processor.py:927} WARNING - No viable dags retrieved from /opt/airflow/dags/create_postgres_app.py
[2025-06-15T15:31:16.466+0000] {processor.py:208} INFO - Processing /opt/airflow/dags/create_postgres_app.py took 1.168 seconds
[2025-06-15T15:31:51.099+0000] {processor.py:186} INFO - Started process (PID=2068) to work on /opt/airflow/dags/create_postgres_app.py
[2025-06-15T15:31:51.159+0000] {processor.py:914} INFO - Processing file /opt/airflow/dags/create_postgres_app.py for tasks to queue
[2025-06-15T15:31:51.241+0000] {logging_mixin.py:190} INFO - [2025-06-15T15:31:51.240+0000] {dagbag.py:588} INFO - Filling up the DagBag from /opt/airflow/dags/create_postgres_app.py
[2025-06-15T15:31:54.458+0000] {logging_mixin.py:190} INFO - [2025-06-15T15:31:54.095+0000] {dagbag.py:387} ERROR - Failed to import: /opt/airflow/dags/create_postgres_app.py
Traceback (most recent call last):
  File "/home/airflow/.local/lib/python3.12/site-packages/airflow/models/dagbag.py", line 383, in parse
    loader.exec_module(new_module)
  File "<frozen importlib._bootstrap_external>", line 995, in exec_module
  File "<frozen importlib._bootstrap>", line 488, in _call_with_frames_removed
  File "/opt/airflow/dags/create_postgres_app.py", line 8, in <module>
    'start_date': datetime(2025, 6, 11),
                  ^^^^^^^^^^^^^^^^^^^^^
TypeError: 'module' object is not callable. Did you mean: 'datetime.datetime(...)'?
[2025-06-15T15:31:54.517+0000] {processor.py:927} WARNING - No viable dags retrieved from /opt/airflow/dags/create_postgres_app.py
[2025-06-15T15:31:54.680+0000] {processor.py:208} INFO - Processing /opt/airflow/dags/create_postgres_app.py took 3.695 seconds
[2025-06-15T15:32:26.955+0000] {processor.py:186} INFO - Started process (PID=2080) to work on /opt/airflow/dags/create_postgres_app.py
[2025-06-15T15:32:26.998+0000] {processor.py:914} INFO - Processing file /opt/airflow/dags/create_postgres_app.py for tasks to queue
[2025-06-15T15:32:27.020+0000] {logging_mixin.py:190} INFO - [2025-06-15T15:32:27.019+0000] {dagbag.py:588} INFO - Filling up the DagBag from /opt/airflow/dags/create_postgres_app.py
[2025-06-15T15:32:27.940+0000] {logging_mixin.py:190} INFO - [2025-06-15T15:32:27.682+0000] {dagbag.py:387} ERROR - Failed to import: /opt/airflow/dags/create_postgres_app.py
Traceback (most recent call last):
  File "/home/airflow/.local/lib/python3.12/site-packages/airflow/models/dagbag.py", line 383, in parse
    loader.exec_module(new_module)
  File "<frozen importlib._bootstrap_external>", line 995, in exec_module
  File "<frozen importlib._bootstrap>", line 488, in _call_with_frames_removed
  File "/opt/airflow/dags/create_postgres_app.py", line 8, in <module>
    'start_date': datetime(2025, 6, 11),
                  ^^^^^^^^^^^^^^^^^^^^^
TypeError: 'module' object is not callable. Did you mean: 'datetime.datetime(...)'?
[2025-06-15T15:32:27.973+0000] {processor.py:927} WARNING - No viable dags retrieved from /opt/airflow/dags/create_postgres_app.py
[2025-06-15T15:32:28.126+0000] {processor.py:208} INFO - Processing /opt/airflow/dags/create_postgres_app.py took 1.223 seconds
[2025-06-15T15:32:59.344+0000] {processor.py:186} INFO - Started process (PID=2092) to work on /opt/airflow/dags/create_postgres_app.py
[2025-06-15T15:32:59.348+0000] {processor.py:914} INFO - Processing file /opt/airflow/dags/create_postgres_app.py for tasks to queue
[2025-06-15T15:32:59.392+0000] {logging_mixin.py:190} INFO - [2025-06-15T15:32:59.382+0000] {dagbag.py:588} INFO - Filling up the DagBag from /opt/airflow/dags/create_postgres_app.py
[2025-06-15T15:32:59.586+0000] {logging_mixin.py:190} INFO - [2025-06-15T15:32:59.562+0000] {dagbag.py:387} ERROR - Failed to import: /opt/airflow/dags/create_postgres_app.py
Traceback (most recent call last):
  File "/home/airflow/.local/lib/python3.12/site-packages/airflow/models/dagbag.py", line 383, in parse
    loader.exec_module(new_module)
  File "<frozen importlib._bootstrap_external>", line 995, in exec_module
  File "<frozen importlib._bootstrap>", line 488, in _call_with_frames_removed
  File "/opt/airflow/dags/create_postgres_app.py", line 8, in <module>
    'start_date': datetime(2025, 6, 11),
                  ^^^^^^^^^^^^^^^^^^^^^
TypeError: 'module' object is not callable. Did you mean: 'datetime.datetime(...)'?
[2025-06-15T15:32:59.592+0000] {processor.py:927} WARNING - No viable dags retrieved from /opt/airflow/dags/create_postgres_app.py
[2025-06-15T15:32:59.768+0000] {processor.py:208} INFO - Processing /opt/airflow/dags/create_postgres_app.py took 0.502 seconds
[2025-06-15T15:33:30.468+0000] {processor.py:186} INFO - Started process (PID=2104) to work on /opt/airflow/dags/create_postgres_app.py
[2025-06-15T15:33:30.481+0000] {processor.py:914} INFO - Processing file /opt/airflow/dags/create_postgres_app.py for tasks to queue
[2025-06-15T15:33:30.503+0000] {logging_mixin.py:190} INFO - [2025-06-15T15:33:30.493+0000] {dagbag.py:588} INFO - Filling up the DagBag from /opt/airflow/dags/create_postgres_app.py
[2025-06-15T15:33:30.605+0000] {logging_mixin.py:190} INFO - [2025-06-15T15:33:30.576+0000] {dagbag.py:387} ERROR - Failed to import: /opt/airflow/dags/create_postgres_app.py
Traceback (most recent call last):
  File "/home/airflow/.local/lib/python3.12/site-packages/airflow/models/dagbag.py", line 383, in parse
    loader.exec_module(new_module)
  File "<frozen importlib._bootstrap_external>", line 995, in exec_module
  File "<frozen importlib._bootstrap>", line 488, in _call_with_frames_removed
  File "/opt/airflow/dags/create_postgres_app.py", line 8, in <module>
    'start_date': datetime(2025, 6, 11),
                  ^^^^^^^^^^^^^^^^^^^^^
TypeError: 'module' object is not callable. Did you mean: 'datetime.datetime(...)'?
[2025-06-15T15:33:30.618+0000] {processor.py:927} WARNING - No viable dags retrieved from /opt/airflow/dags/create_postgres_app.py
[2025-06-15T15:33:30.807+0000] {processor.py:208} INFO - Processing /opt/airflow/dags/create_postgres_app.py took 0.380 seconds
[2025-06-15T15:34:01.238+0000] {processor.py:186} INFO - Started process (PID=2116) to work on /opt/airflow/dags/create_postgres_app.py
[2025-06-15T15:34:01.248+0000] {processor.py:914} INFO - Processing file /opt/airflow/dags/create_postgres_app.py for tasks to queue
[2025-06-15T15:34:01.275+0000] {logging_mixin.py:190} INFO - [2025-06-15T15:34:01.273+0000] {dagbag.py:588} INFO - Filling up the DagBag from /opt/airflow/dags/create_postgres_app.py
[2025-06-15T15:34:01.493+0000] {logging_mixin.py:190} INFO - [2025-06-15T15:34:01.476+0000] {dagbag.py:387} ERROR - Failed to import: /opt/airflow/dags/create_postgres_app.py
Traceback (most recent call last):
  File "/home/airflow/.local/lib/python3.12/site-packages/airflow/models/dagbag.py", line 383, in parse
    loader.exec_module(new_module)
  File "<frozen importlib._bootstrap_external>", line 995, in exec_module
  File "<frozen importlib._bootstrap>", line 488, in _call_with_frames_removed
  File "/opt/airflow/dags/create_postgres_app.py", line 8, in <module>
    'start_date': datetime(2025, 6, 11),
                  ^^^^^^^^^^^^^^^^^^^^^
TypeError: 'module' object is not callable. Did you mean: 'datetime.datetime(...)'?
[2025-06-15T15:34:01.498+0000] {processor.py:927} WARNING - No viable dags retrieved from /opt/airflow/dags/create_postgres_app.py
[2025-06-15T15:34:01.674+0000] {processor.py:208} INFO - Processing /opt/airflow/dags/create_postgres_app.py took 0.504 seconds
[2025-06-15T15:34:35.034+0000] {processor.py:186} INFO - Started process (PID=2128) to work on /opt/airflow/dags/create_postgres_app.py
[2025-06-15T15:34:35.045+0000] {processor.py:914} INFO - Processing file /opt/airflow/dags/create_postgres_app.py for tasks to queue
[2025-06-15T15:34:35.101+0000] {logging_mixin.py:190} INFO - [2025-06-15T15:34:35.100+0000] {dagbag.py:588} INFO - Filling up the DagBag from /opt/airflow/dags/create_postgres_app.py
[2025-06-15T15:34:36.966+0000] {logging_mixin.py:190} INFO - [2025-06-15T15:34:36.729+0000] {dagbag.py:387} ERROR - Failed to import: /opt/airflow/dags/create_postgres_app.py
Traceback (most recent call last):
  File "/home/airflow/.local/lib/python3.12/site-packages/airflow/models/dagbag.py", line 383, in parse
    loader.exec_module(new_module)
  File "<frozen importlib._bootstrap_external>", line 995, in exec_module
  File "<frozen importlib._bootstrap>", line 488, in _call_with_frames_removed
  File "/opt/airflow/dags/create_postgres_app.py", line 8, in <module>
    'start_date': datetime(2025, 6, 11),
                  ^^^^^^^^^^^^^^^^^^^^^
TypeError: 'module' object is not callable. Did you mean: 'datetime.datetime(...)'?
[2025-06-15T15:34:37.099+0000] {processor.py:927} WARNING - No viable dags retrieved from /opt/airflow/dags/create_postgres_app.py
[2025-06-15T15:34:37.299+0000] {processor.py:208} INFO - Processing /opt/airflow/dags/create_postgres_app.py took 2.315 seconds
[2025-06-15T15:35:16.458+0000] {processor.py:186} INFO - Started process (PID=2146) to work on /opt/airflow/dags/create_postgres_app.py
[2025-06-15T15:35:16.535+0000] {processor.py:914} INFO - Processing file /opt/airflow/dags/create_postgres_app.py for tasks to queue
[2025-06-15T15:35:16.681+0000] {logging_mixin.py:190} INFO - [2025-06-15T15:35:16.680+0000] {dagbag.py:588} INFO - Filling up the DagBag from /opt/airflow/dags/create_postgres_app.py
[2025-06-15T15:35:21.798+0000] {logging_mixin.py:190} INFO - [2025-06-15T15:35:20.652+0000] {dagbag.py:387} ERROR - Failed to import: /opt/airflow/dags/create_postgres_app.py
Traceback (most recent call last):
  File "/home/airflow/.local/lib/python3.12/site-packages/airflow/models/dagbag.py", line 383, in parse
    loader.exec_module(new_module)
  File "<frozen importlib._bootstrap_external>", line 995, in exec_module
  File "<frozen importlib._bootstrap>", line 488, in _call_with_frames_removed
  File "/opt/airflow/dags/create_postgres_app.py", line 8, in <module>
    'start_date': datetime(2025, 6, 11),
                  ^^^^^^^^^^^^^^^^^^^^^
TypeError: 'module' object is not callable. Did you mean: 'datetime.datetime(...)'?
[2025-06-15T15:35:21.988+0000] {processor.py:927} WARNING - No viable dags retrieved from /opt/airflow/dags/create_postgres_app.py
[2025-06-15T15:35:22.282+0000] {processor.py:208} INFO - Processing /opt/airflow/dags/create_postgres_app.py took 5.905 seconds
[2025-06-15T18:35:41.934+0000] {processor.py:186} INFO - Started process (PID=2148) to work on /opt/airflow/dags/create_postgres_app.py
[2025-06-15T18:35:41.937+0000] {processor.py:914} INFO - Processing file /opt/airflow/dags/create_postgres_app.py for tasks to queue
[2025-06-15T18:35:41.969+0000] {logging_mixin.py:190} INFO - [2025-06-15T18:35:41.968+0000] {dagbag.py:588} INFO - Filling up the DagBag from /opt/airflow/dags/create_postgres_app.py
[2025-06-15T18:35:42.118+0000] {logging_mixin.py:190} INFO - [2025-06-15T18:35:42.043+0000] {dagbag.py:387} ERROR - Failed to import: /opt/airflow/dags/create_postgres_app.py
Traceback (most recent call last):
  File "/home/airflow/.local/lib/python3.12/site-packages/airflow/models/dagbag.py", line 383, in parse
    loader.exec_module(new_module)
  File "<frozen importlib._bootstrap_external>", line 995, in exec_module
  File "<frozen importlib._bootstrap>", line 488, in _call_with_frames_removed
  File "/opt/airflow/dags/create_postgres_app.py", line 8, in <module>
    'start_date': datetime(2025, 6, 11),
                  ^^^^^^^^^^^^^^^^^^^^^
TypeError: 'module' object is not callable. Did you mean: 'datetime.datetime(...)'?
[2025-06-15T18:35:42.132+0000] {processor.py:927} WARNING - No viable dags retrieved from /opt/airflow/dags/create_postgres_app.py
[2025-06-15T18:35:42.353+0000] {processor.py:208} INFO - Processing /opt/airflow/dags/create_postgres_app.py took 0.528 seconds
