[2025-06-15T15:04:37.163+0000] {processor.py:186} INFO - Started process (PID=1452) to work on /opt/airflow/dags/data_synth.py
[2025-06-15T15:04:37.275+0000] {processor.py:914} INFO - Processing file /opt/airflow/dags/data_synth.py for tasks to queue
[2025-06-15T15:04:37.548+0000] {logging_mixin.py:190} INFO - [2025-06-15T15:04:37.520+0000] {dagbag.py:588} INFO - Filling up the DagBag from /opt/airflow/dags/data_synth.py
[2025-06-15T15:04:50.695+0000] {processor.py:925} INFO - DAG(s) 'data_synth' retrieved from /opt/airflow/dags/data_synth.py
[2025-06-15T15:04:55.581+0000] {logging_mixin.py:190} INFO - [2025-06-15T15:04:55.580+0000] {dag.py:3239} INFO - Sync 1 DAGs
[2025-06-15T15:04:56.355+0000] {logging_mixin.py:190} INFO - [2025-06-15T15:04:56.343+0000] {dag.py:4180} INFO - Setting next_dagrun for data_synth to 2025-06-13 18:30:00+00:00, run_after=2025-06-16 18:30:00+00:00
[2025-06-15T15:04:57.052+0000] {processor.py:208} INFO - Processing /opt/airflow/dags/data_synth.py took 20.079 seconds
[2025-06-15T15:05:29.039+0000] {processor.py:186} INFO - Started process (PID=1471) to work on /opt/airflow/dags/data_synth.py
[2025-06-15T15:05:29.066+0000] {processor.py:914} INFO - Processing file /opt/airflow/dags/data_synth.py for tasks to queue
[2025-06-15T15:05:29.187+0000] {logging_mixin.py:190} INFO - [2025-06-15T15:05:29.186+0000] {dagbag.py:588} INFO - Filling up the DagBag from /opt/airflow/dags/data_synth.py
[2025-06-15T15:05:35.484+0000] {processor.py:925} INFO - DAG(s) 'data_synth' retrieved from /opt/airflow/dags/data_synth.py
[2025-06-15T15:05:37.020+0000] {logging_mixin.py:190} INFO - [2025-06-15T15:05:37.013+0000] {dag.py:3239} INFO - Sync 1 DAGs
[2025-06-15T15:05:37.414+0000] {logging_mixin.py:190} INFO - [2025-06-15T15:05:37.414+0000] {dag.py:4180} INFO - Setting next_dagrun for data_synth to 2025-06-13 18:30:00+00:00, run_after=2025-06-16 18:30:00+00:00
[2025-06-15T15:05:37.857+0000] {processor.py:208} INFO - Processing /opt/airflow/dags/data_synth.py took 9.054 seconds
[2025-06-15T15:06:09.919+0000] {processor.py:186} INFO - Started process (PID=1484) to work on /opt/airflow/dags/data_synth.py
[2025-06-15T15:06:09.928+0000] {processor.py:914} INFO - Processing file /opt/airflow/dags/data_synth.py for tasks to queue
[2025-06-15T15:06:09.965+0000] {logging_mixin.py:190} INFO - [2025-06-15T15:06:09.957+0000] {dagbag.py:588} INFO - Filling up the DagBag from /opt/airflow/dags/data_synth.py
[2025-06-15T15:06:15.990+0000] {processor.py:925} INFO - DAG(s) 'data_synth' retrieved from /opt/airflow/dags/data_synth.py
[2025-06-15T15:06:18.169+0000] {logging_mixin.py:190} INFO - [2025-06-15T15:06:18.157+0000] {dag.py:3239} INFO - Sync 1 DAGs
[2025-06-15T15:06:18.579+0000] {logging_mixin.py:190} INFO - [2025-06-15T15:06:18.578+0000] {dag.py:4180} INFO - Setting next_dagrun for data_synth to 2025-06-13 18:30:00+00:00, run_after=2025-06-16 18:30:00+00:00
[2025-06-15T15:06:18.876+0000] {processor.py:208} INFO - Processing /opt/airflow/dags/data_synth.py took 9.078 seconds
[2025-06-15T15:06:49.688+0000] {processor.py:186} INFO - Started process (PID=1496) to work on /opt/airflow/dags/data_synth.py
[2025-06-15T15:06:49.731+0000] {processor.py:914} INFO - Processing file /opt/airflow/dags/data_synth.py for tasks to queue
[2025-06-15T15:06:49.795+0000] {logging_mixin.py:190} INFO - [2025-06-15T15:06:49.786+0000] {dagbag.py:588} INFO - Filling up the DagBag from /opt/airflow/dags/data_synth.py
[2025-06-15T15:06:56.815+0000] {processor.py:925} INFO - DAG(s) 'data_synth' retrieved from /opt/airflow/dags/data_synth.py
[2025-06-15T15:06:58.410+0000] {logging_mixin.py:190} INFO - [2025-06-15T15:06:58.399+0000] {dag.py:3239} INFO - Sync 1 DAGs
[2025-06-15T15:06:58.755+0000] {logging_mixin.py:190} INFO - [2025-06-15T15:06:58.742+0000] {dag.py:4180} INFO - Setting next_dagrun for data_synth to 2025-06-13 18:30:00+00:00, run_after=2025-06-16 18:30:00+00:00
[2025-06-15T15:06:58.982+0000] {processor.py:208} INFO - Processing /opt/airflow/dags/data_synth.py took 9.371 seconds
[2025-06-15T15:07:30.120+0000] {processor.py:186} INFO - Started process (PID=1514) to work on /opt/airflow/dags/data_synth.py
[2025-06-15T15:07:30.250+0000] {processor.py:914} INFO - Processing file /opt/airflow/dags/data_synth.py for tasks to queue
[2025-06-15T15:07:30.291+0000] {logging_mixin.py:190} INFO - [2025-06-15T15:07:30.290+0000] {dagbag.py:588} INFO - Filling up the DagBag from /opt/airflow/dags/data_synth.py
[2025-06-15T15:07:34.188+0000] {processor.py:925} INFO - DAG(s) 'data_synth' retrieved from /opt/airflow/dags/data_synth.py
[2025-06-15T15:07:35.716+0000] {logging_mixin.py:190} INFO - [2025-06-15T15:07:35.715+0000] {dag.py:3239} INFO - Sync 1 DAGs
[2025-06-15T15:07:35.988+0000] {logging_mixin.py:190} INFO - [2025-06-15T15:07:35.987+0000] {dag.py:4180} INFO - Setting next_dagrun for data_synth to 2025-06-13 18:30:00+00:00, run_after=2025-06-16 18:30:00+00:00
[2025-06-15T15:07:36.184+0000] {processor.py:208} INFO - Processing /opt/airflow/dags/data_synth.py took 6.124 seconds
[2025-06-15T15:08:06.937+0000] {processor.py:186} INFO - Started process (PID=1526) to work on /opt/airflow/dags/data_synth.py
[2025-06-15T15:08:06.958+0000] {processor.py:914} INFO - Processing file /opt/airflow/dags/data_synth.py for tasks to queue
[2025-06-15T15:08:07.006+0000] {logging_mixin.py:190} INFO - [2025-06-15T15:08:07.004+0000] {dagbag.py:588} INFO - Filling up the DagBag from /opt/airflow/dags/data_synth.py
[2025-06-15T15:08:10.276+0000] {processor.py:925} INFO - DAG(s) 'data_synth' retrieved from /opt/airflow/dags/data_synth.py
[2025-06-15T15:08:11.008+0000] {logging_mixin.py:190} INFO - [2025-06-15T15:08:11.002+0000] {dag.py:3239} INFO - Sync 1 DAGs
[2025-06-15T15:08:11.159+0000] {logging_mixin.py:190} INFO - [2025-06-15T15:08:11.158+0000] {dag.py:4180} INFO - Setting next_dagrun for data_synth to 2025-06-13 18:30:00+00:00, run_after=2025-06-16 18:30:00+00:00
[2025-06-15T15:08:11.315+0000] {processor.py:208} INFO - Processing /opt/airflow/dags/data_synth.py took 4.572 seconds
[2025-06-15T15:08:41.964+0000] {processor.py:186} INFO - Started process (PID=1540) to work on /opt/airflow/dags/data_synth.py
[2025-06-15T15:08:41.968+0000] {processor.py:914} INFO - Processing file /opt/airflow/dags/data_synth.py for tasks to queue
[2025-06-15T15:08:41.986+0000] {logging_mixin.py:190} INFO - [2025-06-15T15:08:41.985+0000] {dagbag.py:588} INFO - Filling up the DagBag from /opt/airflow/dags/data_synth.py
[2025-06-15T15:08:45.004+0000] {processor.py:925} INFO - DAG(s) 'data_synth' retrieved from /opt/airflow/dags/data_synth.py
[2025-06-15T15:08:46.509+0000] {logging_mixin.py:190} INFO - [2025-06-15T15:08:46.507+0000] {dag.py:3239} INFO - Sync 1 DAGs
[2025-06-15T15:08:46.778+0000] {logging_mixin.py:190} INFO - [2025-06-15T15:08:46.777+0000] {dag.py:4180} INFO - Setting next_dagrun for data_synth to 2025-06-13 18:30:00+00:00, run_after=2025-06-16 18:30:00+00:00
[2025-06-15T15:08:47.003+0000] {processor.py:208} INFO - Processing /opt/airflow/dags/data_synth.py took 5.083 seconds
[2025-06-15T15:09:17.403+0000] {processor.py:186} INFO - Started process (PID=1552) to work on /opt/airflow/dags/data_synth.py
[2025-06-15T15:09:17.407+0000] {processor.py:914} INFO - Processing file /opt/airflow/dags/data_synth.py for tasks to queue
[2025-06-15T15:09:17.419+0000] {logging_mixin.py:190} INFO - [2025-06-15T15:09:17.417+0000] {dagbag.py:588} INFO - Filling up the DagBag from /opt/airflow/dags/data_synth.py
[2025-06-15T15:09:18.441+0000] {processor.py:925} INFO - DAG(s) 'data_synth' retrieved from /opt/airflow/dags/data_synth.py
[2025-06-15T15:09:18.671+0000] {logging_mixin.py:190} INFO - [2025-06-15T15:09:18.670+0000] {dag.py:3239} INFO - Sync 1 DAGs
[2025-06-15T15:09:18.713+0000] {logging_mixin.py:190} INFO - [2025-06-15T15:09:18.713+0000] {dag.py:4180} INFO - Setting next_dagrun for data_synth to 2025-06-13 18:30:00+00:00, run_after=2025-06-16 18:30:00+00:00
[2025-06-15T15:09:18.762+0000] {processor.py:208} INFO - Processing /opt/airflow/dags/data_synth.py took 1.386 seconds
[2025-06-15T15:09:49.835+0000] {processor.py:186} INFO - Started process (PID=1564) to work on /opt/airflow/dags/data_synth.py
[2025-06-15T15:09:49.838+0000] {processor.py:914} INFO - Processing file /opt/airflow/dags/data_synth.py for tasks to queue
[2025-06-15T15:09:49.846+0000] {logging_mixin.py:190} INFO - [2025-06-15T15:09:49.845+0000] {dagbag.py:588} INFO - Filling up the DagBag from /opt/airflow/dags/data_synth.py
[2025-06-15T15:09:50.771+0000] {processor.py:925} INFO - DAG(s) 'data_synth' retrieved from /opt/airflow/dags/data_synth.py
[2025-06-15T15:09:51.204+0000] {logging_mixin.py:190} INFO - [2025-06-15T15:09:51.203+0000] {dag.py:3239} INFO - Sync 1 DAGs
[2025-06-15T15:09:51.308+0000] {logging_mixin.py:190} INFO - [2025-06-15T15:09:51.307+0000] {dag.py:4180} INFO - Setting next_dagrun for data_synth to 2025-06-13 18:30:00+00:00, run_after=2025-06-16 18:30:00+00:00
[2025-06-15T15:09:51.381+0000] {processor.py:208} INFO - Processing /opt/airflow/dags/data_synth.py took 1.564 seconds
[2025-06-15T15:10:21.940+0000] {processor.py:186} INFO - Started process (PID=1576) to work on /opt/airflow/dags/data_synth.py
[2025-06-15T15:10:21.945+0000] {processor.py:914} INFO - Processing file /opt/airflow/dags/data_synth.py for tasks to queue
[2025-06-15T15:10:21.955+0000] {logging_mixin.py:190} INFO - [2025-06-15T15:10:21.954+0000] {dagbag.py:588} INFO - Filling up the DagBag from /opt/airflow/dags/data_synth.py
[2025-06-15T15:10:23.652+0000] {processor.py:925} INFO - DAG(s) 'data_synth' retrieved from /opt/airflow/dags/data_synth.py
[2025-06-15T15:10:24.184+0000] {logging_mixin.py:190} INFO - [2025-06-15T15:10:24.182+0000] {dag.py:3239} INFO - Sync 1 DAGs
[2025-06-15T15:10:24.281+0000] {logging_mixin.py:190} INFO - [2025-06-15T15:10:24.280+0000] {dag.py:4180} INFO - Setting next_dagrun for data_synth to 2025-06-13 18:30:00+00:00, run_after=2025-06-16 18:30:00+00:00
[2025-06-15T15:10:24.356+0000] {processor.py:208} INFO - Processing /opt/airflow/dags/data_synth.py took 2.443 seconds
[2025-06-15T15:10:54.858+0000] {processor.py:186} INFO - Started process (PID=1588) to work on /opt/airflow/dags/data_synth.py
[2025-06-15T15:10:54.974+0000] {processor.py:914} INFO - Processing file /opt/airflow/dags/data_synth.py for tasks to queue
[2025-06-15T15:10:55.016+0000] {logging_mixin.py:190} INFO - [2025-06-15T15:10:55.015+0000] {dagbag.py:588} INFO - Filling up the DagBag from /opt/airflow/dags/data_synth.py
[2025-06-15T15:10:56.649+0000] {processor.py:925} INFO - DAG(s) 'data_synth' retrieved from /opt/airflow/dags/data_synth.py
[2025-06-15T15:10:56.883+0000] {logging_mixin.py:190} INFO - [2025-06-15T15:10:56.882+0000] {dag.py:3239} INFO - Sync 1 DAGs
[2025-06-15T15:10:56.925+0000] {logging_mixin.py:190} INFO - [2025-06-15T15:10:56.925+0000] {dag.py:4180} INFO - Setting next_dagrun for data_synth to 2025-06-13 18:30:00+00:00, run_after=2025-06-16 18:30:00+00:00
[2025-06-15T15:10:56.968+0000] {processor.py:208} INFO - Processing /opt/airflow/dags/data_synth.py took 2.156 seconds
[2025-06-15T15:11:31.523+0000] {processor.py:186} INFO - Started process (PID=1606) to work on /opt/airflow/dags/data_synth.py
[2025-06-15T15:11:31.584+0000] {processor.py:914} INFO - Processing file /opt/airflow/dags/data_synth.py for tasks to queue
[2025-06-15T15:11:31.658+0000] {logging_mixin.py:190} INFO - [2025-06-15T15:11:31.656+0000] {dagbag.py:588} INFO - Filling up the DagBag from /opt/airflow/dags/data_synth.py
[2025-06-15T15:11:34.933+0000] {processor.py:925} INFO - DAG(s) 'data_synth' retrieved from /opt/airflow/dags/data_synth.py
[2025-06-15T15:11:35.679+0000] {logging_mixin.py:190} INFO - [2025-06-15T15:11:35.678+0000] {dag.py:3239} INFO - Sync 1 DAGs
[2025-06-15T15:11:35.824+0000] {logging_mixin.py:190} INFO - [2025-06-15T15:11:35.823+0000] {dag.py:4180} INFO - Setting next_dagrun for data_synth to 2025-06-13 18:30:00+00:00, run_after=2025-06-16 18:30:00+00:00
[2025-06-15T15:11:35.998+0000] {processor.py:208} INFO - Processing /opt/airflow/dags/data_synth.py took 4.598 seconds
[2025-06-15T15:12:06.647+0000] {processor.py:186} INFO - Started process (PID=1618) to work on /opt/airflow/dags/data_synth.py
[2025-06-15T15:12:06.650+0000] {processor.py:914} INFO - Processing file /opt/airflow/dags/data_synth.py for tasks to queue
[2025-06-15T15:12:06.658+0000] {logging_mixin.py:190} INFO - [2025-06-15T15:12:06.657+0000] {dagbag.py:588} INFO - Filling up the DagBag from /opt/airflow/dags/data_synth.py
[2025-06-15T15:12:08.676+0000] {processor.py:925} INFO - DAG(s) 'data_synth' retrieved from /opt/airflow/dags/data_synth.py
[2025-06-15T15:12:09.754+0000] {logging_mixin.py:190} INFO - [2025-06-15T15:12:09.753+0000] {dag.py:3239} INFO - Sync 1 DAGs
[2025-06-15T15:12:09.891+0000] {logging_mixin.py:190} INFO - [2025-06-15T15:12:09.890+0000] {dag.py:4180} INFO - Setting next_dagrun for data_synth to 2025-06-13 18:30:00+00:00, run_after=2025-06-16 18:30:00+00:00
[2025-06-15T15:12:10.087+0000] {processor.py:208} INFO - Processing /opt/airflow/dags/data_synth.py took 3.459 seconds
[2025-06-15T15:12:40.474+0000] {processor.py:186} INFO - Started process (PID=1630) to work on /opt/airflow/dags/data_synth.py
[2025-06-15T15:12:40.477+0000] {processor.py:914} INFO - Processing file /opt/airflow/dags/data_synth.py for tasks to queue
[2025-06-15T15:12:40.485+0000] {logging_mixin.py:190} INFO - [2025-06-15T15:12:40.484+0000] {dagbag.py:588} INFO - Filling up the DagBag from /opt/airflow/dags/data_synth.py
[2025-06-15T15:12:41.346+0000] {processor.py:925} INFO - DAG(s) 'data_synth' retrieved from /opt/airflow/dags/data_synth.py
[2025-06-15T15:12:41.673+0000] {logging_mixin.py:190} INFO - [2025-06-15T15:12:41.672+0000] {dag.py:3239} INFO - Sync 1 DAGs
[2025-06-15T15:12:41.742+0000] {logging_mixin.py:190} INFO - [2025-06-15T15:12:41.741+0000] {dag.py:4180} INFO - Setting next_dagrun for data_synth to 2025-06-13 18:30:00+00:00, run_after=2025-06-16 18:30:00+00:00
[2025-06-15T15:12:41.810+0000] {processor.py:208} INFO - Processing /opt/airflow/dags/data_synth.py took 1.354 seconds
[2025-06-15T15:13:12.787+0000] {processor.py:186} INFO - Started process (PID=1642) to work on /opt/airflow/dags/data_synth.py
[2025-06-15T15:13:12.790+0000] {processor.py:914} INFO - Processing file /opt/airflow/dags/data_synth.py for tasks to queue
[2025-06-15T15:13:12.798+0000] {logging_mixin.py:190} INFO - [2025-06-15T15:13:12.797+0000] {dagbag.py:588} INFO - Filling up the DagBag from /opt/airflow/dags/data_synth.py
[2025-06-15T15:13:13.672+0000] {processor.py:925} INFO - DAG(s) 'data_synth' retrieved from /opt/airflow/dags/data_synth.py
[2025-06-15T15:13:13.985+0000] {logging_mixin.py:190} INFO - [2025-06-15T15:13:13.985+0000] {dag.py:3239} INFO - Sync 1 DAGs
[2025-06-15T15:13:14.052+0000] {logging_mixin.py:190} INFO - [2025-06-15T15:13:14.051+0000] {dag.py:4180} INFO - Setting next_dagrun for data_synth to 2025-06-13 18:30:00+00:00, run_after=2025-06-16 18:30:00+00:00
[2025-06-15T15:13:14.116+0000] {processor.py:208} INFO - Processing /opt/airflow/dags/data_synth.py took 1.346 seconds
[2025-06-15T15:13:44.899+0000] {processor.py:186} INFO - Started process (PID=1654) to work on /opt/airflow/dags/data_synth.py
[2025-06-15T15:13:44.905+0000] {processor.py:914} INFO - Processing file /opt/airflow/dags/data_synth.py for tasks to queue
[2025-06-15T15:13:44.913+0000] {logging_mixin.py:190} INFO - [2025-06-15T15:13:44.912+0000] {dagbag.py:588} INFO - Filling up the DagBag from /opt/airflow/dags/data_synth.py
[2025-06-15T15:13:45.823+0000] {processor.py:925} INFO - DAG(s) 'data_synth' retrieved from /opt/airflow/dags/data_synth.py
[2025-06-15T15:13:46.135+0000] {logging_mixin.py:190} INFO - [2025-06-15T15:13:46.134+0000] {dag.py:3239} INFO - Sync 1 DAGs
[2025-06-15T15:13:46.194+0000] {logging_mixin.py:190} INFO - [2025-06-15T15:13:46.194+0000] {dag.py:4180} INFO - Setting next_dagrun for data_synth to 2025-06-13 18:30:00+00:00, run_after=2025-06-16 18:30:00+00:00
[2025-06-15T15:13:46.249+0000] {processor.py:208} INFO - Processing /opt/airflow/dags/data_synth.py took 1.401 seconds
[2025-06-15T15:14:17.081+0000] {processor.py:186} INFO - Started process (PID=1666) to work on /opt/airflow/dags/data_synth.py
[2025-06-15T15:14:17.098+0000] {processor.py:914} INFO - Processing file /opt/airflow/dags/data_synth.py for tasks to queue
[2025-06-15T15:14:17.128+0000] {logging_mixin.py:190} INFO - [2025-06-15T15:14:17.127+0000] {dagbag.py:588} INFO - Filling up the DagBag from /opt/airflow/dags/data_synth.py
[2025-06-15T15:14:19.492+0000] {processor.py:925} INFO - DAG(s) 'data_synth' retrieved from /opt/airflow/dags/data_synth.py
[2025-06-15T15:14:19.889+0000] {logging_mixin.py:190} INFO - [2025-06-15T15:14:19.887+0000] {dag.py:3239} INFO - Sync 1 DAGs
[2025-06-15T15:14:19.964+0000] {logging_mixin.py:190} INFO - [2025-06-15T15:14:19.964+0000] {dag.py:4180} INFO - Setting next_dagrun for data_synth to 2025-06-13 18:30:00+00:00, run_after=2025-06-16 18:30:00+00:00
[2025-06-15T15:14:20.022+0000] {processor.py:208} INFO - Processing /opt/airflow/dags/data_synth.py took 3.048 seconds
[2025-06-15T15:14:50.382+0000] {processor.py:186} INFO - Started process (PID=1678) to work on /opt/airflow/dags/data_synth.py
[2025-06-15T15:14:50.394+0000] {processor.py:914} INFO - Processing file /opt/airflow/dags/data_synth.py for tasks to queue
[2025-06-15T15:14:50.411+0000] {logging_mixin.py:190} INFO - [2025-06-15T15:14:50.410+0000] {dagbag.py:588} INFO - Filling up the DagBag from /opt/airflow/dags/data_synth.py
[2025-06-15T15:14:54.031+0000] {processor.py:925} INFO - DAG(s) 'data_synth' retrieved from /opt/airflow/dags/data_synth.py
[2025-06-15T15:14:55.188+0000] {logging_mixin.py:190} INFO - [2025-06-15T15:14:55.187+0000] {dag.py:3239} INFO - Sync 1 DAGs
[2025-06-15T15:14:55.641+0000] {logging_mixin.py:190} INFO - [2025-06-15T15:14:55.640+0000] {dag.py:4180} INFO - Setting next_dagrun for data_synth to 2025-06-13 18:30:00+00:00, run_after=2025-06-16 18:30:00+00:00
[2025-06-15T15:14:55.943+0000] {processor.py:208} INFO - Processing /opt/airflow/dags/data_synth.py took 5.588 seconds
[2025-06-15T15:15:26.618+0000] {processor.py:186} INFO - Started process (PID=1690) to work on /opt/airflow/dags/data_synth.py
[2025-06-15T15:15:26.622+0000] {processor.py:914} INFO - Processing file /opt/airflow/dags/data_synth.py for tasks to queue
[2025-06-15T15:15:26.641+0000] {logging_mixin.py:190} INFO - [2025-06-15T15:15:26.636+0000] {dagbag.py:588} INFO - Filling up the DagBag from /opt/airflow/dags/data_synth.py
[2025-06-15T15:15:28.709+0000] {processor.py:925} INFO - DAG(s) 'data_synth' retrieved from /opt/airflow/dags/data_synth.py
[2025-06-15T15:15:29.813+0000] {logging_mixin.py:190} INFO - [2025-06-15T15:15:29.812+0000] {dag.py:3239} INFO - Sync 1 DAGs
[2025-06-15T15:15:29.924+0000] {logging_mixin.py:190} INFO - [2025-06-15T15:15:29.924+0000] {dag.py:4180} INFO - Setting next_dagrun for data_synth to 2025-06-13 18:30:00+00:00, run_after=2025-06-16 18:30:00+00:00
[2025-06-15T15:15:30.039+0000] {processor.py:208} INFO - Processing /opt/airflow/dags/data_synth.py took 3.473 seconds
[2025-06-15T15:16:01.842+0000] {processor.py:186} INFO - Started process (PID=1702) to work on /opt/airflow/dags/data_synth.py
[2025-06-15T15:16:01.858+0000] {processor.py:914} INFO - Processing file /opt/airflow/dags/data_synth.py for tasks to queue
[2025-06-15T15:16:01.874+0000] {logging_mixin.py:190} INFO - [2025-06-15T15:16:01.873+0000] {dagbag.py:588} INFO - Filling up the DagBag from /opt/airflow/dags/data_synth.py
[2025-06-15T15:16:05.239+0000] {processor.py:925} INFO - DAG(s) 'data_synth' retrieved from /opt/airflow/dags/data_synth.py
[2025-06-15T15:16:05.998+0000] {logging_mixin.py:190} INFO - [2025-06-15T15:16:05.997+0000] {dag.py:3239} INFO - Sync 1 DAGs
[2025-06-15T15:16:06.113+0000] {logging_mixin.py:190} INFO - [2025-06-15T15:16:06.112+0000] {dag.py:4180} INFO - Setting next_dagrun for data_synth to 2025-06-13 18:30:00+00:00, run_after=2025-06-16 18:30:00+00:00
[2025-06-15T15:16:06.233+0000] {processor.py:208} INFO - Processing /opt/airflow/dags/data_synth.py took 4.442 seconds
[2025-06-15T15:16:37.113+0000] {processor.py:186} INFO - Started process (PID=1721) to work on /opt/airflow/dags/data_synth.py
[2025-06-15T15:16:37.116+0000] {processor.py:914} INFO - Processing file /opt/airflow/dags/data_synth.py for tasks to queue
[2025-06-15T15:16:37.124+0000] {logging_mixin.py:190} INFO - [2025-06-15T15:16:37.123+0000] {dagbag.py:588} INFO - Filling up the DagBag from /opt/airflow/dags/data_synth.py
[2025-06-15T15:16:38.034+0000] {processor.py:925} INFO - DAG(s) 'data_synth' retrieved from /opt/airflow/dags/data_synth.py
[2025-06-15T15:16:38.462+0000] {logging_mixin.py:190} INFO - [2025-06-15T15:16:38.461+0000] {dag.py:3239} INFO - Sync 1 DAGs
[2025-06-15T15:16:38.517+0000] {logging_mixin.py:190} INFO - [2025-06-15T15:16:38.516+0000] {dag.py:4180} INFO - Setting next_dagrun for data_synth to 2025-06-13 18:30:00+00:00, run_after=2025-06-16 18:30:00+00:00
[2025-06-15T15:16:38.567+0000] {processor.py:208} INFO - Processing /opt/airflow/dags/data_synth.py took 1.473 seconds
[2025-06-15T15:17:08.886+0000] {processor.py:186} INFO - Started process (PID=1734) to work on /opt/airflow/dags/data_synth.py
[2025-06-15T15:17:08.890+0000] {processor.py:914} INFO - Processing file /opt/airflow/dags/data_synth.py for tasks to queue
[2025-06-15T15:17:08.904+0000] {logging_mixin.py:190} INFO - [2025-06-15T15:17:08.903+0000] {dagbag.py:588} INFO - Filling up the DagBag from /opt/airflow/dags/data_synth.py
[2025-06-15T15:17:09.871+0000] {processor.py:925} INFO - DAG(s) 'data_synth' retrieved from /opt/airflow/dags/data_synth.py
[2025-06-15T15:17:10.271+0000] {logging_mixin.py:190} INFO - [2025-06-15T15:17:10.269+0000] {dag.py:3239} INFO - Sync 1 DAGs
[2025-06-15T15:17:10.349+0000] {logging_mixin.py:190} INFO - [2025-06-15T15:17:10.348+0000] {dag.py:4180} INFO - Setting next_dagrun for data_synth to 2025-06-13 18:30:00+00:00, run_after=2025-06-16 18:30:00+00:00
[2025-06-15T15:17:10.407+0000] {processor.py:208} INFO - Processing /opt/airflow/dags/data_synth.py took 1.547 seconds
[2025-06-15T15:17:41.205+0000] {processor.py:186} INFO - Started process (PID=1746) to work on /opt/airflow/dags/data_synth.py
[2025-06-15T15:17:41.209+0000] {processor.py:914} INFO - Processing file /opt/airflow/dags/data_synth.py for tasks to queue
[2025-06-15T15:17:41.217+0000] {logging_mixin.py:190} INFO - [2025-06-15T15:17:41.216+0000] {dagbag.py:588} INFO - Filling up the DagBag from /opt/airflow/dags/data_synth.py
[2025-06-15T15:17:42.193+0000] {processor.py:925} INFO - DAG(s) 'data_synth' retrieved from /opt/airflow/dags/data_synth.py
[2025-06-15T15:17:42.525+0000] {logging_mixin.py:190} INFO - [2025-06-15T15:17:42.524+0000] {dag.py:3239} INFO - Sync 1 DAGs
[2025-06-15T15:17:42.585+0000] {logging_mixin.py:190} INFO - [2025-06-15T15:17:42.585+0000] {dag.py:4180} INFO - Setting next_dagrun for data_synth to 2025-06-13 18:30:00+00:00, run_after=2025-06-16 18:30:00+00:00
[2025-06-15T15:17:42.640+0000] {processor.py:208} INFO - Processing /opt/airflow/dags/data_synth.py took 1.453 seconds
[2025-06-15T15:18:12.958+0000] {processor.py:186} INFO - Started process (PID=1758) to work on /opt/airflow/dags/data_synth.py
[2025-06-15T15:18:12.962+0000] {processor.py:914} INFO - Processing file /opt/airflow/dags/data_synth.py for tasks to queue
[2025-06-15T15:18:12.974+0000] {logging_mixin.py:190} INFO - [2025-06-15T15:18:12.972+0000] {dagbag.py:588} INFO - Filling up the DagBag from /opt/airflow/dags/data_synth.py
[2025-06-15T15:18:13.874+0000] {processor.py:925} INFO - DAG(s) 'data_synth' retrieved from /opt/airflow/dags/data_synth.py
[2025-06-15T15:18:14.130+0000] {logging_mixin.py:190} INFO - [2025-06-15T15:18:14.129+0000] {dag.py:3239} INFO - Sync 1 DAGs
[2025-06-15T15:18:14.188+0000] {logging_mixin.py:190} INFO - [2025-06-15T15:18:14.188+0000] {dag.py:4180} INFO - Setting next_dagrun for data_synth to 2025-06-13 18:30:00+00:00, run_after=2025-06-16 18:30:00+00:00
[2025-06-15T15:18:14.245+0000] {processor.py:208} INFO - Processing /opt/airflow/dags/data_synth.py took 1.316 seconds
[2025-06-15T15:18:44.479+0000] {processor.py:186} INFO - Started process (PID=1770) to work on /opt/airflow/dags/data_synth.py
[2025-06-15T15:18:44.482+0000] {processor.py:914} INFO - Processing file /opt/airflow/dags/data_synth.py for tasks to queue
[2025-06-15T15:18:44.489+0000] {logging_mixin.py:190} INFO - [2025-06-15T15:18:44.488+0000] {dagbag.py:588} INFO - Filling up the DagBag from /opt/airflow/dags/data_synth.py
[2025-06-15T15:18:45.470+0000] {processor.py:925} INFO - DAG(s) 'data_synth' retrieved from /opt/airflow/dags/data_synth.py
[2025-06-15T15:18:45.780+0000] {logging_mixin.py:190} INFO - [2025-06-15T15:18:45.779+0000] {dag.py:3239} INFO - Sync 1 DAGs
[2025-06-15T15:18:46.796+0000] {logging_mixin.py:190} INFO - [2025-06-15T15:18:46.796+0000] {dag.py:4180} INFO - Setting next_dagrun for data_synth to 2025-06-13 18:30:00+00:00, run_after=2025-06-16 18:30:00+00:00
[2025-06-15T15:18:46.846+0000] {processor.py:208} INFO - Processing /opt/airflow/dags/data_synth.py took 2.388 seconds
[2025-06-15T15:19:17.032+0000] {processor.py:186} INFO - Started process (PID=1782) to work on /opt/airflow/dags/data_synth.py
[2025-06-15T15:19:17.035+0000] {processor.py:914} INFO - Processing file /opt/airflow/dags/data_synth.py for tasks to queue
[2025-06-15T15:19:17.043+0000] {logging_mixin.py:190} INFO - [2025-06-15T15:19:17.042+0000] {dagbag.py:588} INFO - Filling up the DagBag from /opt/airflow/dags/data_synth.py
[2025-06-15T15:19:17.826+0000] {processor.py:925} INFO - DAG(s) 'data_synth' retrieved from /opt/airflow/dags/data_synth.py
[2025-06-15T15:19:18.200+0000] {logging_mixin.py:190} INFO - [2025-06-15T15:19:18.198+0000] {dag.py:3239} INFO - Sync 1 DAGs
[2025-06-15T15:19:18.267+0000] {logging_mixin.py:190} INFO - [2025-06-15T15:19:18.266+0000] {dag.py:4180} INFO - Setting next_dagrun for data_synth to 2025-06-13 18:30:00+00:00, run_after=2025-06-16 18:30:00+00:00
[2025-06-15T15:19:18.322+0000] {processor.py:208} INFO - Processing /opt/airflow/dags/data_synth.py took 1.312 seconds
[2025-06-15T15:19:49.250+0000] {processor.py:186} INFO - Started process (PID=1794) to work on /opt/airflow/dags/data_synth.py
[2025-06-15T15:19:49.301+0000] {processor.py:914} INFO - Processing file /opt/airflow/dags/data_synth.py for tasks to queue
[2025-06-15T15:19:49.352+0000] {logging_mixin.py:190} INFO - [2025-06-15T15:19:49.351+0000] {dagbag.py:588} INFO - Filling up the DagBag from /opt/airflow/dags/data_synth.py
[2025-06-15T15:19:53.318+0000] {processor.py:925} INFO - DAG(s) 'data_synth' retrieved from /opt/airflow/dags/data_synth.py
[2025-06-15T15:19:55.137+0000] {logging_mixin.py:190} INFO - [2025-06-15T15:19:55.136+0000] {dag.py:3239} INFO - Sync 1 DAGs
[2025-06-15T15:19:55.472+0000] {logging_mixin.py:190} INFO - [2025-06-15T15:19:55.472+0000] {dag.py:4180} INFO - Setting next_dagrun for data_synth to 2025-06-13 18:30:00+00:00, run_after=2025-06-16 18:30:00+00:00
[2025-06-15T15:19:55.934+0000] {processor.py:208} INFO - Processing /opt/airflow/dags/data_synth.py took 6.748 seconds
[2025-06-15T15:20:28.780+0000] {processor.py:186} INFO - Started process (PID=1807) to work on /opt/airflow/dags/data_synth.py
[2025-06-15T15:20:28.831+0000] {processor.py:914} INFO - Processing file /opt/airflow/dags/data_synth.py for tasks to queue
[2025-06-15T15:20:28.865+0000] {logging_mixin.py:190} INFO - [2025-06-15T15:20:28.864+0000] {dagbag.py:588} INFO - Filling up the DagBag from /opt/airflow/dags/data_synth.py
[2025-06-15T15:20:31.703+0000] {processor.py:925} INFO - DAG(s) 'data_synth' retrieved from /opt/airflow/dags/data_synth.py
[2025-06-15T15:20:32.229+0000] {logging_mixin.py:190} INFO - [2025-06-15T15:20:32.228+0000] {dag.py:3239} INFO - Sync 1 DAGs
[2025-06-15T15:20:32.328+0000] {logging_mixin.py:190} INFO - [2025-06-15T15:20:32.328+0000] {dag.py:4180} INFO - Setting next_dagrun for data_synth to 2025-06-13 18:30:00+00:00, run_after=2025-06-16 18:30:00+00:00
[2025-06-15T15:20:32.433+0000] {processor.py:208} INFO - Processing /opt/airflow/dags/data_synth.py took 3.693 seconds
[2025-06-15T15:21:03.030+0000] {processor.py:186} INFO - Started process (PID=1820) to work on /opt/airflow/dags/data_synth.py
[2025-06-15T15:21:03.035+0000] {processor.py:914} INFO - Processing file /opt/airflow/dags/data_synth.py for tasks to queue
[2025-06-15T15:21:03.051+0000] {logging_mixin.py:190} INFO - [2025-06-15T15:21:03.049+0000] {dagbag.py:588} INFO - Filling up the DagBag from /opt/airflow/dags/data_synth.py
[2025-06-15T15:21:04.454+0000] {processor.py:925} INFO - DAG(s) 'data_synth' retrieved from /opt/airflow/dags/data_synth.py
[2025-06-15T15:21:05.068+0000] {logging_mixin.py:190} INFO - [2025-06-15T15:21:05.067+0000] {dag.py:3239} INFO - Sync 1 DAGs
[2025-06-15T15:21:05.588+0000] {logging_mixin.py:190} INFO - [2025-06-15T15:21:05.587+0000] {dag.py:4180} INFO - Setting next_dagrun for data_synth to 2025-06-13 18:30:00+00:00, run_after=2025-06-16 18:30:00+00:00
[2025-06-15T15:21:05.651+0000] {processor.py:208} INFO - Processing /opt/airflow/dags/data_synth.py took 2.661 seconds
[2025-06-15T15:21:36.390+0000] {processor.py:186} INFO - Started process (PID=1838) to work on /opt/airflow/dags/data_synth.py
[2025-06-15T15:21:36.393+0000] {processor.py:914} INFO - Processing file /opt/airflow/dags/data_synth.py for tasks to queue
[2025-06-15T15:21:36.402+0000] {logging_mixin.py:190} INFO - [2025-06-15T15:21:36.401+0000] {dagbag.py:588} INFO - Filling up the DagBag from /opt/airflow/dags/data_synth.py
[2025-06-15T15:21:37.375+0000] {processor.py:925} INFO - DAG(s) 'data_synth' retrieved from /opt/airflow/dags/data_synth.py
[2025-06-15T15:21:37.714+0000] {logging_mixin.py:190} INFO - [2025-06-15T15:21:37.713+0000] {dag.py:3239} INFO - Sync 1 DAGs
[2025-06-15T15:21:37.771+0000] {logging_mixin.py:190} INFO - [2025-06-15T15:21:37.770+0000] {dag.py:4180} INFO - Setting next_dagrun for data_synth to 2025-06-13 18:30:00+00:00, run_after=2025-06-16 18:30:00+00:00
[2025-06-15T15:21:37.832+0000] {processor.py:208} INFO - Processing /opt/airflow/dags/data_synth.py took 1.465 seconds
[2025-06-15T15:22:08.374+0000] {processor.py:186} INFO - Started process (PID=1850) to work on /opt/airflow/dags/data_synth.py
[2025-06-15T15:22:08.377+0000] {processor.py:914} INFO - Processing file /opt/airflow/dags/data_synth.py for tasks to queue
[2025-06-15T15:22:08.388+0000] {logging_mixin.py:190} INFO - [2025-06-15T15:22:08.387+0000] {dagbag.py:588} INFO - Filling up the DagBag from /opt/airflow/dags/data_synth.py
[2025-06-15T15:22:09.444+0000] {processor.py:925} INFO - DAG(s) 'data_synth' retrieved from /opt/airflow/dags/data_synth.py
[2025-06-15T15:22:09.777+0000] {logging_mixin.py:190} INFO - [2025-06-15T15:22:09.776+0000] {dag.py:3239} INFO - Sync 1 DAGs
[2025-06-15T15:22:09.841+0000] {logging_mixin.py:190} INFO - [2025-06-15T15:22:09.841+0000] {dag.py:4180} INFO - Setting next_dagrun for data_synth to 2025-06-13 18:30:00+00:00, run_after=2025-06-16 18:30:00+00:00
[2025-06-15T15:22:09.888+0000] {processor.py:208} INFO - Processing /opt/airflow/dags/data_synth.py took 1.560 seconds
[2025-06-15T15:22:40.531+0000] {processor.py:186} INFO - Started process (PID=1863) to work on /opt/airflow/dags/data_synth.py
[2025-06-15T15:22:40.535+0000] {processor.py:914} INFO - Processing file /opt/airflow/dags/data_synth.py for tasks to queue
[2025-06-15T15:22:40.559+0000] {logging_mixin.py:190} INFO - [2025-06-15T15:22:40.558+0000] {dagbag.py:588} INFO - Filling up the DagBag from /opt/airflow/dags/data_synth.py
[2025-06-15T15:22:42.606+0000] {processor.py:925} INFO - DAG(s) 'data_synth' retrieved from /opt/airflow/dags/data_synth.py
[2025-06-15T15:22:43.567+0000] {logging_mixin.py:190} INFO - [2025-06-15T15:22:43.566+0000] {dag.py:3239} INFO - Sync 1 DAGs
[2025-06-15T15:22:43.774+0000] {logging_mixin.py:190} INFO - [2025-06-15T15:22:43.768+0000] {dag.py:4180} INFO - Setting next_dagrun for data_synth to 2025-06-13 18:30:00+00:00, run_after=2025-06-16 18:30:00+00:00
[2025-06-15T15:22:43.902+0000] {processor.py:208} INFO - Processing /opt/airflow/dags/data_synth.py took 3.419 seconds
[2025-06-15T15:23:14.320+0000] {processor.py:186} INFO - Started process (PID=1875) to work on /opt/airflow/dags/data_synth.py
[2025-06-15T15:23:14.331+0000] {processor.py:914} INFO - Processing file /opt/airflow/dags/data_synth.py for tasks to queue
[2025-06-15T15:23:14.354+0000] {logging_mixin.py:190} INFO - [2025-06-15T15:23:14.343+0000] {dagbag.py:588} INFO - Filling up the DagBag from /opt/airflow/dags/data_synth.py
[2025-06-15T15:23:18.466+0000] {processor.py:925} INFO - DAG(s) 'data_synth' retrieved from /opt/airflow/dags/data_synth.py
[2025-06-15T15:23:19.972+0000] {logging_mixin.py:190} INFO - [2025-06-15T15:23:19.971+0000] {dag.py:3239} INFO - Sync 1 DAGs
[2025-06-15T15:23:21.432+0000] {logging_mixin.py:190} INFO - [2025-06-15T15:23:21.431+0000] {dag.py:4180} INFO - Setting next_dagrun for data_synth to 2025-06-13 18:30:00+00:00, run_after=2025-06-16 18:30:00+00:00
[2025-06-15T15:23:21.716+0000] {processor.py:208} INFO - Processing /opt/airflow/dags/data_synth.py took 7.461 seconds
[2025-06-15T15:23:52.486+0000] {processor.py:186} INFO - Started process (PID=1889) to work on /opt/airflow/dags/data_synth.py
[2025-06-15T15:23:52.491+0000] {processor.py:914} INFO - Processing file /opt/airflow/dags/data_synth.py for tasks to queue
[2025-06-15T15:23:52.507+0000] {logging_mixin.py:190} INFO - [2025-06-15T15:23:52.506+0000] {dagbag.py:588} INFO - Filling up the DagBag from /opt/airflow/dags/data_synth.py
[2025-06-15T15:23:54.203+0000] {processor.py:925} INFO - DAG(s) 'data_synth' retrieved from /opt/airflow/dags/data_synth.py
[2025-06-15T15:23:55.242+0000] {logging_mixin.py:190} INFO - [2025-06-15T15:23:55.241+0000] {dag.py:3239} INFO - Sync 1 DAGs
[2025-06-15T15:23:55.295+0000] {logging_mixin.py:190} INFO - [2025-06-15T15:23:55.295+0000] {dag.py:4180} INFO - Setting next_dagrun for data_synth to 2025-06-13 18:30:00+00:00, run_after=2025-06-16 18:30:00+00:00
[2025-06-15T15:23:55.354+0000] {processor.py:208} INFO - Processing /opt/airflow/dags/data_synth.py took 2.947 seconds
[2025-06-15T15:24:25.715+0000] {processor.py:186} INFO - Started process (PID=1901) to work on /opt/airflow/dags/data_synth.py
[2025-06-15T15:24:25.719+0000] {processor.py:914} INFO - Processing file /opt/airflow/dags/data_synth.py for tasks to queue
[2025-06-15T15:24:25.728+0000] {logging_mixin.py:190} INFO - [2025-06-15T15:24:25.727+0000] {dagbag.py:588} INFO - Filling up the DagBag from /opt/airflow/dags/data_synth.py
[2025-06-15T15:24:27.344+0000] {processor.py:925} INFO - DAG(s) 'data_synth' retrieved from /opt/airflow/dags/data_synth.py
[2025-06-15T15:24:27.905+0000] {logging_mixin.py:190} INFO - [2025-06-15T15:24:27.904+0000] {dag.py:3239} INFO - Sync 1 DAGs
[2025-06-15T15:24:27.982+0000] {logging_mixin.py:190} INFO - [2025-06-15T15:24:27.981+0000] {dag.py:4180} INFO - Setting next_dagrun for data_synth to 2025-06-13 18:30:00+00:00, run_after=2025-06-16 18:30:00+00:00
[2025-06-15T15:24:28.054+0000] {processor.py:208} INFO - Processing /opt/airflow/dags/data_synth.py took 2.370 seconds
[2025-06-15T15:24:58.584+0000] {processor.py:186} INFO - Started process (PID=1913) to work on /opt/airflow/dags/data_synth.py
[2025-06-15T15:24:58.588+0000] {processor.py:914} INFO - Processing file /opt/airflow/dags/data_synth.py for tasks to queue
[2025-06-15T15:24:58.605+0000] {logging_mixin.py:190} INFO - [2025-06-15T15:24:58.604+0000] {dagbag.py:588} INFO - Filling up the DagBag from /opt/airflow/dags/data_synth.py
[2025-06-15T15:25:00.176+0000] {processor.py:925} INFO - DAG(s) 'data_synth' retrieved from /opt/airflow/dags/data_synth.py
[2025-06-15T15:25:00.703+0000] {logging_mixin.py:190} INFO - [2025-06-15T15:25:00.702+0000] {dag.py:3239} INFO - Sync 1 DAGs
[2025-06-15T15:25:00.809+0000] {logging_mixin.py:190} INFO - [2025-06-15T15:25:00.808+0000] {dag.py:4180} INFO - Setting next_dagrun for data_synth to 2025-06-13 18:30:00+00:00, run_after=2025-06-16 18:30:00+00:00
[2025-06-15T15:25:01.332+0000] {processor.py:208} INFO - Processing /opt/airflow/dags/data_synth.py took 2.780 seconds
[2025-06-15T15:25:31.710+0000] {processor.py:186} INFO - Started process (PID=1925) to work on /opt/airflow/dags/data_synth.py
[2025-06-15T15:25:31.717+0000] {processor.py:914} INFO - Processing file /opt/airflow/dags/data_synth.py for tasks to queue
[2025-06-15T15:25:31.743+0000] {logging_mixin.py:190} INFO - [2025-06-15T15:25:31.742+0000] {dagbag.py:588} INFO - Filling up the DagBag from /opt/airflow/dags/data_synth.py
[2025-06-15T15:25:34.786+0000] {processor.py:925} INFO - DAG(s) 'data_synth' retrieved from /opt/airflow/dags/data_synth.py
[2025-06-15T15:25:35.912+0000] {logging_mixin.py:190} INFO - [2025-06-15T15:25:35.910+0000] {dag.py:3239} INFO - Sync 1 DAGs
[2025-06-15T15:25:37.347+0000] {logging_mixin.py:190} INFO - [2025-06-15T15:25:37.346+0000] {dag.py:4180} INFO - Setting next_dagrun for data_synth to 2025-06-13 18:30:00+00:00, run_after=2025-06-16 18:30:00+00:00
[2025-06-15T15:25:37.461+0000] {processor.py:208} INFO - Processing /opt/airflow/dags/data_synth.py took 5.829 seconds
[2025-06-15T15:26:07.960+0000] {processor.py:186} INFO - Started process (PID=1943) to work on /opt/airflow/dags/data_synth.py
[2025-06-15T15:26:07.964+0000] {processor.py:914} INFO - Processing file /opt/airflow/dags/data_synth.py for tasks to queue
[2025-06-15T15:26:07.972+0000] {logging_mixin.py:190} INFO - [2025-06-15T15:26:07.971+0000] {dagbag.py:588} INFO - Filling up the DagBag from /opt/airflow/dags/data_synth.py
[2025-06-15T15:26:09.103+0000] {processor.py:925} INFO - DAG(s) 'data_synth' retrieved from /opt/airflow/dags/data_synth.py
[2025-06-15T15:26:09.547+0000] {logging_mixin.py:190} INFO - [2025-06-15T15:26:09.546+0000] {dag.py:3239} INFO - Sync 1 DAGs
[2025-06-15T15:26:09.629+0000] {logging_mixin.py:190} INFO - [2025-06-15T15:26:09.628+0000] {dag.py:4180} INFO - Setting next_dagrun for data_synth to 2025-06-13 18:30:00+00:00, run_after=2025-06-16 18:30:00+00:00
[2025-06-15T15:26:09.692+0000] {processor.py:208} INFO - Processing /opt/airflow/dags/data_synth.py took 1.756 seconds
[2025-06-15T15:26:40.909+0000] {processor.py:186} INFO - Started process (PID=1955) to work on /opt/airflow/dags/data_synth.py
[2025-06-15T15:26:40.918+0000] {processor.py:914} INFO - Processing file /opt/airflow/dags/data_synth.py for tasks to queue
[2025-06-15T15:26:40.958+0000] {logging_mixin.py:190} INFO - [2025-06-15T15:26:40.957+0000] {dagbag.py:588} INFO - Filling up the DagBag from /opt/airflow/dags/data_synth.py
[2025-06-15T15:26:43.757+0000] {processor.py:925} INFO - DAG(s) 'data_synth' retrieved from /opt/airflow/dags/data_synth.py
[2025-06-15T15:26:44.624+0000] {logging_mixin.py:190} INFO - [2025-06-15T15:26:44.614+0000] {dag.py:3239} INFO - Sync 1 DAGs
[2025-06-15T15:26:44.791+0000] {logging_mixin.py:190} INFO - [2025-06-15T15:26:44.777+0000] {dag.py:4180} INFO - Setting next_dagrun for data_synth to 2025-06-13 18:30:00+00:00, run_after=2025-06-16 18:30:00+00:00
[2025-06-15T15:26:44.979+0000] {processor.py:208} INFO - Processing /opt/airflow/dags/data_synth.py took 4.134 seconds
[2025-06-15T15:27:15.608+0000] {processor.py:186} INFO - Started process (PID=1967) to work on /opt/airflow/dags/data_synth.py
[2025-06-15T15:27:15.612+0000] {processor.py:914} INFO - Processing file /opt/airflow/dags/data_synth.py for tasks to queue
[2025-06-15T15:27:15.620+0000] {logging_mixin.py:190} INFO - [2025-06-15T15:27:15.619+0000] {dagbag.py:588} INFO - Filling up the DagBag from /opt/airflow/dags/data_synth.py
[2025-06-15T15:27:17.644+0000] {processor.py:925} INFO - DAG(s) 'data_synth' retrieved from /opt/airflow/dags/data_synth.py
[2025-06-15T15:27:19.183+0000] {logging_mixin.py:190} INFO - [2025-06-15T15:27:19.171+0000] {dag.py:3239} INFO - Sync 1 DAGs
[2025-06-15T15:27:19.405+0000] {logging_mixin.py:190} INFO - [2025-06-15T15:27:19.404+0000] {dag.py:4180} INFO - Setting next_dagrun for data_synth to 2025-06-13 18:30:00+00:00, run_after=2025-06-16 18:30:00+00:00
[2025-06-15T15:27:20.794+0000] {processor.py:208} INFO - Processing /opt/airflow/dags/data_synth.py took 5.248 seconds
[2025-06-15T15:27:53.656+0000] {processor.py:186} INFO - Started process (PID=1978) to work on /opt/airflow/dags/data_synth.py
[2025-06-15T15:27:53.692+0000] {processor.py:914} INFO - Processing file /opt/airflow/dags/data_synth.py for tasks to queue
[2025-06-15T15:27:53.733+0000] {logging_mixin.py:190} INFO - [2025-06-15T15:27:53.722+0000] {dagbag.py:588} INFO - Filling up the DagBag from /opt/airflow/dags/data_synth.py
[2025-06-15T15:27:56.621+0000] {processor.py:925} INFO - DAG(s) 'data_synth' retrieved from /opt/airflow/dags/data_synth.py
[2025-06-15T15:27:56.888+0000] {logging_mixin.py:190} INFO - [2025-06-15T15:27:56.887+0000] {dag.py:3239} INFO - Sync 1 DAGs
[2025-06-15T15:27:57.222+0000] {logging_mixin.py:190} INFO - [2025-06-15T15:27:57.222+0000] {dag.py:4180} INFO - Setting next_dagrun for data_synth to 2025-06-13 18:30:00+00:00, run_after=2025-06-16 18:30:00+00:00
[2025-06-15T15:27:57.264+0000] {processor.py:208} INFO - Processing /opt/airflow/dags/data_synth.py took 3.738 seconds
[2025-06-15T15:28:27.898+0000] {processor.py:186} INFO - Started process (PID=1989) to work on /opt/airflow/dags/data_synth.py
[2025-06-15T15:28:27.901+0000] {processor.py:914} INFO - Processing file /opt/airflow/dags/data_synth.py for tasks to queue
[2025-06-15T15:28:27.910+0000] {logging_mixin.py:190} INFO - [2025-06-15T15:28:27.909+0000] {dagbag.py:588} INFO - Filling up the DagBag from /opt/airflow/dags/data_synth.py
[2025-06-15T15:28:28.763+0000] {processor.py:925} INFO - DAG(s) 'data_synth' retrieved from /opt/airflow/dags/data_synth.py
[2025-06-15T15:28:29.509+0000] {logging_mixin.py:190} INFO - [2025-06-15T15:28:29.508+0000] {dag.py:3239} INFO - Sync 1 DAGs
[2025-06-15T15:28:29.562+0000] {logging_mixin.py:190} INFO - [2025-06-15T15:28:29.562+0000] {dag.py:4180} INFO - Setting next_dagrun for data_synth to 2025-06-13 18:30:00+00:00, run_after=2025-06-16 18:30:00+00:00
[2025-06-15T15:28:29.622+0000] {processor.py:208} INFO - Processing /opt/airflow/dags/data_synth.py took 1.745 seconds
[2025-06-15T15:29:00.394+0000] {processor.py:186} INFO - Started process (PID=2002) to work on /opt/airflow/dags/data_synth.py
[2025-06-15T15:29:00.398+0000] {processor.py:914} INFO - Processing file /opt/airflow/dags/data_synth.py for tasks to queue
[2025-06-15T15:29:00.407+0000] {logging_mixin.py:190} INFO - [2025-06-15T15:29:00.406+0000] {dagbag.py:588} INFO - Filling up the DagBag from /opt/airflow/dags/data_synth.py
[2025-06-15T15:29:01.213+0000] {processor.py:925} INFO - DAG(s) 'data_synth' retrieved from /opt/airflow/dags/data_synth.py
[2025-06-15T15:29:01.550+0000] {logging_mixin.py:190} INFO - [2025-06-15T15:29:01.549+0000] {dag.py:3239} INFO - Sync 1 DAGs
[2025-06-15T15:29:01.601+0000] {logging_mixin.py:190} INFO - [2025-06-15T15:29:01.600+0000] {dag.py:4180} INFO - Setting next_dagrun for data_synth to 2025-06-13 18:30:00+00:00, run_after=2025-06-16 18:30:00+00:00
[2025-06-15T15:29:01.651+0000] {processor.py:208} INFO - Processing /opt/airflow/dags/data_synth.py took 1.278 seconds
[2025-06-15T15:29:32.362+0000] {processor.py:186} INFO - Started process (PID=2014) to work on /opt/airflow/dags/data_synth.py
[2025-06-15T15:29:32.384+0000] {processor.py:914} INFO - Processing file /opt/airflow/dags/data_synth.py for tasks to queue
[2025-06-15T15:29:32.403+0000] {logging_mixin.py:190} INFO - [2025-06-15T15:29:32.402+0000] {dagbag.py:588} INFO - Filling up the DagBag from /opt/airflow/dags/data_synth.py
[2025-06-15T15:29:34.151+0000] {processor.py:925} INFO - DAG(s) 'data_synth' retrieved from /opt/airflow/dags/data_synth.py
[2025-06-15T15:29:34.555+0000] {logging_mixin.py:190} INFO - [2025-06-15T15:29:34.553+0000] {dag.py:3239} INFO - Sync 1 DAGs
[2025-06-15T15:29:34.622+0000] {logging_mixin.py:190} INFO - [2025-06-15T15:29:34.621+0000] {dag.py:4180} INFO - Setting next_dagrun for data_synth to 2025-06-13 18:30:00+00:00, run_after=2025-06-16 18:30:00+00:00
[2025-06-15T15:29:35.025+0000] {processor.py:208} INFO - Processing /opt/airflow/dags/data_synth.py took 2.703 seconds
[2025-06-15T15:30:05.844+0000] {processor.py:186} INFO - Started process (PID=2026) to work on /opt/airflow/dags/data_synth.py
[2025-06-15T15:30:05.859+0000] {processor.py:914} INFO - Processing file /opt/airflow/dags/data_synth.py for tasks to queue
[2025-06-15T15:30:05.889+0000] {logging_mixin.py:190} INFO - [2025-06-15T15:30:05.888+0000] {dagbag.py:588} INFO - Filling up the DagBag from /opt/airflow/dags/data_synth.py
[2025-06-15T15:30:10.141+0000] {processor.py:925} INFO - DAG(s) 'data_synth' retrieved from /opt/airflow/dags/data_synth.py
[2025-06-15T15:30:11.352+0000] {logging_mixin.py:190} INFO - [2025-06-15T15:30:11.351+0000] {dag.py:3239} INFO - Sync 1 DAGs
[2025-06-15T15:30:12.798+0000] {logging_mixin.py:190} INFO - [2025-06-15T15:30:12.787+0000] {dag.py:4180} INFO - Setting next_dagrun for data_synth to 2025-06-13 18:30:00+00:00, run_after=2025-06-16 18:30:00+00:00
[2025-06-15T15:30:13.010+0000] {processor.py:208} INFO - Processing /opt/airflow/dags/data_synth.py took 7.217 seconds
[2025-06-15T15:30:43.493+0000] {processor.py:186} INFO - Started process (PID=2044) to work on /opt/airflow/dags/data_synth.py
[2025-06-15T15:30:43.506+0000] {processor.py:914} INFO - Processing file /opt/airflow/dags/data_synth.py for tasks to queue
[2025-06-15T15:30:43.535+0000] {logging_mixin.py:190} INFO - [2025-06-15T15:30:43.525+0000] {dagbag.py:588} INFO - Filling up the DagBag from /opt/airflow/dags/data_synth.py
[2025-06-15T15:30:45.823+0000] {processor.py:925} INFO - DAG(s) 'data_synth' retrieved from /opt/airflow/dags/data_synth.py
[2025-06-15T15:30:46.900+0000] {logging_mixin.py:190} INFO - [2025-06-15T15:30:46.899+0000] {dag.py:3239} INFO - Sync 1 DAGs
[2025-06-15T15:30:46.955+0000] {logging_mixin.py:190} INFO - [2025-06-15T15:30:46.954+0000] {dag.py:4180} INFO - Setting next_dagrun for data_synth to 2025-06-13 18:30:00+00:00, run_after=2025-06-16 18:30:00+00:00
[2025-06-15T15:30:47.051+0000] {processor.py:208} INFO - Processing /opt/airflow/dags/data_synth.py took 3.618 seconds
[2025-06-15T15:31:18.872+0000] {processor.py:186} INFO - Started process (PID=2058) to work on /opt/airflow/dags/data_synth.py
[2025-06-15T15:31:18.887+0000] {processor.py:914} INFO - Processing file /opt/airflow/dags/data_synth.py for tasks to queue
[2025-06-15T15:31:18.919+0000] {logging_mixin.py:190} INFO - [2025-06-15T15:31:18.918+0000] {dagbag.py:588} INFO - Filling up the DagBag from /opt/airflow/dags/data_synth.py
[2025-06-15T15:31:22.286+0000] {processor.py:925} INFO - DAG(s) 'data_synth' retrieved from /opt/airflow/dags/data_synth.py
[2025-06-15T15:31:23.402+0000] {logging_mixin.py:190} INFO - [2025-06-15T15:31:23.401+0000] {dag.py:3239} INFO - Sync 1 DAGs
[2025-06-15T15:31:23.690+0000] {logging_mixin.py:190} INFO - [2025-06-15T15:31:23.690+0000] {dag.py:4180} INFO - Setting next_dagrun for data_synth to 2025-06-13 18:30:00+00:00, run_after=2025-06-16 18:30:00+00:00
[2025-06-15T15:31:23.977+0000] {processor.py:208} INFO - Processing /opt/airflow/dags/data_synth.py took 5.157 seconds
[2025-06-15T15:31:56.119+0000] {processor.py:186} INFO - Started process (PID=2070) to work on /opt/airflow/dags/data_synth.py
[2025-06-15T15:31:56.157+0000] {processor.py:914} INFO - Processing file /opt/airflow/dags/data_synth.py for tasks to queue
[2025-06-15T15:31:56.181+0000] {logging_mixin.py:190} INFO - [2025-06-15T15:31:56.179+0000] {dagbag.py:588} INFO - Filling up the DagBag from /opt/airflow/dags/data_synth.py
[2025-06-15T15:32:00.499+0000] {processor.py:925} INFO - DAG(s) 'data_synth' retrieved from /opt/airflow/dags/data_synth.py
[2025-06-15T15:32:02.042+0000] {logging_mixin.py:190} INFO - [2025-06-15T15:32:02.030+0000] {dag.py:3239} INFO - Sync 1 DAGs
[2025-06-15T15:32:02.312+0000] {logging_mixin.py:190} INFO - [2025-06-15T15:32:02.312+0000] {dag.py:4180} INFO - Setting next_dagrun for data_synth to 2025-06-13 18:30:00+00:00, run_after=2025-06-16 18:30:00+00:00
[2025-06-15T15:32:03.909+0000] {processor.py:208} INFO - Processing /opt/airflow/dags/data_synth.py took 7.842 seconds
[2025-06-15T15:32:36.899+0000] {processor.py:186} INFO - Started process (PID=2082) to work on /opt/airflow/dags/data_synth.py
[2025-06-15T15:32:36.938+0000] {processor.py:914} INFO - Processing file /opt/airflow/dags/data_synth.py for tasks to queue
[2025-06-15T15:32:37.004+0000] {logging_mixin.py:190} INFO - [2025-06-15T15:32:37.001+0000] {dagbag.py:588} INFO - Filling up the DagBag from /opt/airflow/dags/data_synth.py
[2025-06-15T15:32:42.649+0000] {processor.py:925} INFO - DAG(s) 'data_synth' retrieved from /opt/airflow/dags/data_synth.py
[2025-06-15T15:32:43.852+0000] {logging_mixin.py:190} INFO - [2025-06-15T15:32:43.850+0000] {dag.py:3239} INFO - Sync 1 DAGs
[2025-06-15T15:32:45.284+0000] {logging_mixin.py:190} INFO - [2025-06-15T15:32:45.283+0000] {dag.py:4180} INFO - Setting next_dagrun for data_synth to 2025-06-13 18:30:00+00:00, run_after=2025-06-16 18:30:00+00:00
[2025-06-15T15:32:45.390+0000] {processor.py:208} INFO - Processing /opt/airflow/dags/data_synth.py took 8.590 seconds
[2025-06-15T15:33:15.738+0000] {processor.py:186} INFO - Started process (PID=2100) to work on /opt/airflow/dags/data_synth.py
[2025-06-15T15:33:15.742+0000] {processor.py:914} INFO - Processing file /opt/airflow/dags/data_synth.py for tasks to queue
[2025-06-15T15:33:15.757+0000] {logging_mixin.py:190} INFO - [2025-06-15T15:33:15.756+0000] {dagbag.py:588} INFO - Filling up the DagBag from /opt/airflow/dags/data_synth.py
[2025-06-15T15:33:16.783+0000] {processor.py:925} INFO - DAG(s) 'data_synth' retrieved from /opt/airflow/dags/data_synth.py
[2025-06-15T15:33:17.592+0000] {logging_mixin.py:190} INFO - [2025-06-15T15:33:17.591+0000] {dag.py:3239} INFO - Sync 1 DAGs
[2025-06-15T15:33:17.677+0000] {logging_mixin.py:190} INFO - [2025-06-15T15:33:17.676+0000] {dag.py:4180} INFO - Setting next_dagrun for data_synth to 2025-06-13 18:30:00+00:00, run_after=2025-06-16 18:30:00+00:00
[2025-06-15T15:33:17.772+0000] {processor.py:208} INFO - Processing /opt/airflow/dags/data_synth.py took 2.059 seconds
[2025-06-15T15:33:48.015+0000] {processor.py:186} INFO - Started process (PID=2112) to work on /opt/airflow/dags/data_synth.py
[2025-06-15T15:33:48.018+0000] {processor.py:914} INFO - Processing file /opt/airflow/dags/data_synth.py for tasks to queue
[2025-06-15T15:33:48.026+0000] {logging_mixin.py:190} INFO - [2025-06-15T15:33:48.024+0000] {dagbag.py:588} INFO - Filling up the DagBag from /opt/airflow/dags/data_synth.py
[2025-06-15T15:33:49.535+0000] {processor.py:925} INFO - DAG(s) 'data_synth' retrieved from /opt/airflow/dags/data_synth.py
[2025-06-15T15:33:50.043+0000] {logging_mixin.py:190} INFO - [2025-06-15T15:33:50.041+0000] {dag.py:3239} INFO - Sync 1 DAGs
[2025-06-15T15:33:50.167+0000] {logging_mixin.py:190} INFO - [2025-06-15T15:33:50.166+0000] {dag.py:4180} INFO - Setting next_dagrun for data_synth to 2025-06-13 18:30:00+00:00, run_after=2025-06-16 18:30:00+00:00
[2025-06-15T15:33:50.251+0000] {processor.py:208} INFO - Processing /opt/airflow/dags/data_synth.py took 2.254 seconds
[2025-06-15T15:34:22.495+0000] {processor.py:186} INFO - Started process (PID=2124) to work on /opt/airflow/dags/data_synth.py
[2025-06-15T15:34:22.518+0000] {processor.py:914} INFO - Processing file /opt/airflow/dags/data_synth.py for tasks to queue
[2025-06-15T15:34:22.538+0000] {logging_mixin.py:190} INFO - [2025-06-15T15:34:22.535+0000] {dagbag.py:588} INFO - Filling up the DagBag from /opt/airflow/dags/data_synth.py
[2025-06-15T15:34:26.365+0000] {processor.py:925} INFO - DAG(s) 'data_synth' retrieved from /opt/airflow/dags/data_synth.py
[2025-06-15T15:34:27.146+0000] {logging_mixin.py:190} INFO - [2025-06-15T15:34:27.144+0000] {dag.py:3239} INFO - Sync 1 DAGs
[2025-06-15T15:34:27.688+0000] {logging_mixin.py:190} INFO - [2025-06-15T15:34:27.687+0000] {dag.py:4180} INFO - Setting next_dagrun for data_synth to 2025-06-13 18:30:00+00:00, run_after=2025-06-16 18:30:00+00:00
[2025-06-15T15:34:27.787+0000] {processor.py:208} INFO - Processing /opt/airflow/dags/data_synth.py took 5.332 seconds
[2025-06-15T15:35:04.866+0000] {processor.py:186} INFO - Started process (PID=2137) to work on /opt/airflow/dags/data_synth.py
[2025-06-15T15:35:04.955+0000] {processor.py:914} INFO - Processing file /opt/airflow/dags/data_synth.py for tasks to queue
[2025-06-15T15:35:05.193+0000] {logging_mixin.py:190} INFO - [2025-06-15T15:35:05.192+0000] {dagbag.py:588} INFO - Filling up the DagBag from /opt/airflow/dags/data_synth.py
[2025-06-15T15:35:14.354+0000] {processor.py:925} INFO - DAG(s) 'data_synth' retrieved from /opt/airflow/dags/data_synth.py
[2025-06-15T15:35:15.643+0000] {logging_mixin.py:190} INFO - [2025-06-15T15:35:15.633+0000] {dag.py:3239} INFO - Sync 1 DAGs
[2025-06-15T15:35:16.862+0000] {logging_mixin.py:190} INFO - [2025-06-15T15:35:16.862+0000] {dag.py:4180} INFO - Setting next_dagrun for data_synth to 2025-06-13 18:30:00+00:00, run_after=2025-06-16 18:30:00+00:00
[2025-06-15T15:35:17.371+0000] {processor.py:208} INFO - Processing /opt/airflow/dags/data_synth.py took 12.545 seconds
