[2025-05-25T05:19:58.998+0000] {local_task_job_runner.py:123} INFO - ::group::Pre task execution logs
[2025-05-25T05:20:01.482+0000] {taskinstance.py:2613} INFO - Dependencies all met for dep_context=non-requeueable deps ti=<TaskInstance: load_file_to_psql.generate_file scheduled__2024-12-28T00:00:00+00:00 [queued]>
[2025-05-25T05:20:02.358+0000] {taskinstance.py:2613} INFO - Dependencies all met for dep_context=requeueable deps ti=<TaskInstance: load_file_to_psql.generate_file scheduled__2024-12-28T00:00:00+00:00 [queued]>
[2025-05-25T05:20:02.373+0000] {taskinstance.py:2866} INFO - Starting attempt 1 of 1
[2025-05-25T05:20:03.746+0000] {taskinstance.py:2889} INFO - Executing <Task(PythonOperator): generate_file> on 2024-12-28 00:00:00+00:00
[2025-05-25T05:20:03.968+0000] {warnings.py:112} WARNING - /home/***/.local/lib/python3.12/site-packages/***/task/task_runner/standard_task_runner.py:70: DeprecationWarning: This process (pid=387) is multi-threaded, use of fork() may lead to deadlocks in the child.
  pid = os.fork()

[2025-05-25T05:20:04.098+0000] {standard_task_runner.py:72} INFO - Started process 428 to run task
[2025-05-25T05:20:04.048+0000] {standard_task_runner.py:104} INFO - Running: ['***', 'tasks', 'run', 'load_file_to_psql', 'generate_file', 'scheduled__2024-12-28T00:00:00+00:00', '--job-id', '28', '--raw', '--subdir', 'DAGS_FOLDER/data_quality.py', '--cfg-path', '/tmp/tmppe3j0uva']
[2025-05-25T05:20:04.154+0000] {standard_task_runner.py:105} INFO - Job 28: Subtask generate_file
[2025-05-25T05:20:29.376+0000] {job.py:229} INFO - Heartbeat recovered after 32.72 seconds
[2025-05-25T05:20:33.438+0000] {task_command.py:467} INFO - Running <TaskInstance: load_file_to_psql.generate_file scheduled__2024-12-28T00:00:00+00:00 [running]> on host b4cf172ed0b9
[2025-05-25T05:20:34.776+0000] {job.py:229} INFO - Heartbeat recovered after 24.71 seconds
[2025-05-25T05:20:38.850+0000] {taskinstance.py:3132} INFO - Exporting env vars: AIRFLOW_CTX_DAG_EMAIL='https://t.me/Shust_DE' AIRFLOW_CTX_DAG_OWNER='@Shust_DE' AIRFLOW_CTX_DAG_ID='load_file_to_psql' AIRFLOW_CTX_TASK_ID='generate_file' AIRFLOW_CTX_EXECUTION_DATE='2024-12-28T00:00:00+00:00' AIRFLOW_CTX_TRY_NUMBER='1' AIRFLOW_CTX_DAG_RUN_ID='scheduled__2024-12-28T00:00:00+00:00'
[2025-05-25T05:20:38.916+0000] {taskinstance.py:731} INFO - ::endgroup::
[2025-05-25T05:20:42.424+0000] {python.py:240} INFO - Done. Returned value was: None
[2025-05-25T05:20:42.865+0000] {taskinstance.py:340} INFO - ::group::Post task execution logs
[2025-05-25T05:20:43.027+0000] {taskinstance.py:352} INFO - Marking task as SUCCESS. dag_id=load_file_to_psql, task_id=generate_file, run_id=scheduled__2024-12-28T00:00:00+00:00, execution_date=20241228T000000, start_date=20250525T052001, end_date=20250525T052043
[2025-05-25T05:20:44.093+0000] {local_task_job_runner.py:266} INFO - Task exited with return code 0
[2025-05-25T05:20:44.108+0000] {standard_task_runner.py:217} INFO - Process not found (most likely exited), stop collecting metrics
[2025-05-25T05:20:44.155+0000] {local_task_job_runner.py:245} INFO - ::endgroup::
