[2025-06-10T15:44:37.946+0000] {processor.py:186} INFO - Started process (PID=85) to work on /opt/airflow/dags/data_synth.py
[2025-06-10T15:44:37.976+0000] {processor.py:914} INFO - Processing file /opt/airflow/dags/data_synth.py for tasks to queue
[2025-06-10T15:44:38.039+0000] {logging_mixin.py:190} INFO - [2025-06-10T15:44:38.024+0000] {dagbag.py:588} INFO - Filling up the DagBag from /opt/airflow/dags/data_synth.py
[2025-06-10T15:44:56.904+0000] {processor.py:925} INFO - DAG(s) 'data_synth' retrieved from /opt/airflow/dags/data_synth.py
[2025-06-10T15:45:01.500+0000] {logging_mixin.py:190} INFO - [2025-06-10T15:45:01.499+0000] {dag.py:3239} INFO - Sync 1 DAGs
[2025-06-10T15:45:02.039+0000] {logging_mixin.py:190} INFO - [2025-06-10T15:45:02.037+0000] {dag.py:4180} INFO - Setting next_dagrun for data_synth to 2025-06-03 18:30:00+00:00, run_after=2025-06-04 18:30:00+00:00
[2025-06-10T15:45:02.998+0000] {processor.py:208} INFO - Processing /opt/airflow/dags/data_synth.py took 25.319 seconds
[2025-06-10T15:45:34.614+0000] {processor.py:186} INFO - Started process (PID=104) to work on /opt/airflow/dags/data_synth.py
[2025-06-10T15:45:34.636+0000] {processor.py:914} INFO - Processing file /opt/airflow/dags/data_synth.py for tasks to queue
[2025-06-10T15:45:34.706+0000] {logging_mixin.py:190} INFO - [2025-06-10T15:45:34.695+0000] {dagbag.py:588} INFO - Filling up the DagBag from /opt/airflow/dags/data_synth.py
[2025-06-10T15:45:40.885+0000] {processor.py:925} INFO - DAG(s) 'data_synth' retrieved from /opt/airflow/dags/data_synth.py
[2025-06-10T15:45:43.053+0000] {logging_mixin.py:190} INFO - [2025-06-10T15:45:43.024+0000] {dag.py:3239} INFO - Sync 1 DAGs
[2025-06-10T15:45:43.444+0000] {logging_mixin.py:190} INFO - [2025-06-10T15:45:43.443+0000] {dag.py:4180} INFO - Setting next_dagrun for data_synth to 2025-06-03 18:30:00+00:00, run_after=2025-06-04 18:30:00+00:00
[2025-06-10T15:45:43.774+0000] {processor.py:208} INFO - Processing /opt/airflow/dags/data_synth.py took 9.212 seconds
[2025-06-10T15:46:16.447+0000] {processor.py:186} INFO - Started process (PID=115) to work on /opt/airflow/dags/data_synth.py
[2025-06-10T15:46:16.508+0000] {processor.py:914} INFO - Processing file /opt/airflow/dags/data_synth.py for tasks to queue
[2025-06-10T15:46:16.671+0000] {logging_mixin.py:190} INFO - [2025-06-10T15:46:16.654+0000] {dagbag.py:588} INFO - Filling up the DagBag from /opt/airflow/dags/data_synth.py
[2025-06-10T15:46:24.511+0000] {processor.py:925} INFO - DAG(s) 'data_synth' retrieved from /opt/airflow/dags/data_synth.py
[2025-06-10T15:46:26.082+0000] {logging_mixin.py:190} INFO - [2025-06-10T15:46:26.081+0000] {dag.py:3239} INFO - Sync 1 DAGs
[2025-06-10T15:46:26.281+0000] {logging_mixin.py:190} INFO - [2025-06-10T15:46:26.280+0000] {dag.py:4180} INFO - Setting next_dagrun for data_synth to 2025-06-03 18:30:00+00:00, run_after=2025-06-04 18:30:00+00:00
[2025-06-10T15:46:26.598+0000] {processor.py:208} INFO - Processing /opt/airflow/dags/data_synth.py took 10.304 seconds
[2025-06-10T15:46:59.640+0000] {processor.py:186} INFO - Started process (PID=132) to work on /opt/airflow/dags/data_synth.py
[2025-06-10T15:46:59.716+0000] {processor.py:914} INFO - Processing file /opt/airflow/dags/data_synth.py for tasks to queue
[2025-06-10T15:46:59.850+0000] {logging_mixin.py:190} INFO - [2025-06-10T15:46:59.849+0000] {dagbag.py:588} INFO - Filling up the DagBag from /opt/airflow/dags/data_synth.py
[2025-06-10T15:47:10.063+0000] {processor.py:925} INFO - DAG(s) 'data_synth' retrieved from /opt/airflow/dags/data_synth.py
[2025-06-10T15:47:12.533+0000] {logging_mixin.py:190} INFO - [2025-06-10T15:47:12.503+0000] {dag.py:3239} INFO - Sync 1 DAGs
[2025-06-10T15:47:12.986+0000] {logging_mixin.py:190} INFO - [2025-06-10T15:47:12.957+0000] {dag.py:4180} INFO - Setting next_dagrun for data_synth to 2025-06-03 18:30:00+00:00, run_after=2025-06-04 18:30:00+00:00
[2025-06-10T15:47:13.488+0000] {processor.py:208} INFO - Processing /opt/airflow/dags/data_synth.py took 14.056 seconds
[2025-06-10T15:47:44.143+0000] {processor.py:186} INFO - Started process (PID=143) to work on /opt/airflow/dags/data_synth.py
[2025-06-10T15:47:44.146+0000] {processor.py:914} INFO - Processing file /opt/airflow/dags/data_synth.py for tasks to queue
[2025-06-10T15:47:44.175+0000] {logging_mixin.py:190} INFO - [2025-06-10T15:47:44.163+0000] {dagbag.py:588} INFO - Filling up the DagBag from /opt/airflow/dags/data_synth.py
[2025-06-10T15:47:49.018+0000] {processor.py:925} INFO - DAG(s) 'data_synth' retrieved from /opt/airflow/dags/data_synth.py
[2025-06-10T15:47:51.300+0000] {logging_mixin.py:190} INFO - [2025-06-10T15:47:51.299+0000] {dag.py:3239} INFO - Sync 1 DAGs
[2025-06-10T15:47:51.888+0000] {logging_mixin.py:190} INFO - [2025-06-10T15:47:51.888+0000] {dag.py:4180} INFO - Setting next_dagrun for data_synth to 2025-06-03 18:30:00+00:00, run_after=2025-06-04 18:30:00+00:00
[2025-06-10T15:47:52.510+0000] {processor.py:208} INFO - Processing /opt/airflow/dags/data_synth.py took 8.456 seconds
[2025-06-10T15:48:23.347+0000] {processor.py:186} INFO - Started process (PID=154) to work on /opt/airflow/dags/data_synth.py
[2025-06-10T15:48:23.350+0000] {processor.py:914} INFO - Processing file /opt/airflow/dags/data_synth.py for tasks to queue
[2025-06-10T15:48:23.358+0000] {logging_mixin.py:190} INFO - [2025-06-10T15:48:23.357+0000] {dagbag.py:588} INFO - Filling up the DagBag from /opt/airflow/dags/data_synth.py
[2025-06-10T15:48:24.679+0000] {processor.py:925} INFO - DAG(s) 'data_synth' retrieved from /opt/airflow/dags/data_synth.py
[2025-06-10T15:48:25.313+0000] {logging_mixin.py:190} INFO - [2025-06-10T15:48:25.312+0000] {dag.py:3239} INFO - Sync 1 DAGs
[2025-06-10T15:48:25.384+0000] {logging_mixin.py:190} INFO - [2025-06-10T15:48:25.383+0000] {dag.py:4180} INFO - Setting next_dagrun for data_synth to 2025-06-03 18:30:00+00:00, run_after=2025-06-04 18:30:00+00:00
[2025-06-10T15:48:25.479+0000] {processor.py:208} INFO - Processing /opt/airflow/dags/data_synth.py took 2.149 seconds
[2025-06-10T15:48:55.776+0000] {processor.py:186} INFO - Started process (PID=166) to work on /opt/airflow/dags/data_synth.py
[2025-06-10T15:48:55.778+0000] {processor.py:914} INFO - Processing file /opt/airflow/dags/data_synth.py for tasks to queue
[2025-06-10T15:48:55.783+0000] {logging_mixin.py:190} INFO - [2025-06-10T15:48:55.783+0000] {dagbag.py:588} INFO - Filling up the DagBag from /opt/airflow/dags/data_synth.py
[2025-06-10T15:48:57.008+0000] {processor.py:925} INFO - DAG(s) 'data_synth' retrieved from /opt/airflow/dags/data_synth.py
[2025-06-10T15:48:57.256+0000] {logging_mixin.py:190} INFO - [2025-06-10T15:48:57.255+0000] {dag.py:3239} INFO - Sync 1 DAGs
[2025-06-10T15:48:57.311+0000] {logging_mixin.py:190} INFO - [2025-06-10T15:48:57.310+0000] {dag.py:4180} INFO - Setting next_dagrun for data_synth to 2025-06-03 18:30:00+00:00, run_after=2025-06-04 18:30:00+00:00
[2025-06-10T15:48:57.371+0000] {processor.py:208} INFO - Processing /opt/airflow/dags/data_synth.py took 1.609 seconds
[2025-06-10T15:49:27.825+0000] {processor.py:186} INFO - Started process (PID=178) to work on /opt/airflow/dags/data_synth.py
[2025-06-10T15:49:27.828+0000] {processor.py:914} INFO - Processing file /opt/airflow/dags/data_synth.py for tasks to queue
[2025-06-10T15:49:27.840+0000] {logging_mixin.py:190} INFO - [2025-06-10T15:49:27.840+0000] {dagbag.py:588} INFO - Filling up the DagBag from /opt/airflow/dags/data_synth.py
[2025-06-10T15:49:28.825+0000] {processor.py:925} INFO - DAG(s) 'data_synth' retrieved from /opt/airflow/dags/data_synth.py
[2025-06-10T15:49:29.143+0000] {logging_mixin.py:190} INFO - [2025-06-10T15:49:29.141+0000] {dag.py:3239} INFO - Sync 1 DAGs
[2025-06-10T15:49:29.231+0000] {logging_mixin.py:190} INFO - [2025-06-10T15:49:29.231+0000] {dag.py:4180} INFO - Setting next_dagrun for data_synth to 2025-06-03 18:30:00+00:00, run_after=2025-06-04 18:30:00+00:00
[2025-06-10T15:49:29.299+0000] {processor.py:208} INFO - Processing /opt/airflow/dags/data_synth.py took 1.497 seconds
[2025-06-10T15:49:59.542+0000] {processor.py:186} INFO - Started process (PID=197) to work on /opt/airflow/dags/data_synth.py
[2025-06-10T15:49:59.544+0000] {processor.py:914} INFO - Processing file /opt/airflow/dags/data_synth.py for tasks to queue
[2025-06-10T15:49:59.551+0000] {logging_mixin.py:190} INFO - [2025-06-10T15:49:59.550+0000] {dagbag.py:588} INFO - Filling up the DagBag from /opt/airflow/dags/data_synth.py
[2025-06-10T15:50:00.514+0000] {processor.py:925} INFO - DAG(s) 'data_synth' retrieved from /opt/airflow/dags/data_synth.py
[2025-06-10T15:50:00.960+0000] {logging_mixin.py:190} INFO - [2025-06-10T15:50:00.959+0000] {dag.py:3239} INFO - Sync 1 DAGs
[2025-06-10T15:50:01.125+0000] {logging_mixin.py:190} INFO - [2025-06-10T15:50:01.125+0000] {dag.py:4180} INFO - Setting next_dagrun for data_synth to 2025-06-03 18:30:00+00:00, run_after=2025-06-04 18:30:00+00:00
[2025-06-10T15:50:01.262+0000] {processor.py:208} INFO - Processing /opt/airflow/dags/data_synth.py took 1.736 seconds
[2025-06-10T15:50:31.866+0000] {processor.py:186} INFO - Started process (PID=208) to work on /opt/airflow/dags/data_synth.py
[2025-06-10T15:50:31.880+0000] {processor.py:914} INFO - Processing file /opt/airflow/dags/data_synth.py for tasks to queue
[2025-06-10T15:50:31.898+0000] {logging_mixin.py:190} INFO - [2025-06-10T15:50:31.897+0000] {dagbag.py:588} INFO - Filling up the DagBag from /opt/airflow/dags/data_synth.py
[2025-06-10T15:50:34.351+0000] {processor.py:925} INFO - DAG(s) 'data_synth' retrieved from /opt/airflow/dags/data_synth.py
[2025-06-10T15:50:35.380+0000] {logging_mixin.py:190} INFO - [2025-06-10T15:50:35.365+0000] {dag.py:3239} INFO - Sync 1 DAGs
[2025-06-10T15:50:35.849+0000] {logging_mixin.py:190} INFO - [2025-06-10T15:50:35.849+0000] {dag.py:4180} INFO - Setting next_dagrun for data_synth to 2025-06-03 18:30:00+00:00, run_after=2025-06-04 18:30:00+00:00
[2025-06-10T15:50:36.149+0000] {processor.py:208} INFO - Processing /opt/airflow/dags/data_synth.py took 4.334 seconds
[2025-06-10T15:51:07.247+0000] {processor.py:186} INFO - Started process (PID=219) to work on /opt/airflow/dags/data_synth.py
[2025-06-10T15:51:07.263+0000] {processor.py:914} INFO - Processing file /opt/airflow/dags/data_synth.py for tasks to queue
[2025-06-10T15:51:07.283+0000] {logging_mixin.py:190} INFO - [2025-06-10T15:51:07.282+0000] {dagbag.py:588} INFO - Filling up the DagBag from /opt/airflow/dags/data_synth.py
[2025-06-10T15:51:08.484+0000] {processor.py:925} INFO - DAG(s) 'data_synth' retrieved from /opt/airflow/dags/data_synth.py
[2025-06-10T15:51:08.875+0000] {logging_mixin.py:190} INFO - [2025-06-10T15:51:08.874+0000] {dag.py:3239} INFO - Sync 1 DAGs
[2025-06-10T15:51:08.950+0000] {logging_mixin.py:190} INFO - [2025-06-10T15:51:08.949+0000] {dag.py:4180} INFO - Setting next_dagrun for data_synth to 2025-06-03 18:30:00+00:00, run_after=2025-06-04 18:30:00+00:00
[2025-06-10T15:51:09.029+0000] {processor.py:208} INFO - Processing /opt/airflow/dags/data_synth.py took 1.857 seconds
[2025-06-10T15:51:39.235+0000] {processor.py:186} INFO - Started process (PID=231) to work on /opt/airflow/dags/data_synth.py
[2025-06-10T15:51:39.249+0000] {processor.py:914} INFO - Processing file /opt/airflow/dags/data_synth.py for tasks to queue
[2025-06-10T15:51:39.271+0000] {logging_mixin.py:190} INFO - [2025-06-10T15:51:39.270+0000] {dagbag.py:588} INFO - Filling up the DagBag from /opt/airflow/dags/data_synth.py
[2025-06-10T15:51:40.294+0000] {processor.py:925} INFO - DAG(s) 'data_synth' retrieved from /opt/airflow/dags/data_synth.py
[2025-06-10T15:51:40.649+0000] {logging_mixin.py:190} INFO - [2025-06-10T15:51:40.647+0000] {dag.py:3239} INFO - Sync 1 DAGs
[2025-06-10T15:51:40.709+0000] {logging_mixin.py:190} INFO - [2025-06-10T15:51:40.709+0000] {dag.py:4180} INFO - Setting next_dagrun for data_synth to 2025-06-03 18:30:00+00:00, run_after=2025-06-04 18:30:00+00:00
[2025-06-10T15:51:40.763+0000] {processor.py:208} INFO - Processing /opt/airflow/dags/data_synth.py took 1.553 seconds
[2025-06-10T15:52:11.452+0000] {processor.py:186} INFO - Started process (PID=242) to work on /opt/airflow/dags/data_synth.py
[2025-06-10T15:52:11.455+0000] {processor.py:914} INFO - Processing file /opt/airflow/dags/data_synth.py for tasks to queue
[2025-06-10T15:52:11.465+0000] {logging_mixin.py:190} INFO - [2025-06-10T15:52:11.464+0000] {dagbag.py:588} INFO - Filling up the DagBag from /opt/airflow/dags/data_synth.py
[2025-06-10T15:52:12.343+0000] {processor.py:925} INFO - DAG(s) 'data_synth' retrieved from /opt/airflow/dags/data_synth.py
[2025-06-10T15:52:12.840+0000] {logging_mixin.py:190} INFO - [2025-06-10T15:52:12.839+0000] {dag.py:3239} INFO - Sync 1 DAGs
[2025-06-10T15:52:12.954+0000] {logging_mixin.py:190} INFO - [2025-06-10T15:52:12.953+0000] {dag.py:4180} INFO - Setting next_dagrun for data_synth to 2025-06-03 18:30:00+00:00, run_after=2025-06-04 18:30:00+00:00
[2025-06-10T15:52:13.008+0000] {processor.py:208} INFO - Processing /opt/airflow/dags/data_synth.py took 1.581 seconds
[2025-06-10T15:52:43.664+0000] {processor.py:186} INFO - Started process (PID=252) to work on /opt/airflow/dags/data_synth.py
[2025-06-10T15:52:43.669+0000] {processor.py:914} INFO - Processing file /opt/airflow/dags/data_synth.py for tasks to queue
[2025-06-10T15:52:43.686+0000] {logging_mixin.py:190} INFO - [2025-06-10T15:52:43.684+0000] {dagbag.py:588} INFO - Filling up the DagBag from /opt/airflow/dags/data_synth.py
[2025-06-10T15:52:44.373+0000] {processor.py:925} INFO - DAG(s) 'data_synth' retrieved from /opt/airflow/dags/data_synth.py
[2025-06-10T15:52:44.661+0000] {logging_mixin.py:190} INFO - [2025-06-10T15:52:44.660+0000] {dag.py:3239} INFO - Sync 1 DAGs
[2025-06-10T15:52:44.704+0000] {logging_mixin.py:190} INFO - [2025-06-10T15:52:44.704+0000] {dag.py:4180} INFO - Setting next_dagrun for data_synth to 2025-06-03 18:30:00+00:00, run_after=2025-06-04 18:30:00+00:00
[2025-06-10T15:52:44.738+0000] {processor.py:208} INFO - Processing /opt/airflow/dags/data_synth.py took 1.111 seconds
[2025-06-10T15:53:14.954+0000] {processor.py:186} INFO - Started process (PID=263) to work on /opt/airflow/dags/data_synth.py
[2025-06-10T15:53:14.959+0000] {processor.py:914} INFO - Processing file /opt/airflow/dags/data_synth.py for tasks to queue
[2025-06-10T15:53:14.967+0000] {logging_mixin.py:190} INFO - [2025-06-10T15:53:14.966+0000] {dagbag.py:588} INFO - Filling up the DagBag from /opt/airflow/dags/data_synth.py
[2025-06-10T15:53:16.263+0000] {processor.py:925} INFO - DAG(s) 'data_synth' retrieved from /opt/airflow/dags/data_synth.py
[2025-06-10T15:53:16.579+0000] {logging_mixin.py:190} INFO - [2025-06-10T15:53:16.577+0000] {dag.py:3239} INFO - Sync 1 DAGs
[2025-06-10T15:53:16.637+0000] {logging_mixin.py:190} INFO - [2025-06-10T15:53:16.637+0000] {dag.py:4180} INFO - Setting next_dagrun for data_synth to 2025-06-03 18:30:00+00:00, run_after=2025-06-04 18:30:00+00:00
[2025-06-10T15:53:16.694+0000] {processor.py:208} INFO - Processing /opt/airflow/dags/data_synth.py took 1.773 seconds
[2025-06-10T15:53:47.466+0000] {processor.py:186} INFO - Started process (PID=274) to work on /opt/airflow/dags/data_synth.py
[2025-06-10T15:53:47.471+0000] {processor.py:914} INFO - Processing file /opt/airflow/dags/data_synth.py for tasks to queue
[2025-06-10T15:53:47.479+0000] {logging_mixin.py:190} INFO - [2025-06-10T15:53:47.477+0000] {dagbag.py:588} INFO - Filling up the DagBag from /opt/airflow/dags/data_synth.py
[2025-06-10T15:53:49.435+0000] {processor.py:925} INFO - DAG(s) 'data_synth' retrieved from /opt/airflow/dags/data_synth.py
[2025-06-10T15:53:50.503+0000] {logging_mixin.py:190} INFO - [2025-06-10T15:53:50.502+0000] {dag.py:3239} INFO - Sync 1 DAGs
[2025-06-10T15:53:51.011+0000] {logging_mixin.py:190} INFO - [2025-06-10T15:53:51.010+0000] {dag.py:4180} INFO - Setting next_dagrun for data_synth to 2025-06-03 18:30:00+00:00, run_after=2025-06-04 18:30:00+00:00
[2025-06-10T15:53:51.482+0000] {processor.py:208} INFO - Processing /opt/airflow/dags/data_synth.py took 4.061 seconds
[2025-06-10T15:54:22.747+0000] {processor.py:186} INFO - Started process (PID=285) to work on /opt/airflow/dags/data_synth.py
[2025-06-10T15:54:22.751+0000] {processor.py:914} INFO - Processing file /opt/airflow/dags/data_synth.py for tasks to queue
[2025-06-10T15:54:22.762+0000] {logging_mixin.py:190} INFO - [2025-06-10T15:54:22.760+0000] {dagbag.py:588} INFO - Filling up the DagBag from /opt/airflow/dags/data_synth.py
[2025-06-10T15:54:23.608+0000] {processor.py:925} INFO - DAG(s) 'data_synth' retrieved from /opt/airflow/dags/data_synth.py
[2025-06-10T15:54:23.891+0000] {logging_mixin.py:190} INFO - [2025-06-10T15:54:23.890+0000] {dag.py:3239} INFO - Sync 1 DAGs
[2025-06-10T15:54:23.931+0000] {logging_mixin.py:190} INFO - [2025-06-10T15:54:23.930+0000] {dag.py:4180} INFO - Setting next_dagrun for data_synth to 2025-06-03 18:30:00+00:00, run_after=2025-06-04 18:30:00+00:00
[2025-06-10T15:54:24.007+0000] {processor.py:208} INFO - Processing /opt/airflow/dags/data_synth.py took 1.287 seconds
[2025-06-10T15:54:54.627+0000] {processor.py:186} INFO - Started process (PID=295) to work on /opt/airflow/dags/data_synth.py
[2025-06-10T15:54:54.630+0000] {processor.py:914} INFO - Processing file /opt/airflow/dags/data_synth.py for tasks to queue
[2025-06-10T15:54:54.637+0000] {logging_mixin.py:190} INFO - [2025-06-10T15:54:54.635+0000] {dagbag.py:588} INFO - Filling up the DagBag from /opt/airflow/dags/data_synth.py
[2025-06-10T15:54:55.812+0000] {processor.py:925} INFO - DAG(s) 'data_synth' retrieved from /opt/airflow/dags/data_synth.py
[2025-06-10T15:54:56.108+0000] {logging_mixin.py:190} INFO - [2025-06-10T15:54:56.107+0000] {dag.py:3239} INFO - Sync 1 DAGs
[2025-06-10T15:54:56.152+0000] {logging_mixin.py:190} INFO - [2025-06-10T15:54:56.151+0000] {dag.py:4180} INFO - Setting next_dagrun for data_synth to 2025-06-03 18:30:00+00:00, run_after=2025-06-04 18:30:00+00:00
[2025-06-10T15:54:56.206+0000] {processor.py:208} INFO - Processing /opt/airflow/dags/data_synth.py took 1.602 seconds
[2025-06-10T15:55:27.326+0000] {processor.py:186} INFO - Started process (PID=307) to work on /opt/airflow/dags/data_synth.py
[2025-06-10T15:55:27.330+0000] {processor.py:914} INFO - Processing file /opt/airflow/dags/data_synth.py for tasks to queue
[2025-06-10T15:55:27.345+0000] {logging_mixin.py:190} INFO - [2025-06-10T15:55:27.344+0000] {dagbag.py:588} INFO - Filling up the DagBag from /opt/airflow/dags/data_synth.py
[2025-06-10T15:55:28.439+0000] {processor.py:925} INFO - DAG(s) 'data_synth' retrieved from /opt/airflow/dags/data_synth.py
[2025-06-10T15:55:28.779+0000] {logging_mixin.py:190} INFO - [2025-06-10T15:55:28.778+0000] {dag.py:3239} INFO - Sync 1 DAGs
[2025-06-10T15:55:28.832+0000] {logging_mixin.py:190} INFO - [2025-06-10T15:55:28.831+0000] {dag.py:4180} INFO - Setting next_dagrun for data_synth to 2025-06-03 18:30:00+00:00, run_after=2025-06-04 18:30:00+00:00
[2025-06-10T15:55:28.881+0000] {processor.py:208} INFO - Processing /opt/airflow/dags/data_synth.py took 1.580 seconds
[2025-06-10T15:55:59.414+0000] {processor.py:186} INFO - Started process (PID=318) to work on /opt/airflow/dags/data_synth.py
[2025-06-10T15:55:59.418+0000] {processor.py:914} INFO - Processing file /opt/airflow/dags/data_synth.py for tasks to queue
[2025-06-10T15:55:59.429+0000] {logging_mixin.py:190} INFO - [2025-06-10T15:55:59.428+0000] {dagbag.py:588} INFO - Filling up the DagBag from /opt/airflow/dags/data_synth.py
[2025-06-10T15:56:00.880+0000] {processor.py:925} INFO - DAG(s) 'data_synth' retrieved from /opt/airflow/dags/data_synth.py
[2025-06-10T15:56:01.599+0000] {logging_mixin.py:190} INFO - [2025-06-10T15:56:01.598+0000] {dag.py:3239} INFO - Sync 1 DAGs
[2025-06-10T15:56:01.677+0000] {logging_mixin.py:190} INFO - [2025-06-10T15:56:01.676+0000] {dag.py:4180} INFO - Setting next_dagrun for data_synth to 2025-06-03 18:30:00+00:00, run_after=2025-06-04 18:30:00+00:00
[2025-06-10T15:56:01.746+0000] {processor.py:208} INFO - Processing /opt/airflow/dags/data_synth.py took 2.362 seconds
[2025-06-10T15:56:32.183+0000] {processor.py:186} INFO - Started process (PID=337) to work on /opt/airflow/dags/data_synth.py
[2025-06-10T15:56:32.186+0000] {processor.py:914} INFO - Processing file /opt/airflow/dags/data_synth.py for tasks to queue
[2025-06-10T15:56:32.195+0000] {logging_mixin.py:190} INFO - [2025-06-10T15:56:32.194+0000] {dagbag.py:588} INFO - Filling up the DagBag from /opt/airflow/dags/data_synth.py
[2025-06-10T15:56:33.217+0000] {processor.py:925} INFO - DAG(s) 'data_synth' retrieved from /opt/airflow/dags/data_synth.py
[2025-06-10T15:56:34.114+0000] {logging_mixin.py:190} INFO - [2025-06-10T15:56:34.113+0000] {dag.py:3239} INFO - Sync 1 DAGs
[2025-06-10T15:56:34.350+0000] {logging_mixin.py:190} INFO - [2025-06-10T15:56:34.350+0000] {dag.py:4180} INFO - Setting next_dagrun for data_synth to 2025-06-03 18:30:00+00:00, run_after=2025-06-04 18:30:00+00:00
[2025-06-10T15:56:34.572+0000] {processor.py:208} INFO - Processing /opt/airflow/dags/data_synth.py took 2.410 seconds
[2025-06-10T15:57:06.127+0000] {processor.py:186} INFO - Started process (PID=349) to work on /opt/airflow/dags/data_synth.py
[2025-06-10T15:57:06.148+0000] {processor.py:914} INFO - Processing file /opt/airflow/dags/data_synth.py for tasks to queue
[2025-06-10T15:57:06.208+0000] {logging_mixin.py:190} INFO - [2025-06-10T15:57:06.194+0000] {dagbag.py:588} INFO - Filling up the DagBag from /opt/airflow/dags/data_synth.py
[2025-06-10T15:57:08.075+0000] {processor.py:925} INFO - DAG(s) 'data_synth' retrieved from /opt/airflow/dags/data_synth.py
[2025-06-10T15:57:08.403+0000] {logging_mixin.py:190} INFO - [2025-06-10T15:57:08.401+0000] {dag.py:3239} INFO - Sync 1 DAGs
[2025-06-10T15:57:08.496+0000] {logging_mixin.py:190} INFO - [2025-06-10T15:57:08.489+0000] {dag.py:4180} INFO - Setting next_dagrun for data_synth to 2025-06-03 18:30:00+00:00, run_after=2025-06-04 18:30:00+00:00
[2025-06-10T15:57:08.558+0000] {processor.py:208} INFO - Processing /opt/airflow/dags/data_synth.py took 2.508 seconds
[2025-06-10T15:57:39.010+0000] {processor.py:186} INFO - Started process (PID=361) to work on /opt/airflow/dags/data_synth.py
[2025-06-10T15:57:39.016+0000] {processor.py:914} INFO - Processing file /opt/airflow/dags/data_synth.py for tasks to queue
[2025-06-10T15:57:39.024+0000] {logging_mixin.py:190} INFO - [2025-06-10T15:57:39.023+0000] {dagbag.py:588} INFO - Filling up the DagBag from /opt/airflow/dags/data_synth.py
[2025-06-10T15:57:39.935+0000] {processor.py:925} INFO - DAG(s) 'data_synth' retrieved from /opt/airflow/dags/data_synth.py
[2025-06-10T15:57:40.246+0000] {logging_mixin.py:190} INFO - [2025-06-10T15:57:40.245+0000] {dag.py:3239} INFO - Sync 1 DAGs
[2025-06-10T15:57:40.295+0000] {logging_mixin.py:190} INFO - [2025-06-10T15:57:40.294+0000] {dag.py:4180} INFO - Setting next_dagrun for data_synth to 2025-06-03 18:30:00+00:00, run_after=2025-06-04 18:30:00+00:00
[2025-06-10T15:57:40.369+0000] {processor.py:208} INFO - Processing /opt/airflow/dags/data_synth.py took 1.383 seconds
[2025-06-10T15:58:11.148+0000] {processor.py:186} INFO - Started process (PID=382) to work on /opt/airflow/dags/data_synth.py
[2025-06-10T15:58:11.165+0000] {processor.py:914} INFO - Processing file /opt/airflow/dags/data_synth.py for tasks to queue
[2025-06-10T15:58:11.220+0000] {logging_mixin.py:190} INFO - [2025-06-10T15:58:11.219+0000] {dagbag.py:588} INFO - Filling up the DagBag from /opt/airflow/dags/data_synth.py
[2025-06-10T15:58:13.934+0000] {processor.py:925} INFO - DAG(s) 'data_synth' retrieved from /opt/airflow/dags/data_synth.py
[2025-06-10T15:58:14.452+0000] {logging_mixin.py:190} INFO - [2025-06-10T15:58:14.451+0000] {dag.py:3239} INFO - Sync 1 DAGs
[2025-06-10T15:58:14.538+0000] {logging_mixin.py:190} INFO - [2025-06-10T15:58:14.537+0000] {dag.py:4180} INFO - Setting next_dagrun for data_synth to 2025-06-09 18:30:00+00:00, run_after=2025-06-10 18:30:00+00:00
[2025-06-10T15:58:14.586+0000] {processor.py:208} INFO - Processing /opt/airflow/dags/data_synth.py took 3.547 seconds
[2025-06-10T15:58:45.639+0000] {processor.py:186} INFO - Started process (PID=393) to work on /opt/airflow/dags/data_synth.py
[2025-06-10T15:58:45.643+0000] {processor.py:914} INFO - Processing file /opt/airflow/dags/data_synth.py for tasks to queue
[2025-06-10T15:58:45.662+0000] {logging_mixin.py:190} INFO - [2025-06-10T15:58:45.661+0000] {dagbag.py:588} INFO - Filling up the DagBag from /opt/airflow/dags/data_synth.py
[2025-06-10T15:58:47.363+0000] {processor.py:925} INFO - DAG(s) 'data_synth' retrieved from /opt/airflow/dags/data_synth.py
[2025-06-10T15:58:47.779+0000] {logging_mixin.py:190} INFO - [2025-06-10T15:58:47.778+0000] {dag.py:3239} INFO - Sync 1 DAGs
[2025-06-10T15:58:47.844+0000] {logging_mixin.py:190} INFO - [2025-06-10T15:58:47.843+0000] {dag.py:4180} INFO - Setting next_dagrun for data_synth to 2025-06-09 18:30:00+00:00, run_after=2025-06-10 18:30:00+00:00
[2025-06-10T15:58:47.900+0000] {processor.py:208} INFO - Processing /opt/airflow/dags/data_synth.py took 2.320 seconds
[2025-06-10T15:59:18.683+0000] {processor.py:186} INFO - Started process (PID=404) to work on /opt/airflow/dags/data_synth.py
[2025-06-10T15:59:18.686+0000] {processor.py:914} INFO - Processing file /opt/airflow/dags/data_synth.py for tasks to queue
[2025-06-10T15:59:18.694+0000] {logging_mixin.py:190} INFO - [2025-06-10T15:59:18.693+0000] {dagbag.py:588} INFO - Filling up the DagBag from /opt/airflow/dags/data_synth.py
[2025-06-10T15:59:19.422+0000] {processor.py:925} INFO - DAG(s) 'data_synth' retrieved from /opt/airflow/dags/data_synth.py
[2025-06-10T15:59:19.752+0000] {logging_mixin.py:190} INFO - [2025-06-10T15:59:19.751+0000] {dag.py:3239} INFO - Sync 1 DAGs
[2025-06-10T15:59:19.836+0000] {logging_mixin.py:190} INFO - [2025-06-10T15:59:19.835+0000] {dag.py:4180} INFO - Setting next_dagrun for data_synth to 2025-06-09 18:30:00+00:00, run_after=2025-06-10 18:30:00+00:00
[2025-06-10T15:59:19.977+0000] {processor.py:208} INFO - Processing /opt/airflow/dags/data_synth.py took 1.311 seconds
[2025-06-10T15:59:50.370+0000] {processor.py:186} INFO - Started process (PID=416) to work on /opt/airflow/dags/data_synth.py
[2025-06-10T15:59:50.373+0000] {processor.py:914} INFO - Processing file /opt/airflow/dags/data_synth.py for tasks to queue
[2025-06-10T15:59:50.386+0000] {logging_mixin.py:190} INFO - [2025-06-10T15:59:50.385+0000] {dagbag.py:588} INFO - Filling up the DagBag from /opt/airflow/dags/data_synth.py
[2025-06-10T15:59:52.106+0000] {processor.py:925} INFO - DAG(s) 'data_synth' retrieved from /opt/airflow/dags/data_synth.py
[2025-06-10T15:59:52.638+0000] {logging_mixin.py:190} INFO - [2025-06-10T15:59:52.636+0000] {dag.py:3239} INFO - Sync 1 DAGs
[2025-06-10T15:59:52.739+0000] {logging_mixin.py:190} INFO - [2025-06-10T15:59:52.739+0000] {dag.py:4180} INFO - Setting next_dagrun for data_synth to 2025-06-09 18:30:00+00:00, run_after=2025-06-10 18:30:00+00:00
[2025-06-10T15:59:52.800+0000] {processor.py:208} INFO - Processing /opt/airflow/dags/data_synth.py took 2.462 seconds
[2025-06-10T16:00:23.147+0000] {processor.py:186} INFO - Started process (PID=427) to work on /opt/airflow/dags/data_synth.py
[2025-06-10T16:00:23.153+0000] {processor.py:914} INFO - Processing file /opt/airflow/dags/data_synth.py for tasks to queue
[2025-06-10T16:00:23.162+0000] {logging_mixin.py:190} INFO - [2025-06-10T16:00:23.160+0000] {dagbag.py:588} INFO - Filling up the DagBag from /opt/airflow/dags/data_synth.py
[2025-06-10T16:00:24.642+0000] {processor.py:925} INFO - DAG(s) 'data_synth' retrieved from /opt/airflow/dags/data_synth.py
[2025-06-10T16:00:24.964+0000] {logging_mixin.py:190} INFO - [2025-06-10T16:00:24.963+0000] {dag.py:3239} INFO - Sync 1 DAGs
[2025-06-10T16:00:25.016+0000] {logging_mixin.py:190} INFO - [2025-06-10T16:00:25.015+0000] {dag.py:4180} INFO - Setting next_dagrun for data_synth to 2025-06-09 18:30:00+00:00, run_after=2025-06-10 18:30:00+00:00
[2025-06-10T16:00:25.078+0000] {processor.py:208} INFO - Processing /opt/airflow/dags/data_synth.py took 1.973 seconds
[2025-06-10T16:00:55.589+0000] {processor.py:186} INFO - Started process (PID=438) to work on /opt/airflow/dags/data_synth.py
[2025-06-10T16:00:55.593+0000] {processor.py:914} INFO - Processing file /opt/airflow/dags/data_synth.py for tasks to queue
[2025-06-10T16:00:55.606+0000] {logging_mixin.py:190} INFO - [2025-06-10T16:00:55.600+0000] {dagbag.py:588} INFO - Filling up the DagBag from /opt/airflow/dags/data_synth.py
[2025-06-10T16:00:56.743+0000] {processor.py:925} INFO - DAG(s) 'data_synth' retrieved from /opt/airflow/dags/data_synth.py
[2025-06-10T16:00:57.076+0000] {logging_mixin.py:190} INFO - [2025-06-10T16:00:57.075+0000] {dag.py:3239} INFO - Sync 1 DAGs
[2025-06-10T16:00:57.128+0000] {logging_mixin.py:190} INFO - [2025-06-10T16:00:57.127+0000] {dag.py:4180} INFO - Setting next_dagrun for data_synth to 2025-06-09 18:30:00+00:00, run_after=2025-06-10 18:30:00+00:00
[2025-06-10T16:00:57.190+0000] {processor.py:208} INFO - Processing /opt/airflow/dags/data_synth.py took 1.624 seconds
[2025-06-10T16:01:27.482+0000] {processor.py:186} INFO - Started process (PID=449) to work on /opt/airflow/dags/data_synth.py
[2025-06-10T16:01:27.485+0000] {processor.py:914} INFO - Processing file /opt/airflow/dags/data_synth.py for tasks to queue
[2025-06-10T16:01:27.493+0000] {logging_mixin.py:190} INFO - [2025-06-10T16:01:27.492+0000] {dagbag.py:588} INFO - Filling up the DagBag from /opt/airflow/dags/data_synth.py
[2025-06-10T16:01:28.593+0000] {processor.py:925} INFO - DAG(s) 'data_synth' retrieved from /opt/airflow/dags/data_synth.py
[2025-06-10T16:01:28.982+0000] {logging_mixin.py:190} INFO - [2025-06-10T16:01:28.981+0000] {dag.py:3239} INFO - Sync 1 DAGs
[2025-06-10T16:01:29.049+0000] {logging_mixin.py:190} INFO - [2025-06-10T16:01:29.049+0000] {dag.py:4180} INFO - Setting next_dagrun for data_synth to 2025-06-09 18:30:00+00:00, run_after=2025-06-10 18:30:00+00:00
[2025-06-10T16:01:29.115+0000] {processor.py:208} INFO - Processing /opt/airflow/dags/data_synth.py took 1.664 seconds
[2025-06-10T18:44:22.642+0000] {processor.py:186} INFO - Started process (PID=472) to work on /opt/airflow/dags/data_synth.py
[2025-06-10T18:44:22.690+0000] {processor.py:914} INFO - Processing file /opt/airflow/dags/data_synth.py for tasks to queue
[2025-06-10T18:44:22.726+0000] {logging_mixin.py:190} INFO - [2025-06-10T18:44:22.725+0000] {dagbag.py:588} INFO - Filling up the DagBag from /opt/airflow/dags/data_synth.py
[2025-06-10T18:44:40.634+0000] {processor.py:925} INFO - DAG(s) 'data_synth' retrieved from /opt/airflow/dags/data_synth.py
[2025-06-10T18:44:43.577+0000] {logging_mixin.py:190} INFO - [2025-06-10T18:44:43.576+0000] {dag.py:3239} INFO - Sync 1 DAGs
[2025-06-10T18:44:44.219+0000] {logging_mixin.py:190} INFO - [2025-06-10T18:44:44.173+0000] {dag.py:4180} INFO - Setting next_dagrun for data_synth to 2025-06-10 18:30:00+00:00, run_after=2025-06-11 18:30:00+00:00
[2025-06-10T18:44:44.804+0000] {processor.py:208} INFO - Processing /opt/airflow/dags/data_synth.py took 17.090 seconds
[2025-06-10T18:48:44.446+0000] {processor.py:186} INFO - Started process (PID=91) to work on /opt/airflow/dags/data_synth.py
[2025-06-10T18:48:44.451+0000] {processor.py:914} INFO - Processing file /opt/airflow/dags/data_synth.py for tasks to queue
[2025-06-10T18:48:44.461+0000] {logging_mixin.py:190} INFO - [2025-06-10T18:48:44.460+0000] {dagbag.py:588} INFO - Filling up the DagBag from /opt/airflow/dags/data_synth.py
[2025-06-10T18:48:52.400+0000] {processor.py:925} INFO - DAG(s) 'data_synth' retrieved from /opt/airflow/dags/data_synth.py
[2025-06-10T18:48:53.187+0000] {logging_mixin.py:190} INFO - [2025-06-10T18:48:53.161+0000] {dag.py:3239} INFO - Sync 1 DAGs
[2025-06-10T18:48:53.308+0000] {logging_mixin.py:190} INFO - [2025-06-10T18:48:53.308+0000] {dag.py:4180} INFO - Setting next_dagrun for data_synth to 2025-06-10 18:30:00+00:00, run_after=2025-06-11 18:30:00+00:00
[2025-06-10T18:48:53.411+0000] {processor.py:208} INFO - Processing /opt/airflow/dags/data_synth.py took 9.044 seconds
[2025-06-10T18:49:25.866+0000] {processor.py:186} INFO - Started process (PID=101) to work on /opt/airflow/dags/data_synth.py
[2025-06-10T18:49:25.916+0000] {processor.py:914} INFO - Processing file /opt/airflow/dags/data_synth.py for tasks to queue
[2025-06-10T18:49:26.053+0000] {logging_mixin.py:190} INFO - [2025-06-10T18:49:26.052+0000] {dagbag.py:588} INFO - Filling up the DagBag from /opt/airflow/dags/data_synth.py
[2025-06-10T18:49:42.549+0000] {processor.py:925} INFO - DAG(s) 'data_synth' retrieved from /opt/airflow/dags/data_synth.py
[2025-06-10T18:49:44.068+0000] {logging_mixin.py:190} INFO - [2025-06-10T18:49:44.055+0000] {dag.py:3239} INFO - Sync 1 DAGs
[2025-06-10T18:49:44.642+0000] {logging_mixin.py:190} INFO - [2025-06-10T18:49:44.613+0000] {dag.py:4180} INFO - Setting next_dagrun for data_synth to 2025-06-10 18:30:00+00:00, run_after=2025-06-11 18:30:00+00:00
[2025-06-10T18:49:45.590+0000] {processor.py:208} INFO - Processing /opt/airflow/dags/data_synth.py took 20.843 seconds
[2025-06-10T18:50:17.451+0000] {processor.py:186} INFO - Started process (PID=119) to work on /opt/airflow/dags/data_synth.py
[2025-06-10T18:50:17.516+0000] {processor.py:914} INFO - Processing file /opt/airflow/dags/data_synth.py for tasks to queue
[2025-06-10T18:50:17.638+0000] {logging_mixin.py:190} INFO - [2025-06-10T18:50:17.610+0000] {dagbag.py:588} INFO - Filling up the DagBag from /opt/airflow/dags/data_synth.py
[2025-06-10T18:50:28.989+0000] {processor.py:925} INFO - DAG(s) 'data_synth' retrieved from /opt/airflow/dags/data_synth.py
[2025-06-10T18:50:30.847+0000] {logging_mixin.py:190} INFO - [2025-06-10T18:50:30.815+0000] {dag.py:3239} INFO - Sync 1 DAGs
[2025-06-10T18:50:31.203+0000] {logging_mixin.py:190} INFO - [2025-06-10T18:50:31.202+0000] {dag.py:4180} INFO - Setting next_dagrun for data_synth to 2025-06-10 18:30:00+00:00, run_after=2025-06-11 18:30:00+00:00
[2025-06-10T18:50:31.522+0000] {processor.py:208} INFO - Processing /opt/airflow/dags/data_synth.py took 14.222 seconds
[2025-06-10T18:51:02.394+0000] {processor.py:186} INFO - Started process (PID=130) to work on /opt/airflow/dags/data_synth.py
[2025-06-10T18:51:02.397+0000] {processor.py:914} INFO - Processing file /opt/airflow/dags/data_synth.py for tasks to queue
[2025-06-10T18:51:02.405+0000] {logging_mixin.py:190} INFO - [2025-06-10T18:51:02.404+0000] {dagbag.py:588} INFO - Filling up the DagBag from /opt/airflow/dags/data_synth.py
[2025-06-10T18:51:03.294+0000] {processor.py:925} INFO - DAG(s) 'data_synth' retrieved from /opt/airflow/dags/data_synth.py
[2025-06-10T18:51:03.494+0000] {logging_mixin.py:190} INFO - [2025-06-10T18:51:03.493+0000] {dag.py:3239} INFO - Sync 1 DAGs
[2025-06-10T18:51:03.535+0000] {logging_mixin.py:190} INFO - [2025-06-10T18:51:03.534+0000] {dag.py:4180} INFO - Setting next_dagrun for data_synth to 2025-06-10 18:30:00+00:00, run_after=2025-06-11 18:30:00+00:00
[2025-06-10T18:51:03.689+0000] {processor.py:208} INFO - Processing /opt/airflow/dags/data_synth.py took 1.202 seconds
[2025-06-10T18:51:34.308+0000] {processor.py:186} INFO - Started process (PID=148) to work on /opt/airflow/dags/data_synth.py
[2025-06-10T18:51:34.321+0000] {processor.py:914} INFO - Processing file /opt/airflow/dags/data_synth.py for tasks to queue
[2025-06-10T18:51:34.339+0000] {logging_mixin.py:190} INFO - [2025-06-10T18:51:34.338+0000] {dagbag.py:588} INFO - Filling up the DagBag from /opt/airflow/dags/data_synth.py
[2025-06-10T18:51:35.437+0000] {processor.py:925} INFO - DAG(s) 'data_synth' retrieved from /opt/airflow/dags/data_synth.py
[2025-06-10T18:51:35.644+0000] {logging_mixin.py:190} INFO - [2025-06-10T18:51:35.644+0000] {dag.py:3239} INFO - Sync 1 DAGs
[2025-06-10T18:51:35.686+0000] {logging_mixin.py:190} INFO - [2025-06-10T18:51:35.686+0000] {dag.py:4180} INFO - Setting next_dagrun for data_synth to 2025-06-10 18:30:00+00:00, run_after=2025-06-11 18:30:00+00:00
[2025-06-10T18:51:35.724+0000] {processor.py:208} INFO - Processing /opt/airflow/dags/data_synth.py took 1.439 seconds
[2025-06-10T18:52:06.655+0000] {processor.py:186} INFO - Started process (PID=159) to work on /opt/airflow/dags/data_synth.py
[2025-06-10T18:52:06.673+0000] {processor.py:914} INFO - Processing file /opt/airflow/dags/data_synth.py for tasks to queue
[2025-06-10T18:52:06.689+0000] {logging_mixin.py:190} INFO - [2025-06-10T18:52:06.687+0000] {dagbag.py:588} INFO - Filling up the DagBag from /opt/airflow/dags/data_synth.py
[2025-06-10T18:52:08.052+0000] {processor.py:925} INFO - DAG(s) 'data_synth' retrieved from /opt/airflow/dags/data_synth.py
[2025-06-10T18:52:08.388+0000] {logging_mixin.py:190} INFO - [2025-06-10T18:52:08.387+0000] {dag.py:3239} INFO - Sync 1 DAGs
[2025-06-10T18:52:08.449+0000] {logging_mixin.py:190} INFO - [2025-06-10T18:52:08.448+0000] {dag.py:4180} INFO - Setting next_dagrun for data_synth to 2025-06-10 18:30:00+00:00, run_after=2025-06-11 18:30:00+00:00
[2025-06-10T18:52:08.512+0000] {processor.py:208} INFO - Processing /opt/airflow/dags/data_synth.py took 1.901 seconds
[2025-06-10T18:52:39.363+0000] {processor.py:186} INFO - Started process (PID=170) to work on /opt/airflow/dags/data_synth.py
[2025-06-10T18:52:39.366+0000] {processor.py:914} INFO - Processing file /opt/airflow/dags/data_synth.py for tasks to queue
[2025-06-10T18:52:39.373+0000] {logging_mixin.py:190} INFO - [2025-06-10T18:52:39.372+0000] {dagbag.py:588} INFO - Filling up the DagBag from /opt/airflow/dags/data_synth.py
[2025-06-10T18:52:41.258+0000] {processor.py:925} INFO - DAG(s) 'data_synth' retrieved from /opt/airflow/dags/data_synth.py
[2025-06-10T18:52:42.059+0000] {logging_mixin.py:190} INFO - [2025-06-10T18:52:42.046+0000] {dag.py:3239} INFO - Sync 1 DAGs
[2025-06-10T18:52:42.255+0000] {logging_mixin.py:190} INFO - [2025-06-10T18:52:42.255+0000] {dag.py:4180} INFO - Setting next_dagrun for data_synth to 2025-06-10 18:30:00+00:00, run_after=2025-06-11 18:30:00+00:00
[2025-06-10T18:52:42.496+0000] {processor.py:208} INFO - Processing /opt/airflow/dags/data_synth.py took 3.156 seconds
[2025-06-10T18:53:13.619+0000] {processor.py:186} INFO - Started process (PID=181) to work on /opt/airflow/dags/data_synth.py
[2025-06-10T18:53:13.622+0000] {processor.py:914} INFO - Processing file /opt/airflow/dags/data_synth.py for tasks to queue
[2025-06-10T18:53:13.628+0000] {logging_mixin.py:190} INFO - [2025-06-10T18:53:13.628+0000] {dagbag.py:588} INFO - Filling up the DagBag from /opt/airflow/dags/data_synth.py
[2025-06-10T18:53:14.720+0000] {processor.py:925} INFO - DAG(s) 'data_synth' retrieved from /opt/airflow/dags/data_synth.py
[2025-06-10T18:53:15.190+0000] {logging_mixin.py:190} INFO - [2025-06-10T18:53:15.189+0000] {dag.py:3239} INFO - Sync 1 DAGs
[2025-06-10T18:53:15.271+0000] {logging_mixin.py:190} INFO - [2025-06-10T18:53:15.269+0000] {dag.py:4180} INFO - Setting next_dagrun for data_synth to 2025-06-10 18:30:00+00:00, run_after=2025-06-11 18:30:00+00:00
[2025-06-10T18:53:15.384+0000] {processor.py:208} INFO - Processing /opt/airflow/dags/data_synth.py took 1.782 seconds
[2025-06-10T18:53:46.078+0000] {processor.py:186} INFO - Started process (PID=192) to work on /opt/airflow/dags/data_synth.py
[2025-06-10T18:53:46.093+0000] {processor.py:914} INFO - Processing file /opt/airflow/dags/data_synth.py for tasks to queue
[2025-06-10T18:53:46.105+0000] {logging_mixin.py:190} INFO - [2025-06-10T18:53:46.104+0000] {dagbag.py:588} INFO - Filling up the DagBag from /opt/airflow/dags/data_synth.py
[2025-06-10T18:53:48.871+0000] {processor.py:925} INFO - DAG(s) 'data_synth' retrieved from /opt/airflow/dags/data_synth.py
[2025-06-10T18:53:49.876+0000] {logging_mixin.py:190} INFO - [2025-06-10T18:53:49.875+0000] {dag.py:3239} INFO - Sync 1 DAGs
[2025-06-10T18:53:49.971+0000] {logging_mixin.py:190} INFO - [2025-06-10T18:53:49.965+0000] {dag.py:4180} INFO - Setting next_dagrun for data_synth to 2025-06-10 18:30:00+00:00, run_after=2025-06-11 18:30:00+00:00
[2025-06-10T18:53:50.095+0000] {processor.py:208} INFO - Processing /opt/airflow/dags/data_synth.py took 4.070 seconds
[2025-06-10T18:54:20.476+0000] {processor.py:186} INFO - Started process (PID=203) to work on /opt/airflow/dags/data_synth.py
[2025-06-10T18:54:20.480+0000] {processor.py:914} INFO - Processing file /opt/airflow/dags/data_synth.py for tasks to queue
[2025-06-10T18:54:20.491+0000] {logging_mixin.py:190} INFO - [2025-06-10T18:54:20.489+0000] {dagbag.py:588} INFO - Filling up the DagBag from /opt/airflow/dags/data_synth.py
[2025-06-10T18:54:21.916+0000] {processor.py:925} INFO - DAG(s) 'data_synth' retrieved from /opt/airflow/dags/data_synth.py
[2025-06-10T18:54:22.378+0000] {logging_mixin.py:190} INFO - [2025-06-10T18:54:22.377+0000] {dag.py:3239} INFO - Sync 1 DAGs
[2025-06-10T18:54:22.475+0000] {logging_mixin.py:190} INFO - [2025-06-10T18:54:22.474+0000] {dag.py:4180} INFO - Setting next_dagrun for data_synth to 2025-06-10 18:30:00+00:00, run_after=2025-06-11 18:30:00+00:00
[2025-06-10T18:54:22.540+0000] {processor.py:208} INFO - Processing /opt/airflow/dags/data_synth.py took 2.089 seconds
[2025-06-10T18:54:53.561+0000] {processor.py:186} INFO - Started process (PID=216) to work on /opt/airflow/dags/data_synth.py
[2025-06-10T18:54:53.569+0000] {processor.py:914} INFO - Processing file /opt/airflow/dags/data_synth.py for tasks to queue
[2025-06-10T18:54:53.592+0000] {logging_mixin.py:190} INFO - [2025-06-10T18:54:53.591+0000] {dagbag.py:588} INFO - Filling up the DagBag from /opt/airflow/dags/data_synth.py
[2025-06-10T18:54:54.360+0000] {processor.py:925} INFO - DAG(s) 'data_synth' retrieved from /opt/airflow/dags/data_synth.py
[2025-06-10T18:54:54.626+0000] {logging_mixin.py:190} INFO - [2025-06-10T18:54:54.625+0000] {dag.py:3239} INFO - Sync 1 DAGs
[2025-06-10T18:54:54.684+0000] {logging_mixin.py:190} INFO - [2025-06-10T18:54:54.683+0000] {dag.py:4180} INFO - Setting next_dagrun for data_synth to 2025-06-10 18:30:00+00:00, run_after=2025-06-11 18:30:00+00:00
[2025-06-10T18:54:54.729+0000] {processor.py:208} INFO - Processing /opt/airflow/dags/data_synth.py took 1.189 seconds
[2025-06-10T18:55:25.115+0000] {processor.py:186} INFO - Started process (PID=227) to work on /opt/airflow/dags/data_synth.py
[2025-06-10T18:55:25.118+0000] {processor.py:914} INFO - Processing file /opt/airflow/dags/data_synth.py for tasks to queue
[2025-06-10T18:55:25.126+0000] {logging_mixin.py:190} INFO - [2025-06-10T18:55:25.125+0000] {dagbag.py:588} INFO - Filling up the DagBag from /opt/airflow/dags/data_synth.py
[2025-06-10T18:55:26.111+0000] {processor.py:925} INFO - DAG(s) 'data_synth' retrieved from /opt/airflow/dags/data_synth.py
[2025-06-10T18:55:26.609+0000] {logging_mixin.py:190} INFO - [2025-06-10T18:55:26.608+0000] {dag.py:3239} INFO - Sync 1 DAGs
[2025-06-10T18:55:26.700+0000] {logging_mixin.py:190} INFO - [2025-06-10T18:55:26.699+0000] {dag.py:4180} INFO - Setting next_dagrun for data_synth to 2025-06-10 18:30:00+00:00, run_after=2025-06-11 18:30:00+00:00
[2025-06-10T18:55:26.751+0000] {processor.py:208} INFO - Processing /opt/airflow/dags/data_synth.py took 1.666 seconds
[2025-06-10T18:55:57.163+0000] {processor.py:186} INFO - Started process (PID=245) to work on /opt/airflow/dags/data_synth.py
[2025-06-10T18:55:57.167+0000] {processor.py:914} INFO - Processing file /opt/airflow/dags/data_synth.py for tasks to queue
[2025-06-10T18:55:57.175+0000] {logging_mixin.py:190} INFO - [2025-06-10T18:55:57.174+0000] {dagbag.py:588} INFO - Filling up the DagBag from /opt/airflow/dags/data_synth.py
[2025-06-10T18:55:58.208+0000] {processor.py:925} INFO - DAG(s) 'data_synth' retrieved from /opt/airflow/dags/data_synth.py
[2025-06-10T18:55:58.669+0000] {logging_mixin.py:190} INFO - [2025-06-10T18:55:58.668+0000] {dag.py:3239} INFO - Sync 1 DAGs
[2025-06-10T18:55:58.754+0000] {logging_mixin.py:190} INFO - [2025-06-10T18:55:58.753+0000] {dag.py:4180} INFO - Setting next_dagrun for data_synth to 2025-06-10 18:30:00+00:00, run_after=2025-06-11 18:30:00+00:00
[2025-06-10T18:55:58.817+0000] {processor.py:208} INFO - Processing /opt/airflow/dags/data_synth.py took 1.687 seconds
[2025-06-10T18:56:30.018+0000] {processor.py:186} INFO - Started process (PID=256) to work on /opt/airflow/dags/data_synth.py
[2025-06-10T18:56:30.026+0000] {processor.py:914} INFO - Processing file /opt/airflow/dags/data_synth.py for tasks to queue
[2025-06-10T18:56:30.050+0000] {logging_mixin.py:190} INFO - [2025-06-10T18:56:30.049+0000] {dagbag.py:588} INFO - Filling up the DagBag from /opt/airflow/dags/data_synth.py
[2025-06-10T18:56:31.472+0000] {processor.py:925} INFO - DAG(s) 'data_synth' retrieved from /opt/airflow/dags/data_synth.py
[2025-06-10T18:56:32.344+0000] {logging_mixin.py:190} INFO - [2025-06-10T18:56:32.342+0000] {dag.py:3239} INFO - Sync 1 DAGs
[2025-06-10T18:56:32.597+0000] {logging_mixin.py:190} INFO - [2025-06-10T18:56:32.588+0000] {dag.py:4180} INFO - Setting next_dagrun for data_synth to 2025-06-10 18:30:00+00:00, run_after=2025-06-11 18:30:00+00:00
[2025-06-10T18:56:32.719+0000] {processor.py:208} INFO - Processing /opt/airflow/dags/data_synth.py took 2.753 seconds
[2025-06-10T18:57:03.643+0000] {processor.py:186} INFO - Started process (PID=267) to work on /opt/airflow/dags/data_synth.py
[2025-06-10T18:57:03.697+0000] {processor.py:914} INFO - Processing file /opt/airflow/dags/data_synth.py for tasks to queue
[2025-06-10T18:57:03.726+0000] {logging_mixin.py:190} INFO - [2025-06-10T18:57:03.715+0000] {dagbag.py:588} INFO - Filling up the DagBag from /opt/airflow/dags/data_synth.py
[2025-06-10T18:57:05.984+0000] {processor.py:925} INFO - DAG(s) 'data_synth' retrieved from /opt/airflow/dags/data_synth.py
[2025-06-10T18:57:06.750+0000] {logging_mixin.py:190} INFO - [2025-06-10T18:57:06.748+0000] {dag.py:3239} INFO - Sync 1 DAGs
[2025-06-10T18:57:06.831+0000] {logging_mixin.py:190} INFO - [2025-06-10T18:57:06.827+0000] {dag.py:4180} INFO - Setting next_dagrun for data_synth to 2025-06-10 18:30:00+00:00, run_after=2025-06-11 18:30:00+00:00
[2025-06-10T18:57:06.914+0000] {processor.py:208} INFO - Processing /opt/airflow/dags/data_synth.py took 3.439 seconds
[2025-06-10T18:57:37.665+0000] {processor.py:186} INFO - Started process (PID=278) to work on /opt/airflow/dags/data_synth.py
[2025-06-10T18:57:37.669+0000] {processor.py:914} INFO - Processing file /opt/airflow/dags/data_synth.py for tasks to queue
[2025-06-10T18:57:37.681+0000] {logging_mixin.py:190} INFO - [2025-06-10T18:57:37.680+0000] {dagbag.py:588} INFO - Filling up the DagBag from /opt/airflow/dags/data_synth.py
[2025-06-10T18:57:39.340+0000] {processor.py:925} INFO - DAG(s) 'data_synth' retrieved from /opt/airflow/dags/data_synth.py
[2025-06-10T18:57:39.862+0000] {logging_mixin.py:190} INFO - [2025-06-10T18:57:39.860+0000] {dag.py:3239} INFO - Sync 1 DAGs
[2025-06-10T18:57:39.936+0000] {logging_mixin.py:190} INFO - [2025-06-10T18:57:39.936+0000] {dag.py:4180} INFO - Setting next_dagrun for data_synth to 2025-06-10 18:30:00+00:00, run_after=2025-06-11 18:30:00+00:00
[2025-06-10T18:57:39.993+0000] {processor.py:208} INFO - Processing /opt/airflow/dags/data_synth.py took 2.357 seconds
[2025-06-10T18:58:10.599+0000] {processor.py:186} INFO - Started process (PID=290) to work on /opt/airflow/dags/data_synth.py
[2025-06-10T18:58:10.614+0000] {processor.py:914} INFO - Processing file /opt/airflow/dags/data_synth.py for tasks to queue
[2025-06-10T18:58:10.635+0000] {logging_mixin.py:190} INFO - [2025-06-10T18:58:10.634+0000] {dagbag.py:588} INFO - Filling up the DagBag from /opt/airflow/dags/data_synth.py
[2025-06-10T18:58:13.288+0000] {processor.py:925} INFO - DAG(s) 'data_synth' retrieved from /opt/airflow/dags/data_synth.py
[2025-06-10T18:58:13.730+0000] {logging_mixin.py:190} INFO - [2025-06-10T18:58:13.729+0000] {dag.py:3239} INFO - Sync 1 DAGs
[2025-06-10T18:58:13.808+0000] {logging_mixin.py:190} INFO - [2025-06-10T18:58:13.807+0000] {dag.py:4180} INFO - Setting next_dagrun for data_synth to 2025-06-10 18:30:00+00:00, run_after=2025-06-11 18:30:00+00:00
[2025-06-10T18:58:13.881+0000] {processor.py:208} INFO - Processing /opt/airflow/dags/data_synth.py took 3.328 seconds
[2025-06-10T18:58:44.185+0000] {processor.py:186} INFO - Started process (PID=300) to work on /opt/airflow/dags/data_synth.py
[2025-06-10T18:58:44.187+0000] {processor.py:914} INFO - Processing file /opt/airflow/dags/data_synth.py for tasks to queue
[2025-06-10T18:58:44.194+0000] {logging_mixin.py:190} INFO - [2025-06-10T18:58:44.193+0000] {dagbag.py:588} INFO - Filling up the DagBag from /opt/airflow/dags/data_synth.py
[2025-06-10T18:58:45.379+0000] {processor.py:925} INFO - DAG(s) 'data_synth' retrieved from /opt/airflow/dags/data_synth.py
[2025-06-10T18:58:45.744+0000] {logging_mixin.py:190} INFO - [2025-06-10T18:58:45.743+0000] {dag.py:3239} INFO - Sync 1 DAGs
[2025-06-10T18:58:45.800+0000] {logging_mixin.py:190} INFO - [2025-06-10T18:58:45.799+0000] {dag.py:4180} INFO - Setting next_dagrun for data_synth to 2025-06-10 18:30:00+00:00, run_after=2025-06-11 18:30:00+00:00
[2025-06-10T18:58:45.849+0000] {processor.py:208} INFO - Processing /opt/airflow/dags/data_synth.py took 1.681 seconds
[2025-06-10T18:59:17.428+0000] {processor.py:186} INFO - Started process (PID=318) to work on /opt/airflow/dags/data_synth.py
[2025-06-10T18:59:17.431+0000] {processor.py:914} INFO - Processing file /opt/airflow/dags/data_synth.py for tasks to queue
[2025-06-10T18:59:17.439+0000] {logging_mixin.py:190} INFO - [2025-06-10T18:59:17.438+0000] {dagbag.py:588} INFO - Filling up the DagBag from /opt/airflow/dags/data_synth.py
[2025-06-10T18:59:18.187+0000] {processor.py:925} INFO - DAG(s) 'data_synth' retrieved from /opt/airflow/dags/data_synth.py
[2025-06-10T18:59:18.422+0000] {logging_mixin.py:190} INFO - [2025-06-10T18:59:18.421+0000] {dag.py:3239} INFO - Sync 1 DAGs
[2025-06-10T18:59:18.465+0000] {logging_mixin.py:190} INFO - [2025-06-10T18:59:18.465+0000] {dag.py:4180} INFO - Setting next_dagrun for data_synth to 2025-06-10 18:30:00+00:00, run_after=2025-06-11 18:30:00+00:00
[2025-06-10T18:59:18.511+0000] {processor.py:208} INFO - Processing /opt/airflow/dags/data_synth.py took 1.129 seconds
[2025-06-10T18:59:48.945+0000] {processor.py:186} INFO - Started process (PID=329) to work on /opt/airflow/dags/data_synth.py
[2025-06-10T18:59:48.948+0000] {processor.py:914} INFO - Processing file /opt/airflow/dags/data_synth.py for tasks to queue
[2025-06-10T18:59:48.955+0000] {logging_mixin.py:190} INFO - [2025-06-10T18:59:48.954+0000] {dagbag.py:588} INFO - Filling up the DagBag from /opt/airflow/dags/data_synth.py
[2025-06-10T18:59:49.747+0000] {processor.py:925} INFO - DAG(s) 'data_synth' retrieved from /opt/airflow/dags/data_synth.py
[2025-06-10T18:59:50.045+0000] {logging_mixin.py:190} INFO - [2025-06-10T18:59:50.045+0000] {dag.py:3239} INFO - Sync 1 DAGs
[2025-06-10T18:59:50.102+0000] {logging_mixin.py:190} INFO - [2025-06-10T18:59:50.101+0000] {dag.py:4180} INFO - Setting next_dagrun for data_synth to 2025-06-10 18:30:00+00:00, run_after=2025-06-11 18:30:00+00:00
[2025-06-10T18:59:50.183+0000] {processor.py:208} INFO - Processing /opt/airflow/dags/data_synth.py took 1.255 seconds
[2025-06-10T19:00:21.038+0000] {processor.py:186} INFO - Started process (PID=340) to work on /opt/airflow/dags/data_synth.py
[2025-06-10T19:00:21.041+0000] {processor.py:914} INFO - Processing file /opt/airflow/dags/data_synth.py for tasks to queue
[2025-06-10T19:00:21.048+0000] {logging_mixin.py:190} INFO - [2025-06-10T19:00:21.047+0000] {dagbag.py:588} INFO - Filling up the DagBag from /opt/airflow/dags/data_synth.py
[2025-06-10T19:00:22.647+0000] {processor.py:925} INFO - DAG(s) 'data_synth' retrieved from /opt/airflow/dags/data_synth.py
[2025-06-10T19:00:23.153+0000] {logging_mixin.py:190} INFO - [2025-06-10T19:00:23.152+0000] {dag.py:3239} INFO - Sync 1 DAGs
[2025-06-10T19:00:23.215+0000] {logging_mixin.py:190} INFO - [2025-06-10T19:00:23.213+0000] {dag.py:4180} INFO - Setting next_dagrun for data_synth to 2025-06-10 18:30:00+00:00, run_after=2025-06-11 18:30:00+00:00
[2025-06-10T19:00:23.274+0000] {processor.py:208} INFO - Processing /opt/airflow/dags/data_synth.py took 2.253 seconds
[2025-06-10T19:00:53.538+0000] {processor.py:186} INFO - Started process (PID=351) to work on /opt/airflow/dags/data_synth.py
[2025-06-10T19:00:53.553+0000] {processor.py:914} INFO - Processing file /opt/airflow/dags/data_synth.py for tasks to queue
[2025-06-10T19:00:53.654+0000] {logging_mixin.py:190} INFO - [2025-06-10T19:00:53.639+0000] {dagbag.py:588} INFO - Filling up the DagBag from /opt/airflow/dags/data_synth.py
[2025-06-10T19:00:54.914+0000] {processor.py:925} INFO - DAG(s) 'data_synth' retrieved from /opt/airflow/dags/data_synth.py
[2025-06-10T19:00:55.407+0000] {logging_mixin.py:190} INFO - [2025-06-10T19:00:55.405+0000] {dag.py:3239} INFO - Sync 1 DAGs
[2025-06-10T19:00:55.489+0000] {logging_mixin.py:190} INFO - [2025-06-10T19:00:55.488+0000] {dag.py:4180} INFO - Setting next_dagrun for data_synth to 2025-06-10 18:30:00+00:00, run_after=2025-06-11 18:30:00+00:00
[2025-06-10T19:00:55.551+0000] {processor.py:208} INFO - Processing /opt/airflow/dags/data_synth.py took 2.053 seconds
[2025-06-10T19:01:26.595+0000] {processor.py:186} INFO - Started process (PID=361) to work on /opt/airflow/dags/data_synth.py
[2025-06-10T19:01:26.606+0000] {processor.py:914} INFO - Processing file /opt/airflow/dags/data_synth.py for tasks to queue
[2025-06-10T19:01:26.659+0000] {logging_mixin.py:190} INFO - [2025-06-10T19:01:26.646+0000] {dagbag.py:588} INFO - Filling up the DagBag from /opt/airflow/dags/data_synth.py
[2025-06-10T19:01:29.225+0000] {processor.py:925} INFO - DAG(s) 'data_synth' retrieved from /opt/airflow/dags/data_synth.py
[2025-06-10T19:01:29.826+0000] {logging_mixin.py:190} INFO - [2025-06-10T19:01:29.823+0000] {dag.py:3239} INFO - Sync 1 DAGs
[2025-06-10T19:01:29.951+0000] {logging_mixin.py:190} INFO - [2025-06-10T19:01:29.950+0000] {dag.py:4180} INFO - Setting next_dagrun for data_synth to 2025-06-10 18:30:00+00:00, run_after=2025-06-11 18:30:00+00:00
[2025-06-10T19:01:30.049+0000] {processor.py:208} INFO - Processing /opt/airflow/dags/data_synth.py took 3.531 seconds
[2025-06-10T19:02:00.802+0000] {processor.py:186} INFO - Started process (PID=372) to work on /opt/airflow/dags/data_synth.py
[2025-06-10T19:02:00.806+0000] {processor.py:914} INFO - Processing file /opt/airflow/dags/data_synth.py for tasks to queue
[2025-06-10T19:02:00.813+0000] {logging_mixin.py:190} INFO - [2025-06-10T19:02:00.812+0000] {dagbag.py:588} INFO - Filling up the DagBag from /opt/airflow/dags/data_synth.py
[2025-06-10T19:02:01.077+0000] {processor.py:925} INFO - DAG(s) 'data_synth' retrieved from /opt/airflow/dags/data_synth.py
[2025-06-10T19:02:01.739+0000] {logging_mixin.py:190} INFO - [2025-06-10T19:02:01.737+0000] {dag.py:3239} INFO - Sync 1 DAGs
[2025-06-10T19:02:01.885+0000] {logging_mixin.py:190} INFO - [2025-06-10T19:02:01.884+0000] {dag.py:4180} INFO - Setting next_dagrun for data_synth to 2025-06-10 18:30:00+00:00, run_after=2025-06-11 18:30:00+00:00
[2025-06-10T19:02:02.008+0000] {processor.py:208} INFO - Processing /opt/airflow/dags/data_synth.py took 2.725 seconds
[2025-06-10T19:02:32.843+0000] {processor.py:186} INFO - Started process (PID=382) to work on /opt/airflow/dags/data_synth.py
[2025-06-10T19:02:32.854+0000] {processor.py:914} INFO - Processing file /opt/airflow/dags/data_synth.py for tasks to queue
[2025-06-10T19:02:32.864+0000] {logging_mixin.py:190} INFO - [2025-06-10T19:02:32.863+0000] {dagbag.py:588} INFO - Filling up the DagBag from /opt/airflow/dags/data_synth.py
[2025-06-10T19:02:33.894+0000] {processor.py:925} INFO - DAG(s) 'data_synth' retrieved from /opt/airflow/dags/data_synth.py
[2025-06-10T19:02:34.392+0000] {logging_mixin.py:190} INFO - [2025-06-10T19:02:34.390+0000] {dag.py:3239} INFO - Sync 1 DAGs
[2025-06-10T19:02:34.465+0000] {logging_mixin.py:190} INFO - [2025-06-10T19:02:34.464+0000] {dag.py:4180} INFO - Setting next_dagrun for data_synth to 2025-06-10 18:30:00+00:00, run_after=2025-06-11 18:30:00+00:00
[2025-06-10T19:02:34.522+0000] {processor.py:208} INFO - Processing /opt/airflow/dags/data_synth.py took 1.707 seconds
[2025-06-10T19:03:05.412+0000] {processor.py:186} INFO - Started process (PID=394) to work on /opt/airflow/dags/data_synth.py
[2025-06-10T19:03:05.415+0000] {processor.py:914} INFO - Processing file /opt/airflow/dags/data_synth.py for tasks to queue
[2025-06-10T19:03:05.424+0000] {logging_mixin.py:190} INFO - [2025-06-10T19:03:05.423+0000] {dagbag.py:588} INFO - Filling up the DagBag from /opt/airflow/dags/data_synth.py
[2025-06-10T19:03:06.401+0000] {processor.py:925} INFO - DAG(s) 'data_synth' retrieved from /opt/airflow/dags/data_synth.py
[2025-06-10T19:03:06.649+0000] {logging_mixin.py:190} INFO - [2025-06-10T19:03:06.648+0000] {dag.py:3239} INFO - Sync 1 DAGs
[2025-06-10T19:03:06.690+0000] {logging_mixin.py:190} INFO - [2025-06-10T19:03:06.690+0000] {dag.py:4180} INFO - Setting next_dagrun for data_synth to 2025-06-10 18:30:00+00:00, run_after=2025-06-11 18:30:00+00:00
[2025-06-10T19:03:06.740+0000] {processor.py:208} INFO - Processing /opt/airflow/dags/data_synth.py took 1.353 seconds
[2025-06-10T19:03:37.017+0000] {processor.py:186} INFO - Started process (PID=411) to work on /opt/airflow/dags/data_synth.py
[2025-06-10T19:03:37.022+0000] {processor.py:914} INFO - Processing file /opt/airflow/dags/data_synth.py for tasks to queue
[2025-06-10T19:03:37.035+0000] {logging_mixin.py:190} INFO - [2025-06-10T19:03:37.033+0000] {dagbag.py:588} INFO - Filling up the DagBag from /opt/airflow/dags/data_synth.py
[2025-06-10T19:03:37.967+0000] {processor.py:925} INFO - DAG(s) 'data_synth' retrieved from /opt/airflow/dags/data_synth.py
[2025-06-10T19:03:38.266+0000] {logging_mixin.py:190} INFO - [2025-06-10T19:03:38.264+0000] {dag.py:3239} INFO - Sync 1 DAGs
[2025-06-10T19:03:38.384+0000] {logging_mixin.py:190} INFO - [2025-06-10T19:03:38.383+0000] {dag.py:4180} INFO - Setting next_dagrun for data_synth to 2025-06-10 18:30:00+00:00, run_after=2025-06-11 18:30:00+00:00
[2025-06-10T19:03:38.446+0000] {processor.py:208} INFO - Processing /opt/airflow/dags/data_synth.py took 1.460 seconds
[2025-06-10T19:04:09.645+0000] {processor.py:186} INFO - Started process (PID=422) to work on /opt/airflow/dags/data_synth.py
[2025-06-10T19:04:09.649+0000] {processor.py:914} INFO - Processing file /opt/airflow/dags/data_synth.py for tasks to queue
[2025-06-10T19:04:09.676+0000] {logging_mixin.py:190} INFO - [2025-06-10T19:04:09.675+0000] {dagbag.py:588} INFO - Filling up the DagBag from /opt/airflow/dags/data_synth.py
[2025-06-10T19:04:12.008+0000] {processor.py:925} INFO - DAG(s) 'data_synth' retrieved from /opt/airflow/dags/data_synth.py
[2025-06-10T19:04:12.657+0000] {logging_mixin.py:190} INFO - [2025-06-10T19:04:12.656+0000] {dag.py:3239} INFO - Sync 1 DAGs
[2025-06-10T19:04:12.784+0000] {logging_mixin.py:190} INFO - [2025-06-10T19:04:12.784+0000] {dag.py:4180} INFO - Setting next_dagrun for data_synth to 2025-06-10 18:30:00+00:00, run_after=2025-06-11 18:30:00+00:00
[2025-06-10T19:04:12.843+0000] {processor.py:208} INFO - Processing /opt/airflow/dags/data_synth.py took 3.252 seconds
[2025-06-10T19:04:43.394+0000] {processor.py:186} INFO - Started process (PID=433) to work on /opt/airflow/dags/data_synth.py
[2025-06-10T19:04:43.414+0000] {processor.py:914} INFO - Processing file /opt/airflow/dags/data_synth.py for tasks to queue
[2025-06-10T19:04:43.454+0000] {logging_mixin.py:190} INFO - [2025-06-10T19:04:43.452+0000] {dagbag.py:588} INFO - Filling up the DagBag from /opt/airflow/dags/data_synth.py
[2025-06-10T19:04:44.559+0000] {processor.py:925} INFO - DAG(s) 'data_synth' retrieved from /opt/airflow/dags/data_synth.py
[2025-06-10T19:04:44.889+0000] {logging_mixin.py:190} INFO - [2025-06-10T19:04:44.888+0000] {dag.py:3239} INFO - Sync 1 DAGs
[2025-06-10T19:04:44.945+0000] {logging_mixin.py:190} INFO - [2025-06-10T19:04:44.945+0000] {dag.py:4180} INFO - Setting next_dagrun for data_synth to 2025-06-10 18:30:00+00:00, run_after=2025-06-11 18:30:00+00:00
[2025-06-10T19:04:45.025+0000] {processor.py:208} INFO - Processing /opt/airflow/dags/data_synth.py took 1.711 seconds
[2025-06-10T19:05:16.291+0000] {processor.py:186} INFO - Started process (PID=444) to work on /opt/airflow/dags/data_synth.py
[2025-06-10T19:05:16.302+0000] {processor.py:914} INFO - Processing file /opt/airflow/dags/data_synth.py for tasks to queue
[2025-06-10T19:05:16.331+0000] {logging_mixin.py:190} INFO - [2025-06-10T19:05:16.330+0000] {dagbag.py:588} INFO - Filling up the DagBag from /opt/airflow/dags/data_synth.py
[2025-06-10T19:05:17.381+0000] {processor.py:925} INFO - DAG(s) 'data_synth' retrieved from /opt/airflow/dags/data_synth.py
[2025-06-10T19:05:18.032+0000] {logging_mixin.py:190} INFO - [2025-06-10T19:05:18.019+0000] {dag.py:3239} INFO - Sync 1 DAGs
[2025-06-10T19:05:18.176+0000] {logging_mixin.py:190} INFO - [2025-06-10T19:05:18.176+0000] {dag.py:4180} INFO - Setting next_dagrun for data_synth to 2025-06-10 18:30:00+00:00, run_after=2025-06-11 18:30:00+00:00
[2025-06-10T19:05:18.250+0000] {processor.py:208} INFO - Processing /opt/airflow/dags/data_synth.py took 2.005 seconds
[2025-06-10T19:05:49.362+0000] {processor.py:186} INFO - Started process (PID=454) to work on /opt/airflow/dags/data_synth.py
[2025-06-10T19:05:49.366+0000] {processor.py:914} INFO - Processing file /opt/airflow/dags/data_synth.py for tasks to queue
[2025-06-10T19:05:49.380+0000] {logging_mixin.py:190} INFO - [2025-06-10T19:05:49.378+0000] {dagbag.py:588} INFO - Filling up the DagBag from /opt/airflow/dags/data_synth.py
[2025-06-10T19:05:49.403+0000] {processor.py:925} INFO - DAG(s) 'data_synth' retrieved from /opt/airflow/dags/data_synth.py
[2025-06-10T19:05:50.296+0000] {logging_mixin.py:190} INFO - [2025-06-10T19:05:50.295+0000] {dag.py:3239} INFO - Sync 1 DAGs
[2025-06-10T19:05:50.623+0000] {logging_mixin.py:190} INFO - [2025-06-10T19:05:50.622+0000] {dag.py:4180} INFO - Setting next_dagrun for data_synth to 2025-06-10 18:30:00+00:00, run_after=2025-06-11 18:30:00+00:00
[2025-06-10T19:05:50.926+0000] {processor.py:208} INFO - Processing /opt/airflow/dags/data_synth.py took 3.144 seconds
[2025-06-10T19:06:21.904+0000] {processor.py:186} INFO - Started process (PID=465) to work on /opt/airflow/dags/data_synth.py
[2025-06-10T19:06:21.908+0000] {processor.py:914} INFO - Processing file /opt/airflow/dags/data_synth.py for tasks to queue
[2025-06-10T19:06:21.916+0000] {logging_mixin.py:190} INFO - [2025-06-10T19:06:21.915+0000] {dagbag.py:588} INFO - Filling up the DagBag from /opt/airflow/dags/data_synth.py
[2025-06-10T19:06:22.690+0000] {processor.py:925} INFO - DAG(s) 'data_synth' retrieved from /opt/airflow/dags/data_synth.py
[2025-06-10T19:06:22.928+0000] {logging_mixin.py:190} INFO - [2025-06-10T19:06:22.927+0000] {dag.py:3239} INFO - Sync 1 DAGs
[2025-06-10T19:06:23.017+0000] {logging_mixin.py:190} INFO - [2025-06-10T19:06:23.017+0000] {dag.py:4180} INFO - Setting next_dagrun for data_synth to 2025-06-10 18:30:00+00:00, run_after=2025-06-11 18:30:00+00:00
[2025-06-10T19:06:23.065+0000] {processor.py:208} INFO - Processing /opt/airflow/dags/data_synth.py took 1.175 seconds
[2025-06-10T19:06:53.535+0000] {processor.py:186} INFO - Started process (PID=477) to work on /opt/airflow/dags/data_synth.py
[2025-06-10T19:06:53.541+0000] {processor.py:914} INFO - Processing file /opt/airflow/dags/data_synth.py for tasks to queue
[2025-06-10T19:06:53.555+0000] {logging_mixin.py:190} INFO - [2025-06-10T19:06:53.553+0000] {dagbag.py:588} INFO - Filling up the DagBag from /opt/airflow/dags/data_synth.py
[2025-06-10T19:06:54.449+0000] {processor.py:925} INFO - DAG(s) 'data_synth' retrieved from /opt/airflow/dags/data_synth.py
[2025-06-10T19:06:54.721+0000] {logging_mixin.py:190} INFO - [2025-06-10T19:06:54.720+0000] {dag.py:3239} INFO - Sync 1 DAGs
[2025-06-10T19:06:54.777+0000] {logging_mixin.py:190} INFO - [2025-06-10T19:06:54.776+0000] {dag.py:4180} INFO - Setting next_dagrun for data_synth to 2025-06-10 18:30:00+00:00, run_after=2025-06-11 18:30:00+00:00
[2025-06-10T19:06:54.829+0000] {processor.py:208} INFO - Processing /opt/airflow/dags/data_synth.py took 1.325 seconds
[2025-06-10T19:07:25.170+0000] {processor.py:186} INFO - Started process (PID=489) to work on /opt/airflow/dags/data_synth.py
[2025-06-10T19:07:25.176+0000] {processor.py:914} INFO - Processing file /opt/airflow/dags/data_synth.py for tasks to queue
[2025-06-10T19:07:25.254+0000] {logging_mixin.py:190} INFO - [2025-06-10T19:07:25.253+0000] {dagbag.py:588} INFO - Filling up the DagBag from /opt/airflow/dags/data_synth.py
[2025-06-10T19:07:27.623+0000] {processor.py:925} INFO - DAG(s) 'data_synth' retrieved from /opt/airflow/dags/data_synth.py
[2025-06-10T19:07:27.956+0000] {logging_mixin.py:190} INFO - [2025-06-10T19:07:27.955+0000] {dag.py:3239} INFO - Sync 1 DAGs
[2025-06-10T19:07:28.109+0000] {logging_mixin.py:190} INFO - [2025-06-10T19:07:28.108+0000] {dag.py:4180} INFO - Setting next_dagrun for data_synth to 2025-06-10 18:30:00+00:00, run_after=2025-06-11 18:30:00+00:00
[2025-06-10T19:07:28.217+0000] {processor.py:208} INFO - Processing /opt/airflow/dags/data_synth.py took 3.098 seconds
[2025-06-10T19:07:58.554+0000] {processor.py:186} INFO - Started process (PID=508) to work on /opt/airflow/dags/data_synth.py
[2025-06-10T19:07:58.556+0000] {processor.py:914} INFO - Processing file /opt/airflow/dags/data_synth.py for tasks to queue
[2025-06-10T19:07:58.562+0000] {logging_mixin.py:190} INFO - [2025-06-10T19:07:58.561+0000] {dagbag.py:588} INFO - Filling up the DagBag from /opt/airflow/dags/data_synth.py
[2025-06-10T19:07:59.538+0000] {processor.py:925} INFO - DAG(s) 'data_synth' retrieved from /opt/airflow/dags/data_synth.py
[2025-06-10T19:07:59.761+0000] {logging_mixin.py:190} INFO - [2025-06-10T19:07:59.760+0000] {dag.py:3239} INFO - Sync 1 DAGs
[2025-06-10T19:07:59.817+0000] {logging_mixin.py:190} INFO - [2025-06-10T19:07:59.817+0000] {dag.py:4180} INFO - Setting next_dagrun for data_synth to 2025-06-10 18:30:00+00:00, run_after=2025-06-11 18:30:00+00:00
[2025-06-10T19:07:59.864+0000] {processor.py:208} INFO - Processing /opt/airflow/dags/data_synth.py took 1.323 seconds
[2025-06-10T19:08:30.427+0000] {processor.py:186} INFO - Started process (PID=519) to work on /opt/airflow/dags/data_synth.py
[2025-06-10T19:08:30.430+0000] {processor.py:914} INFO - Processing file /opt/airflow/dags/data_synth.py for tasks to queue
[2025-06-10T19:08:30.438+0000] {logging_mixin.py:190} INFO - [2025-06-10T19:08:30.437+0000] {dagbag.py:588} INFO - Filling up the DagBag from /opt/airflow/dags/data_synth.py
[2025-06-10T19:08:31.497+0000] {processor.py:925} INFO - DAG(s) 'data_synth' retrieved from /opt/airflow/dags/data_synth.py
[2025-06-10T19:08:32.114+0000] {logging_mixin.py:190} INFO - [2025-06-10T19:08:32.113+0000] {dag.py:3239} INFO - Sync 1 DAGs
[2025-06-10T19:08:32.326+0000] {logging_mixin.py:190} INFO - [2025-06-10T19:08:32.325+0000] {dag.py:4180} INFO - Setting next_dagrun for data_synth to 2025-06-10 18:30:00+00:00, run_after=2025-06-11 18:30:00+00:00
[2025-06-10T19:08:32.595+0000] {processor.py:208} INFO - Processing /opt/airflow/dags/data_synth.py took 2.184 seconds
[2025-06-10T19:09:04.482+0000] {processor.py:186} INFO - Started process (PID=529) to work on /opt/airflow/dags/data_synth.py
[2025-06-10T19:09:04.509+0000] {processor.py:914} INFO - Processing file /opt/airflow/dags/data_synth.py for tasks to queue
[2025-06-10T19:09:04.543+0000] {logging_mixin.py:190} INFO - [2025-06-10T19:09:04.538+0000] {dagbag.py:588} INFO - Filling up the DagBag from /opt/airflow/dags/data_synth.py
[2025-06-10T19:09:07.732+0000] {processor.py:925} INFO - DAG(s) 'data_synth' retrieved from /opt/airflow/dags/data_synth.py
[2025-06-10T19:09:08.908+0000] {logging_mixin.py:190} INFO - [2025-06-10T19:09:08.907+0000] {dag.py:3239} INFO - Sync 1 DAGs
[2025-06-10T19:09:09.051+0000] {logging_mixin.py:190} INFO - [2025-06-10T19:09:09.045+0000] {dag.py:4180} INFO - Setting next_dagrun for data_synth to 2025-06-10 18:30:00+00:00, run_after=2025-06-11 18:30:00+00:00
[2025-06-10T19:09:08.599+0000] {processor.py:208} INFO - Processing /opt/airflow/dags/data_synth.py took 4.776 seconds
[2025-06-10T19:09:39.507+0000] {processor.py:186} INFO - Started process (PID=542) to work on /opt/airflow/dags/data_synth.py
[2025-06-10T19:09:39.526+0000] {processor.py:914} INFO - Processing file /opt/airflow/dags/data_synth.py for tasks to queue
[2025-06-10T19:09:39.560+0000] {logging_mixin.py:190} INFO - [2025-06-10T19:09:39.559+0000] {dagbag.py:588} INFO - Filling up the DagBag from /opt/airflow/dags/data_synth.py
[2025-06-10T19:09:42.470+0000] {processor.py:925} INFO - DAG(s) 'data_synth' retrieved from /opt/airflow/dags/data_synth.py
[2025-06-10T19:09:43.221+0000] {logging_mixin.py:190} INFO - [2025-06-10T19:09:43.220+0000] {dag.py:3239} INFO - Sync 1 DAGs
[2025-06-10T19:09:43.317+0000] {logging_mixin.py:190} INFO - [2025-06-10T19:09:43.317+0000] {dag.py:4180} INFO - Setting next_dagrun for data_synth to 2025-06-10 18:30:00+00:00, run_after=2025-06-11 18:30:00+00:00
[2025-06-10T19:09:43.396+0000] {processor.py:208} INFO - Processing /opt/airflow/dags/data_synth.py took 3.942 seconds
[2025-06-10T19:10:14.156+0000] {processor.py:186} INFO - Started process (PID=553) to work on /opt/airflow/dags/data_synth.py
[2025-06-10T19:10:14.169+0000] {processor.py:914} INFO - Processing file /opt/airflow/dags/data_synth.py for tasks to queue
[2025-06-10T19:10:14.180+0000] {logging_mixin.py:190} INFO - [2025-06-10T19:10:14.179+0000] {dagbag.py:588} INFO - Filling up the DagBag from /opt/airflow/dags/data_synth.py
[2025-06-10T19:10:15.920+0000] {processor.py:925} INFO - DAG(s) 'data_synth' retrieved from /opt/airflow/dags/data_synth.py
[2025-06-10T19:10:16.366+0000] {logging_mixin.py:190} INFO - [2025-06-10T19:10:16.365+0000] {dag.py:3239} INFO - Sync 1 DAGs
[2025-06-10T19:10:16.515+0000] {logging_mixin.py:190} INFO - [2025-06-10T19:10:16.514+0000] {dag.py:4180} INFO - Setting next_dagrun for data_synth to 2025-06-10 18:30:00+00:00, run_after=2025-06-11 18:30:00+00:00
[2025-06-10T19:10:16.629+0000] {processor.py:208} INFO - Processing /opt/airflow/dags/data_synth.py took 2.522 seconds
[2025-06-10T19:10:46.806+0000] {processor.py:186} INFO - Started process (PID=570) to work on /opt/airflow/dags/data_synth.py
[2025-06-10T19:10:46.818+0000] {processor.py:914} INFO - Processing file /opt/airflow/dags/data_synth.py for tasks to queue
[2025-06-10T19:10:46.836+0000] {logging_mixin.py:190} INFO - [2025-06-10T19:10:46.835+0000] {dagbag.py:588} INFO - Filling up the DagBag from /opt/airflow/dags/data_synth.py
[2025-06-10T19:10:47.688+0000] {processor.py:925} INFO - DAG(s) 'data_synth' retrieved from /opt/airflow/dags/data_synth.py
[2025-06-10T19:10:48.053+0000] {logging_mixin.py:190} INFO - [2025-06-10T19:10:48.051+0000] {dag.py:3239} INFO - Sync 1 DAGs
[2025-06-10T19:10:48.132+0000] {logging_mixin.py:190} INFO - [2025-06-10T19:10:48.131+0000] {dag.py:4180} INFO - Setting next_dagrun for data_synth to 2025-06-10 18:30:00+00:00, run_after=2025-06-11 18:30:00+00:00
[2025-06-10T19:10:48.225+0000] {processor.py:208} INFO - Processing /opt/airflow/dags/data_synth.py took 1.449 seconds
[2025-06-10T19:11:19.323+0000] {processor.py:186} INFO - Started process (PID=581) to work on /opt/airflow/dags/data_synth.py
[2025-06-10T19:11:19.326+0000] {processor.py:914} INFO - Processing file /opt/airflow/dags/data_synth.py for tasks to queue
[2025-06-10T19:11:19.335+0000] {logging_mixin.py:190} INFO - [2025-06-10T19:11:19.333+0000] {dagbag.py:588} INFO - Filling up the DagBag from /opt/airflow/dags/data_synth.py
[2025-06-10T19:11:20.066+0000] {processor.py:925} INFO - DAG(s) 'data_synth' retrieved from /opt/airflow/dags/data_synth.py
[2025-06-10T19:11:20.291+0000] {logging_mixin.py:190} INFO - [2025-06-10T19:11:20.290+0000] {dag.py:3239} INFO - Sync 1 DAGs
[2025-06-10T19:11:20.344+0000] {logging_mixin.py:190} INFO - [2025-06-10T19:11:20.344+0000] {dag.py:4180} INFO - Setting next_dagrun for data_synth to 2025-06-10 18:30:00+00:00, run_after=2025-06-11 18:30:00+00:00
[2025-06-10T19:11:20.388+0000] {processor.py:208} INFO - Processing /opt/airflow/dags/data_synth.py took 1.084 seconds
[2025-06-10T19:11:50.670+0000] {processor.py:186} INFO - Started process (PID=593) to work on /opt/airflow/dags/data_synth.py
[2025-06-10T19:11:50.673+0000] {processor.py:914} INFO - Processing file /opt/airflow/dags/data_synth.py for tasks to queue
[2025-06-10T19:11:50.684+0000] {logging_mixin.py:190} INFO - [2025-06-10T19:11:50.683+0000] {dagbag.py:588} INFO - Filling up the DagBag from /opt/airflow/dags/data_synth.py
[2025-06-10T19:11:51.679+0000] {processor.py:925} INFO - DAG(s) 'data_synth' retrieved from /opt/airflow/dags/data_synth.py
[2025-06-10T19:11:52.300+0000] {logging_mixin.py:190} INFO - [2025-06-10T19:11:52.298+0000] {dag.py:3239} INFO - Sync 1 DAGs
[2025-06-10T19:11:52.485+0000] {logging_mixin.py:190} INFO - [2025-06-10T19:11:52.485+0000] {dag.py:4180} INFO - Setting next_dagrun for data_synth to 2025-06-10 18:30:00+00:00, run_after=2025-06-11 18:30:00+00:00
[2025-06-10T19:11:52.604+0000] {processor.py:208} INFO - Processing /opt/airflow/dags/data_synth.py took 1.957 seconds
[2025-06-10T19:12:22.892+0000] {processor.py:186} INFO - Started process (PID=604) to work on /opt/airflow/dags/data_synth.py
[2025-06-10T19:12:22.895+0000] {processor.py:914} INFO - Processing file /opt/airflow/dags/data_synth.py for tasks to queue
[2025-06-10T19:12:22.906+0000] {logging_mixin.py:190} INFO - [2025-06-10T19:12:22.905+0000] {dagbag.py:588} INFO - Filling up the DagBag from /opt/airflow/dags/data_synth.py
[2025-06-10T19:12:23.863+0000] {processor.py:925} INFO - DAG(s) 'data_synth' retrieved from /opt/airflow/dags/data_synth.py
[2025-06-10T19:12:24.092+0000] {logging_mixin.py:190} INFO - [2025-06-10T19:12:24.092+0000] {dag.py:3239} INFO - Sync 1 DAGs
[2025-06-10T19:12:24.145+0000] {logging_mixin.py:190} INFO - [2025-06-10T19:12:24.145+0000] {dag.py:4180} INFO - Setting next_dagrun for data_synth to 2025-06-10 18:30:00+00:00, run_after=2025-06-11 18:30:00+00:00
[2025-06-10T19:12:24.192+0000] {processor.py:208} INFO - Processing /opt/airflow/dags/data_synth.py took 1.342 seconds
[2025-06-10T19:12:54.847+0000] {processor.py:186} INFO - Started process (PID=615) to work on /opt/airflow/dags/data_synth.py
[2025-06-10T19:12:54.850+0000] {processor.py:914} INFO - Processing file /opt/airflow/dags/data_synth.py for tasks to queue
[2025-06-10T19:12:54.860+0000] {logging_mixin.py:190} INFO - [2025-06-10T19:12:54.859+0000] {dagbag.py:588} INFO - Filling up the DagBag from /opt/airflow/dags/data_synth.py
[2025-06-10T19:13:00.032+0000] {processor.py:925} INFO - DAG(s) 'data_synth' retrieved from /opt/airflow/dags/data_synth.py
[2025-06-10T19:13:01.904+0000] {logging_mixin.py:190} INFO - [2025-06-10T19:13:01.903+0000] {dag.py:3239} INFO - Sync 1 DAGs
[2025-06-10T19:13:02.110+0000] {logging_mixin.py:190} INFO - [2025-06-10T19:13:02.109+0000] {dag.py:4180} INFO - Setting next_dagrun for data_synth to 2025-06-10 18:30:00+00:00, run_after=2025-06-11 18:30:00+00:00
[2025-06-10T19:13:02.294+0000] {processor.py:208} INFO - Processing /opt/airflow/dags/data_synth.py took 9.157 seconds
[2025-06-10T19:13:35.917+0000] {processor.py:186} INFO - Started process (PID=626) to work on /opt/airflow/dags/data_synth.py
[2025-06-10T19:13:35.979+0000] {processor.py:914} INFO - Processing file /opt/airflow/dags/data_synth.py for tasks to queue
[2025-06-10T19:13:36.037+0000] {logging_mixin.py:190} INFO - [2025-06-10T19:13:36.036+0000] {dagbag.py:588} INFO - Filling up the DagBag from /opt/airflow/dags/data_synth.py
[2025-06-10T19:13:42.696+0000] {processor.py:925} INFO - DAG(s) 'data_synth' retrieved from /opt/airflow/dags/data_synth.py
[2025-06-10T19:13:44.075+0000] {logging_mixin.py:190} INFO - [2025-06-10T19:13:44.073+0000] {dag.py:3239} INFO - Sync 1 DAGs
[2025-06-10T19:13:44.321+0000] {logging_mixin.py:190} INFO - [2025-06-10T19:13:44.320+0000] {dag.py:4180} INFO - Setting next_dagrun for data_synth to 2025-06-10 18:30:00+00:00, run_after=2025-06-11 18:30:00+00:00
[2025-06-10T19:13:44.554+0000] {processor.py:208} INFO - Processing /opt/airflow/dags/data_synth.py took 8.744 seconds
[2025-06-10T19:14:20.466+0000] {processor.py:186} INFO - Started process (PID=644) to work on /opt/airflow/dags/data_synth.py
[2025-06-10T19:14:20.508+0000] {processor.py:914} INFO - Processing file /opt/airflow/dags/data_synth.py for tasks to queue
[2025-06-10T19:14:20.541+0000] {logging_mixin.py:190} INFO - [2025-06-10T19:14:20.540+0000] {dagbag.py:588} INFO - Filling up the DagBag from /opt/airflow/dags/data_synth.py
[2025-06-10T19:14:31.211+0000] {processor.py:925} INFO - DAG(s) 'data_synth' retrieved from /opt/airflow/dags/data_synth.py
[2025-06-10T19:14:32.561+0000] {logging_mixin.py:190} INFO - [2025-06-10T19:14:32.560+0000] {dag.py:3239} INFO - Sync 1 DAGs
[2025-06-10T19:14:32.802+0000] {logging_mixin.py:190} INFO - [2025-06-10T19:14:32.801+0000] {dag.py:4180} INFO - Setting next_dagrun for data_synth to 2025-06-10 18:30:00+00:00, run_after=2025-06-11 18:30:00+00:00
[2025-06-10T19:14:33.105+0000] {processor.py:208} INFO - Processing /opt/airflow/dags/data_synth.py took 12.741 seconds
[2025-06-10T19:15:04.048+0000] {processor.py:186} INFO - Started process (PID=656) to work on /opt/airflow/dags/data_synth.py
[2025-06-10T19:15:04.058+0000] {processor.py:914} INFO - Processing file /opt/airflow/dags/data_synth.py for tasks to queue
[2025-06-10T19:15:04.084+0000] {logging_mixin.py:190} INFO - [2025-06-10T19:15:04.082+0000] {dagbag.py:588} INFO - Filling up the DagBag from /opt/airflow/dags/data_synth.py
[2025-06-10T19:15:07.848+0000] {processor.py:925} INFO - DAG(s) 'data_synth' retrieved from /opt/airflow/dags/data_synth.py
[2025-06-10T19:15:09.013+0000] {logging_mixin.py:190} INFO - [2025-06-10T19:15:09.012+0000] {dag.py:3239} INFO - Sync 1 DAGs
[2025-06-10T19:15:09.309+0000] {logging_mixin.py:190} INFO - [2025-06-10T19:15:09.308+0000] {dag.py:4180} INFO - Setting next_dagrun for data_synth to 2025-06-10 18:30:00+00:00, run_after=2025-06-11 18:30:00+00:00
[2025-06-10T19:15:09.681+0000] {processor.py:208} INFO - Processing /opt/airflow/dags/data_synth.py took 5.702 seconds
[2025-06-10T19:15:40.860+0000] {processor.py:186} INFO - Started process (PID=674) to work on /opt/airflow/dags/data_synth.py
[2025-06-10T19:15:40.869+0000] {processor.py:914} INFO - Processing file /opt/airflow/dags/data_synth.py for tasks to queue
[2025-06-10T19:15:40.880+0000] {logging_mixin.py:190} INFO - [2025-06-10T19:15:40.878+0000] {dagbag.py:588} INFO - Filling up the DagBag from /opt/airflow/dags/data_synth.py
[2025-06-10T19:15:42.650+0000] {processor.py:925} INFO - DAG(s) 'data_synth' retrieved from /opt/airflow/dags/data_synth.py
[2025-06-10T19:15:43.206+0000] {logging_mixin.py:190} INFO - [2025-06-10T19:15:43.204+0000] {dag.py:3239} INFO - Sync 1 DAGs
[2025-06-10T19:15:43.485+0000] {logging_mixin.py:190} INFO - [2025-06-10T19:15:43.484+0000] {dag.py:4180} INFO - Setting next_dagrun for data_synth to 2025-06-10 18:30:00+00:00, run_after=2025-06-11 18:30:00+00:00
[2025-06-10T19:15:43.618+0000] {processor.py:208} INFO - Processing /opt/airflow/dags/data_synth.py took 2.836 seconds
