[2025-05-25T05:17:22.820+0000] {local_task_job_runner.py:123} INFO - ::group::Pre task execution logs
[2025-05-25T05:17:25.068+0000] {taskinstance.py:2613} INFO - Dependencies all met for dep_context=non-requeueable deps ti=<TaskInstance: load_file_to_psql.generate_file scheduled__2024-12-13T00:00:00+00:00 [queued]>
[2025-05-25T05:17:25.800+0000] {taskinstance.py:2613} INFO - Dependencies all met for dep_context=requeueable deps ti=<TaskInstance: load_file_to_psql.generate_file scheduled__2024-12-13T00:00:00+00:00 [queued]>
[2025-05-25T05:17:25.828+0000] {taskinstance.py:2866} INFO - Starting attempt 1 of 1
[2025-05-25T05:17:26.848+0000] {taskinstance.py:2889} INFO - Executing <Task(PythonOperator): generate_file> on 2024-12-13 00:00:00+00:00
[2025-05-25T05:17:26.951+0000] {warnings.py:112} WARNING - /home/***/.local/lib/python3.12/site-packages/***/task/task_runner/standard_task_runner.py:70: DeprecationWarning: This process (pid=308) is multi-threaded, use of fork() may lead to deadlocks in the child.
  pid = os.fork()

[2025-05-25T05:17:27.010+0000] {standard_task_runner.py:72} INFO - Started process 320 to run task
[2025-05-25T05:17:27.034+0000] {standard_task_runner.py:104} INFO - Running: ['***', 'tasks', 'run', 'load_file_to_psql', 'generate_file', 'scheduled__2024-12-13T00:00:00+00:00', '--job-id', '22', '--raw', '--subdir', 'DAGS_FOLDER/data_quality.py', '--cfg-path', '/tmp/tmpnzhwqu8r']
[2025-05-25T05:17:27.114+0000] {standard_task_runner.py:105} INFO - Job 22: Subtask generate_file
[2025-05-25T05:17:32.778+0000] {job.py:229} INFO - Heartbeat recovered after 12.20 seconds
[2025-05-25T05:17:42.844+0000] {task_command.py:467} INFO - Running <TaskInstance: load_file_to_psql.generate_file scheduled__2024-12-13T00:00:00+00:00 [running]> on host b4cf172ed0b9
[2025-05-25T05:17:48.481+0000] {taskinstance.py:3132} INFO - Exporting env vars: AIRFLOW_CTX_DAG_EMAIL='https://t.me/Shust_DE' AIRFLOW_CTX_DAG_OWNER='@Shust_DE' AIRFLOW_CTX_DAG_ID='load_file_to_psql' AIRFLOW_CTX_TASK_ID='generate_file' AIRFLOW_CTX_EXECUTION_DATE='2024-12-13T00:00:00+00:00' AIRFLOW_CTX_TRY_NUMBER='1' AIRFLOW_CTX_DAG_RUN_ID='scheduled__2024-12-13T00:00:00+00:00'
[2025-05-25T05:17:48.500+0000] {taskinstance.py:731} INFO - ::endgroup::
[2025-05-25T05:17:48.709+0000] {job.py:229} INFO - Heartbeat recovered after 16.07 seconds
[2025-05-25T05:17:50.386+0000] {python.py:240} INFO - Done. Returned value was: None
[2025-05-25T05:17:50.693+0000] {taskinstance.py:340} INFO - ::group::Post task execution logs
[2025-05-25T05:17:50.731+0000] {taskinstance.py:352} INFO - Marking task as SUCCESS. dag_id=load_file_to_psql, task_id=generate_file, run_id=scheduled__2024-12-13T00:00:00+00:00, execution_date=20241213T000000, start_date=20250525T051725, end_date=20250525T051750
[2025-05-25T05:17:52.789+0000] {local_task_job_runner.py:266} INFO - Task exited with return code 0
[2025-05-25T05:17:53.410+0000] {standard_task_runner.py:217} INFO - Process not found (most likely exited), stop collecting metrics
[2025-05-25T05:17:54.748+0000] {taskinstance.py:3895} INFO - 0 downstream tasks scheduled from follow-on schedule check
[2025-05-25T05:17:55.001+0000] {local_task_job_runner.py:245} INFO - ::endgroup::
