[2025-05-25T07:10:32.841+0000] {local_task_job_runner.py:123} INFO - ::group::Pre task execution logs
[2025-05-25T07:10:33.081+0000] {taskinstance.py:2613} INFO - Dependencies all met for dep_context=non-requeueable deps ti=<TaskInstance: load_file_to_psql.generate_file scheduled__2025-04-25T00:00:00+00:00 [queued]>
[2025-05-25T07:10:33.302+0000] {taskinstance.py:2613} INFO - Dependencies all met for dep_context=requeueable deps ti=<TaskInstance: load_file_to_psql.generate_file scheduled__2025-04-25T00:00:00+00:00 [queued]>
[2025-05-25T07:10:33.350+0000] {taskinstance.py:2866} INFO - Starting attempt 1 of 1
[2025-05-25T07:10:34.696+0000] {taskinstance.py:2889} INFO - Executing <Task(PythonOperator): generate_file> on 2025-04-25 00:00:00+00:00
[2025-05-25T07:10:34.863+0000] {standard_task_runner.py:104} INFO - Running: ['***', 'tasks', 'run', 'load_file_to_psql', 'generate_file', 'scheduled__2025-04-25T00:00:00+00:00', '--job-id', '234', '--raw', '--subdir', 'DAGS_FOLDER/data_quality.py', '--cfg-path', '/tmp/tmpuaoon4rb']
[2025-05-25T07:10:34.991+0000] {standard_task_runner.py:105} INFO - Job 234: Subtask generate_file
[2025-05-25T07:10:35.133+0000] {warnings.py:112} WARNING - /home/***/.local/lib/python3.12/site-packages/***/task/task_runner/standard_task_runner.py:70: DeprecationWarning: This process (pid=1634) is multi-threaded, use of fork() may lead to deadlocks in the child.
  pid = os.fork()

[2025-05-25T07:10:35.234+0000] {standard_task_runner.py:72} INFO - Started process 1685 to run task
[2025-05-25T07:10:49.989+0000] {task_command.py:467} INFO - Running <TaskInstance: load_file_to_psql.generate_file scheduled__2025-04-25T00:00:00+00:00 [running]> on host b4cf172ed0b9
[2025-05-25T07:10:52.859+0000] {job.py:229} INFO - Heartbeat recovered after 21.69 seconds
[2025-05-25T07:10:55.329+0000] {taskinstance.py:3132} INFO - Exporting env vars: AIRFLOW_CTX_DAG_EMAIL='https://t.me/Shust_DE' AIRFLOW_CTX_DAG_OWNER='@Shust_DE' AIRFLOW_CTX_DAG_ID='load_file_to_psql' AIRFLOW_CTX_TASK_ID='generate_file' AIRFLOW_CTX_EXECUTION_DATE='2025-04-25T00:00:00+00:00' AIRFLOW_CTX_TRY_NUMBER='1' AIRFLOW_CTX_DAG_RUN_ID='scheduled__2025-04-25T00:00:00+00:00'
[2025-05-25T07:10:55.350+0000] {taskinstance.py:731} INFO - ::endgroup::
[2025-05-25T07:10:56.615+0000] {python.py:240} INFO - Done. Returned value was: None
[2025-05-25T07:10:56.844+0000] {taskinstance.py:340} INFO - ::group::Post task execution logs
[2025-05-25T07:10:56.850+0000] {taskinstance.py:352} INFO - Marking task as SUCCESS. dag_id=load_file_to_psql, task_id=generate_file, run_id=scheduled__2025-04-25T00:00:00+00:00, execution_date=20250425T000000, start_date=20250525T071033, end_date=20250525T071056
[2025-05-25T07:10:57.508+0000] {local_task_job_runner.py:266} INFO - Task exited with return code 0
[2025-05-25T07:10:57.778+0000] {standard_task_runner.py:217} INFO - Process not found (most likely exited), stop collecting metrics
[2025-05-25T07:10:58.057+0000] {taskinstance.py:3895} INFO - 1 downstream tasks scheduled from follow-on schedule check
[2025-05-25T07:10:58.120+0000] {local_task_job_runner.py:245} INFO - ::endgroup::
