[2025-05-25T05:26:20.979+0000] {local_task_job_runner.py:123} INFO - ::group::Pre task execution logs
[2025-05-25T05:26:21.154+0000] {taskinstance.py:2613} INFO - Dependencies all met for dep_context=non-requeueable deps ti=<TaskInstance: load_file_to_psql.move_data_file scheduled__2025-01-27T00:00:00+00:00 [queued]>
[2025-05-25T05:26:21.271+0000] {taskinstance.py:2613} INFO - Dependencies all met for dep_context=requeueable deps ti=<TaskInstance: load_file_to_psql.move_data_file scheduled__2025-01-27T00:00:00+00:00 [queued]>
[2025-05-25T05:26:21.274+0000] {taskinstance.py:2866} INFO - Starting attempt 1 of 1
[2025-05-25T05:26:26.023+0000] {taskinstance.py:2889} INFO - Executing <Task(BashOperator): move_data_file> on 2025-01-27 00:00:00+00:00
[2025-05-25T05:26:26.087+0000] {warnings.py:112} WARNING - /home/***/.local/lib/python3.12/site-packages/***/task/task_runner/standard_task_runner.py:70: DeprecationWarning: This process (pid=800) is multi-threaded, use of fork() may lead to deadlocks in the child.
  pid = os.fork()

[2025-05-25T05:26:26.100+0000] {standard_task_runner.py:72} INFO - Started process 846 to run task
[2025-05-25T05:26:26.122+0000] {standard_task_runner.py:104} INFO - Running: ['***', 'tasks', 'run', 'load_file_to_psql', 'move_data_file', 'scheduled__2025-01-27T00:00:00+00:00', '--job-id', '101', '--raw', '--subdir', 'DAGS_FOLDER/data_quality.py', '--cfg-path', '/tmp/tmpjx6elasc']
[2025-05-25T05:26:26.294+0000] {standard_task_runner.py:105} INFO - Job 101: Subtask move_data_file
[2025-05-25T05:26:27.889+0000] {task_command.py:467} INFO - Running <TaskInstance: load_file_to_psql.move_data_file scheduled__2025-01-27T00:00:00+00:00 [running]> on host b4cf172ed0b9
[2025-05-25T05:26:30.304+0000] {taskinstance.py:3132} INFO - Exporting env vars: AIRFLOW_CTX_DAG_EMAIL='https://t.me/Shust_DE' AIRFLOW_CTX_DAG_OWNER='@Shust_DE' AIRFLOW_CTX_DAG_ID='load_file_to_psql' AIRFLOW_CTX_TASK_ID='move_data_file' AIRFLOW_CTX_EXECUTION_DATE='2025-01-27T00:00:00+00:00' AIRFLOW_CTX_TRY_NUMBER='1' AIRFLOW_CTX_DAG_RUN_ID='scheduled__2025-01-27T00:00:00+00:00'
[2025-05-25T05:26:30.338+0000] {taskinstance.py:731} INFO - ::endgroup::
[2025-05-25T05:26:31.168+0000] {subprocess.py:78} INFO - Tmp dir root location: /tmp
[2025-05-25T05:26:31.174+0000] {subprocess.py:88} INFO - Running command: ['/usr/bin/bash', '-c', 'mkdir -p /tmp/processed_data/ && mv /tmp/data.csv /tmp/processed_data/']
[2025-05-25T05:26:31.389+0000] {job.py:229} INFO - Heartbeat recovered after 11.01 seconds
[2025-05-25T05:26:31.466+0000] {subprocess.py:99} INFO - Output:
[2025-05-25T05:26:31.533+0000] {subprocess.py:110} INFO - Command exited with return code 0
[2025-05-25T05:26:32.405+0000] {taskinstance.py:340} INFO - ::group::Post task execution logs
[2025-05-25T05:26:32.452+0000] {taskinstance.py:352} INFO - Marking task as SUCCESS. dag_id=load_file_to_psql, task_id=move_data_file, run_id=scheduled__2025-01-27T00:00:00+00:00, execution_date=20250127T000000, start_date=20250525T052621, end_date=20250525T052632
[2025-05-25T05:26:34.466+0000] {local_task_job_runner.py:266} INFO - Task exited with return code 0
[2025-05-25T05:26:34.775+0000] {local_task_job_runner.py:245} INFO - ::endgroup::
