[2025-05-29T11:31:00.481+0000] {processor.py:186} INFO - Started process (PID=101) to work on /opt/airflow/dags/data_synth.py
[2025-05-29T11:31:00.533+0000] {processor.py:914} INFO - Processing file /opt/airflow/dags/data_synth.py for tasks to queue
[2025-05-29T11:31:00.604+0000] {logging_mixin.py:190} INFO - [2025-05-29T11:31:00.603+0000] {dagbag.py:588} INFO - Filling up the DagBag from /opt/airflow/dags/data_synth.py
[2025-05-29T11:31:29.282+0000] {processor.py:925} INFO - DAG(s) 'data_synth' retrieved from /opt/airflow/dags/data_synth.py
[2025-05-29T11:31:34.955+0000] {logging_mixin.py:190} INFO - [2025-05-29T11:31:34.953+0000] {override.py:1819} ERROR - Add View Menu Error: (psycopg2.errors.UniqueViolation) duplicate key value violates unique constraint "serialized_dag_pkey"
DETAIL:  Key (dag_id)=(data_synth) already exists.

[SQL: INSERT INTO serialized_dag (dag_id, fileloc, fileloc_hash, data, data_compressed, last_updated, dag_hash, processor_subdir) VALUES (%(dag_id)s, %(fileloc)s, %(fileloc_hash)s, %(data)s, %(data_compressed)s, %(last_updated)s, %(dag_hash)s, %(processor_subdir)s)]
[parameters: {'dag_id': 'data_synth', 'fileloc': '/opt/airflow/dags/data_synth.py', 'fileloc_hash': 43324974112722280, 'data': '{"__version": 1, "dag": {"fileloc": "/opt/airflow/dags/data_synth.py", "_dag_id": "data_synth", "edge_info": {}, "default_args": {"__var": {"owner":  ... (2973 characters truncated) ... tart_trigger_args": null, "op_args": [], "op_kwargs": {"execution_date": "{{ ds }}"}}, "__type": "operator"}], "dag_dependencies": [], "params": []}}', 'data_compressed': None, 'last_updated': datetime.datetime(2025, 5, 29, 11, 31, 29, 678273, tzinfo=Timezone('UTC')), 'dag_hash': 'bcb09ba530aebe419983f76f0cc970f3', 'processor_subdir': '/opt/airflow/dags'}]
(Background on this error at: https://sqlalche.me/e/14/gkpj)
[2025-05-29T11:31:35.444+0000] {logging_mixin.py:190} INFO - [2025-05-29T11:31:35.442+0000] {override.py:1911} INFO - Created Permission View: can edit on None
[2025-05-29T11:31:36.395+0000] {logging_mixin.py:190} INFO - [2025-05-29T11:31:36.394+0000] {override.py:1911} INFO - Created Permission View: can delete on DAG:data_synth
[2025-05-29T11:31:36.569+0000] {logging_mixin.py:190} INFO - [2025-05-29T11:31:36.568+0000] {override.py:1911} INFO - Created Permission View: can read on DAG Run:data_synth
[2025-05-29T11:31:37.003+0000] {logging_mixin.py:190} INFO - [2025-05-29T11:31:37.002+0000] {override.py:1911} INFO - Created Permission View: can delete on DAG Run:data_synth
[2025-05-29T11:31:37.346+0000] {logging_mixin.py:190} INFO - [2025-05-29T11:31:37.345+0000] {override.py:1911} INFO - Created Permission View: menu access on DAG Run:data_synth
[2025-05-29T11:31:37.471+0000] {logging_mixin.py:190} INFO - [2025-05-29T11:31:37.470+0000] {override.py:1911} INFO - Created Permission View: can create on DAG Run:data_synth
[2025-05-29T11:31:37.523+0000] {logging_mixin.py:190} INFO - [2025-05-29T11:31:37.521+0000] {dag.py:3239} INFO - Sync 1 DAGs
[2025-05-29T11:31:38.173+0000] {logging_mixin.py:190} INFO - [2025-05-29T11:31:38.171+0000] {dag.py:3262} INFO - Creating ORM DAG for data_synth
[2025-05-29T11:31:38.809+0000] {logging_mixin.py:190} INFO - [2025-05-29T11:31:38.808+0000] {dag.py:4180} INFO - Setting next_dagrun for data_synth to 2025-05-22 18:30:00+00:00, run_after=2025-05-23 18:30:00+00:00
[2025-05-29T11:31:40.424+0000] {logging_mixin.py:190} INFO - [2025-05-29T11:31:40.552+0000] {dagbag.py:698} ERROR - Failed to write serialized DAG: /opt/airflow/dags/data_synth.py
Traceback (most recent call last):
  File "/home/airflow/.local/lib/python3.12/site-packages/airflow/models/dagbag.py", line 686, in _serialize_dag_capturing_errors
    dag_was_updated = SerializedDagModel.write_dag(
                      ^^^^^^^^^^^^^^^^^^^^^^^^^^^^^
  File "/home/airflow/.local/lib/python3.12/site-packages/airflow/utils/session.py", line 94, in wrapper
    return func(*args, **kwargs)
           ^^^^^^^^^^^^^^^^^^^^^
  File "/home/airflow/.local/lib/python3.12/site-packages/airflow/models/serialized_dag.py", line 160, in write_dag
    if session.scalar(
       ^^^^^^^^^^^^^^^
  File "/home/airflow/.local/lib/python3.12/site-packages/sqlalchemy/orm/session.py", line 1747, in scalar
    return self.execute(
           ^^^^^^^^^^^^^
  File "/home/airflow/.local/lib/python3.12/site-packages/sqlalchemy/orm/session.py", line 1716, in execute
    conn = self._connection_for_bind(bind)
           ^^^^^^^^^^^^^^^^^^^^^^^^^^^^^^^
  File "/home/airflow/.local/lib/python3.12/site-packages/sqlalchemy/orm/session.py", line 1555, in _connection_for_bind
    return self._transaction._connection_for_bind(
           ^^^^^^^^^^^^^^^^^^^^^^^^^^^^^^^^^^^^^^^
  File "/home/airflow/.local/lib/python3.12/site-packages/sqlalchemy/orm/session.py", line 724, in _connection_for_bind
    self._assert_active()
  File "/home/airflow/.local/lib/python3.12/site-packages/sqlalchemy/orm/session.py", line 604, in _assert_active
    raise sa_exc.PendingRollbackError(
sqlalchemy.exc.PendingRollbackError: This Session's transaction has been rolled back due to a previous exception during flush. To begin a new transaction with this Session, first issue Session.rollback(). Original exception was: (psycopg2.errors.UniqueViolation) duplicate key value violates unique constraint "dag_pkey"
DETAIL:  Key (dag_id)=(data_synth) already exists.

[SQL: INSERT INTO dag (dag_id, root_dag_id, is_paused, is_subdag, is_active, last_parsed_time, last_pickled, last_expired, scheduler_lock, pickle_id, fileloc, processor_subdir, owners, dag_display_name, description, default_view, schedule_interval, timetable_description, dataset_expression, max_active_tasks, max_active_runs, max_consecutive_failed_dag_runs, has_task_concurrency_limits, has_import_errors, next_dagrun, next_dagrun_data_interval_start, next_dagrun_data_interval_end, next_dagrun_create_after) VALUES (%(dag_id)s, %(root_dag_id)s, %(is_paused)s, %(is_subdag)s, %(is_active)s, %(last_parsed_time)s, %(last_pickled)s, %(last_expired)s, %(scheduler_lock)s, %(pickle_id)s, %(fileloc)s, %(processor_subdir)s, %(owners)s, %(dag_display_name)s, %(description)s, %(default_view)s, %(schedule_interval)s, %(timetable_description)s, %(dataset_expression)s, %(max_active_tasks)s, %(max_active_runs)s, %(max_consecutive_failed_dag_runs)s, %(has_task_concurrency_limits)s, %(has_import_errors)s, %(next_dagrun)s, %(next_dagrun_data_interval_start)s, %(next_dagrun_data_interval_end)s, %(next_dagrun_create_after)s)]
[parameters: {'dag_id': 'data_synth', 'root_dag_id': None, 'is_paused': True, 'is_subdag': False, 'is_active': True, 'last_parsed_time': datetime.datetime(2025, 5, 29, 11, 31, 38, 671855, tzinfo=Timezone('UTC')), 'last_pickled': None, 'last_expired': None, 'scheduler_lock': None, 'pickle_id': None, 'fileloc': '/opt/airflow/dags/data_synth.py', 'processor_subdir': '/opt/airflow/dags', 'owners': 'airflow', 'dag_display_name': None, 'description': None, 'default_view': 'grid', 'schedule_interval': '"30 18 * * 1-5"', 'timetable_description': 'At 18:30, Monday through Friday', 'dataset_expression': 'null', 'max_active_tasks': 16, 'max_active_runs': 16, 'max_consecutive_failed_dag_runs': 0, 'has_task_concurrency_limits': False, 'has_import_errors': False, 'next_dagrun': DateTime(2025, 5, 22, 18, 30, 0, tzinfo=Timezone('UTC')), 'next_dagrun_data_interval_start': DateTime(2025, 5, 22, 18, 30, 0, tzinfo=Timezone('UTC')), 'next_dagrun_data_interval_end': DateTime(2025, 5, 23, 18, 30, 0, tzinfo=Timezone('UTC')), 'next_dagrun_create_after': DateTime(2025, 5, 23, 18, 30, 0, tzinfo=Timezone('UTC'))}]
(Background on this error at: https://sqlalche.me/e/14/gkpj) (Background on this error at: https://sqlalche.me/e/14/7s2a)
[2025-05-29T11:31:39.029+0000] {logging_mixin.py:190} INFO - [2025-05-29T11:31:39.029+0000] {dag.py:3239} INFO - Sync 1 DAGs
[2025-05-29T11:31:39.185+0000] {processor.py:211} ERROR - Got an exception! Propagating...
Traceback (most recent call last):
  File "/home/airflow/.local/lib/python3.12/site-packages/airflow/dag_processing/processor.py", line 207, in _run_file_processor
    _handle_dag_file_processing()
  File "/home/airflow/.local/lib/python3.12/site-packages/airflow/dag_processing/processor.py", line 188, in _handle_dag_file_processing
    result: tuple[int, int, int] = dag_file_processor.process_file(
                                   ^^^^^^^^^^^^^^^^^^^^^^^^^^^^^^^^
  File "/home/airflow/.local/lib/python3.12/site-packages/airflow/utils/session.py", line 97, in wrapper
    return func(*args, session=session, **kwargs)
           ^^^^^^^^^^^^^^^^^^^^^^^^^^^^^^^^^^^^^^
  File "/home/airflow/.local/lib/python3.12/site-packages/airflow/dag_processing/processor.py", line 942, in process_file
    serialize_errors = DagFileProcessor.save_dag_to_db(
                       ^^^^^^^^^^^^^^^^^^^^^^^^^^^^^^^^
  File "/home/airflow/.local/lib/python3.12/site-packages/airflow/api_internal/internal_api_call.py", line 166, in wrapper
    return func(*args, **kwargs)
           ^^^^^^^^^^^^^^^^^^^^^
  File "/home/airflow/.local/lib/python3.12/site-packages/airflow/utils/session.py", line 97, in wrapper
    return func(*args, session=session, **kwargs)
           ^^^^^^^^^^^^^^^^^^^^^^^^^^^^^^^^^^^^^^
  File "/home/airflow/.local/lib/python3.12/site-packages/airflow/dag_processing/processor.py", line 982, in save_dag_to_db
    import_errors = DagBag._sync_to_db(dags=dags, processor_subdir=dag_directory, session=session)
                    ^^^^^^^^^^^^^^^^^^^^^^^^^^^^^^^^^^^^^^^^^^^^^^^^^^^^^^^^^^^^^^^^^^^^^^^^^^^^^^
  File "/home/airflow/.local/lib/python3.12/site-packages/airflow/utils/session.py", line 94, in wrapper
    return func(*args, **kwargs)
           ^^^^^^^^^^^^^^^^^^^^^
  File "/home/airflow/.local/lib/python3.12/site-packages/airflow/models/dagbag.py", line 708, in _sync_to_db
    for attempt in run_with_db_retries(logger=log):
                   ^^^^^^^^^^^^^^^^^^^^^^^^^^^^^^^
  File "/home/airflow/.local/lib/python3.12/site-packages/tenacity/__init__.py", line 443, in __iter__
    do = self.iter(retry_state=retry_state)
         ^^^^^^^^^^^^^^^^^^^^^^^^^^^^^^^^^^
  File "/home/airflow/.local/lib/python3.12/site-packages/tenacity/__init__.py", line 376, in iter
    result = action(retry_state)
             ^^^^^^^^^^^^^^^^^^^
  File "/home/airflow/.local/lib/python3.12/site-packages/tenacity/__init__.py", line 398, in <lambda>
    self._add_action_func(lambda rs: rs.outcome.result())
                                     ^^^^^^^^^^^^^^^^^^^
  File "/usr/local/lib/python3.12/concurrent/futures/_base.py", line 449, in result
    return self.__get_result()
           ^^^^^^^^^^^^^^^^^^^
  File "/usr/local/lib/python3.12/concurrent/futures/_base.py", line 401, in __get_result
    raise self._exception
  File "/home/airflow/.local/lib/python3.12/site-packages/airflow/models/dagbag.py", line 724, in _sync_to_db
    DAG.bulk_write_to_db(dags.values(), processor_subdir=processor_subdir, session=session)
  File "/home/airflow/.local/lib/python3.12/site-packages/airflow/utils/session.py", line 94, in wrapper
    return func(*args, **kwargs)
           ^^^^^^^^^^^^^^^^^^^^^
  File "/home/airflow/.local/lib/python3.12/site-packages/airflow/models/dag.py", line 3252, in bulk_write_to_db
    orm_dags: list[DagModel] = session.scalars(query).unique().all()
                               ^^^^^^^^^^^^^^^^^^^^^^
  File "/home/airflow/.local/lib/python3.12/site-packages/sqlalchemy/orm/session.py", line 1778, in scalars
    return self.execute(
           ^^^^^^^^^^^^^
  File "/home/airflow/.local/lib/python3.12/site-packages/sqlalchemy/orm/session.py", line 1716, in execute
    conn = self._connection_for_bind(bind)
           ^^^^^^^^^^^^^^^^^^^^^^^^^^^^^^^
  File "/home/airflow/.local/lib/python3.12/site-packages/sqlalchemy/orm/session.py", line 1555, in _connection_for_bind
    return self._transaction._connection_for_bind(
           ^^^^^^^^^^^^^^^^^^^^^^^^^^^^^^^^^^^^^^^
  File "/home/airflow/.local/lib/python3.12/site-packages/sqlalchemy/orm/session.py", line 724, in _connection_for_bind
    self._assert_active()
  File "/home/airflow/.local/lib/python3.12/site-packages/sqlalchemy/orm/session.py", line 604, in _assert_active
    raise sa_exc.PendingRollbackError(
sqlalchemy.exc.PendingRollbackError: This Session's transaction has been rolled back due to a previous exception during flush. To begin a new transaction with this Session, first issue Session.rollback(). Original exception was: (psycopg2.errors.UniqueViolation) duplicate key value violates unique constraint "dag_pkey"
DETAIL:  Key (dag_id)=(data_synth) already exists.

[SQL: INSERT INTO dag (dag_id, root_dag_id, is_paused, is_subdag, is_active, last_parsed_time, last_pickled, last_expired, scheduler_lock, pickle_id, fileloc, processor_subdir, owners, dag_display_name, description, default_view, schedule_interval, timetable_description, dataset_expression, max_active_tasks, max_active_runs, max_consecutive_failed_dag_runs, has_task_concurrency_limits, has_import_errors, next_dagrun, next_dagrun_data_interval_start, next_dagrun_data_interval_end, next_dagrun_create_after) VALUES (%(dag_id)s, %(root_dag_id)s, %(is_paused)s, %(is_subdag)s, %(is_active)s, %(last_parsed_time)s, %(last_pickled)s, %(last_expired)s, %(scheduler_lock)s, %(pickle_id)s, %(fileloc)s, %(processor_subdir)s, %(owners)s, %(dag_display_name)s, %(description)s, %(default_view)s, %(schedule_interval)s, %(timetable_description)s, %(dataset_expression)s, %(max_active_tasks)s, %(max_active_runs)s, %(max_consecutive_failed_dag_runs)s, %(has_task_concurrency_limits)s, %(has_import_errors)s, %(next_dagrun)s, %(next_dagrun_data_interval_start)s, %(next_dagrun_data_interval_end)s, %(next_dagrun_create_after)s)]
[parameters: {'dag_id': 'data_synth', 'root_dag_id': None, 'is_paused': True, 'is_subdag': False, 'is_active': True, 'last_parsed_time': datetime.datetime(2025, 5, 29, 11, 31, 38, 671855, tzinfo=Timezone('UTC')), 'last_pickled': None, 'last_expired': None, 'scheduler_lock': None, 'pickle_id': None, 'fileloc': '/opt/airflow/dags/data_synth.py', 'processor_subdir': '/opt/airflow/dags', 'owners': 'airflow', 'dag_display_name': None, 'description': None, 'default_view': 'grid', 'schedule_interval': '"30 18 * * 1-5"', 'timetable_description': 'At 18:30, Monday through Friday', 'dataset_expression': 'null', 'max_active_tasks': 16, 'max_active_runs': 16, 'max_consecutive_failed_dag_runs': 0, 'has_task_concurrency_limits': False, 'has_import_errors': False, 'next_dagrun': DateTime(2025, 5, 22, 18, 30, 0, tzinfo=Timezone('UTC')), 'next_dagrun_data_interval_start': DateTime(2025, 5, 22, 18, 30, 0, tzinfo=Timezone('UTC')), 'next_dagrun_data_interval_end': DateTime(2025, 5, 23, 18, 30, 0, tzinfo=Timezone('UTC')), 'next_dagrun_create_after': DateTime(2025, 5, 23, 18, 30, 0, tzinfo=Timezone('UTC'))}]
(Background on this error at: https://sqlalche.me/e/14/gkpj) (Background on this error at: https://sqlalche.me/e/14/7s2a)
[2025-05-29T11:32:13.748+0000] {processor.py:186} INFO - Started process (PID=124) to work on /opt/airflow/dags/data_synth.py
[2025-05-29T11:32:13.826+0000] {processor.py:914} INFO - Processing file /opt/airflow/dags/data_synth.py for tasks to queue
[2025-05-29T11:32:14.009+0000] {logging_mixin.py:190} INFO - [2025-05-29T11:32:14.008+0000] {dagbag.py:588} INFO - Filling up the DagBag from /opt/airflow/dags/data_synth.py
[2025-05-29T11:32:41.553+0000] {processor.py:925} INFO - DAG(s) 'data_synth' retrieved from /opt/airflow/dags/data_synth.py
[2025-05-29T11:32:46.583+0000] {logging_mixin.py:190} INFO - [2025-05-29T11:32:46.582+0000] {dag.py:3239} INFO - Sync 1 DAGs
[2025-05-29T11:32:47.899+0000] {logging_mixin.py:190} INFO - [2025-05-29T11:32:47.898+0000] {dag.py:4180} INFO - Setting next_dagrun for data_synth to 2025-05-22 18:30:00+00:00, run_after=2025-05-23 18:30:00+00:00
[2025-05-29T11:32:49.296+0000] {processor.py:208} INFO - Processing /opt/airflow/dags/data_synth.py took 38.039 seconds
[2025-05-29T11:33:24.607+0000] {processor.py:186} INFO - Started process (PID=143) to work on /opt/airflow/dags/data_synth.py
[2025-05-29T11:33:24.662+0000] {processor.py:914} INFO - Processing file /opt/airflow/dags/data_synth.py for tasks to queue
[2025-05-29T11:33:25.021+0000] {logging_mixin.py:190} INFO - [2025-05-29T11:33:25.005+0000] {dagbag.py:588} INFO - Filling up the DagBag from /opt/airflow/dags/data_synth.py
[2025-05-29T11:33:45.512+0000] {processor.py:925} INFO - DAG(s) 'data_synth' retrieved from /opt/airflow/dags/data_synth.py
[2025-05-29T11:33:50.259+0000] {logging_mixin.py:190} INFO - [2025-05-29T11:33:50.255+0000] {dag.py:3239} INFO - Sync 1 DAGs
[2025-05-29T11:33:51.348+0000] {logging_mixin.py:190} INFO - [2025-05-29T11:33:51.333+0000] {dag.py:4180} INFO - Setting next_dagrun for data_synth to 2025-05-22 18:30:00+00:00, run_after=2025-05-23 18:30:00+00:00
[2025-05-29T11:33:52.486+0000] {processor.py:208} INFO - Processing /opt/airflow/dags/data_synth.py took 30.007 seconds
[2025-05-29T11:34:24.349+0000] {processor.py:186} INFO - Started process (PID=162) to work on /opt/airflow/dags/data_synth.py
[2025-05-29T11:34:24.368+0000] {processor.py:914} INFO - Processing file /opt/airflow/dags/data_synth.py for tasks to queue
[2025-05-29T11:34:24.406+0000] {logging_mixin.py:190} INFO - [2025-05-29T11:34:24.405+0000] {dagbag.py:588} INFO - Filling up the DagBag from /opt/airflow/dags/data_synth.py
[2025-05-29T11:34:34.636+0000] {processor.py:925} INFO - DAG(s) 'data_synth' retrieved from /opt/airflow/dags/data_synth.py
[2025-05-29T11:34:37.366+0000] {logging_mixin.py:190} INFO - [2025-05-29T11:34:37.318+0000] {dag.py:3239} INFO - Sync 1 DAGs
[2025-05-29T11:34:38.615+0000] {logging_mixin.py:190} INFO - [2025-05-29T11:34:38.614+0000] {dag.py:4180} INFO - Setting next_dagrun for data_synth to 2025-05-22 18:30:00+00:00, run_after=2025-05-23 18:30:00+00:00
[2025-05-29T11:34:39.300+0000] {processor.py:208} INFO - Processing /opt/airflow/dags/data_synth.py took 16.896 seconds
[2025-05-29T11:35:16.811+0000] {processor.py:186} INFO - Started process (PID=181) to work on /opt/airflow/dags/data_synth.py
[2025-05-29T11:35:16.847+0000] {processor.py:914} INFO - Processing file /opt/airflow/dags/data_synth.py for tasks to queue
[2025-05-29T11:35:17.110+0000] {logging_mixin.py:190} INFO - [2025-05-29T11:35:17.047+0000] {dagbag.py:588} INFO - Filling up the DagBag from /opt/airflow/dags/data_synth.py
[2025-05-29T11:35:23.753+0000] {processor.py:925} INFO - DAG(s) 'data_synth' retrieved from /opt/airflow/dags/data_synth.py
[2025-05-29T11:35:23.434+0000] {logging_mixin.py:190} INFO - [2025-05-29T11:35:23.405+0000] {dag.py:3239} INFO - Sync 1 DAGs
[2025-05-29T11:35:23.828+0000] {logging_mixin.py:190} INFO - [2025-05-29T11:35:23.827+0000] {dag.py:4180} INFO - Setting next_dagrun for data_synth to 2025-05-22 18:30:00+00:00, run_after=2025-05-23 18:30:00+00:00
[2025-05-29T11:35:24.249+0000] {processor.py:208} INFO - Processing /opt/airflow/dags/data_synth.py took 10.225 seconds
[2025-05-29T11:35:55.164+0000] {processor.py:186} INFO - Started process (PID=195) to work on /opt/airflow/dags/data_synth.py
[2025-05-29T11:35:55.167+0000] {processor.py:914} INFO - Processing file /opt/airflow/dags/data_synth.py for tasks to queue
[2025-05-29T11:35:55.176+0000] {logging_mixin.py:190} INFO - [2025-05-29T11:35:55.175+0000] {dagbag.py:588} INFO - Filling up the DagBag from /opt/airflow/dags/data_synth.py
[2025-05-29T11:35:56.404+0000] {processor.py:925} INFO - DAG(s) 'data_synth' retrieved from /opt/airflow/dags/data_synth.py
[2025-05-29T11:35:56.440+0000] {logging_mixin.py:190} INFO - [2025-05-29T11:35:56.437+0000] {dag.py:3239} INFO - Sync 1 DAGs
[2025-05-29T11:35:56.537+0000] {logging_mixin.py:190} INFO - [2025-05-29T11:35:56.536+0000] {dag.py:4180} INFO - Setting next_dagrun for data_synth to 2025-05-22 18:30:00+00:00, run_after=2025-05-23 18:30:00+00:00
[2025-05-29T11:35:56.672+0000] {processor.py:208} INFO - Processing /opt/airflow/dags/data_synth.py took 1.527 seconds
[2025-05-29T11:36:27.088+0000] {processor.py:186} INFO - Started process (PID=207) to work on /opt/airflow/dags/data_synth.py
[2025-05-29T11:36:27.092+0000] {processor.py:914} INFO - Processing file /opt/airflow/dags/data_synth.py for tasks to queue
[2025-05-29T11:36:27.104+0000] {logging_mixin.py:190} INFO - [2025-05-29T11:36:27.103+0000] {dagbag.py:588} INFO - Filling up the DagBag from /opt/airflow/dags/data_synth.py
[2025-05-29T11:36:28.701+0000] {processor.py:925} INFO - DAG(s) 'data_synth' retrieved from /opt/airflow/dags/data_synth.py
[2025-05-29T11:36:29.460+0000] {logging_mixin.py:190} INFO - [2025-05-29T11:36:29.459+0000] {dag.py:3239} INFO - Sync 1 DAGs
[2025-05-29T11:36:29.768+0000] {logging_mixin.py:190} INFO - [2025-05-29T11:36:29.767+0000] {dag.py:4180} INFO - Setting next_dagrun for data_synth to 2025-05-22 18:30:00+00:00, run_after=2025-05-23 18:30:00+00:00
[2025-05-29T11:36:29.869+0000] {processor.py:208} INFO - Processing /opt/airflow/dags/data_synth.py took 2.808 seconds
[2025-05-29T11:37:00.293+0000] {processor.py:186} INFO - Started process (PID=226) to work on /opt/airflow/dags/data_synth.py
[2025-05-29T11:37:00.297+0000] {processor.py:914} INFO - Processing file /opt/airflow/dags/data_synth.py for tasks to queue
[2025-05-29T11:37:00.305+0000] {logging_mixin.py:190} INFO - [2025-05-29T11:37:00.304+0000] {dagbag.py:588} INFO - Filling up the DagBag from /opt/airflow/dags/data_synth.py
[2025-05-29T11:37:01.499+0000] {processor.py:925} INFO - DAG(s) 'data_synth' retrieved from /opt/airflow/dags/data_synth.py
[2025-05-29T11:37:01.913+0000] {logging_mixin.py:190} INFO - [2025-05-29T11:37:01.912+0000] {dag.py:3239} INFO - Sync 1 DAGs
[2025-05-29T11:37:02.148+0000] {logging_mixin.py:190} INFO - [2025-05-29T11:37:02.147+0000] {dag.py:4180} INFO - Setting next_dagrun for data_synth to 2025-05-22 18:30:00+00:00, run_after=2025-05-23 18:30:00+00:00
[2025-05-29T11:37:02.284+0000] {processor.py:208} INFO - Processing /opt/airflow/dags/data_synth.py took 2.019 seconds
[2025-05-29T11:37:33.314+0000] {processor.py:186} INFO - Started process (PID=239) to work on /opt/airflow/dags/data_synth.py
[2025-05-29T11:37:33.318+0000] {processor.py:914} INFO - Processing file /opt/airflow/dags/data_synth.py for tasks to queue
[2025-05-29T11:37:33.335+0000] {logging_mixin.py:190} INFO - [2025-05-29T11:37:33.332+0000] {dagbag.py:588} INFO - Filling up the DagBag from /opt/airflow/dags/data_synth.py
[2025-05-29T11:37:35.464+0000] {processor.py:925} INFO - DAG(s) 'data_synth' retrieved from /opt/airflow/dags/data_synth.py
[2025-05-29T11:37:37.061+0000] {logging_mixin.py:190} INFO - [2025-05-29T11:37:37.060+0000] {dag.py:3239} INFO - Sync 1 DAGs
[2025-05-29T11:37:37.602+0000] {logging_mixin.py:190} INFO - [2025-05-29T11:37:37.602+0000] {dag.py:4180} INFO - Setting next_dagrun for data_synth to 2025-05-22 18:30:00+00:00, run_after=2025-05-23 18:30:00+00:00
[2025-05-29T11:37:37.826+0000] {processor.py:208} INFO - Processing /opt/airflow/dags/data_synth.py took 4.578 seconds
[2025-05-29T11:38:09.784+0000] {processor.py:186} INFO - Started process (PID=252) to work on /opt/airflow/dags/data_synth.py
[2025-05-29T11:38:09.846+0000] {processor.py:914} INFO - Processing file /opt/airflow/dags/data_synth.py for tasks to queue
[2025-05-29T11:38:09.934+0000] {logging_mixin.py:190} INFO - [2025-05-29T11:38:09.933+0000] {dagbag.py:588} INFO - Filling up the DagBag from /opt/airflow/dags/data_synth.py
[2025-05-29T11:38:18.206+0000] {processor.py:925} INFO - DAG(s) 'data_synth' retrieved from /opt/airflow/dags/data_synth.py
[2025-05-29T11:38:20.025+0000] {logging_mixin.py:190} INFO - [2025-05-29T11:38:20.023+0000] {dag.py:3239} INFO - Sync 1 DAGs
[2025-05-29T11:38:20.381+0000] {logging_mixin.py:190} INFO - [2025-05-29T11:38:20.380+0000] {dag.py:4180} INFO - Setting next_dagrun for data_synth to 2025-05-22 18:30:00+00:00, run_after=2025-05-23 18:30:00+00:00
[2025-05-29T11:38:20.757+0000] {processor.py:208} INFO - Processing /opt/airflow/dags/data_synth.py took 11.785 seconds
[2025-05-29T11:38:51.890+0000] {processor.py:186} INFO - Started process (PID=265) to work on /opt/airflow/dags/data_synth.py
[2025-05-29T11:38:51.905+0000] {processor.py:914} INFO - Processing file /opt/airflow/dags/data_synth.py for tasks to queue
[2025-05-29T11:38:51.922+0000] {logging_mixin.py:190} INFO - [2025-05-29T11:38:51.922+0000] {dagbag.py:588} INFO - Filling up the DagBag from /opt/airflow/dags/data_synth.py
[2025-05-29T11:38:54.798+0000] {processor.py:925} INFO - DAG(s) 'data_synth' retrieved from /opt/airflow/dags/data_synth.py
[2025-05-29T11:38:55.509+0000] {logging_mixin.py:190} INFO - [2025-05-29T11:38:55.508+0000] {dag.py:3239} INFO - Sync 1 DAGs
[2025-05-29T11:38:55.577+0000] {logging_mixin.py:190} INFO - [2025-05-29T11:38:55.576+0000] {dag.py:4180} INFO - Setting next_dagrun for data_synth to 2025-05-22 18:30:00+00:00, run_after=2025-05-23 18:30:00+00:00
[2025-05-29T11:38:55.629+0000] {processor.py:208} INFO - Processing /opt/airflow/dags/data_synth.py took 3.811 seconds
[2025-05-29T11:39:26.156+0000] {processor.py:186} INFO - Started process (PID=283) to work on /opt/airflow/dags/data_synth.py
[2025-05-29T11:39:26.178+0000] {processor.py:914} INFO - Processing file /opt/airflow/dags/data_synth.py for tasks to queue
[2025-05-29T11:39:26.212+0000] {logging_mixin.py:190} INFO - [2025-05-29T11:39:26.211+0000] {dagbag.py:588} INFO - Filling up the DagBag from /opt/airflow/dags/data_synth.py
[2025-05-29T11:39:30.821+0000] {processor.py:925} INFO - DAG(s) 'data_synth' retrieved from /opt/airflow/dags/data_synth.py
[2025-05-29T11:39:31.639+0000] {logging_mixin.py:190} INFO - [2025-05-29T11:39:31.638+0000] {dag.py:3239} INFO - Sync 1 DAGs
[2025-05-29T11:39:31.945+0000] {logging_mixin.py:190} INFO - [2025-05-29T11:39:31.944+0000] {dag.py:4180} INFO - Setting next_dagrun for data_synth to 2025-05-22 18:30:00+00:00, run_after=2025-05-23 18:30:00+00:00
[2025-05-29T11:39:32.199+0000] {processor.py:208} INFO - Processing /opt/airflow/dags/data_synth.py took 6.136 seconds
[2025-05-29T11:40:04.431+0000] {processor.py:186} INFO - Started process (PID=295) to work on /opt/airflow/dags/data_synth.py
[2025-05-29T11:40:04.441+0000] {processor.py:914} INFO - Processing file /opt/airflow/dags/data_synth.py for tasks to queue
[2025-05-29T11:40:04.465+0000] {logging_mixin.py:190} INFO - [2025-05-29T11:40:04.459+0000] {dagbag.py:588} INFO - Filling up the DagBag from /opt/airflow/dags/data_synth.py
[2025-05-29T11:40:08.717+0000] {processor.py:925} INFO - DAG(s) 'data_synth' retrieved from /opt/airflow/dags/data_synth.py
[2025-05-29T11:40:08.562+0000] {logging_mixin.py:190} INFO - [2025-05-29T11:40:08.545+0000] {dag.py:3239} INFO - Sync 1 DAGs
[2025-05-29T11:40:09.224+0000] {logging_mixin.py:190} INFO - [2025-05-29T11:40:09.223+0000] {dag.py:4180} INFO - Setting next_dagrun for data_synth to 2025-05-22 18:30:00+00:00, run_after=2025-05-23 18:30:00+00:00
[2025-05-29T11:40:09.435+0000] {processor.py:208} INFO - Processing /opt/airflow/dags/data_synth.py took 6.793 seconds
[2025-05-29T11:40:42.147+0000] {processor.py:186} INFO - Started process (PID=308) to work on /opt/airflow/dags/data_synth.py
[2025-05-29T11:40:42.180+0000] {processor.py:914} INFO - Processing file /opt/airflow/dags/data_synth.py for tasks to queue
[2025-05-29T11:40:42.249+0000] {logging_mixin.py:190} INFO - [2025-05-29T11:40:42.234+0000] {dagbag.py:588} INFO - Filling up the DagBag from /opt/airflow/dags/data_synth.py
[2025-05-29T11:40:49.196+0000] {processor.py:925} INFO - DAG(s) 'data_synth' retrieved from /opt/airflow/dags/data_synth.py
[2025-05-29T11:40:51.202+0000] {logging_mixin.py:190} INFO - [2025-05-29T11:40:51.201+0000] {dag.py:3239} INFO - Sync 1 DAGs
[2025-05-29T11:40:51.886+0000] {logging_mixin.py:190} INFO - [2025-05-29T11:40:51.885+0000] {dag.py:4180} INFO - Setting next_dagrun for data_synth to 2025-05-22 18:30:00+00:00, run_after=2025-05-23 18:30:00+00:00
[2025-05-29T11:40:52.268+0000] {processor.py:208} INFO - Processing /opt/airflow/dags/data_synth.py took 10.221 seconds
[2025-05-29T11:41:25.767+0000] {processor.py:186} INFO - Started process (PID=328) to work on /opt/airflow/dags/data_synth.py
[2025-05-29T11:41:25.889+0000] {processor.py:914} INFO - Processing file /opt/airflow/dags/data_synth.py for tasks to queue
[2025-05-29T11:41:26.041+0000] {logging_mixin.py:190} INFO - [2025-05-29T11:41:26.040+0000] {dagbag.py:588} INFO - Filling up the DagBag from /opt/airflow/dags/data_synth.py
[2025-05-29T11:41:31.691+0000] {processor.py:925} INFO - DAG(s) 'data_synth' retrieved from /opt/airflow/dags/data_synth.py
[2025-05-29T11:41:34.337+0000] {logging_mixin.py:190} INFO - [2025-05-29T11:41:34.336+0000] {dag.py:3239} INFO - Sync 1 DAGs
[2025-05-29T11:41:34.645+0000] {logging_mixin.py:190} INFO - [2025-05-29T11:41:34.642+0000] {dag.py:4180} INFO - Setting next_dagrun for data_synth to 2025-05-22 18:30:00+00:00, run_after=2025-05-23 18:30:00+00:00
[2025-05-29T11:41:34.887+0000] {processor.py:208} INFO - Processing /opt/airflow/dags/data_synth.py took 9.197 seconds
[2025-05-29T11:42:05.955+0000] {processor.py:186} INFO - Started process (PID=343) to work on /opt/airflow/dags/data_synth.py
[2025-05-29T11:42:05.958+0000] {processor.py:914} INFO - Processing file /opt/airflow/dags/data_synth.py for tasks to queue
[2025-05-29T11:42:05.965+0000] {logging_mixin.py:190} INFO - [2025-05-29T11:42:05.964+0000] {dagbag.py:588} INFO - Filling up the DagBag from /opt/airflow/dags/data_synth.py
[2025-05-29T11:42:06.944+0000] {processor.py:925} INFO - DAG(s) 'data_synth' retrieved from /opt/airflow/dags/data_synth.py
[2025-05-29T11:42:06.975+0000] {logging_mixin.py:190} INFO - [2025-05-29T11:42:06.974+0000] {dag.py:3239} INFO - Sync 1 DAGs
[2025-05-29T11:42:07.072+0000] {logging_mixin.py:190} INFO - [2025-05-29T11:42:07.071+0000] {dag.py:4180} INFO - Setting next_dagrun for data_synth to 2025-05-22 18:30:00+00:00, run_after=2025-05-23 18:30:00+00:00
[2025-05-29T11:42:07.137+0000] {processor.py:208} INFO - Processing /opt/airflow/dags/data_synth.py took 1.201 seconds
[2025-05-29T11:42:37.350+0000] {processor.py:186} INFO - Started process (PID=356) to work on /opt/airflow/dags/data_synth.py
[2025-05-29T11:42:37.354+0000] {processor.py:914} INFO - Processing file /opt/airflow/dags/data_synth.py for tasks to queue
[2025-05-29T11:42:37.368+0000] {logging_mixin.py:190} INFO - [2025-05-29T11:42:37.367+0000] {dagbag.py:588} INFO - Filling up the DagBag from /opt/airflow/dags/data_synth.py
[2025-05-29T11:42:40.223+0000] {processor.py:925} INFO - DAG(s) 'data_synth' retrieved from /opt/airflow/dags/data_synth.py
[2025-05-29T11:42:40.365+0000] {logging_mixin.py:190} INFO - [2025-05-29T11:42:40.363+0000] {dag.py:3239} INFO - Sync 1 DAGs
[2025-05-29T11:42:40.577+0000] {logging_mixin.py:190} INFO - [2025-05-29T11:42:40.577+0000] {dag.py:4180} INFO - Setting next_dagrun for data_synth to 2025-05-22 18:30:00+00:00, run_after=2025-05-23 18:30:00+00:00
[2025-05-29T11:42:40.895+0000] {processor.py:208} INFO - Processing /opt/airflow/dags/data_synth.py took 3.575 seconds
[2025-05-29T11:43:12.350+0000] {processor.py:186} INFO - Started process (PID=370) to work on /opt/airflow/dags/data_synth.py
[2025-05-29T11:43:12.357+0000] {processor.py:914} INFO - Processing file /opt/airflow/dags/data_synth.py for tasks to queue
[2025-05-29T11:43:12.383+0000] {logging_mixin.py:190} INFO - [2025-05-29T11:43:12.382+0000] {dagbag.py:588} INFO - Filling up the DagBag from /opt/airflow/dags/data_synth.py
[2025-05-29T11:43:15.460+0000] {processor.py:925} INFO - DAG(s) 'data_synth' retrieved from /opt/airflow/dags/data_synth.py
[2025-05-29T11:43:15.628+0000] {logging_mixin.py:190} INFO - [2025-05-29T11:43:15.626+0000] {dag.py:3239} INFO - Sync 1 DAGs
[2025-05-29T11:43:16.040+0000] {logging_mixin.py:190} INFO - [2025-05-29T11:43:16.039+0000] {dag.py:4180} INFO - Setting next_dagrun for data_synth to 2025-05-22 18:30:00+00:00, run_after=2025-05-23 18:30:00+00:00
[2025-05-29T11:43:16.253+0000] {processor.py:208} INFO - Processing /opt/airflow/dags/data_synth.py took 3.944 seconds
[2025-05-29T11:43:46.684+0000] {processor.py:186} INFO - Started process (PID=389) to work on /opt/airflow/dags/data_synth.py
[2025-05-29T11:43:46.687+0000] {processor.py:914} INFO - Processing file /opt/airflow/dags/data_synth.py for tasks to queue
[2025-05-29T11:43:46.706+0000] {logging_mixin.py:190} INFO - [2025-05-29T11:43:46.705+0000] {dagbag.py:588} INFO - Filling up the DagBag from /opt/airflow/dags/data_synth.py
[2025-05-29T11:43:50.116+0000] {processor.py:925} INFO - DAG(s) 'data_synth' retrieved from /opt/airflow/dags/data_synth.py
[2025-05-29T11:43:50.206+0000] {logging_mixin.py:190} INFO - [2025-05-29T11:43:50.204+0000] {dag.py:3239} INFO - Sync 1 DAGs
[2025-05-29T11:43:50.553+0000] {logging_mixin.py:190} INFO - [2025-05-29T11:43:50.552+0000] {dag.py:4180} INFO - Setting next_dagrun for data_synth to 2025-05-22 18:30:00+00:00, run_after=2025-05-23 18:30:00+00:00
[2025-05-29T11:43:50.835+0000] {processor.py:208} INFO - Processing /opt/airflow/dags/data_synth.py took 4.194 seconds
[2025-05-29T11:44:22.342+0000] {processor.py:186} INFO - Started process (PID=402) to work on /opt/airflow/dags/data_synth.py
[2025-05-29T11:44:22.347+0000] {processor.py:914} INFO - Processing file /opt/airflow/dags/data_synth.py for tasks to queue
[2025-05-29T11:44:22.375+0000] {logging_mixin.py:190} INFO - [2025-05-29T11:44:22.371+0000] {dagbag.py:588} INFO - Filling up the DagBag from /opt/airflow/dags/data_synth.py
[2025-05-29T11:44:24.819+0000] {processor.py:925} INFO - DAG(s) 'data_synth' retrieved from /opt/airflow/dags/data_synth.py
[2025-05-29T11:44:24.851+0000] {logging_mixin.py:190} INFO - [2025-05-29T11:44:24.849+0000] {dag.py:3239} INFO - Sync 1 DAGs
[2025-05-29T11:44:24.930+0000] {logging_mixin.py:190} INFO - [2025-05-29T11:44:24.929+0000] {dag.py:4180} INFO - Setting next_dagrun for data_synth to 2025-05-22 18:30:00+00:00, run_after=2025-05-23 18:30:00+00:00
[2025-05-29T11:44:25.040+0000] {processor.py:208} INFO - Processing /opt/airflow/dags/data_synth.py took 2.779 seconds
[2025-05-29T11:44:55.865+0000] {processor.py:186} INFO - Started process (PID=415) to work on /opt/airflow/dags/data_synth.py
[2025-05-29T11:44:55.868+0000] {processor.py:914} INFO - Processing file /opt/airflow/dags/data_synth.py for tasks to queue
[2025-05-29T11:44:55.875+0000] {logging_mixin.py:190} INFO - [2025-05-29T11:44:55.874+0000] {dagbag.py:588} INFO - Filling up the DagBag from /opt/airflow/dags/data_synth.py
[2025-05-29T11:44:56.883+0000] {processor.py:925} INFO - DAG(s) 'data_synth' retrieved from /opt/airflow/dags/data_synth.py
[2025-05-29T11:44:56.926+0000] {logging_mixin.py:190} INFO - [2025-05-29T11:44:56.924+0000] {dag.py:3239} INFO - Sync 1 DAGs
[2025-05-29T11:44:57.017+0000] {logging_mixin.py:190} INFO - [2025-05-29T11:44:57.016+0000] {dag.py:4180} INFO - Setting next_dagrun for data_synth to 2025-05-22 18:30:00+00:00, run_after=2025-05-23 18:30:00+00:00
[2025-05-29T11:44:57.067+0000] {processor.py:208} INFO - Processing /opt/airflow/dags/data_synth.py took 1.221 seconds
[2025-05-29T11:45:27.474+0000] {processor.py:186} INFO - Started process (PID=426) to work on /opt/airflow/dags/data_synth.py
[2025-05-29T11:45:27.501+0000] {processor.py:914} INFO - Processing file /opt/airflow/dags/data_synth.py for tasks to queue
[2025-05-29T11:45:27.512+0000] {logging_mixin.py:190} INFO - [2025-05-29T11:45:27.511+0000] {dagbag.py:588} INFO - Filling up the DagBag from /opt/airflow/dags/data_synth.py
[2025-05-29T11:45:28.797+0000] {processor.py:925} INFO - DAG(s) 'data_synth' retrieved from /opt/airflow/dags/data_synth.py
[2025-05-29T11:45:29.176+0000] {logging_mixin.py:190} INFO - [2025-05-29T11:45:29.175+0000] {dag.py:3239} INFO - Sync 1 DAGs
[2025-05-29T11:45:29.352+0000] {logging_mixin.py:190} INFO - [2025-05-29T11:45:29.351+0000] {dag.py:4180} INFO - Setting next_dagrun for data_synth to 2025-05-22 18:30:00+00:00, run_after=2025-05-23 18:30:00+00:00
[2025-05-29T11:45:29.437+0000] {processor.py:208} INFO - Processing /opt/airflow/dags/data_synth.py took 2.010 seconds
[2025-05-29T11:45:59.813+0000] {processor.py:186} INFO - Started process (PID=439) to work on /opt/airflow/dags/data_synth.py
[2025-05-29T11:45:59.817+0000] {processor.py:914} INFO - Processing file /opt/airflow/dags/data_synth.py for tasks to queue
[2025-05-29T11:45:59.826+0000] {logging_mixin.py:190} INFO - [2025-05-29T11:45:59.825+0000] {dagbag.py:588} INFO - Filling up the DagBag from /opt/airflow/dags/data_synth.py
[2025-05-29T11:46:01.699+0000] {processor.py:925} INFO - DAG(s) 'data_synth' retrieved from /opt/airflow/dags/data_synth.py
[2025-05-29T11:46:02.337+0000] {logging_mixin.py:190} INFO - [2025-05-29T11:46:02.335+0000] {dag.py:3239} INFO - Sync 1 DAGs
[2025-05-29T11:46:02.498+0000] {logging_mixin.py:190} INFO - [2025-05-29T11:46:02.497+0000] {dag.py:4180} INFO - Setting next_dagrun for data_synth to 2025-05-22 18:30:00+00:00, run_after=2025-05-23 18:30:00+00:00
[2025-05-29T11:46:02.683+0000] {processor.py:208} INFO - Processing /opt/airflow/dags/data_synth.py took 2.908 seconds
[2025-05-29T11:46:34.123+0000] {processor.py:186} INFO - Started process (PID=453) to work on /opt/airflow/dags/data_synth.py
[2025-05-29T11:46:34.133+0000] {processor.py:914} INFO - Processing file /opt/airflow/dags/data_synth.py for tasks to queue
[2025-05-29T11:46:34.166+0000] {logging_mixin.py:190} INFO - [2025-05-29T11:46:34.165+0000] {dagbag.py:588} INFO - Filling up the DagBag from /opt/airflow/dags/data_synth.py
[2025-05-29T11:46:37.602+0000] {processor.py:925} INFO - DAG(s) 'data_synth' retrieved from /opt/airflow/dags/data_synth.py
[2025-05-29T11:46:39.483+0000] {logging_mixin.py:190} INFO - [2025-05-29T11:46:39.482+0000] {dag.py:3239} INFO - Sync 1 DAGs
[2025-05-29T11:46:39.788+0000] {logging_mixin.py:190} INFO - [2025-05-29T11:46:39.787+0000] {dag.py:4180} INFO - Setting next_dagrun for data_synth to 2025-05-22 18:30:00+00:00, run_after=2025-05-23 18:30:00+00:00
[2025-05-29T11:46:40.110+0000] {processor.py:208} INFO - Processing /opt/airflow/dags/data_synth.py took 6.089 seconds
[2025-05-29T11:47:11.528+0000] {processor.py:186} INFO - Started process (PID=472) to work on /opt/airflow/dags/data_synth.py
[2025-05-29T11:47:11.561+0000] {processor.py:914} INFO - Processing file /opt/airflow/dags/data_synth.py for tasks to queue
[2025-05-29T11:47:11.583+0000] {logging_mixin.py:190} INFO - [2025-05-29T11:47:11.581+0000] {dagbag.py:588} INFO - Filling up the DagBag from /opt/airflow/dags/data_synth.py
[2025-05-29T11:47:15.626+0000] {processor.py:925} INFO - DAG(s) 'data_synth' retrieved from /opt/airflow/dags/data_synth.py
[2025-05-29T11:47:15.275+0000] {logging_mixin.py:190} INFO - [2025-05-29T11:47:15.274+0000] {dag.py:3239} INFO - Sync 1 DAGs
[2025-05-29T11:47:15.554+0000] {logging_mixin.py:190} INFO - [2025-05-29T11:47:15.543+0000] {dag.py:4180} INFO - Setting next_dagrun for data_synth to 2025-05-22 18:30:00+00:00, run_after=2025-05-23 18:30:00+00:00
[2025-05-29T11:47:15.928+0000] {processor.py:208} INFO - Processing /opt/airflow/dags/data_synth.py took 6.094 seconds
[2025-05-29T11:47:47.172+0000] {processor.py:186} INFO - Started process (PID=485) to work on /opt/airflow/dags/data_synth.py
[2025-05-29T11:47:47.186+0000] {processor.py:914} INFO - Processing file /opt/airflow/dags/data_synth.py for tasks to queue
[2025-05-29T11:47:47.206+0000] {logging_mixin.py:190} INFO - [2025-05-29T11:47:47.205+0000] {dagbag.py:588} INFO - Filling up the DagBag from /opt/airflow/dags/data_synth.py
[2025-05-29T11:47:50.879+0000] {processor.py:925} INFO - DAG(s) 'data_synth' retrieved from /opt/airflow/dags/data_synth.py
[2025-05-29T11:47:52.169+0000] {logging_mixin.py:190} INFO - [2025-05-29T11:47:52.167+0000] {dag.py:3239} INFO - Sync 1 DAGs
[2025-05-29T11:47:52.441+0000] {logging_mixin.py:190} INFO - [2025-05-29T11:47:52.441+0000] {dag.py:4180} INFO - Setting next_dagrun for data_synth to 2025-05-22 18:30:00+00:00, run_after=2025-05-23 18:30:00+00:00
[2025-05-29T11:47:52.729+0000] {processor.py:208} INFO - Processing /opt/airflow/dags/data_synth.py took 5.613 seconds
[2025-05-29T11:48:25.053+0000] {processor.py:186} INFO - Started process (PID=499) to work on /opt/airflow/dags/data_synth.py
[2025-05-29T11:48:25.070+0000] {processor.py:914} INFO - Processing file /opt/airflow/dags/data_synth.py for tasks to queue
[2025-05-29T11:48:25.106+0000] {logging_mixin.py:190} INFO - [2025-05-29T11:48:25.105+0000] {dagbag.py:588} INFO - Filling up the DagBag from /opt/airflow/dags/data_synth.py
[2025-05-29T11:48:31.550+0000] {processor.py:925} INFO - DAG(s) 'data_synth' retrieved from /opt/airflow/dags/data_synth.py
[2025-05-29T11:48:33.822+0000] {logging_mixin.py:190} INFO - [2025-05-29T11:48:33.807+0000] {dag.py:3239} INFO - Sync 1 DAGs
[2025-05-29T11:48:34.260+0000] {logging_mixin.py:190} INFO - [2025-05-29T11:48:34.260+0000] {dag.py:4180} INFO - Setting next_dagrun for data_synth to 2025-05-22 18:30:00+00:00, run_after=2025-05-23 18:30:00+00:00
[2025-05-29T11:48:34.683+0000] {processor.py:208} INFO - Processing /opt/airflow/dags/data_synth.py took 9.687 seconds
[2025-05-29T11:49:05.563+0000] {processor.py:186} INFO - Started process (PID=519) to work on /opt/airflow/dags/data_synth.py
[2025-05-29T11:49:05.578+0000] {processor.py:914} INFO - Processing file /opt/airflow/dags/data_synth.py for tasks to queue
[2025-05-29T11:49:05.612+0000] {logging_mixin.py:190} INFO - [2025-05-29T11:49:05.600+0000] {dagbag.py:588} INFO - Filling up the DagBag from /opt/airflow/dags/data_synth.py
[2025-05-29T11:49:09.598+0000] {processor.py:925} INFO - DAG(s) 'data_synth' retrieved from /opt/airflow/dags/data_synth.py
[2025-05-29T11:49:10.029+0000] {logging_mixin.py:190} INFO - [2025-05-29T11:49:10.027+0000] {dag.py:3239} INFO - Sync 1 DAGs
[2025-05-29T11:49:10.231+0000] {logging_mixin.py:190} INFO - [2025-05-29T11:49:10.230+0000] {dag.py:4180} INFO - Setting next_dagrun for data_synth to 2025-05-22 18:30:00+00:00, run_after=2025-05-23 18:30:00+00:00
[2025-05-29T11:49:10.579+0000] {processor.py:208} INFO - Processing /opt/airflow/dags/data_synth.py took 6.889 seconds
[2025-05-29T11:49:43.331+0000] {processor.py:186} INFO - Started process (PID=532) to work on /opt/airflow/dags/data_synth.py
[2025-05-29T11:49:43.348+0000] {processor.py:914} INFO - Processing file /opt/airflow/dags/data_synth.py for tasks to queue
[2025-05-29T11:49:43.386+0000] {logging_mixin.py:190} INFO - [2025-05-29T11:49:43.384+0000] {dagbag.py:588} INFO - Filling up the DagBag from /opt/airflow/dags/data_synth.py
[2025-05-29T11:49:48.265+0000] {processor.py:925} INFO - DAG(s) 'data_synth' retrieved from /opt/airflow/dags/data_synth.py
[2025-05-29T11:49:50.602+0000] {logging_mixin.py:190} INFO - [2025-05-29T11:49:50.600+0000] {dag.py:3239} INFO - Sync 1 DAGs
[2025-05-29T11:49:50.945+0000] {logging_mixin.py:190} INFO - [2025-05-29T11:49:50.931+0000] {dag.py:4180} INFO - Setting next_dagrun for data_synth to 2025-05-22 18:30:00+00:00, run_after=2025-05-23 18:30:00+00:00
[2025-05-29T11:49:51.180+0000] {processor.py:208} INFO - Processing /opt/airflow/dags/data_synth.py took 7.975 seconds
[2025-05-29T11:50:21.719+0000] {processor.py:186} INFO - Started process (PID=545) to work on /opt/airflow/dags/data_synth.py
[2025-05-29T11:50:21.731+0000] {processor.py:914} INFO - Processing file /opt/airflow/dags/data_synth.py for tasks to queue
[2025-05-29T11:50:21.743+0000] {logging_mixin.py:190} INFO - [2025-05-29T11:50:21.741+0000] {dagbag.py:588} INFO - Filling up the DagBag from /opt/airflow/dags/data_synth.py
[2025-05-29T11:50:26.816+0000] {processor.py:925} INFO - DAG(s) 'data_synth' retrieved from /opt/airflow/dags/data_synth.py
[2025-05-29T11:50:28.304+0000] {logging_mixin.py:190} INFO - [2025-05-29T11:50:28.302+0000] {dag.py:3239} INFO - Sync 1 DAGs
[2025-05-29T11:50:28.642+0000] {logging_mixin.py:190} INFO - [2025-05-29T11:50:28.641+0000] {dag.py:4180} INFO - Setting next_dagrun for data_synth to 2025-05-22 18:30:00+00:00, run_after=2025-05-23 18:30:00+00:00
[2025-05-29T11:50:28.778+0000] {processor.py:208} INFO - Processing /opt/airflow/dags/data_synth.py took 7.136 seconds
[2025-05-29T11:51:00.110+0000] {processor.py:186} INFO - Started process (PID=565) to work on /opt/airflow/dags/data_synth.py
[2025-05-29T11:51:00.141+0000] {processor.py:914} INFO - Processing file /opt/airflow/dags/data_synth.py for tasks to queue
[2025-05-29T11:51:00.180+0000] {logging_mixin.py:190} INFO - [2025-05-29T11:51:00.178+0000] {dagbag.py:588} INFO - Filling up the DagBag from /opt/airflow/dags/data_synth.py
[2025-05-29T11:51:03.437+0000] {processor.py:925} INFO - DAG(s) 'data_synth' retrieved from /opt/airflow/dags/data_synth.py
[2025-05-29T11:51:04.879+0000] {logging_mixin.py:190} INFO - [2025-05-29T11:51:04.877+0000] {dag.py:3239} INFO - Sync 1 DAGs
[2025-05-29T11:51:05.241+0000] {logging_mixin.py:190} INFO - [2025-05-29T11:51:05.226+0000] {dag.py:4180} INFO - Setting next_dagrun for data_synth to 2025-05-22 18:30:00+00:00, run_after=2025-05-23 18:30:00+00:00
[2025-05-29T11:51:05.586+0000] {processor.py:208} INFO - Processing /opt/airflow/dags/data_synth.py took 7.142 seconds
[2025-05-29T11:51:39.185+0000] {processor.py:186} INFO - Started process (PID=578) to work on /opt/airflow/dags/data_synth.py
[2025-05-29T11:51:39.269+0000] {processor.py:914} INFO - Processing file /opt/airflow/dags/data_synth.py for tasks to queue
[2025-05-29T11:51:39.329+0000] {logging_mixin.py:190} INFO - [2025-05-29T11:51:39.328+0000] {dagbag.py:588} INFO - Filling up the DagBag from /opt/airflow/dags/data_synth.py
[2025-05-29T11:51:44.444+0000] {processor.py:925} INFO - DAG(s) 'data_synth' retrieved from /opt/airflow/dags/data_synth.py
[2025-05-29T11:51:46.249+0000] {logging_mixin.py:190} INFO - [2025-05-29T11:51:46.247+0000] {dag.py:3239} INFO - Sync 1 DAGs
[2025-05-29T11:51:46.631+0000] {logging_mixin.py:190} INFO - [2025-05-29T11:51:46.631+0000] {dag.py:4180} INFO - Setting next_dagrun for data_synth to 2025-05-22 18:30:00+00:00, run_after=2025-05-23 18:30:00+00:00
[2025-05-29T11:51:46.988+0000] {processor.py:208} INFO - Processing /opt/airflow/dags/data_synth.py took 7.870 seconds
[2025-05-29T11:52:18.385+0000] {processor.py:186} INFO - Started process (PID=598) to work on /opt/airflow/dags/data_synth.py
[2025-05-29T11:52:18.391+0000] {processor.py:914} INFO - Processing file /opt/airflow/dags/data_synth.py for tasks to queue
[2025-05-29T11:52:18.400+0000] {logging_mixin.py:190} INFO - [2025-05-29T11:52:18.399+0000] {dagbag.py:588} INFO - Filling up the DagBag from /opt/airflow/dags/data_synth.py
[2025-05-29T11:52:19.200+0000] {processor.py:925} INFO - DAG(s) 'data_synth' retrieved from /opt/airflow/dags/data_synth.py
[2025-05-29T11:52:19.229+0000] {logging_mixin.py:190} INFO - [2025-05-29T11:52:19.227+0000] {dag.py:3239} INFO - Sync 1 DAGs
[2025-05-29T11:52:19.286+0000] {logging_mixin.py:190} INFO - [2025-05-29T11:52:19.286+0000] {dag.py:4180} INFO - Setting next_dagrun for data_synth to 2025-05-22 18:30:00+00:00, run_after=2025-05-23 18:30:00+00:00
[2025-05-29T11:52:19.334+0000] {processor.py:208} INFO - Processing /opt/airflow/dags/data_synth.py took 0.982 seconds
[2025-05-29T11:52:50.218+0000] {processor.py:186} INFO - Started process (PID=611) to work on /opt/airflow/dags/data_synth.py
[2025-05-29T11:52:50.221+0000] {processor.py:914} INFO - Processing file /opt/airflow/dags/data_synth.py for tasks to queue
[2025-05-29T11:52:50.231+0000] {logging_mixin.py:190} INFO - [2025-05-29T11:52:50.229+0000] {dagbag.py:588} INFO - Filling up the DagBag from /opt/airflow/dags/data_synth.py
[2025-05-29T11:52:51.442+0000] {processor.py:925} INFO - DAG(s) 'data_synth' retrieved from /opt/airflow/dags/data_synth.py
[2025-05-29T11:52:51.501+0000] {logging_mixin.py:190} INFO - [2025-05-29T11:52:51.499+0000] {dag.py:3239} INFO - Sync 1 DAGs
[2025-05-29T11:52:51.613+0000] {logging_mixin.py:190} INFO - [2025-05-29T11:52:51.611+0000] {dag.py:4180} INFO - Setting next_dagrun for data_synth to 2025-05-22 18:30:00+00:00, run_after=2025-05-23 18:30:00+00:00
[2025-05-29T11:52:51.693+0000] {processor.py:208} INFO - Processing /opt/airflow/dags/data_synth.py took 1.507 seconds
[2025-05-29T11:53:22.953+0000] {processor.py:186} INFO - Started process (PID=623) to work on /opt/airflow/dags/data_synth.py
[2025-05-29T11:53:22.982+0000] {processor.py:914} INFO - Processing file /opt/airflow/dags/data_synth.py for tasks to queue
[2025-05-29T11:53:22.997+0000] {logging_mixin.py:190} INFO - [2025-05-29T11:53:22.996+0000] {dagbag.py:588} INFO - Filling up the DagBag from /opt/airflow/dags/data_synth.py
[2025-05-29T11:53:26.827+0000] {processor.py:925} INFO - DAG(s) 'data_synth' retrieved from /opt/airflow/dags/data_synth.py
[2025-05-29T11:53:28.366+0000] {logging_mixin.py:190} INFO - [2025-05-29T11:53:28.353+0000] {dag.py:3239} INFO - Sync 1 DAGs
[2025-05-29T11:53:28.776+0000] {logging_mixin.py:190} INFO - [2025-05-29T11:53:28.775+0000] {dag.py:4180} INFO - Setting next_dagrun for data_synth to 2025-05-22 18:30:00+00:00, run_after=2025-05-23 18:30:00+00:00
[2025-05-29T11:53:28.981+0000] {processor.py:208} INFO - Processing /opt/airflow/dags/data_synth.py took 8.133 seconds
[2025-05-29T11:54:00.433+0000] {processor.py:186} INFO - Started process (PID=636) to work on /opt/airflow/dags/data_synth.py
[2025-05-29T11:54:00.457+0000] {processor.py:914} INFO - Processing file /opt/airflow/dags/data_synth.py for tasks to queue
[2025-05-29T11:54:00.477+0000] {logging_mixin.py:190} INFO - [2025-05-29T11:54:00.476+0000] {dagbag.py:588} INFO - Filling up the DagBag from /opt/airflow/dags/data_synth.py
[2025-05-29T11:54:05.635+0000] {processor.py:925} INFO - DAG(s) 'data_synth' retrieved from /opt/airflow/dags/data_synth.py
[2025-05-29T11:54:07.290+0000] {logging_mixin.py:190} INFO - [2025-05-29T11:54:07.289+0000] {dag.py:3239} INFO - Sync 1 DAGs
[2025-05-29T11:54:07.786+0000] {logging_mixin.py:190} INFO - [2025-05-29T11:54:07.772+0000] {dag.py:4180} INFO - Setting next_dagrun for data_synth to 2025-05-22 18:30:00+00:00, run_after=2025-05-23 18:30:00+00:00
[2025-05-29T11:54:08.144+0000] {processor.py:208} INFO - Processing /opt/airflow/dags/data_synth.py took 7.771 seconds
[2025-05-29T11:54:39.696+0000] {processor.py:186} INFO - Started process (PID=655) to work on /opt/airflow/dags/data_synth.py
[2025-05-29T11:54:39.701+0000] {processor.py:914} INFO - Processing file /opt/airflow/dags/data_synth.py for tasks to queue
[2025-05-29T11:54:39.731+0000] {logging_mixin.py:190} INFO - [2025-05-29T11:54:39.719+0000] {dagbag.py:588} INFO - Filling up the DagBag from /opt/airflow/dags/data_synth.py
[2025-05-29T11:54:43.202+0000] {processor.py:925} INFO - DAG(s) 'data_synth' retrieved from /opt/airflow/dags/data_synth.py
[2025-05-29T11:54:43.316+0000] {logging_mixin.py:190} INFO - [2025-05-29T11:54:43.314+0000] {dag.py:3239} INFO - Sync 1 DAGs
[2025-05-29T11:54:43.636+0000] {logging_mixin.py:190} INFO - [2025-05-29T11:54:43.636+0000] {dag.py:4180} INFO - Setting next_dagrun for data_synth to 2025-05-22 18:30:00+00:00, run_after=2025-05-23 18:30:00+00:00
[2025-05-29T11:54:44.112+0000] {processor.py:208} INFO - Processing /opt/airflow/dags/data_synth.py took 4.459 seconds
[2025-05-29T11:55:15.070+0000] {processor.py:186} INFO - Started process (PID=669) to work on /opt/airflow/dags/data_synth.py
[2025-05-29T11:55:15.102+0000] {processor.py:914} INFO - Processing file /opt/airflow/dags/data_synth.py for tasks to queue
[2025-05-29T11:55:15.112+0000] {logging_mixin.py:190} INFO - [2025-05-29T11:55:15.111+0000] {dagbag.py:588} INFO - Filling up the DagBag from /opt/airflow/dags/data_synth.py
[2025-05-29T11:55:16.214+0000] {processor.py:925} INFO - DAG(s) 'data_synth' retrieved from /opt/airflow/dags/data_synth.py
[2025-05-29T11:55:16.298+0000] {logging_mixin.py:190} INFO - [2025-05-29T11:55:16.296+0000] {dag.py:3239} INFO - Sync 1 DAGs
[2025-05-29T11:55:16.542+0000] {logging_mixin.py:190} INFO - [2025-05-29T11:55:16.541+0000] {dag.py:4180} INFO - Setting next_dagrun for data_synth to 2025-05-22 18:30:00+00:00, run_after=2025-05-23 18:30:00+00:00
[2025-05-29T11:55:16.657+0000] {processor.py:208} INFO - Processing /opt/airflow/dags/data_synth.py took 3.492 seconds
[2025-05-29T11:55:48.692+0000] {processor.py:186} INFO - Started process (PID=683) to work on /opt/airflow/dags/data_synth.py
[2025-05-29T11:55:48.720+0000] {processor.py:914} INFO - Processing file /opt/airflow/dags/data_synth.py for tasks to queue
[2025-05-29T11:55:48.744+0000] {logging_mixin.py:190} INFO - [2025-05-29T11:55:48.743+0000] {dagbag.py:588} INFO - Filling up the DagBag from /opt/airflow/dags/data_synth.py
[2025-05-29T11:55:52.122+0000] {processor.py:925} INFO - DAG(s) 'data_synth' retrieved from /opt/airflow/dags/data_synth.py
[2025-05-29T11:55:52.195+0000] {logging_mixin.py:190} INFO - [2025-05-29T11:55:52.193+0000] {dag.py:3239} INFO - Sync 1 DAGs
[2025-05-29T11:55:52.447+0000] {logging_mixin.py:190} INFO - [2025-05-29T11:55:52.447+0000] {dag.py:4180} INFO - Setting next_dagrun for data_synth to 2025-05-22 18:30:00+00:00, run_after=2025-05-23 18:30:00+00:00
[2025-05-29T11:55:52.599+0000] {processor.py:208} INFO - Processing /opt/airflow/dags/data_synth.py took 3.949 seconds
[2025-05-29T11:56:23.402+0000] {processor.py:186} INFO - Started process (PID=697) to work on /opt/airflow/dags/data_synth.py
[2025-05-29T11:56:23.405+0000] {processor.py:914} INFO - Processing file /opt/airflow/dags/data_synth.py for tasks to queue
[2025-05-29T11:56:23.411+0000] {logging_mixin.py:190} INFO - [2025-05-29T11:56:23.410+0000] {dagbag.py:588} INFO - Filling up the DagBag from /opt/airflow/dags/data_synth.py
[2025-05-29T11:56:24.181+0000] {processor.py:925} INFO - DAG(s) 'data_synth' retrieved from /opt/airflow/dags/data_synth.py
[2025-05-29T11:56:24.215+0000] {logging_mixin.py:190} INFO - [2025-05-29T11:56:24.214+0000] {dag.py:3239} INFO - Sync 1 DAGs
[2025-05-29T11:56:24.285+0000] {logging_mixin.py:190} INFO - [2025-05-29T11:56:24.284+0000] {dag.py:4180} INFO - Setting next_dagrun for data_synth to 2025-05-22 18:30:00+00:00, run_after=2025-05-23 18:30:00+00:00
[2025-05-29T11:56:24.337+0000] {processor.py:208} INFO - Processing /opt/airflow/dags/data_synth.py took 0.950 seconds
[2025-05-29T11:56:54.945+0000] {processor.py:186} INFO - Started process (PID=710) to work on /opt/airflow/dags/data_synth.py
[2025-05-29T11:56:54.950+0000] {processor.py:914} INFO - Processing file /opt/airflow/dags/data_synth.py for tasks to queue
[2025-05-29T11:56:54.962+0000] {logging_mixin.py:190} INFO - [2025-05-29T11:56:54.960+0000] {dagbag.py:588} INFO - Filling up the DagBag from /opt/airflow/dags/data_synth.py
[2025-05-29T11:56:55.690+0000] {processor.py:925} INFO - DAG(s) 'data_synth' retrieved from /opt/airflow/dags/data_synth.py
[2025-05-29T11:56:55.713+0000] {logging_mixin.py:190} INFO - [2025-05-29T11:56:55.712+0000] {dag.py:3239} INFO - Sync 1 DAGs
[2025-05-29T11:56:55.759+0000] {logging_mixin.py:190} INFO - [2025-05-29T11:56:55.759+0000] {dag.py:4180} INFO - Setting next_dagrun for data_synth to 2025-05-22 18:30:00+00:00, run_after=2025-05-23 18:30:00+00:00
[2025-05-29T11:56:55.799+0000] {processor.py:208} INFO - Processing /opt/airflow/dags/data_synth.py took 0.908 seconds
[2025-05-29T11:57:26.637+0000] {processor.py:186} INFO - Started process (PID=723) to work on /opt/airflow/dags/data_synth.py
[2025-05-29T11:57:26.641+0000] {processor.py:914} INFO - Processing file /opt/airflow/dags/data_synth.py for tasks to queue
[2025-05-29T11:57:26.649+0000] {logging_mixin.py:190} INFO - [2025-05-29T11:57:26.648+0000] {dagbag.py:588} INFO - Filling up the DagBag from /opt/airflow/dags/data_synth.py
[2025-05-29T11:57:28.227+0000] {processor.py:925} INFO - DAG(s) 'data_synth' retrieved from /opt/airflow/dags/data_synth.py
[2025-05-29T11:57:28.316+0000] {logging_mixin.py:190} INFO - [2025-05-29T11:57:28.314+0000] {dag.py:3239} INFO - Sync 1 DAGs
[2025-05-29T11:57:28.562+0000] {logging_mixin.py:190} INFO - [2025-05-29T11:57:28.561+0000] {dag.py:4180} INFO - Setting next_dagrun for data_synth to 2025-05-22 18:30:00+00:00, run_after=2025-05-23 18:30:00+00:00
[2025-05-29T11:57:28.785+0000] {processor.py:208} INFO - Processing /opt/airflow/dags/data_synth.py took 2.168 seconds
[2025-05-29T11:58:00.072+0000] {processor.py:186} INFO - Started process (PID=742) to work on /opt/airflow/dags/data_synth.py
[2025-05-29T11:58:00.095+0000] {processor.py:914} INFO - Processing file /opt/airflow/dags/data_synth.py for tasks to queue
[2025-05-29T11:58:00.104+0000] {logging_mixin.py:190} INFO - [2025-05-29T11:58:00.103+0000] {dagbag.py:588} INFO - Filling up the DagBag from /opt/airflow/dags/data_synth.py
[2025-05-29T11:58:02.777+0000] {processor.py:925} INFO - DAG(s) 'data_synth' retrieved from /opt/airflow/dags/data_synth.py
[2025-05-29T11:58:02.847+0000] {logging_mixin.py:190} INFO - [2025-05-29T11:58:02.845+0000] {dag.py:3239} INFO - Sync 1 DAGs
[2025-05-29T11:58:02.977+0000] {logging_mixin.py:190} INFO - [2025-05-29T11:58:02.977+0000] {dag.py:4180} INFO - Setting next_dagrun for data_synth to 2025-05-22 18:30:00+00:00, run_after=2025-05-23 18:30:00+00:00
[2025-05-29T11:58:03.078+0000] {processor.py:208} INFO - Processing /opt/airflow/dags/data_synth.py took 3.045 seconds
[2025-05-29T11:58:33.403+0000] {processor.py:186} INFO - Started process (PID=755) to work on /opt/airflow/dags/data_synth.py
[2025-05-29T11:58:33.407+0000] {processor.py:914} INFO - Processing file /opt/airflow/dags/data_synth.py for tasks to queue
[2025-05-29T11:58:33.415+0000] {logging_mixin.py:190} INFO - [2025-05-29T11:58:33.414+0000] {dagbag.py:588} INFO - Filling up the DagBag from /opt/airflow/dags/data_synth.py
[2025-05-29T11:58:34.611+0000] {processor.py:925} INFO - DAG(s) 'data_synth' retrieved from /opt/airflow/dags/data_synth.py
[2025-05-29T11:58:34.661+0000] {logging_mixin.py:190} INFO - [2025-05-29T11:58:34.659+0000] {dag.py:3239} INFO - Sync 1 DAGs
[2025-05-29T11:58:34.747+0000] {logging_mixin.py:190} INFO - [2025-05-29T11:58:34.746+0000] {dag.py:4180} INFO - Setting next_dagrun for data_synth to 2025-05-22 18:30:00+00:00, run_after=2025-05-23 18:30:00+00:00
[2025-05-29T11:58:34.859+0000] {processor.py:208} INFO - Processing /opt/airflow/dags/data_synth.py took 1.478 seconds
[2025-05-29T11:59:05.201+0000] {processor.py:186} INFO - Started process (PID=768) to work on /opt/airflow/dags/data_synth.py
[2025-05-29T11:59:05.204+0000] {processor.py:914} INFO - Processing file /opt/airflow/dags/data_synth.py for tasks to queue
[2025-05-29T11:59:05.213+0000] {logging_mixin.py:190} INFO - [2025-05-29T11:59:05.211+0000] {dagbag.py:588} INFO - Filling up the DagBag from /opt/airflow/dags/data_synth.py
[2025-05-29T11:59:07.007+0000] {processor.py:925} INFO - DAG(s) 'data_synth' retrieved from /opt/airflow/dags/data_synth.py
[2025-05-29T11:59:07.234+0000] {logging_mixin.py:190} INFO - [2025-05-29T11:59:07.232+0000] {dag.py:3239} INFO - Sync 1 DAGs
[2025-05-29T11:59:07.427+0000] {logging_mixin.py:190} INFO - [2025-05-29T11:59:07.425+0000] {dag.py:4180} INFO - Setting next_dagrun for data_synth to 2025-05-22 18:30:00+00:00, run_after=2025-05-23 18:30:00+00:00
[2025-05-29T11:59:07.712+0000] {processor.py:208} INFO - Processing /opt/airflow/dags/data_synth.py took 2.533 seconds
[2025-05-29T11:59:38.990+0000] {processor.py:186} INFO - Started process (PID=781) to work on /opt/airflow/dags/data_synth.py
[2025-05-29T11:59:38.993+0000] {processor.py:914} INFO - Processing file /opt/airflow/dags/data_synth.py for tasks to queue
[2025-05-29T11:59:39.006+0000] {logging_mixin.py:190} INFO - [2025-05-29T11:59:39.005+0000] {dagbag.py:588} INFO - Filling up the DagBag from /opt/airflow/dags/data_synth.py
[2025-05-29T11:59:40.999+0000] {processor.py:925} INFO - DAG(s) 'data_synth' retrieved from /opt/airflow/dags/data_synth.py
[2025-05-29T11:59:41.114+0000] {logging_mixin.py:190} INFO - [2025-05-29T11:59:41.112+0000] {dag.py:3239} INFO - Sync 1 DAGs
[2025-05-29T11:59:41.412+0000] {logging_mixin.py:190} INFO - [2025-05-29T11:59:41.411+0000] {dag.py:4180} INFO - Setting next_dagrun for data_synth to 2025-05-22 18:30:00+00:00, run_after=2025-05-23 18:30:00+00:00
[2025-05-29T11:59:41.584+0000] {processor.py:208} INFO - Processing /opt/airflow/dags/data_synth.py took 2.628 seconds
[2025-05-29T12:00:12.370+0000] {processor.py:186} INFO - Started process (PID=795) to work on /opt/airflow/dags/data_synth.py
[2025-05-29T12:00:12.384+0000] {processor.py:914} INFO - Processing file /opt/airflow/dags/data_synth.py for tasks to queue
[2025-05-29T12:00:12.403+0000] {logging_mixin.py:190} INFO - [2025-05-29T12:00:12.402+0000] {dagbag.py:588} INFO - Filling up the DagBag from /opt/airflow/dags/data_synth.py
[2025-05-29T12:00:13.580+0000] {processor.py:925} INFO - DAG(s) 'data_synth' retrieved from /opt/airflow/dags/data_synth.py
[2025-05-29T12:00:13.623+0000] {logging_mixin.py:190} INFO - [2025-05-29T12:00:13.621+0000] {dag.py:3239} INFO - Sync 1 DAGs
[2025-05-29T12:00:13.699+0000] {logging_mixin.py:190} INFO - [2025-05-29T12:00:13.699+0000] {dag.py:4180} INFO - Setting next_dagrun for data_synth to 2025-05-22 18:30:00+00:00, run_after=2025-05-23 18:30:00+00:00
[2025-05-29T12:00:13.741+0000] {processor.py:208} INFO - Processing /opt/airflow/dags/data_synth.py took 1.426 seconds
[2025-05-29T12:00:44.096+0000] {processor.py:186} INFO - Started process (PID=808) to work on /opt/airflow/dags/data_synth.py
[2025-05-29T12:00:44.100+0000] {processor.py:914} INFO - Processing file /opt/airflow/dags/data_synth.py for tasks to queue
[2025-05-29T12:00:44.110+0000] {logging_mixin.py:190} INFO - [2025-05-29T12:00:44.109+0000] {dagbag.py:588} INFO - Filling up the DagBag from /opt/airflow/dags/data_synth.py
[2025-05-29T12:00:46.912+0000] {processor.py:925} INFO - DAG(s) 'data_synth' retrieved from /opt/airflow/dags/data_synth.py
[2025-05-29T12:00:46.973+0000] {logging_mixin.py:190} INFO - [2025-05-29T12:00:46.970+0000] {dag.py:3239} INFO - Sync 1 DAGs
[2025-05-29T12:00:47.100+0000] {logging_mixin.py:190} INFO - [2025-05-29T12:00:47.099+0000] {dag.py:4180} INFO - Setting next_dagrun for data_synth to 2025-05-22 18:30:00+00:00, run_after=2025-05-23 18:30:00+00:00
[2025-05-29T12:00:47.181+0000] {processor.py:208} INFO - Processing /opt/airflow/dags/data_synth.py took 3.116 seconds
