[2025-05-29T11:30:59.821+0000] {processor.py:186} INFO - Started process (PID=100) to work on /opt/airflow/dags/extract.py
[2025-05-29T11:30:59.889+0000] {processor.py:914} INFO - Processing file /opt/airflow/dags/extract.py for tasks to queue
[2025-05-29T11:30:59.977+0000] {logging_mixin.py:190} INFO - [2025-05-29T11:30:59.976+0000] {dagbag.py:588} INFO - Filling up the DagBag from /opt/airflow/dags/extract.py
[2025-05-29T11:31:29.237+0000] {processor.py:925} INFO - DAG(s) 'data_synth' retrieved from /opt/airflow/dags/extract.py
[2025-05-29T11:31:35.079+0000] {logging_mixin.py:190} INFO - [2025-05-29T11:31:35.077+0000] {override.py:1911} INFO - Created Permission View: can edit on DAG:data_synth
[2025-05-29T11:31:35.740+0000] {logging_mixin.py:190} INFO - [2025-05-29T11:31:35.739+0000] {override.py:1911} INFO - Created Permission View: can read on DAG:data_synth
[2025-05-29T11:31:36.458+0000] {logging_mixin.py:190} INFO - [2025-05-29T11:31:36.397+0000] {override.py:1914} ERROR - Creation of Permission View Error: (psycopg2.errors.UniqueViolation) duplicate key value violates unique constraint "ab_permission_view_permission_id_view_menu_id_uq"
DETAIL:  Key (permission_id, view_menu_id)=(4, 56) already exists.

[SQL: INSERT INTO ab_permission_view (permission_id, view_menu_id) VALUES (%(permission_id)s, %(view_menu_id)s) RETURNING ab_permission_view.id]
[parameters: {'permission_id': 4, 'view_menu_id': 56}]
(Background on this error at: https://sqlalche.me/e/14/gkpj)
[2025-05-29T11:31:37.421+0000] {logging_mixin.py:190} INFO - [2025-05-29T11:31:37.421+0000] {override.py:1914} ERROR - Creation of Permission View Error: (psycopg2.errors.UniqueViolation) duplicate key value violates unique constraint "ab_permission_view_permission_id_view_menu_id_uq"
DETAIL:  Key (permission_id, view_menu_id)=(5, 57) already exists.

[SQL: INSERT INTO ab_permission_view (permission_id, view_menu_id) VALUES (%(permission_id)s, %(view_menu_id)s) RETURNING ab_permission_view.id]
[parameters: {'permission_id': 5, 'view_menu_id': 57}]
(Background on this error at: https://sqlalche.me/e/14/gkpj)
[2025-05-29T11:31:37.694+0000] {logging_mixin.py:190} INFO - [2025-05-29T11:31:37.593+0000] {dag.py:3239} INFO - Sync 1 DAGs
[2025-05-29T11:31:38.390+0000] {logging_mixin.py:190} INFO - [2025-05-29T11:31:38.389+0000] {dag.py:3262} INFO - Creating ORM DAG for data_synth
[2025-05-29T11:31:38.774+0000] {logging_mixin.py:190} INFO - [2025-05-29T11:31:38.708+0000] {dag.py:4180} INFO - Setting next_dagrun for data_synth to 2025-05-22 18:30:00+00:00, run_after=2025-05-23 18:30:00+00:00
[2025-05-29T11:31:40.294+0000] {processor.py:208} INFO - Processing /opt/airflow/dags/extract.py took 42.439 seconds
[2025-05-29T11:32:15.667+0000] {processor.py:186} INFO - Started process (PID=125) to work on /opt/airflow/dags/extract.py
[2025-05-29T11:32:15.729+0000] {processor.py:914} INFO - Processing file /opt/airflow/dags/extract.py for tasks to queue
[2025-05-29T11:32:15.779+0000] {logging_mixin.py:190} INFO - [2025-05-29T11:32:15.778+0000] {dagbag.py:588} INFO - Filling up the DagBag from /opt/airflow/dags/extract.py
[2025-05-29T11:32:40.940+0000] {processor.py:925} INFO - DAG(s) 'data_synth' retrieved from /opt/airflow/dags/extract.py
[2025-05-29T11:32:46.667+0000] {logging_mixin.py:190} INFO - [2025-05-29T11:32:46.665+0000] {dag.py:3239} INFO - Sync 1 DAGs
[2025-05-29T11:32:50.205+0000] {logging_mixin.py:190} INFO - [2025-05-29T11:32:50.204+0000] {dag.py:4180} INFO - Setting next_dagrun for data_synth to 2025-05-22 18:30:00+00:00, run_after=2025-05-23 18:30:00+00:00
[2025-05-29T11:32:50.892+0000] {processor.py:208} INFO - Processing /opt/airflow/dags/extract.py took 37.458 seconds
[2025-05-29T11:33:26.142+0000] {processor.py:186} INFO - Started process (PID=144) to work on /opt/airflow/dags/extract.py
[2025-05-29T11:33:26.256+0000] {processor.py:914} INFO - Processing file /opt/airflow/dags/extract.py for tasks to queue
[2025-05-29T11:33:26.377+0000] {logging_mixin.py:190} INFO - [2025-05-29T11:33:26.376+0000] {dagbag.py:588} INFO - Filling up the DagBag from /opt/airflow/dags/extract.py
[2025-05-29T11:33:47.773+0000] {processor.py:925} INFO - DAG(s) 'data_synth' retrieved from /opt/airflow/dags/extract.py
[2025-05-29T11:33:52.381+0000] {logging_mixin.py:190} INFO - [2025-05-29T11:33:52.245+0000] {dag.py:3239} INFO - Sync 1 DAGs
[2025-05-29T11:33:53.397+0000] {logging_mixin.py:190} INFO - [2025-05-29T11:33:53.304+0000] {dag.py:4180} INFO - Setting next_dagrun for data_synth to 2025-05-22 18:30:00+00:00, run_after=2025-05-23 18:30:00+00:00
[2025-05-29T11:33:53.790+0000] {processor.py:208} INFO - Processing /opt/airflow/dags/extract.py took 29.955 seconds
[2025-05-29T11:34:24.783+0000] {processor.py:186} INFO - Started process (PID=163) to work on /opt/airflow/dags/extract.py
[2025-05-29T11:34:24.815+0000] {processor.py:914} INFO - Processing file /opt/airflow/dags/extract.py for tasks to queue
[2025-05-29T11:34:24.869+0000] {logging_mixin.py:190} INFO - [2025-05-29T11:34:24.869+0000] {dagbag.py:588} INFO - Filling up the DagBag from /opt/airflow/dags/extract.py
[2025-05-29T11:34:34.798+0000] {processor.py:925} INFO - DAG(s) 'data_synth' retrieved from /opt/airflow/dags/extract.py
[2025-05-29T11:34:37.308+0000] {logging_mixin.py:190} INFO - [2025-05-29T11:34:37.307+0000] {dag.py:3239} INFO - Sync 1 DAGs
[2025-05-29T11:34:37.835+0000] {logging_mixin.py:190} INFO - [2025-05-29T11:34:37.834+0000] {dag.py:4180} INFO - Setting next_dagrun for data_synth to 2025-05-22 18:30:00+00:00, run_after=2025-05-23 18:30:00+00:00
[2025-05-29T11:34:38.874+0000] {processor.py:208} INFO - Processing /opt/airflow/dags/extract.py took 16.059 seconds
[2025-05-29T11:35:14.772+0000] {processor.py:186} INFO - Started process (PID=180) to work on /opt/airflow/dags/extract.py
[2025-05-29T11:35:14.869+0000] {processor.py:914} INFO - Processing file /opt/airflow/dags/extract.py for tasks to queue
[2025-05-29T11:35:14.909+0000] {logging_mixin.py:190} INFO - [2025-05-29T11:35:14.907+0000] {dagbag.py:588} INFO - Filling up the DagBag from /opt/airflow/dags/extract.py
[2025-05-29T11:35:22.747+0000] {processor.py:925} INFO - DAG(s) 'data_synth' retrieved from /opt/airflow/dags/extract.py
[2025-05-29T11:35:24.510+0000] {logging_mixin.py:190} INFO - [2025-05-29T11:35:24.500+0000] {dag.py:3239} INFO - Sync 1 DAGs
[2025-05-29T11:35:23.333+0000] {logging_mixin.py:190} INFO - [2025-05-29T11:35:23.332+0000] {dag.py:4180} INFO - Setting next_dagrun for data_synth to 2025-05-22 18:30:00+00:00, run_after=2025-05-23 18:30:00+00:00
[2025-05-29T11:35:23.651+0000] {processor.py:208} INFO - Processing /opt/airflow/dags/extract.py took 11.079 seconds
[2025-05-29T11:35:54.210+0000] {processor.py:186} INFO - Started process (PID=193) to work on /opt/airflow/dags/extract.py
[2025-05-29T11:35:54.241+0000] {processor.py:914} INFO - Processing file /opt/airflow/dags/extract.py for tasks to queue
[2025-05-29T11:35:54.272+0000] {logging_mixin.py:190} INFO - [2025-05-29T11:35:54.270+0000] {dagbag.py:588} INFO - Filling up the DagBag from /opt/airflow/dags/extract.py
[2025-05-29T11:35:55.467+0000] {processor.py:925} INFO - DAG(s) 'data_synth' retrieved from /opt/airflow/dags/extract.py
[2025-05-29T11:35:56.030+0000] {logging_mixin.py:190} INFO - [2025-05-29T11:35:56.029+0000] {dag.py:3239} INFO - Sync 1 DAGs
[2025-05-29T11:35:56.113+0000] {logging_mixin.py:190} INFO - [2025-05-29T11:35:56.112+0000] {dag.py:4180} INFO - Setting next_dagrun for data_synth to 2025-05-22 18:30:00+00:00, run_after=2025-05-23 18:30:00+00:00
[2025-05-29T11:35:56.189+0000] {processor.py:208} INFO - Processing /opt/airflow/dags/extract.py took 2.043 seconds
[2025-05-29T11:36:27.052+0000] {processor.py:186} INFO - Started process (PID=206) to work on /opt/airflow/dags/extract.py
[2025-05-29T11:36:27.056+0000] {processor.py:914} INFO - Processing file /opt/airflow/dags/extract.py for tasks to queue
[2025-05-29T11:36:27.067+0000] {logging_mixin.py:190} INFO - [2025-05-29T11:36:27.065+0000] {dagbag.py:588} INFO - Filling up the DagBag from /opt/airflow/dags/extract.py
[2025-05-29T11:36:28.701+0000] {processor.py:925} INFO - DAG(s) 'data_synth' retrieved from /opt/airflow/dags/extract.py
[2025-05-29T11:36:29.438+0000] {logging_mixin.py:190} INFO - [2025-05-29T11:36:29.437+0000] {dag.py:3239} INFO - Sync 1 DAGs
[2025-05-29T11:36:29.622+0000] {logging_mixin.py:190} INFO - [2025-05-29T11:36:29.621+0000] {dag.py:4180} INFO - Setting next_dagrun for data_synth to 2025-05-22 18:30:00+00:00, run_after=2025-05-23 18:30:00+00:00
[2025-05-29T11:36:29.741+0000] {processor.py:208} INFO - Processing /opt/airflow/dags/extract.py took 2.724 seconds
[2025-05-29T11:37:00.249+0000] {processor.py:186} INFO - Started process (PID=225) to work on /opt/airflow/dags/extract.py
[2025-05-29T11:37:00.256+0000] {processor.py:914} INFO - Processing file /opt/airflow/dags/extract.py for tasks to queue
[2025-05-29T11:37:00.266+0000] {logging_mixin.py:190} INFO - [2025-05-29T11:37:00.265+0000] {dagbag.py:588} INFO - Filling up the DagBag from /opt/airflow/dags/extract.py
[2025-05-29T11:37:01.442+0000] {processor.py:925} INFO - DAG(s) 'data_synth' retrieved from /opt/airflow/dags/extract.py
[2025-05-29T11:37:01.782+0000] {logging_mixin.py:190} INFO - [2025-05-29T11:37:01.780+0000] {dag.py:3239} INFO - Sync 1 DAGs
[2025-05-29T11:37:01.998+0000] {logging_mixin.py:190} INFO - [2025-05-29T11:37:01.998+0000] {dag.py:4180} INFO - Setting next_dagrun for data_synth to 2025-05-22 18:30:00+00:00, run_after=2025-05-23 18:30:00+00:00
[2025-05-29T11:37:02.130+0000] {processor.py:208} INFO - Processing /opt/airflow/dags/extract.py took 1.909 seconds
[2025-05-29T11:37:33.215+0000] {processor.py:186} INFO - Started process (PID=238) to work on /opt/airflow/dags/extract.py
[2025-05-29T11:37:33.223+0000] {processor.py:914} INFO - Processing file /opt/airflow/dags/extract.py for tasks to queue
[2025-05-29T11:37:33.267+0000] {logging_mixin.py:190} INFO - [2025-05-29T11:37:33.265+0000] {dagbag.py:588} INFO - Filling up the DagBag from /opt/airflow/dags/extract.py
[2025-05-29T11:37:35.467+0000] {processor.py:925} INFO - DAG(s) 'data_synth' retrieved from /opt/airflow/dags/extract.py
[2025-05-29T11:37:37.044+0000] {logging_mixin.py:190} INFO - [2025-05-29T11:37:37.043+0000] {dag.py:3239} INFO - Sync 1 DAGs
[2025-05-29T11:37:37.331+0000] {logging_mixin.py:190} INFO - [2025-05-29T11:37:37.330+0000] {dag.py:4180} INFO - Setting next_dagrun for data_synth to 2025-05-22 18:30:00+00:00, run_after=2025-05-23 18:30:00+00:00
[2025-05-29T11:37:37.504+0000] {processor.py:208} INFO - Processing /opt/airflow/dags/extract.py took 4.386 seconds
[2025-05-29T11:38:08.272+0000] {processor.py:186} INFO - Started process (PID=251) to work on /opt/airflow/dags/extract.py
[2025-05-29T11:38:08.492+0000] {processor.py:914} INFO - Processing file /opt/airflow/dags/extract.py for tasks to queue
[2025-05-29T11:38:08.530+0000] {logging_mixin.py:190} INFO - [2025-05-29T11:38:08.529+0000] {dagbag.py:588} INFO - Filling up the DagBag from /opt/airflow/dags/extract.py
[2025-05-29T11:38:14.719+0000] {processor.py:925} INFO - DAG(s) 'data_synth' retrieved from /opt/airflow/dags/extract.py
[2025-05-29T11:38:17.792+0000] {logging_mixin.py:190} INFO - [2025-05-29T11:38:17.791+0000] {dag.py:3239} INFO - Sync 1 DAGs
[2025-05-29T11:38:18.409+0000] {logging_mixin.py:190} INFO - [2025-05-29T11:38:18.408+0000] {dag.py:4180} INFO - Setting next_dagrun for data_synth to 2025-05-22 18:30:00+00:00, run_after=2025-05-23 18:30:00+00:00
[2025-05-29T11:38:18.994+0000] {processor.py:208} INFO - Processing /opt/airflow/dags/extract.py took 11.542 seconds
[2025-05-29T11:38:50.570+0000] {processor.py:186} INFO - Started process (PID=263) to work on /opt/airflow/dags/extract.py
[2025-05-29T11:38:50.583+0000] {processor.py:914} INFO - Processing file /opt/airflow/dags/extract.py for tasks to queue
[2025-05-29T11:38:50.624+0000] {logging_mixin.py:190} INFO - [2025-05-29T11:38:50.613+0000] {dagbag.py:588} INFO - Filling up the DagBag from /opt/airflow/dags/extract.py
[2025-05-29T11:38:54.030+0000] {processor.py:925} INFO - DAG(s) 'data_synth' retrieved from /opt/airflow/dags/extract.py
[2025-05-29T11:38:54.939+0000] {logging_mixin.py:190} INFO - [2025-05-29T11:38:54.938+0000] {dag.py:3239} INFO - Sync 1 DAGs
[2025-05-29T11:38:55.243+0000] {logging_mixin.py:190} INFO - [2025-05-29T11:38:55.243+0000] {dag.py:4180} INFO - Setting next_dagrun for data_synth to 2025-05-22 18:30:00+00:00, run_after=2025-05-23 18:30:00+00:00
[2025-05-29T11:38:55.317+0000] {processor.py:208} INFO - Processing /opt/airflow/dags/extract.py took 4.844 seconds
[2025-05-29T11:39:26.007+0000] {processor.py:186} INFO - Started process (PID=282) to work on /opt/airflow/dags/extract.py
[2025-05-29T11:39:26.017+0000] {processor.py:914} INFO - Processing file /opt/airflow/dags/extract.py for tasks to queue
[2025-05-29T11:39:26.041+0000] {logging_mixin.py:190} INFO - [2025-05-29T11:39:26.034+0000] {dagbag.py:588} INFO - Filling up the DagBag from /opt/airflow/dags/extract.py
[2025-05-29T11:39:30.966+0000] {processor.py:925} INFO - DAG(s) 'data_synth' retrieved from /opt/airflow/dags/extract.py
[2025-05-29T11:39:31.785+0000] {logging_mixin.py:190} INFO - [2025-05-29T11:39:31.772+0000] {dag.py:3239} INFO - Sync 1 DAGs
[2025-05-29T11:39:32.253+0000] {logging_mixin.py:190} INFO - [2025-05-29T11:39:32.253+0000] {dag.py:4180} INFO - Setting next_dagrun for data_synth to 2025-05-22 18:30:00+00:00, run_after=2025-05-23 18:30:00+00:00
[2025-05-29T11:39:32.686+0000] {processor.py:208} INFO - Processing /opt/airflow/dags/extract.py took 6.705 seconds
[2025-05-29T11:40:04.699+0000] {processor.py:186} INFO - Started process (PID=296) to work on /opt/airflow/dags/extract.py
[2025-05-29T11:40:05.166+0000] {processor.py:914} INFO - Processing file /opt/airflow/dags/extract.py for tasks to queue
[2025-05-29T11:40:05.287+0000] {logging_mixin.py:190} INFO - [2025-05-29T11:40:05.286+0000] {dagbag.py:588} INFO - Filling up the DagBag from /opt/airflow/dags/extract.py
[2025-05-29T11:40:08.604+0000] {processor.py:925} INFO - DAG(s) 'data_synth' retrieved from /opt/airflow/dags/extract.py
[2025-05-29T11:40:10.477+0000] {logging_mixin.py:190} INFO - [2025-05-29T11:40:10.465+0000] {dag.py:3239} INFO - Sync 1 DAGs
[2025-05-29T11:40:10.678+0000] {logging_mixin.py:190} INFO - [2025-05-29T11:40:10.677+0000] {dag.py:4180} INFO - Setting next_dagrun for data_synth to 2025-05-22 18:30:00+00:00, run_after=2025-05-23 18:30:00+00:00
[2025-05-29T11:40:10.920+0000] {processor.py:208} INFO - Processing /opt/airflow/dags/extract.py took 8.017 seconds
[2025-05-29T11:40:43.808+0000] {processor.py:186} INFO - Started process (PID=309) to work on /opt/airflow/dags/extract.py
[2025-05-29T11:40:43.868+0000] {processor.py:914} INFO - Processing file /opt/airflow/dags/extract.py for tasks to queue
[2025-05-29T11:40:43.905+0000] {logging_mixin.py:190} INFO - [2025-05-29T11:40:43.904+0000] {dagbag.py:588} INFO - Filling up the DagBag from /opt/airflow/dags/extract.py
[2025-05-29T11:40:52.767+0000] {processor.py:925} INFO - DAG(s) 'data_synth' retrieved from /opt/airflow/dags/extract.py
[2025-05-29T11:40:52.951+0000] {logging_mixin.py:190} INFO - [2025-05-29T11:40:52.938+0000] {dag.py:3239} INFO - Sync 1 DAGs
[2025-05-29T11:40:53.269+0000] {logging_mixin.py:190} INFO - [2025-05-29T11:40:53.269+0000] {dag.py:4180} INFO - Setting next_dagrun for data_synth to 2025-05-22 18:30:00+00:00, run_after=2025-05-23 18:30:00+00:00
[2025-05-29T11:40:53.604+0000] {processor.py:208} INFO - Processing /opt/airflow/dags/extract.py took 9.852 seconds
[2025-05-29T11:41:25.137+0000] {processor.py:186} INFO - Started process (PID=327) to work on /opt/airflow/dags/extract.py
[2025-05-29T11:41:25.171+0000] {processor.py:914} INFO - Processing file /opt/airflow/dags/extract.py for tasks to queue
[2025-05-29T11:41:25.206+0000] {logging_mixin.py:190} INFO - [2025-05-29T11:41:25.205+0000] {dagbag.py:588} INFO - Filling up the DagBag from /opt/airflow/dags/extract.py
[2025-05-29T11:41:30.897+0000] {processor.py:925} INFO - DAG(s) 'data_synth' retrieved from /opt/airflow/dags/extract.py
[2025-05-29T11:41:32.340+0000] {logging_mixin.py:190} INFO - [2025-05-29T11:41:32.339+0000] {dag.py:3239} INFO - Sync 1 DAGs
[2025-05-29T11:41:32.987+0000] {logging_mixin.py:190} INFO - [2025-05-29T11:41:32.973+0000] {dag.py:4180} INFO - Setting next_dagrun for data_synth to 2025-05-22 18:30:00+00:00, run_after=2025-05-23 18:30:00+00:00
[2025-05-29T11:41:33.434+0000] {processor.py:208} INFO - Processing /opt/airflow/dags/extract.py took 8.354 seconds
[2025-05-29T11:42:03.737+0000] {processor.py:186} INFO - Started process (PID=340) to work on /opt/airflow/dags/extract.py
[2025-05-29T11:42:03.740+0000] {processor.py:914} INFO - Processing file /opt/airflow/dags/extract.py for tasks to queue
[2025-05-29T11:42:03.748+0000] {logging_mixin.py:190} INFO - [2025-05-29T11:42:03.747+0000] {dagbag.py:588} INFO - Filling up the DagBag from /opt/airflow/dags/extract.py
[2025-05-29T11:42:03.114+0000] {processor.py:925} INFO - DAG(s) 'data_synth' retrieved from /opt/airflow/dags/extract.py
[2025-05-29T11:42:03.434+0000] {logging_mixin.py:190} INFO - [2025-05-29T11:42:03.433+0000] {dag.py:3239} INFO - Sync 1 DAGs
[2025-05-29T11:42:03.495+0000] {logging_mixin.py:190} INFO - [2025-05-29T11:42:03.494+0000] {dag.py:4180} INFO - Setting next_dagrun for data_synth to 2025-05-22 18:30:00+00:00, run_after=2025-05-23 18:30:00+00:00
[2025-05-29T11:42:03.568+0000] {processor.py:208} INFO - Processing /opt/airflow/dags/extract.py took 1.379 seconds
[2025-05-29T11:42:34.934+0000] {processor.py:186} INFO - Started process (PID=353) to work on /opt/airflow/dags/extract.py
[2025-05-29T11:42:34.938+0000] {processor.py:914} INFO - Processing file /opt/airflow/dags/extract.py for tasks to queue
[2025-05-29T11:42:34.951+0000] {logging_mixin.py:190} INFO - [2025-05-29T11:42:34.950+0000] {dagbag.py:588} INFO - Filling up the DagBag from /opt/airflow/dags/extract.py
[2025-05-29T11:42:37.374+0000] {processor.py:925} INFO - DAG(s) 'data_synth' retrieved from /opt/airflow/dags/extract.py
[2025-05-29T11:42:38.197+0000] {logging_mixin.py:190} INFO - [2025-05-29T11:42:38.196+0000] {dag.py:3239} INFO - Sync 1 DAGs
[2025-05-29T11:42:38.552+0000] {logging_mixin.py:190} INFO - [2025-05-29T11:42:38.551+0000] {dag.py:4180} INFO - Setting next_dagrun for data_synth to 2025-05-22 18:30:00+00:00, run_after=2025-05-23 18:30:00+00:00
[2025-05-29T11:42:38.687+0000] {processor.py:208} INFO - Processing /opt/airflow/dags/extract.py took 3.777 seconds
[2025-05-29T11:43:09.456+0000] {processor.py:186} INFO - Started process (PID=368) to work on /opt/airflow/dags/extract.py
[2025-05-29T11:43:09.459+0000] {processor.py:914} INFO - Processing file /opt/airflow/dags/extract.py for tasks to queue
[2025-05-29T11:43:09.481+0000] {logging_mixin.py:190} INFO - [2025-05-29T11:43:09.479+0000] {dagbag.py:588} INFO - Filling up the DagBag from /opt/airflow/dags/extract.py
[2025-05-29T11:43:10.971+0000] {processor.py:925} INFO - DAG(s) 'data_synth' retrieved from /opt/airflow/dags/extract.py
[2025-05-29T11:43:11.577+0000] {logging_mixin.py:190} INFO - [2025-05-29T11:43:11.564+0000] {dag.py:3239} INFO - Sync 1 DAGs
[2025-05-29T11:43:11.834+0000] {logging_mixin.py:190} INFO - [2025-05-29T11:43:11.834+0000] {dag.py:4180} INFO - Setting next_dagrun for data_synth to 2025-05-22 18:30:00+00:00, run_after=2025-05-23 18:30:00+00:00
[2025-05-29T11:43:12.084+0000] {processor.py:208} INFO - Processing /opt/airflow/dags/extract.py took 2.668 seconds
[2025-05-29T11:43:42.729+0000] {processor.py:186} INFO - Started process (PID=387) to work on /opt/airflow/dags/extract.py
[2025-05-29T11:43:42.739+0000] {processor.py:914} INFO - Processing file /opt/airflow/dags/extract.py for tasks to queue
[2025-05-29T11:43:42.762+0000] {logging_mixin.py:190} INFO - [2025-05-29T11:43:42.761+0000] {dagbag.py:588} INFO - Filling up the DagBag from /opt/airflow/dags/extract.py
[2025-05-29T11:43:45.768+0000] {processor.py:925} INFO - DAG(s) 'data_synth' retrieved from /opt/airflow/dags/extract.py
[2025-05-29T11:43:46.580+0000] {logging_mixin.py:190} INFO - [2025-05-29T11:43:46.579+0000] {dag.py:3239} INFO - Sync 1 DAGs
[2025-05-29T11:43:46.705+0000] {logging_mixin.py:190} INFO - [2025-05-29T11:43:46.702+0000] {dag.py:4180} INFO - Setting next_dagrun for data_synth to 2025-05-22 18:30:00+00:00, run_after=2025-05-23 18:30:00+00:00
[2025-05-29T11:43:46.800+0000] {processor.py:208} INFO - Processing /opt/airflow/dags/extract.py took 4.120 seconds
[2025-05-29T11:44:19.493+0000] {processor.py:186} INFO - Started process (PID=400) to work on /opt/airflow/dags/extract.py
[2025-05-29T11:44:19.514+0000] {processor.py:914} INFO - Processing file /opt/airflow/dags/extract.py for tasks to queue
[2025-05-29T11:44:19.530+0000] {logging_mixin.py:190} INFO - [2025-05-29T11:44:19.529+0000] {dagbag.py:588} INFO - Filling up the DagBag from /opt/airflow/dags/extract.py
[2025-05-29T11:44:23.083+0000] {processor.py:925} INFO - DAG(s) 'data_synth' retrieved from /opt/airflow/dags/extract.py
[2025-05-29T11:44:24.156+0000] {logging_mixin.py:190} INFO - [2025-05-29T11:44:24.143+0000] {dag.py:3239} INFO - Sync 1 DAGs
[2025-05-29T11:44:24.364+0000] {logging_mixin.py:190} INFO - [2025-05-29T11:44:24.363+0000] {dag.py:4180} INFO - Setting next_dagrun for data_synth to 2025-05-22 18:30:00+00:00, run_after=2025-05-23 18:30:00+00:00
[2025-05-29T11:44:24.512+0000] {processor.py:208} INFO - Processing /opt/airflow/dags/extract.py took 5.048 seconds
[2025-05-29T11:44:55.003+0000] {processor.py:186} INFO - Started process (PID=413) to work on /opt/airflow/dags/extract.py
[2025-05-29T11:44:55.006+0000] {processor.py:914} INFO - Processing file /opt/airflow/dags/extract.py for tasks to queue
[2025-05-29T11:44:55.017+0000] {logging_mixin.py:190} INFO - [2025-05-29T11:44:55.015+0000] {dagbag.py:588} INFO - Filling up the DagBag from /opt/airflow/dags/extract.py
[2025-05-29T11:44:56.014+0000] {processor.py:925} INFO - DAG(s) 'data_synth' retrieved from /opt/airflow/dags/extract.py
[2025-05-29T11:44:56.363+0000] {logging_mixin.py:190} INFO - [2025-05-29T11:44:56.362+0000] {dag.py:3239} INFO - Sync 1 DAGs
[2025-05-29T11:44:56.452+0000] {logging_mixin.py:190} INFO - [2025-05-29T11:44:56.452+0000] {dag.py:4180} INFO - Setting next_dagrun for data_synth to 2025-05-22 18:30:00+00:00, run_after=2025-05-23 18:30:00+00:00
[2025-05-29T11:44:56.508+0000] {processor.py:208} INFO - Processing /opt/airflow/dags/extract.py took 1.529 seconds
[2025-05-29T11:45:27.368+0000] {processor.py:186} INFO - Started process (PID=425) to work on /opt/airflow/dags/extract.py
[2025-05-29T11:45:27.385+0000] {processor.py:914} INFO - Processing file /opt/airflow/dags/extract.py for tasks to queue
[2025-05-29T11:45:27.403+0000] {logging_mixin.py:190} INFO - [2025-05-29T11:45:27.397+0000] {dagbag.py:588} INFO - Filling up the DagBag from /opt/airflow/dags/extract.py
[2025-05-29T11:45:28.801+0000] {processor.py:925} INFO - DAG(s) 'data_synth' retrieved from /opt/airflow/dags/extract.py
[2025-05-29T11:45:29.176+0000] {logging_mixin.py:190} INFO - [2025-05-29T11:45:29.175+0000] {dag.py:3239} INFO - Sync 1 DAGs
[2025-05-29T11:45:29.263+0000] {logging_mixin.py:190} INFO - [2025-05-29T11:45:29.262+0000] {dag.py:4180} INFO - Setting next_dagrun for data_synth to 2025-05-22 18:30:00+00:00, run_after=2025-05-23 18:30:00+00:00
[2025-05-29T11:45:29.332+0000] {processor.py:208} INFO - Processing /opt/airflow/dags/extract.py took 2.007 seconds
[2025-05-29T11:45:59.811+0000] {processor.py:186} INFO - Started process (PID=438) to work on /opt/airflow/dags/extract.py
[2025-05-29T11:45:59.819+0000] {processor.py:914} INFO - Processing file /opt/airflow/dags/extract.py for tasks to queue
[2025-05-29T11:45:59.833+0000] {logging_mixin.py:190} INFO - [2025-05-29T11:45:59.831+0000] {dagbag.py:588} INFO - Filling up the DagBag from /opt/airflow/dags/extract.py
[2025-05-29T11:46:01.582+0000] {processor.py:925} INFO - DAG(s) 'data_synth' retrieved from /opt/airflow/dags/extract.py
[2025-05-29T11:46:02.206+0000] {logging_mixin.py:190} INFO - [2025-05-29T11:46:02.205+0000] {dag.py:3239} INFO - Sync 1 DAGs
[2025-05-29T11:46:02.344+0000] {logging_mixin.py:190} INFO - [2025-05-29T11:46:02.343+0000] {dag.py:4180} INFO - Setting next_dagrun for data_synth to 2025-05-22 18:30:00+00:00, run_after=2025-05-23 18:30:00+00:00
[2025-05-29T11:46:02.500+0000] {processor.py:208} INFO - Processing /opt/airflow/dags/extract.py took 2.726 seconds
[2025-05-29T11:46:33.829+0000] {processor.py:186} INFO - Started process (PID=452) to work on /opt/airflow/dags/extract.py
[2025-05-29T11:46:33.847+0000] {processor.py:914} INFO - Processing file /opt/airflow/dags/extract.py for tasks to queue
[2025-05-29T11:46:33.908+0000] {logging_mixin.py:190} INFO - [2025-05-29T11:46:33.884+0000] {dagbag.py:588} INFO - Filling up the DagBag from /opt/airflow/dags/extract.py
[2025-05-29T11:46:37.867+0000] {processor.py:925} INFO - DAG(s) 'data_synth' retrieved from /opt/airflow/dags/extract.py
[2025-05-29T11:46:39.478+0000] {logging_mixin.py:190} INFO - [2025-05-29T11:46:39.465+0000] {dag.py:3239} INFO - Sync 1 DAGs
[2025-05-29T11:46:40.180+0000] {logging_mixin.py:190} INFO - [2025-05-29T11:46:40.180+0000] {dag.py:4180} INFO - Setting next_dagrun for data_synth to 2025-05-22 18:30:00+00:00, run_after=2025-05-23 18:30:00+00:00
[2025-05-29T11:46:40.415+0000] {processor.py:208} INFO - Processing /opt/airflow/dags/extract.py took 6.716 seconds
[2025-05-29T11:47:11.988+0000] {processor.py:186} INFO - Started process (PID=473) to work on /opt/airflow/dags/extract.py
[2025-05-29T11:47:11.998+0000] {processor.py:914} INFO - Processing file /opt/airflow/dags/extract.py for tasks to queue
[2025-05-29T11:47:12.021+0000] {logging_mixin.py:190} INFO - [2025-05-29T11:47:12.019+0000] {dagbag.py:588} INFO - Filling up the DagBag from /opt/airflow/dags/extract.py
[2025-05-29T11:47:16.237+0000] {processor.py:925} INFO - DAG(s) 'data_synth' retrieved from /opt/airflow/dags/extract.py
[2025-05-29T11:47:15.969+0000] {logging_mixin.py:190} INFO - [2025-05-29T11:47:15.967+0000] {dag.py:3239} INFO - Sync 1 DAGs
[2025-05-29T11:47:16.193+0000] {logging_mixin.py:190} INFO - [2025-05-29T11:47:16.192+0000] {dag.py:4180} INFO - Setting next_dagrun for data_synth to 2025-05-22 18:30:00+00:00, run_after=2025-05-23 18:30:00+00:00
[2025-05-29T11:47:16.556+0000] {processor.py:208} INFO - Processing /opt/airflow/dags/extract.py took 6.294 seconds
[2025-05-29T11:47:48.861+0000] {processor.py:186} INFO - Started process (PID=487) to work on /opt/airflow/dags/extract.py
[2025-05-29T11:47:48.877+0000] {processor.py:914} INFO - Processing file /opt/airflow/dags/extract.py for tasks to queue
[2025-05-29T11:47:48.915+0000] {logging_mixin.py:190} INFO - [2025-05-29T11:47:48.914+0000] {dagbag.py:588} INFO - Filling up the DagBag from /opt/airflow/dags/extract.py
[2025-05-29T11:47:53.919+0000] {processor.py:925} INFO - DAG(s) 'data_synth' retrieved from /opt/airflow/dags/extract.py
[2025-05-29T11:47:54.024+0000] {logging_mixin.py:190} INFO - [2025-05-29T11:47:54.022+0000] {dag.py:3239} INFO - Sync 1 DAGs
[2025-05-29T11:47:54.242+0000] {logging_mixin.py:190} INFO - [2025-05-29T11:47:54.241+0000] {dag.py:4180} INFO - Setting next_dagrun for data_synth to 2025-05-22 18:30:00+00:00, run_after=2025-05-23 18:30:00+00:00
[2025-05-29T11:47:54.470+0000] {processor.py:208} INFO - Processing /opt/airflow/dags/extract.py took 5.663 seconds
[2025-05-29T11:48:26.005+0000] {processor.py:186} INFO - Started process (PID=500) to work on /opt/airflow/dags/extract.py
[2025-05-29T11:48:26.024+0000] {processor.py:914} INFO - Processing file /opt/airflow/dags/extract.py for tasks to queue
[2025-05-29T11:48:26.059+0000] {logging_mixin.py:190} INFO - [2025-05-29T11:48:26.058+0000] {dagbag.py:588} INFO - Filling up the DagBag from /opt/airflow/dags/extract.py
[2025-05-29T11:48:34.881+0000] {processor.py:925} INFO - DAG(s) 'data_synth' retrieved from /opt/airflow/dags/extract.py
[2025-05-29T11:48:35.081+0000] {logging_mixin.py:190} INFO - [2025-05-29T11:48:35.079+0000] {dag.py:3239} INFO - Sync 1 DAGs
[2025-05-29T11:48:35.555+0000] {logging_mixin.py:190} INFO - [2025-05-29T11:48:35.555+0000] {dag.py:4180} INFO - Setting next_dagrun for data_synth to 2025-05-22 18:30:00+00:00, run_after=2025-05-23 18:30:00+00:00
[2025-05-29T11:48:35.968+0000] {processor.py:208} INFO - Processing /opt/airflow/dags/extract.py took 10.044 seconds
[2025-05-29T11:49:07.307+0000] {processor.py:186} INFO - Started process (PID=521) to work on /opt/airflow/dags/extract.py
[2025-05-29T11:49:07.336+0000] {processor.py:914} INFO - Processing file /opt/airflow/dags/extract.py for tasks to queue
[2025-05-29T11:49:07.402+0000] {logging_mixin.py:190} INFO - [2025-05-29T11:49:07.401+0000] {dagbag.py:588} INFO - Filling up the DagBag from /opt/airflow/dags/extract.py
[2025-05-29T11:49:11.164+0000] {processor.py:925} INFO - DAG(s) 'data_synth' retrieved from /opt/airflow/dags/extract.py
[2025-05-29T11:49:11.277+0000] {logging_mixin.py:190} INFO - [2025-05-29T11:49:11.275+0000] {dag.py:3239} INFO - Sync 1 DAGs
[2025-05-29T11:49:11.519+0000] {logging_mixin.py:190} INFO - [2025-05-29T11:49:11.519+0000] {dag.py:4180} INFO - Setting next_dagrun for data_synth to 2025-05-22 18:30:00+00:00, run_after=2025-05-23 18:30:00+00:00
[2025-05-29T11:49:11.742+0000] {processor.py:208} INFO - Processing /opt/airflow/dags/extract.py took 6.304 seconds
[2025-05-29T11:49:43.673+0000] {processor.py:186} INFO - Started process (PID=533) to work on /opt/airflow/dags/extract.py
[2025-05-29T11:49:43.702+0000] {processor.py:914} INFO - Processing file /opt/airflow/dags/extract.py for tasks to queue
[2025-05-29T11:49:43.718+0000] {logging_mixin.py:190} INFO - [2025-05-29T11:49:43.717+0000] {dagbag.py:588} INFO - Filling up the DagBag from /opt/airflow/dags/extract.py
[2025-05-29T11:49:48.884+0000] {processor.py:925} INFO - DAG(s) 'data_synth' retrieved from /opt/airflow/dags/extract.py
[2025-05-29T11:49:50.796+0000] {logging_mixin.py:190} INFO - [2025-05-29T11:49:50.782+0000] {dag.py:3239} INFO - Sync 1 DAGs
[2025-05-29T11:49:51.249+0000] {logging_mixin.py:190} INFO - [2025-05-29T11:49:51.249+0000] {dag.py:4180} INFO - Setting next_dagrun for data_synth to 2025-05-22 18:30:00+00:00, run_after=2025-05-23 18:30:00+00:00
[2025-05-29T11:49:51.444+0000] {processor.py:208} INFO - Processing /opt/airflow/dags/extract.py took 7.813 seconds
[2025-05-29T11:50:22.277+0000] {processor.py:186} INFO - Started process (PID=546) to work on /opt/airflow/dags/extract.py
[2025-05-29T11:50:22.292+0000] {processor.py:914} INFO - Processing file /opt/airflow/dags/extract.py for tasks to queue
[2025-05-29T11:50:22.308+0000] {logging_mixin.py:190} INFO - [2025-05-29T11:50:22.306+0000] {dagbag.py:588} INFO - Filling up the DagBag from /opt/airflow/dags/extract.py
[2025-05-29T11:50:26.989+0000] {processor.py:925} INFO - DAG(s) 'data_synth' retrieved from /opt/airflow/dags/extract.py
[2025-05-29T11:50:28.619+0000] {logging_mixin.py:190} INFO - [2025-05-29T11:50:28.618+0000] {dag.py:3239} INFO - Sync 1 DAGs
[2025-05-29T11:50:28.863+0000] {logging_mixin.py:190} INFO - [2025-05-29T11:50:28.863+0000] {dag.py:4180} INFO - Setting next_dagrun for data_synth to 2025-05-22 18:30:00+00:00, run_after=2025-05-23 18:30:00+00:00
[2025-05-29T11:50:29.038+0000] {processor.py:208} INFO - Processing /opt/airflow/dags/extract.py took 6.875 seconds
[2025-05-29T11:50:59.980+0000] {processor.py:186} INFO - Started process (PID=564) to work on /opt/airflow/dags/extract.py
[2025-05-29T11:51:00.006+0000] {processor.py:914} INFO - Processing file /opt/airflow/dags/extract.py for tasks to queue
[2025-05-29T11:51:00.025+0000] {logging_mixin.py:190} INFO - [2025-05-29T11:51:00.024+0000] {dagbag.py:588} INFO - Filling up the DagBag from /opt/airflow/dags/extract.py
[2025-05-29T11:51:03.283+0000] {processor.py:925} INFO - DAG(s) 'data_synth' retrieved from /opt/airflow/dags/extract.py
[2025-05-29T11:51:04.720+0000] {logging_mixin.py:190} INFO - [2025-05-29T11:51:04.718+0000] {dag.py:3239} INFO - Sync 1 DAGs
[2025-05-29T11:51:04.940+0000] {logging_mixin.py:190} INFO - [2025-05-29T11:51:04.939+0000] {dag.py:4180} INFO - Setting next_dagrun for data_synth to 2025-05-22 18:30:00+00:00, run_after=2025-05-23 18:30:00+00:00
[2025-05-29T11:51:05.184+0000] {processor.py:208} INFO - Processing /opt/airflow/dags/extract.py took 6.862 seconds
[2025-05-29T11:51:38.019+0000] {processor.py:186} INFO - Started process (PID=577) to work on /opt/airflow/dags/extract.py
[2025-05-29T11:51:38.096+0000] {processor.py:914} INFO - Processing file /opt/airflow/dags/extract.py for tasks to queue
[2025-05-29T11:51:38.165+0000] {logging_mixin.py:190} INFO - [2025-05-29T11:51:38.163+0000] {dagbag.py:588} INFO - Filling up the DagBag from /opt/airflow/dags/extract.py
[2025-05-29T11:51:43.696+0000] {processor.py:925} INFO - DAG(s) 'data_synth' retrieved from /opt/airflow/dags/extract.py
[2025-05-29T11:51:45.223+0000] {logging_mixin.py:190} INFO - [2025-05-29T11:51:45.212+0000] {dag.py:3239} INFO - Sync 1 DAGs
[2025-05-29T11:51:45.648+0000] {logging_mixin.py:190} INFO - [2025-05-29T11:51:45.647+0000] {dag.py:4180} INFO - Setting next_dagrun for data_synth to 2025-05-22 18:30:00+00:00, run_after=2025-05-23 18:30:00+00:00
[2025-05-29T11:51:46.282+0000] {processor.py:208} INFO - Processing /opt/airflow/dags/extract.py took 8.384 seconds
[2025-05-29T11:52:17.098+0000] {processor.py:186} INFO - Started process (PID=590) to work on /opt/airflow/dags/extract.py
[2025-05-29T11:52:17.100+0000] {processor.py:914} INFO - Processing file /opt/airflow/dags/extract.py for tasks to queue
[2025-05-29T11:52:17.110+0000] {logging_mixin.py:190} INFO - [2025-05-29T11:52:17.108+0000] {dagbag.py:588} INFO - Filling up the DagBag from /opt/airflow/dags/extract.py
[2025-05-29T11:52:18.628+0000] {processor.py:925} INFO - DAG(s) 'data_synth' retrieved from /opt/airflow/dags/extract.py
[2025-05-29T11:52:18.925+0000] {logging_mixin.py:190} INFO - [2025-05-29T11:52:18.924+0000] {dag.py:3239} INFO - Sync 1 DAGs
[2025-05-29T11:52:18.981+0000] {logging_mixin.py:190} INFO - [2025-05-29T11:52:18.981+0000] {dag.py:4180} INFO - Setting next_dagrun for data_synth to 2025-05-22 18:30:00+00:00, run_after=2025-05-23 18:30:00+00:00
[2025-05-29T11:52:19.033+0000] {processor.py:208} INFO - Processing /opt/airflow/dags/extract.py took 1.950 seconds
[2025-05-29T11:52:49.395+0000] {processor.py:186} INFO - Started process (PID=609) to work on /opt/airflow/dags/extract.py
[2025-05-29T11:52:49.408+0000] {processor.py:914} INFO - Processing file /opt/airflow/dags/extract.py for tasks to queue
[2025-05-29T11:52:49.434+0000] {logging_mixin.py:190} INFO - [2025-05-29T11:52:49.428+0000] {dagbag.py:588} INFO - Filling up the DagBag from /opt/airflow/dags/extract.py
[2025-05-29T11:52:50.686+0000] {processor.py:925} INFO - DAG(s) 'data_synth' retrieved from /opt/airflow/dags/extract.py
[2025-05-29T11:52:51.169+0000] {logging_mixin.py:190} INFO - [2025-05-29T11:52:51.166+0000] {dag.py:3239} INFO - Sync 1 DAGs
[2025-05-29T11:52:51.250+0000] {logging_mixin.py:190} INFO - [2025-05-29T11:52:51.250+0000] {dag.py:4180} INFO - Setting next_dagrun for data_synth to 2025-05-22 18:30:00+00:00, run_after=2025-05-23 18:30:00+00:00
[2025-05-29T11:52:51.311+0000] {processor.py:208} INFO - Processing /opt/airflow/dags/extract.py took 2.012 seconds
[2025-05-29T11:53:22.838+0000] {processor.py:186} INFO - Started process (PID=622) to work on /opt/airflow/dags/extract.py
[2025-05-29T11:53:22.866+0000] {processor.py:914} INFO - Processing file /opt/airflow/dags/extract.py for tasks to queue
[2025-05-29T11:53:22.879+0000] {logging_mixin.py:190} INFO - [2025-05-29T11:53:22.877+0000] {dagbag.py:588} INFO - Filling up the DagBag from /opt/airflow/dags/extract.py
[2025-05-29T11:53:25.981+0000] {processor.py:925} INFO - DAG(s) 'data_synth' retrieved from /opt/airflow/dags/extract.py
[2025-05-29T11:53:27.383+0000] {logging_mixin.py:190} INFO - [2025-05-29T11:53:27.369+0000] {dag.py:3239} INFO - Sync 1 DAGs
[2025-05-29T11:53:27.670+0000] {logging_mixin.py:190} INFO - [2025-05-29T11:53:27.667+0000] {dag.py:4180} INFO - Setting next_dagrun for data_synth to 2025-05-22 18:30:00+00:00, run_after=2025-05-23 18:30:00+00:00
[2025-05-29T11:53:28.059+0000] {processor.py:208} INFO - Processing /opt/airflow/dags/extract.py took 7.314 seconds
[2025-05-29T11:53:59.031+0000] {processor.py:186} INFO - Started process (PID=634) to work on /opt/airflow/dags/extract.py
[2025-05-29T11:53:59.061+0000] {processor.py:914} INFO - Processing file /opt/airflow/dags/extract.py for tasks to queue
[2025-05-29T11:53:59.073+0000] {logging_mixin.py:190} INFO - [2025-05-29T11:53:59.072+0000] {dagbag.py:588} INFO - Filling up the DagBag from /opt/airflow/dags/extract.py
[2025-05-29T11:54:03.572+0000] {processor.py:925} INFO - DAG(s) 'data_synth' retrieved from /opt/airflow/dags/extract.py
[2025-05-29T11:54:05.716+0000] {logging_mixin.py:190} INFO - [2025-05-29T11:54:05.700+0000] {dag.py:3239} INFO - Sync 1 DAGs
[2025-05-29T11:54:06.029+0000] {logging_mixin.py:190} INFO - [2025-05-29T11:54:06.029+0000] {dag.py:4180} INFO - Setting next_dagrun for data_synth to 2025-05-22 18:30:00+00:00, run_after=2025-05-23 18:30:00+00:00
[2025-05-29T11:54:06.269+0000] {processor.py:208} INFO - Processing /opt/airflow/dags/extract.py took 7.281 seconds
[2025-05-29T11:54:37.031+0000] {processor.py:186} INFO - Started process (PID=647) to work on /opt/airflow/dags/extract.py
[2025-05-29T11:54:37.034+0000] {processor.py:914} INFO - Processing file /opt/airflow/dags/extract.py for tasks to queue
[2025-05-29T11:54:37.044+0000] {logging_mixin.py:190} INFO - [2025-05-29T11:54:37.043+0000] {dagbag.py:588} INFO - Filling up the DagBag from /opt/airflow/dags/extract.py
[2025-05-29T11:54:39.517+0000] {processor.py:925} INFO - DAG(s) 'data_synth' retrieved from /opt/airflow/dags/extract.py
[2025-05-29T11:54:40.450+0000] {logging_mixin.py:190} INFO - [2025-05-29T11:54:40.448+0000] {dag.py:3239} INFO - Sync 1 DAGs
[2025-05-29T11:54:40.748+0000] {logging_mixin.py:190} INFO - [2025-05-29T11:54:40.747+0000] {dag.py:4180} INFO - Setting next_dagrun for data_synth to 2025-05-22 18:30:00+00:00, run_after=2025-05-23 18:30:00+00:00
[2025-05-29T11:54:40.948+0000] {processor.py:208} INFO - Processing /opt/airflow/dags/extract.py took 3.949 seconds
[2025-05-29T11:55:11.427+0000] {processor.py:186} INFO - Started process (PID=667) to work on /opt/airflow/dags/extract.py
[2025-05-29T11:55:11.430+0000] {processor.py:914} INFO - Processing file /opt/airflow/dags/extract.py for tasks to queue
[2025-05-29T11:55:11.438+0000] {logging_mixin.py:190} INFO - [2025-05-29T11:55:11.437+0000] {dagbag.py:588} INFO - Filling up the DagBag from /opt/airflow/dags/extract.py
[2025-05-29T11:55:13.204+0000] {processor.py:925} INFO - DAG(s) 'data_synth' retrieved from /opt/airflow/dags/extract.py
[2025-05-29T11:55:13.811+0000] {logging_mixin.py:190} INFO - [2025-05-29T11:55:13.810+0000] {dag.py:3239} INFO - Sync 1 DAGs
[2025-05-29T11:55:13.884+0000] {logging_mixin.py:190} INFO - [2025-05-29T11:55:13.884+0000] {dag.py:4180} INFO - Setting next_dagrun for data_synth to 2025-05-22 18:30:00+00:00, run_after=2025-05-23 18:30:00+00:00
[2025-05-29T11:55:13.941+0000] {processor.py:208} INFO - Processing /opt/airflow/dags/extract.py took 2.550 seconds
[2025-05-29T11:55:44.828+0000] {processor.py:186} INFO - Started process (PID=680) to work on /opt/airflow/dags/extract.py
[2025-05-29T11:55:44.841+0000] {processor.py:914} INFO - Processing file /opt/airflow/dags/extract.py for tasks to queue
[2025-05-29T11:55:44.858+0000] {logging_mixin.py:190} INFO - [2025-05-29T11:55:44.855+0000] {dagbag.py:588} INFO - Filling up the DagBag from /opt/airflow/dags/extract.py
[2025-05-29T11:55:47.773+0000] {processor.py:925} INFO - DAG(s) 'data_synth' retrieved from /opt/airflow/dags/extract.py
[2025-05-29T11:55:48.995+0000] {logging_mixin.py:190} INFO - [2025-05-29T11:55:48.994+0000] {dag.py:3239} INFO - Sync 1 DAGs
[2025-05-29T11:55:49.233+0000] {logging_mixin.py:190} INFO - [2025-05-29T11:55:49.232+0000] {dag.py:4180} INFO - Setting next_dagrun for data_synth to 2025-05-22 18:30:00+00:00, run_after=2025-05-23 18:30:00+00:00
[2025-05-29T11:55:49.480+0000] {processor.py:208} INFO - Processing /opt/airflow/dags/extract.py took 4.697 seconds
[2025-05-29T11:56:20.240+0000] {processor.py:186} INFO - Started process (PID=695) to work on /opt/airflow/dags/extract.py
[2025-05-29T11:56:20.243+0000] {processor.py:914} INFO - Processing file /opt/airflow/dags/extract.py for tasks to queue
[2025-05-29T11:56:20.250+0000] {logging_mixin.py:190} INFO - [2025-05-29T11:56:20.249+0000] {dagbag.py:588} INFO - Filling up the DagBag from /opt/airflow/dags/extract.py
[2025-05-29T11:56:21.002+0000] {processor.py:925} INFO - DAG(s) 'data_synth' retrieved from /opt/airflow/dags/extract.py
[2025-05-29T11:56:21.265+0000] {logging_mixin.py:190} INFO - [2025-05-29T11:56:21.264+0000] {dag.py:3239} INFO - Sync 1 DAGs
[2025-05-29T11:56:21.310+0000] {logging_mixin.py:190} INFO - [2025-05-29T11:56:21.310+0000] {dag.py:4180} INFO - Setting next_dagrun for data_synth to 2025-05-22 18:30:00+00:00, run_after=2025-05-23 18:30:00+00:00
[2025-05-29T11:56:21.356+0000] {processor.py:208} INFO - Processing /opt/airflow/dags/extract.py took 1.134 seconds
[2025-05-29T11:56:51.685+0000] {processor.py:186} INFO - Started process (PID=708) to work on /opt/airflow/dags/extract.py
[2025-05-29T11:56:51.691+0000] {processor.py:914} INFO - Processing file /opt/airflow/dags/extract.py for tasks to queue
[2025-05-29T11:56:51.712+0000] {logging_mixin.py:190} INFO - [2025-05-29T11:56:51.709+0000] {dagbag.py:588} INFO - Filling up the DagBag from /opt/airflow/dags/extract.py
[2025-05-29T11:56:52.517+0000] {processor.py:925} INFO - DAG(s) 'data_synth' retrieved from /opt/airflow/dags/extract.py
[2025-05-29T11:56:52.818+0000] {logging_mixin.py:190} INFO - [2025-05-29T11:56:52.817+0000] {dag.py:3239} INFO - Sync 1 DAGs
[2025-05-29T11:56:52.864+0000] {logging_mixin.py:190} INFO - [2025-05-29T11:56:52.863+0000] {dag.py:4180} INFO - Setting next_dagrun for data_synth to 2025-05-22 18:30:00+00:00, run_after=2025-05-23 18:30:00+00:00
[2025-05-29T11:56:52.909+0000] {processor.py:208} INFO - Processing /opt/airflow/dags/extract.py took 1.269 seconds
[2025-05-29T11:57:23.345+0000] {processor.py:186} INFO - Started process (PID=721) to work on /opt/airflow/dags/extract.py
[2025-05-29T11:57:23.350+0000] {processor.py:914} INFO - Processing file /opt/airflow/dags/extract.py for tasks to queue
[2025-05-29T11:57:23.362+0000] {logging_mixin.py:190} INFO - [2025-05-29T11:57:23.360+0000] {dagbag.py:588} INFO - Filling up the DagBag from /opt/airflow/dags/extract.py
[2025-05-29T11:57:24.133+0000] {processor.py:925} INFO - DAG(s) 'data_synth' retrieved from /opt/airflow/dags/extract.py
[2025-05-29T11:57:24.387+0000] {logging_mixin.py:190} INFO - [2025-05-29T11:57:24.386+0000] {dag.py:3239} INFO - Sync 1 DAGs
[2025-05-29T11:57:24.440+0000] {logging_mixin.py:190} INFO - [2025-05-29T11:57:24.440+0000] {dag.py:4180} INFO - Setting next_dagrun for data_synth to 2025-05-22 18:30:00+00:00, run_after=2025-05-23 18:30:00+00:00
[2025-05-29T11:57:24.483+0000] {processor.py:208} INFO - Processing /opt/airflow/dags/extract.py took 1.168 seconds
[2025-05-29T11:57:55.129+0000] {processor.py:186} INFO - Started process (PID=734) to work on /opt/airflow/dags/extract.py
[2025-05-29T11:57:55.132+0000] {processor.py:914} INFO - Processing file /opt/airflow/dags/extract.py for tasks to queue
[2025-05-29T11:57:55.140+0000] {logging_mixin.py:190} INFO - [2025-05-29T11:57:55.139+0000] {dagbag.py:588} INFO - Filling up the DagBag from /opt/airflow/dags/extract.py
[2025-05-29T11:57:57.594+0000] {processor.py:925} INFO - DAG(s) 'data_synth' retrieved from /opt/airflow/dags/extract.py
[2025-05-29T11:57:58.763+0000] {logging_mixin.py:190} INFO - [2025-05-29T11:57:58.749+0000] {dag.py:3239} INFO - Sync 1 DAGs
[2025-05-29T11:57:58.996+0000] {logging_mixin.py:190} INFO - [2025-05-29T11:57:58.984+0000] {dag.py:4180} INFO - Setting next_dagrun for data_synth to 2025-05-22 18:30:00+00:00, run_after=2025-05-23 18:30:00+00:00
[2025-05-29T11:57:59.228+0000] {processor.py:208} INFO - Processing /opt/airflow/dags/extract.py took 4.122 seconds
[2025-05-29T11:58:30.265+0000] {processor.py:186} INFO - Started process (PID=753) to work on /opt/airflow/dags/extract.py
[2025-05-29T11:58:30.268+0000] {processor.py:914} INFO - Processing file /opt/airflow/dags/extract.py for tasks to queue
[2025-05-29T11:58:30.276+0000] {logging_mixin.py:190} INFO - [2025-05-29T11:58:30.275+0000] {dagbag.py:588} INFO - Filling up the DagBag from /opt/airflow/dags/extract.py
[2025-05-29T11:58:31.022+0000] {processor.py:925} INFO - DAG(s) 'data_synth' retrieved from /opt/airflow/dags/extract.py
[2025-05-29T11:58:31.279+0000] {logging_mixin.py:190} INFO - [2025-05-29T11:58:31.278+0000] {dag.py:3239} INFO - Sync 1 DAGs
[2025-05-29T11:58:31.325+0000] {logging_mixin.py:190} INFO - [2025-05-29T11:58:31.324+0000] {dag.py:4180} INFO - Setting next_dagrun for data_synth to 2025-05-22 18:30:00+00:00, run_after=2025-05-23 18:30:00+00:00
[2025-05-29T11:58:31.382+0000] {processor.py:208} INFO - Processing /opt/airflow/dags/extract.py took 1.136 seconds
[2025-05-29T11:59:01.598+0000] {processor.py:186} INFO - Started process (PID=766) to work on /opt/airflow/dags/extract.py
[2025-05-29T11:59:01.604+0000] {processor.py:914} INFO - Processing file /opt/airflow/dags/extract.py for tasks to queue
[2025-05-29T11:59:01.614+0000] {logging_mixin.py:190} INFO - [2025-05-29T11:59:01.613+0000] {dagbag.py:588} INFO - Filling up the DagBag from /opt/airflow/dags/extract.py
[2025-05-29T11:59:03.146+0000] {processor.py:925} INFO - DAG(s) 'data_synth' retrieved from /opt/airflow/dags/extract.py
[2025-05-29T11:59:03.824+0000] {logging_mixin.py:190} INFO - [2025-05-29T11:59:03.823+0000] {dag.py:3239} INFO - Sync 1 DAGs
[2025-05-29T11:59:03.947+0000] {logging_mixin.py:190} INFO - [2025-05-29T11:59:03.946+0000] {dag.py:4180} INFO - Setting next_dagrun for data_synth to 2025-05-22 18:30:00+00:00, run_after=2025-05-23 18:30:00+00:00
[2025-05-29T11:59:04.032+0000] {processor.py:208} INFO - Processing /opt/airflow/dags/extract.py took 2.453 seconds
[2025-05-29T11:59:35.084+0000] {processor.py:186} INFO - Started process (PID=779) to work on /opt/airflow/dags/extract.py
[2025-05-29T11:59:35.087+0000] {processor.py:914} INFO - Processing file /opt/airflow/dags/extract.py for tasks to queue
[2025-05-29T11:59:35.100+0000] {logging_mixin.py:190} INFO - [2025-05-29T11:59:35.099+0000] {dagbag.py:588} INFO - Filling up the DagBag from /opt/airflow/dags/extract.py
[2025-05-29T11:59:36.358+0000] {processor.py:925} INFO - DAG(s) 'data_synth' retrieved from /opt/airflow/dags/extract.py
[2025-05-29T11:59:36.898+0000] {logging_mixin.py:190} INFO - [2025-05-29T11:59:36.896+0000] {dag.py:3239} INFO - Sync 1 DAGs
[2025-05-29T11:59:36.959+0000] {logging_mixin.py:190} INFO - [2025-05-29T11:59:36.958+0000] {dag.py:4180} INFO - Setting next_dagrun for data_synth to 2025-05-22 18:30:00+00:00, run_after=2025-05-23 18:30:00+00:00
[2025-05-29T11:59:37.013+0000] {processor.py:208} INFO - Processing /opt/airflow/dags/extract.py took 1.952 seconds
[2025-05-29T12:00:07.607+0000] {processor.py:186} INFO - Started process (PID=793) to work on /opt/airflow/dags/extract.py
[2025-05-29T12:00:07.614+0000] {processor.py:914} INFO - Processing file /opt/airflow/dags/extract.py for tasks to queue
[2025-05-29T12:00:07.624+0000] {logging_mixin.py:190} INFO - [2025-05-29T12:00:07.623+0000] {dagbag.py:588} INFO - Filling up the DagBag from /opt/airflow/dags/extract.py
[2025-05-29T12:00:09.532+0000] {processor.py:925} INFO - DAG(s) 'data_synth' retrieved from /opt/airflow/dags/extract.py
[2025-05-29T12:00:10.047+0000] {logging_mixin.py:190} INFO - [2025-05-29T12:00:10.045+0000] {dag.py:3239} INFO - Sync 1 DAGs
[2025-05-29T12:00:10.113+0000] {logging_mixin.py:190} INFO - [2025-05-29T12:00:10.112+0000] {dag.py:4180} INFO - Setting next_dagrun for data_synth to 2025-05-22 18:30:00+00:00, run_after=2025-05-23 18:30:00+00:00
[2025-05-29T12:00:10.164+0000] {processor.py:208} INFO - Processing /opt/airflow/dags/extract.py took 2.590 seconds
[2025-05-29T12:00:40.992+0000] {processor.py:186} INFO - Started process (PID=806) to work on /opt/airflow/dags/extract.py
[2025-05-29T12:00:40.995+0000] {processor.py:914} INFO - Processing file /opt/airflow/dags/extract.py for tasks to queue
[2025-05-29T12:00:41.012+0000] {logging_mixin.py:190} INFO - [2025-05-29T12:00:41.011+0000] {dagbag.py:588} INFO - Filling up the DagBag from /opt/airflow/dags/extract.py
[2025-05-29T12:00:42.921+0000] {processor.py:925} INFO - DAG(s) 'data_synth' retrieved from /opt/airflow/dags/extract.py
[2025-05-29T12:00:43.645+0000] {logging_mixin.py:190} INFO - [2025-05-29T12:00:43.643+0000] {dag.py:3239} INFO - Sync 1 DAGs
[2025-05-29T12:00:43.770+0000] {logging_mixin.py:190} INFO - [2025-05-29T12:00:43.758+0000] {dag.py:4180} INFO - Setting next_dagrun for data_synth to 2025-05-22 18:30:00+00:00, run_after=2025-05-23 18:30:00+00:00
[2025-05-29T12:00:43.890+0000] {processor.py:208} INFO - Processing /opt/airflow/dags/extract.py took 2.952 seconds
[2025-05-30T04:38:11.932+0000] {processor.py:186} INFO - Started process (PID=824) to work on /opt/airflow/dags/extract.py
[2025-05-30T04:38:12.084+0000] {processor.py:914} INFO - Processing file /opt/airflow/dags/extract.py for tasks to queue
[2025-05-30T04:38:12.143+0000] {logging_mixin.py:190} INFO - [2025-05-30T04:38:12.142+0000] {dagbag.py:588} INFO - Filling up the DagBag from /opt/airflow/dags/extract.py
