[2025-05-25T07:03:45.192+0000] {local_task_job_runner.py:123} INFO - ::group::Pre task execution logs
[2025-05-25T07:03:46.277+0000] {taskinstance.py:2613} INFO - Dependencies all met for dep_context=non-requeueable deps ti=<TaskInstance: load_file_to_psql.move_data_file scheduled__2025-03-08T00:00:00+00:00 [queued]>
[2025-05-25T07:03:46.857+0000] {taskinstance.py:2613} INFO - Dependencies all met for dep_context=requeueable deps ti=<TaskInstance: load_file_to_psql.move_data_file scheduled__2025-03-08T00:00:00+00:00 [queued]>
[2025-05-25T07:03:46.876+0000] {taskinstance.py:2866} INFO - Starting attempt 1 of 1
[2025-05-25T07:03:47.441+0000] {taskinstance.py:2889} INFO - Executing <Task(BashOperator): move_data_file> on 2025-03-08 00:00:00+00:00
[2025-05-25T07:03:48.012+0000] {warnings.py:112} WARNING - /home/***/.local/lib/python3.12/site-packages/***/task/task_runner/standard_task_runner.py:70: DeprecationWarning: This process (pid=1365) is multi-threaded, use of fork() may lead to deadlocks in the child.
  pid = os.fork()

[2025-05-25T07:03:48.080+0000] {standard_task_runner.py:72} INFO - Started process 1394 to run task
[2025-05-25T07:03:48.035+0000] {standard_task_runner.py:104} INFO - Running: ['***', 'tasks', 'run', 'load_file_to_psql', 'move_data_file', 'scheduled__2025-03-08T00:00:00+00:00', '--job-id', '200', '--raw', '--subdir', 'DAGS_FOLDER/data_quality.py', '--cfg-path', '/tmp/tmpe2ebve3_']
[2025-05-25T07:03:48.208+0000] {standard_task_runner.py:105} INFO - Job 200: Subtask move_data_file
[2025-05-25T07:03:55.751+0000] {job.py:229} INFO - Heartbeat recovered after 14.11 seconds
[2025-05-25T07:04:07.710+0000] {task_command.py:467} INFO - Running <TaskInstance: load_file_to_psql.move_data_file scheduled__2025-03-08T00:00:00+00:00 [running]> on host b4cf172ed0b9
[2025-05-25T07:04:10.715+0000] {job.py:229} INFO - Heartbeat recovered after 15.50 seconds
[2025-05-25T07:04:19.610+0000] {taskinstance.py:3132} INFO - Exporting env vars: AIRFLOW_CTX_DAG_EMAIL='https://t.me/Shust_DE' AIRFLOW_CTX_DAG_OWNER='@Shust_DE' AIRFLOW_CTX_DAG_ID='load_file_to_psql' AIRFLOW_CTX_TASK_ID='move_data_file' AIRFLOW_CTX_EXECUTION_DATE='2025-03-08T00:00:00+00:00' AIRFLOW_CTX_TRY_NUMBER='1' AIRFLOW_CTX_DAG_RUN_ID='scheduled__2025-03-08T00:00:00+00:00'
[2025-05-25T07:04:19.665+0000] {taskinstance.py:731} INFO - ::endgroup::
[2025-05-25T07:04:21.312+0000] {subprocess.py:78} INFO - Tmp dir root location: /tmp
[2025-05-25T07:04:21.789+0000] {subprocess.py:88} INFO - Running command: ['/usr/bin/bash', '-c', 'mkdir -p /tmp/processed_data/ && mv /tmp/data.csv /tmp/processed_data/']
[2025-05-25T07:04:24.194+0000] {subprocess.py:99} INFO - Output:
[2025-05-25T07:04:25.112+0000] {subprocess.py:110} INFO - Command exited with return code 0
[2025-05-25T07:04:27.526+0000] {taskinstance.py:340} INFO - ::group::Post task execution logs
[2025-05-25T07:04:27.557+0000] {taskinstance.py:352} INFO - Marking task as SUCCESS. dag_id=load_file_to_psql, task_id=move_data_file, run_id=scheduled__2025-03-08T00:00:00+00:00, execution_date=20250308T000000, start_date=20250525T070346, end_date=20250525T070427
[2025-05-25T07:04:30.846+0000] {local_task_job_runner.py:266} INFO - Task exited with return code 0
[2025-05-25T07:04:31.639+0000] {local_task_job_runner.py:245} INFO - ::endgroup::
