[2025-05-25T05:14:03.104+0000] {local_task_job_runner.py:123} INFO - ::group::Pre task execution logs
[2025-05-25T05:14:04.310+0000] {taskinstance.py:2613} INFO - Dependencies all met for dep_context=non-requeueable deps ti=<TaskInstance: load_file_to_psql.generate_file manual__2025-05-25T05:12:25.668941+00:00 [queued]>
[2025-05-25T05:14:04.544+0000] {taskinstance.py:2613} INFO - Dependencies all met for dep_context=requeueable deps ti=<TaskInstance: load_file_to_psql.generate_file manual__2025-05-25T05:12:25.668941+00:00 [queued]>
[2025-05-25T05:14:04.571+0000] {taskinstance.py:2866} INFO - Starting attempt 1 of 1
[2025-05-25T05:14:05.007+0000] {taskinstance.py:2889} INFO - Executing <Task(PythonOperator): generate_file> on 2025-05-25 05:12:25.668941+00:00
[2025-05-25T05:14:05.076+0000] {warnings.py:112} WARNING - /home/***/.local/lib/python3.12/site-packages/***/task/task_runner/standard_task_runner.py:70: DeprecationWarning: This process (pid=176) is multi-threaded, use of fork() may lead to deadlocks in the child.
  pid = os.fork()

[2025-05-25T05:14:05.180+0000] {standard_task_runner.py:72} INFO - Started process 221 to run task
[2025-05-25T05:14:05.191+0000] {standard_task_runner.py:104} INFO - Running: ['***', 'tasks', 'run', 'load_file_to_psql', 'generate_file', 'manual__2025-05-25T05:12:25.668941+00:00', '--job-id', '11', '--raw', '--subdir', 'DAGS_FOLDER/data_quality.py', '--cfg-path', '/tmp/tmpthd8htch']
[2025-05-25T05:14:04.830+0000] {standard_task_runner.py:105} INFO - Job 11: Subtask generate_file
[2025-05-25T05:14:31.375+0000] {task_command.py:467} INFO - Running <TaskInstance: load_file_to_psql.generate_file manual__2025-05-25T05:12:25.668941+00:00 [running]> on host b4cf172ed0b9
[2025-05-25T05:14:35.766+0000] {job.py:229} INFO - Heartbeat recovered after 35.69 seconds
[2025-05-25T05:14:37.892+0000] {taskinstance.py:3132} INFO - Exporting env vars: AIRFLOW_CTX_DAG_EMAIL='https://t.me/Shust_DE' AIRFLOW_CTX_DAG_OWNER='@Shust_DE' AIRFLOW_CTX_DAG_ID='load_file_to_psql' AIRFLOW_CTX_TASK_ID='generate_file' AIRFLOW_CTX_EXECUTION_DATE='2025-05-25T05:12:25.668941+00:00' AIRFLOW_CTX_TRY_NUMBER='1' AIRFLOW_CTX_DAG_RUN_ID='manual__2025-05-25T05:12:25.668941+00:00'
[2025-05-25T05:14:37.925+0000] {taskinstance.py:731} INFO - ::endgroup::
[2025-05-25T05:14:39.456+0000] {python.py:240} INFO - Done. Returned value was: None
[2025-05-25T05:14:40.157+0000] {taskinstance.py:340} INFO - ::group::Post task execution logs
[2025-05-25T05:14:40.207+0000] {taskinstance.py:352} INFO - Marking task as SUCCESS. dag_id=load_file_to_psql, task_id=generate_file, run_id=manual__2025-05-25T05:12:25.668941+00:00, execution_date=20250525T051225, start_date=20250525T051404, end_date=20250525T051440
[2025-05-25T05:14:41.481+0000] {job.py:229} INFO - Heartbeat recovered after 29.74 seconds
[2025-05-25T05:14:42.263+0000] {local_task_job_runner.py:266} INFO - Task exited with return code 0
[2025-05-25T05:14:42.399+0000] {local_task_job_runner.py:245} INFO - ::endgroup::
