[2025-05-25T05:21:13.821+0000] {local_task_job_runner.py:123} INFO - ::group::Pre task execution logs
[2025-05-25T05:21:14.034+0000] {taskinstance.py:2613} INFO - Dependencies all met for dep_context=non-requeueable deps ti=<TaskInstance: load_file_to_psql.move_data_file scheduled__2024-12-26T00:00:00+00:00 [queued]>
[2025-05-25T05:21:14.065+0000] {taskinstance.py:2613} INFO - Dependencies all met for dep_context=requeueable deps ti=<TaskInstance: load_file_to_psql.move_data_file scheduled__2024-12-26T00:00:00+00:00 [queued]>
[2025-05-25T05:21:14.066+0000] {taskinstance.py:2866} INFO - Starting attempt 1 of 1
[2025-05-25T05:21:14.409+0000] {taskinstance.py:2889} INFO - Executing <Task(BashOperator): move_data_file> on 2024-12-26 00:00:00+00:00
[2025-05-25T05:21:14.564+0000] {warnings.py:112} WARNING - /home/***/.local/lib/python3.12/site-packages/***/task/task_runner/standard_task_runner.py:70: DeprecationWarning: This process (pid=456) is multi-threaded, use of fork() may lead to deadlocks in the child.
  pid = os.fork()

[2025-05-25T05:21:14.597+0000] {standard_task_runner.py:72} INFO - Started process 499 to run task
[2025-05-25T05:21:14.637+0000] {standard_task_runner.py:104} INFO - Running: ['***', 'tasks', 'run', 'load_file_to_psql', 'move_data_file', 'scheduled__2024-12-26T00:00:00+00:00', '--job-id', '42', '--raw', '--subdir', 'DAGS_FOLDER/data_quality.py', '--cfg-path', '/tmp/tmpu1y_qtdp']
[2025-05-25T05:21:14.670+0000] {standard_task_runner.py:105} INFO - Job 42: Subtask move_data_file
[2025-05-25T05:21:26.491+0000] {task_command.py:467} INFO - Running <TaskInstance: load_file_to_psql.move_data_file scheduled__2024-12-26T00:00:00+00:00 [running]> on host b4cf172ed0b9
[2025-05-25T05:21:31.593+0000] {job.py:229} INFO - Heartbeat recovered after 12.89 seconds
[2025-05-25T05:21:44.068+0000] {taskinstance.py:3132} INFO - Exporting env vars: AIRFLOW_CTX_DAG_EMAIL='https://t.me/Shust_DE' AIRFLOW_CTX_DAG_OWNER='@Shust_DE' AIRFLOW_CTX_DAG_ID='load_file_to_psql' AIRFLOW_CTX_TASK_ID='move_data_file' AIRFLOW_CTX_EXECUTION_DATE='2024-12-26T00:00:00+00:00' AIRFLOW_CTX_TRY_NUMBER='1' AIRFLOW_CTX_DAG_RUN_ID='scheduled__2024-12-26T00:00:00+00:00'
[2025-05-25T05:21:44.227+0000] {job.py:229} INFO - Heartbeat recovered after 12.79 seconds
[2025-05-25T05:21:44.446+0000] {taskinstance.py:731} INFO - ::endgroup::
[2025-05-25T05:21:48.741+0000] {subprocess.py:78} INFO - Tmp dir root location: /tmp
[2025-05-25T05:21:49.059+0000] {subprocess.py:88} INFO - Running command: ['/usr/bin/bash', '-c', 'mkdir -p /tmp/processed_data/ && mv /tmp/data.csv /tmp/processed_data/']
[2025-05-25T05:21:50.699+0000] {subprocess.py:99} INFO - Output:
[2025-05-25T05:21:51.865+0000] {subprocess.py:110} INFO - Command exited with return code 0
[2025-05-25T05:21:56.812+0000] {taskinstance.py:340} INFO - ::group::Post task execution logs
[2025-05-25T05:21:56.978+0000] {taskinstance.py:352} INFO - Marking task as SUCCESS. dag_id=load_file_to_psql, task_id=move_data_file, run_id=scheduled__2024-12-26T00:00:00+00:00, execution_date=20241226T000000, start_date=20250525T052114, end_date=20250525T052156
[2025-05-25T05:22:00.332+0000] {local_task_job_runner.py:266} INFO - Task exited with return code 0
[2025-05-25T05:22:00.608+0000] {standard_task_runner.py:217} INFO - Process not found (most likely exited), stop collecting metrics
[2025-05-25T05:22:04.013+0000] {taskinstance.py:3895} INFO - 1 downstream tasks scheduled from follow-on schedule check
[2025-05-25T05:22:04.074+0000] {local_task_job_runner.py:245} INFO - ::endgroup::
