[2025-05-25T05:20:22.113+0000] {local_task_job_runner.py:123} INFO - ::group::Pre task execution logs
[2025-05-25T05:20:23.613+0000] {taskinstance.py:2613} INFO - Dependencies all met for dep_context=non-requeueable deps ti=<TaskInstance: load_file_to_psql.generate_file scheduled__2025-01-05T00:00:00+00:00 [queued]>
[2025-05-25T05:20:23.806+0000] {taskinstance.py:2613} INFO - Dependencies all met for dep_context=requeueable deps ti=<TaskInstance: load_file_to_psql.generate_file scheduled__2025-01-05T00:00:00+00:00 [queued]>
[2025-05-25T05:20:23.838+0000] {taskinstance.py:2866} INFO - Starting attempt 1 of 1
[2025-05-25T05:20:26.668+0000] {taskinstance.py:2889} INFO - Executing <Task(PythonOperator): generate_file> on 2025-01-05 00:00:00+00:00
[2025-05-25T05:20:27.176+0000] {warnings.py:112} WARNING - /home/***/.local/lib/python3.12/site-packages/***/task/task_runner/standard_task_runner.py:70: DeprecationWarning: This process (pid=398) is multi-threaded, use of fork() may lead to deadlocks in the child.
  pid = os.fork()

[2025-05-25T05:20:27.227+0000] {standard_task_runner.py:72} INFO - Started process 457 to run task
[2025-05-25T05:20:27.654+0000] {standard_task_runner.py:104} INFO - Running: ['***', 'tasks', 'run', 'load_file_to_psql', 'generate_file', 'scheduled__2025-01-05T00:00:00+00:00', '--job-id', '40', '--raw', '--subdir', 'DAGS_FOLDER/data_quality.py', '--cfg-path', '/tmp/tmpybpqypn6']
[2025-05-25T05:20:28.339+0000] {standard_task_runner.py:105} INFO - Job 40: Subtask generate_file
[2025-05-25T05:20:47.504+0000] {task_command.py:467} INFO - Running <TaskInstance: load_file_to_psql.generate_file scheduled__2025-01-05T00:00:00+00:00 [running]> on host b4cf172ed0b9
[2025-05-25T05:20:47.667+0000] {job.py:229} INFO - Heartbeat recovered after 29.83 seconds
[2025-05-25T05:20:53.029+0000] {taskinstance.py:3132} INFO - Exporting env vars: AIRFLOW_CTX_DAG_EMAIL='https://t.me/Shust_DE' AIRFLOW_CTX_DAG_OWNER='@Shust_DE' AIRFLOW_CTX_DAG_ID='load_file_to_psql' AIRFLOW_CTX_TASK_ID='generate_file' AIRFLOW_CTX_EXECUTION_DATE='2025-01-05T00:00:00+00:00' AIRFLOW_CTX_TRY_NUMBER='1' AIRFLOW_CTX_DAG_RUN_ID='scheduled__2025-01-05T00:00:00+00:00'
[2025-05-25T05:20:53.100+0000] {taskinstance.py:731} INFO - ::endgroup::
[2025-05-25T05:20:53.199+0000] {job.py:229} INFO - Heartbeat recovered after 19.53 seconds
[2025-05-25T05:20:56.654+0000] {python.py:240} INFO - Done. Returned value was: None
[2025-05-25T05:20:56.881+0000] {taskinstance.py:340} INFO - ::group::Post task execution logs
[2025-05-25T05:20:56.961+0000] {taskinstance.py:352} INFO - Marking task as SUCCESS. dag_id=load_file_to_psql, task_id=generate_file, run_id=scheduled__2025-01-05T00:00:00+00:00, execution_date=20250105T000000, start_date=20250525T052023, end_date=20250525T052056
[2025-05-25T05:20:57.824+0000] {local_task_job_runner.py:266} INFO - Task exited with return code 0
[2025-05-25T05:20:58.017+0000] {local_task_job_runner.py:245} INFO - ::endgroup::
