[2025-05-25T05:18:55.973+0000] {local_task_job_runner.py:123} INFO - ::group::Pre task execution logs
[2025-05-25T05:18:56.545+0000] {taskinstance.py:2613} INFO - Dependencies all met for dep_context=non-requeueable deps ti=<TaskInstance: load_file_to_psql.move_data_file scheduled__2024-12-11T00:00:00+00:00 [queued]>
[2025-05-25T05:18:56.846+0000] {taskinstance.py:2613} INFO - Dependencies all met for dep_context=requeueable deps ti=<TaskInstance: load_file_to_psql.move_data_file scheduled__2024-12-11T00:00:00+00:00 [queued]>
[2025-05-25T05:18:56.914+0000] {taskinstance.py:2866} INFO - Starting attempt 1 of 1
[2025-05-25T05:19:07.244+0000] {taskinstance.py:2889} INFO - Executing <Task(BashOperator): move_data_file> on 2024-12-11 00:00:00+00:00
[2025-05-25T05:19:07.956+0000] {warnings.py:112} WARNING - /home/***/.local/lib/python3.12/site-packages/***/task/task_runner/standard_task_runner.py:70: DeprecationWarning: This process (pid=334) is multi-threaded, use of fork() may lead to deadlocks in the child.
  pid = os.fork()

[2025-05-25T05:19:08.103+0000] {standard_task_runner.py:72} INFO - Started process 377 to run task
[2025-05-25T05:19:08.387+0000] {standard_task_runner.py:104} INFO - Running: ['***', 'tasks', 'run', 'load_file_to_psql', 'move_data_file', 'scheduled__2024-12-11T00:00:00+00:00', '--job-id', '25', '--raw', '--subdir', 'DAGS_FOLDER/data_quality.py', '--cfg-path', '/tmp/tmp9r7ph84v']
[2025-05-25T05:19:08.651+0000] {standard_task_runner.py:105} INFO - Job 25: Subtask move_data_file
[2025-05-25T05:19:11.032+0000] {task_command.py:467} INFO - Running <TaskInstance: load_file_to_psql.move_data_file scheduled__2024-12-11T00:00:00+00:00 [running]> on host b4cf172ed0b9
[2025-05-25T05:19:12.717+0000] {taskinstance.py:3132} INFO - Exporting env vars: AIRFLOW_CTX_DAG_EMAIL='https://t.me/Shust_DE' AIRFLOW_CTX_DAG_OWNER='@Shust_DE' AIRFLOW_CTX_DAG_ID='load_file_to_psql' AIRFLOW_CTX_TASK_ID='move_data_file' AIRFLOW_CTX_EXECUTION_DATE='2024-12-11T00:00:00+00:00' AIRFLOW_CTX_TRY_NUMBER='1' AIRFLOW_CTX_DAG_RUN_ID='scheduled__2024-12-11T00:00:00+00:00'
[2025-05-25T05:19:12.725+0000] {taskinstance.py:731} INFO - ::endgroup::
[2025-05-25T05:19:13.343+0000] {subprocess.py:78} INFO - Tmp dir root location: /tmp
[2025-05-25T05:19:13.457+0000] {subprocess.py:88} INFO - Running command: ['/usr/bin/bash', '-c', 'mkdir -p /tmp/processed_data/ && mv /tmp/data.csv /tmp/processed_data/']
[2025-05-25T05:19:13.799+0000] {job.py:229} INFO - Heartbeat recovered after 20.81 seconds
[2025-05-25T05:19:13.948+0000] {subprocess.py:99} INFO - Output:
[2025-05-25T05:19:14.128+0000] {subprocess.py:110} INFO - Command exited with return code 0
[2025-05-25T05:19:14.759+0000] {taskinstance.py:340} INFO - ::group::Post task execution logs
[2025-05-25T05:19:14.794+0000] {taskinstance.py:352} INFO - Marking task as SUCCESS. dag_id=load_file_to_psql, task_id=move_data_file, run_id=scheduled__2024-12-11T00:00:00+00:00, execution_date=20241211T000000, start_date=20250525T051856, end_date=20250525T051914
[2025-05-25T05:19:16.039+0000] {local_task_job_runner.py:266} INFO - Task exited with return code 0
[2025-05-25T05:19:16.898+0000] {taskinstance.py:3895} INFO - 1 downstream tasks scheduled from follow-on schedule check
[2025-05-25T05:19:17.031+0000] {local_task_job_runner.py:245} INFO - ::endgroup::
