[2025-05-25T05:24:13.913+0000] {local_task_job_runner.py:123} INFO - ::group::Pre task execution logs
[2025-05-25T05:24:12.714+0000] {taskinstance.py:2613} INFO - Dependencies all met for dep_context=non-requeueable deps ti=<TaskInstance: load_file_to_psql.generate_file scheduled__2025-01-23T00:00:00+00:00 [queued]>
[2025-05-25T05:24:13.114+0000] {taskinstance.py:2613} INFO - Dependencies all met for dep_context=requeueable deps ti=<TaskInstance: load_file_to_psql.generate_file scheduled__2025-01-23T00:00:00+00:00 [queued]>
[2025-05-25T05:24:13.164+0000] {taskinstance.py:2866} INFO - Starting attempt 1 of 1
[2025-05-25T05:24:23.855+0000] {taskinstance.py:2889} INFO - Executing <Task(PythonOperator): generate_file> on 2025-01-23 00:00:00+00:00
[2025-05-25T05:24:24.093+0000] {warnings.py:112} WARNING - /home/***/.local/lib/python3.12/site-packages/***/task/task_runner/standard_task_runner.py:70: DeprecationWarning: This process (pid=620) is multi-threaded, use of fork() may lead to deadlocks in the child.
  pid = os.fork()

[2025-05-25T05:24:24.139+0000] {standard_task_runner.py:72} INFO - Started process 668 to run task
[2025-05-25T05:24:24.135+0000] {standard_task_runner.py:104} INFO - Running: ['***', 'tasks', 'run', 'load_file_to_psql', 'generate_file', 'scheduled__2025-01-23T00:00:00+00:00', '--job-id', '74', '--raw', '--subdir', 'DAGS_FOLDER/data_quality.py', '--cfg-path', '/tmp/tmpa4l44a2n']
[2025-05-25T05:24:24.210+0000] {standard_task_runner.py:105} INFO - Job 74: Subtask generate_file
[2025-05-25T05:24:25.333+0000] {task_command.py:467} INFO - Running <TaskInstance: load_file_to_psql.generate_file scheduled__2025-01-23T00:00:00+00:00 [running]> on host b4cf172ed0b9
[2025-05-25T05:24:29.989+0000] {job.py:229} INFO - Heartbeat recovered after 19.10 seconds
[2025-05-25T05:24:30.466+0000] {taskinstance.py:3132} INFO - Exporting env vars: AIRFLOW_CTX_DAG_EMAIL='https://t.me/Shust_DE' AIRFLOW_CTX_DAG_OWNER='@Shust_DE' AIRFLOW_CTX_DAG_ID='load_file_to_psql' AIRFLOW_CTX_TASK_ID='generate_file' AIRFLOW_CTX_EXECUTION_DATE='2025-01-23T00:00:00+00:00' AIRFLOW_CTX_TRY_NUMBER='1' AIRFLOW_CTX_DAG_RUN_ID='scheduled__2025-01-23T00:00:00+00:00'
[2025-05-25T05:24:30.846+0000] {taskinstance.py:731} INFO - ::endgroup::
[2025-05-25T05:24:33.670+0000] {python.py:240} INFO - Done. Returned value was: None
[2025-05-25T05:24:34.457+0000] {taskinstance.py:340} INFO - ::group::Post task execution logs
[2025-05-25T05:24:34.523+0000] {taskinstance.py:352} INFO - Marking task as SUCCESS. dag_id=load_file_to_psql, task_id=generate_file, run_id=scheduled__2025-01-23T00:00:00+00:00, execution_date=20250123T000000, start_date=20250525T052412, end_date=20250525T052434
[2025-05-25T05:24:35.272+0000] {local_task_job_runner.py:266} INFO - Task exited with return code 0
[2025-05-25T05:24:37.029+0000] {taskinstance.py:3895} INFO - 1 downstream tasks scheduled from follow-on schedule check
[2025-05-25T05:24:37.081+0000] {local_task_job_runner.py:245} INFO - ::endgroup::
