[2025-05-25T05:12:54.480+0000] {local_task_job_runner.py:123} INFO - ::group::Pre task execution logs
[2025-05-25T05:12:55.493+0000] {taskinstance.py:2613} INFO - Dependencies all met for dep_context=non-requeueable deps ti=<TaskInstance: load_file_to_psql.generate_file scheduled__2024-11-26T00:00:00+00:00 [queued]>
[2025-05-25T05:12:55.772+0000] {taskinstance.py:2613} INFO - Dependencies all met for dep_context=requeueable deps ti=<TaskInstance: load_file_to_psql.generate_file scheduled__2024-11-26T00:00:00+00:00 [queued]>
[2025-05-25T05:12:55.791+0000] {taskinstance.py:2866} INFO - Starting attempt 1 of 1
[2025-05-25T05:12:56.568+0000] {taskinstance.py:2889} INFO - Executing <Task(PythonOperator): generate_file> on 2024-11-26 00:00:00+00:00
[2025-05-25T05:12:56.832+0000] {warnings.py:112} WARNING - /home/***/.local/lib/python3.12/site-packages/***/task/task_runner/standard_task_runner.py:70: DeprecationWarning: This process (pid=140) is multi-threaded, use of fork() may lead to deadlocks in the child.
  pid = os.fork()

[2025-05-25T05:12:56.878+0000] {standard_task_runner.py:104} INFO - Running: ['***', 'tasks', 'run', 'load_file_to_psql', 'generate_file', 'scheduled__2024-11-26T00:00:00+00:00', '--job-id', '8', '--raw', '--subdir', 'DAGS_FOLDER/data_quality.py', '--cfg-path', '/tmp/tmpq5ps87qr']
[2025-05-25T05:12:57.126+0000] {standard_task_runner.py:105} INFO - Job 8: Subtask generate_file
[2025-05-25T05:12:57.117+0000] {standard_task_runner.py:72} INFO - Started process 164 to run task
[2025-05-25T05:13:03.272+0000] {job.py:229} INFO - Heartbeat recovered after 11.93 seconds
[2025-05-25T05:13:10.619+0000] {task_command.py:467} INFO - Running <TaskInstance: load_file_to_psql.generate_file scheduled__2024-11-26T00:00:00+00:00 [running]> on host b4cf172ed0b9
[2025-05-25T05:13:18.378+0000] {taskinstance.py:3132} INFO - Exporting env vars: AIRFLOW_CTX_DAG_EMAIL='https://t.me/Shust_DE' AIRFLOW_CTX_DAG_OWNER='@Shust_DE' AIRFLOW_CTX_DAG_ID='load_file_to_psql' AIRFLOW_CTX_TASK_ID='generate_file' AIRFLOW_CTX_EXECUTION_DATE='2024-11-26T00:00:00+00:00' AIRFLOW_CTX_TRY_NUMBER='1' AIRFLOW_CTX_DAG_RUN_ID='scheduled__2024-11-26T00:00:00+00:00'
[2025-05-25T05:13:18.446+0000] {taskinstance.py:731} INFO - ::endgroup::
[2025-05-25T05:13:19.856+0000] {python.py:240} INFO - Done. Returned value was: None
[2025-05-25T05:13:20.119+0000] {taskinstance.py:340} INFO - ::group::Post task execution logs
[2025-05-25T05:13:20.124+0000] {taskinstance.py:352} INFO - Marking task as SUCCESS. dag_id=load_file_to_psql, task_id=generate_file, run_id=scheduled__2024-11-26T00:00:00+00:00, execution_date=20241126T000000, start_date=20250525T051255, end_date=20250525T051320
[2025-05-25T05:13:21.996+0000] {local_task_job_runner.py:266} INFO - Task exited with return code 0
[2025-05-25T05:13:31.850+0000] {standard_task_runner.py:217} INFO - Process not found (most likely exited), stop collecting metrics
[2025-05-25T05:13:32.669+0000] {taskinstance.py:3895} INFO - 1 downstream tasks scheduled from follow-on schedule check
[2025-05-25T05:13:32.763+0000] {local_task_job_runner.py:245} INFO - ::endgroup::
