[2025-05-25T05:20:18.366+0000] {local_task_job_runner.py:123} INFO - ::group::Pre task execution logs
[2025-05-25T05:20:18.420+0000] {taskinstance.py:2613} INFO - Dependencies all met for dep_context=non-requeueable deps ti=<TaskInstance: load_file_to_psql.generate_file scheduled__2025-01-08T00:00:00+00:00 [queued]>
[2025-05-25T05:20:18.819+0000] {taskinstance.py:2613} INFO - Dependencies all met for dep_context=requeueable deps ti=<TaskInstance: load_file_to_psql.generate_file scheduled__2025-01-08T00:00:00+00:00 [queued]>
[2025-05-25T05:20:18.835+0000] {taskinstance.py:2866} INFO - Starting attempt 1 of 1
[2025-05-25T05:20:21.482+0000] {taskinstance.py:2889} INFO - Executing <Task(PythonOperator): generate_file> on 2025-01-08 00:00:00+00:00
[2025-05-25T05:20:22.592+0000] {warnings.py:112} WARNING - /home/***/.local/lib/python3.12/site-packages/***/task/task_runner/standard_task_runner.py:70: DeprecationWarning: This process (pid=405) is multi-threaded, use of fork() may lead to deadlocks in the child.
  pid = os.fork()

[2025-05-25T05:20:23.174+0000] {standard_task_runner.py:72} INFO - Started process 444 to run task
[2025-05-25T05:20:23.342+0000] {standard_task_runner.py:104} INFO - Running: ['***', 'tasks', 'run', 'load_file_to_psql', 'generate_file', 'scheduled__2025-01-08T00:00:00+00:00', '--job-id', '39', '--raw', '--subdir', 'DAGS_FOLDER/data_quality.py', '--cfg-path', '/tmp/tmpvodfbni8']
[2025-05-25T05:20:23.530+0000] {standard_task_runner.py:105} INFO - Job 39: Subtask generate_file
[2025-05-25T05:20:39.345+0000] {job.py:229} INFO - Heartbeat recovered after 23.82 seconds
[2025-05-25T05:20:40.618+0000] {task_command.py:467} INFO - Running <TaskInstance: load_file_to_psql.generate_file scheduled__2025-01-08T00:00:00+00:00 [running]> on host b4cf172ed0b9
[2025-05-25T05:20:44.911+0000] {job.py:229} INFO - Heartbeat recovered after 15.93 seconds
[2025-05-25T05:20:46.273+0000] {taskinstance.py:3132} INFO - Exporting env vars: AIRFLOW_CTX_DAG_EMAIL='https://t.me/Shust_DE' AIRFLOW_CTX_DAG_OWNER='@Shust_DE' AIRFLOW_CTX_DAG_ID='load_file_to_psql' AIRFLOW_CTX_TASK_ID='generate_file' AIRFLOW_CTX_EXECUTION_DATE='2025-01-08T00:00:00+00:00' AIRFLOW_CTX_TRY_NUMBER='1' AIRFLOW_CTX_DAG_RUN_ID='scheduled__2025-01-08T00:00:00+00:00'
[2025-05-25T05:20:46.287+0000] {taskinstance.py:731} INFO - ::endgroup::
[2025-05-25T05:20:47.036+0000] {python.py:240} INFO - Done. Returned value was: None
[2025-05-25T05:20:47.288+0000] {taskinstance.py:340} INFO - ::group::Post task execution logs
[2025-05-25T05:20:47.307+0000] {taskinstance.py:352} INFO - Marking task as SUCCESS. dag_id=load_file_to_psql, task_id=generate_file, run_id=scheduled__2025-01-08T00:00:00+00:00, execution_date=20250108T000000, start_date=20250525T052018, end_date=20250525T052047
[2025-05-25T05:20:47.809+0000] {local_task_job_runner.py:266} INFO - Task exited with return code 0
[2025-05-25T05:20:48.952+0000] {taskinstance.py:3895} INFO - 1 downstream tasks scheduled from follow-on schedule check
[2025-05-25T05:20:49.095+0000] {local_task_job_runner.py:245} INFO - ::endgroup::
