[2025-05-30T04:38:13.922+0000] {processor.py:186} INFO - Started process (PID=825) to work on /opt/airflow/dags/data_synth.py
[2025-05-30T04:38:13.950+0000] {processor.py:914} INFO - Processing file /opt/airflow/dags/data_synth.py for tasks to queue
[2025-05-30T04:38:13.985+0000] {logging_mixin.py:190} INFO - [2025-05-30T04:38:13.983+0000] {dagbag.py:588} INFO - Filling up the DagBag from /opt/airflow/dags/data_synth.py
[2025-05-30T04:38:18.850+0000] {processor.py:925} INFO - DAG(s) 'data_synth' retrieved from /opt/airflow/dags/data_synth.py
[2025-05-30T04:38:19.949+0000] {logging_mixin.py:190} INFO - [2025-05-30T04:38:19.948+0000] {dag.py:3239} INFO - Sync 1 DAGs
[2025-05-30T04:38:20.171+0000] {logging_mixin.py:190} INFO - [2025-05-30T04:38:20.171+0000] {dag.py:4180} INFO - Setting next_dagrun for data_synth to 2025-05-23 18:30:00+00:00, run_after=2025-05-26 18:30:00+00:00
[2025-05-30T04:38:20.353+0000] {processor.py:208} INFO - Processing /opt/airflow/dags/data_synth.py took 6.471 seconds
[2025-05-30T04:38:50.621+0000] {processor.py:186} INFO - Started process (PID=839) to work on /opt/airflow/dags/data_synth.py
[2025-05-30T04:38:50.627+0000] {processor.py:914} INFO - Processing file /opt/airflow/dags/data_synth.py for tasks to queue
[2025-05-30T04:38:50.635+0000] {logging_mixin.py:190} INFO - [2025-05-30T04:38:50.634+0000] {dagbag.py:588} INFO - Filling up the DagBag from /opt/airflow/dags/data_synth.py
[2025-05-30T04:38:51.790+0000] {processor.py:925} INFO - DAG(s) 'data_synth' retrieved from /opt/airflow/dags/data_synth.py
[2025-05-30T04:38:51.851+0000] {logging_mixin.py:190} INFO - [2025-05-30T04:38:51.846+0000] {dag.py:3239} INFO - Sync 1 DAGs
[2025-05-30T04:38:51.986+0000] {logging_mixin.py:190} INFO - [2025-05-30T04:38:51.986+0000] {dag.py:4180} INFO - Setting next_dagrun for data_synth to 2025-05-23 18:30:00+00:00, run_after=2025-05-26 18:30:00+00:00
[2025-05-30T04:38:52.146+0000] {processor.py:208} INFO - Processing /opt/airflow/dags/data_synth.py took 1.550 seconds
[2025-05-30T04:39:22.701+0000] {processor.py:186} INFO - Started process (PID=852) to work on /opt/airflow/dags/data_synth.py
[2025-05-30T04:39:22.705+0000] {processor.py:914} INFO - Processing file /opt/airflow/dags/data_synth.py for tasks to queue
[2025-05-30T04:39:22.714+0000] {logging_mixin.py:190} INFO - [2025-05-30T04:39:22.712+0000] {dagbag.py:588} INFO - Filling up the DagBag from /opt/airflow/dags/data_synth.py
[2025-05-30T04:39:23.734+0000] {processor.py:925} INFO - DAG(s) 'data_synth' retrieved from /opt/airflow/dags/data_synth.py
[2025-05-30T04:39:23.772+0000] {logging_mixin.py:190} INFO - [2025-05-30T04:39:23.770+0000] {dag.py:3239} INFO - Sync 1 DAGs
[2025-05-30T04:39:23.919+0000] {logging_mixin.py:190} INFO - [2025-05-30T04:39:23.918+0000] {dag.py:4180} INFO - Setting next_dagrun for data_synth to 2025-05-23 18:30:00+00:00, run_after=2025-05-26 18:30:00+00:00
[2025-05-30T04:39:24.030+0000] {processor.py:208} INFO - Processing /opt/airflow/dags/data_synth.py took 1.351 seconds
[2025-05-30T15:11:41.492+0000] {processor.py:186} INFO - Started process (PID=864) to work on /opt/airflow/dags/data_synth.py
[2025-05-30T15:11:41.515+0000] {processor.py:914} INFO - Processing file /opt/airflow/dags/data_synth.py for tasks to queue
[2025-05-30T15:11:41.566+0000] {logging_mixin.py:190} INFO - [2025-05-30T15:11:41.548+0000] {dagbag.py:588} INFO - Filling up the DagBag from /opt/airflow/dags/data_synth.py
[2025-05-30T15:11:51.316+0000] {processor.py:925} INFO - DAG(s) 'data_synth' retrieved from /opt/airflow/dags/data_synth.py
[2025-05-30T15:11:53.095+0000] {logging_mixin.py:190} INFO - [2025-05-30T15:11:53.094+0000] {dag.py:3239} INFO - Sync 1 DAGs
[2025-05-30T15:11:53.388+0000] {logging_mixin.py:190} INFO - [2025-05-30T15:11:53.387+0000] {dag.py:4180} INFO - Setting next_dagrun for data_synth to 2025-05-23 18:30:00+00:00, run_after=2025-05-26 18:30:00+00:00
[2025-05-30T15:11:53.753+0000] {processor.py:208} INFO - Processing /opt/airflow/dags/data_synth.py took 12.451 seconds
[2025-05-30T15:12:24.208+0000] {processor.py:186} INFO - Started process (PID=878) to work on /opt/airflow/dags/data_synth.py
[2025-05-30T15:12:24.232+0000] {processor.py:914} INFO - Processing file /opt/airflow/dags/data_synth.py for tasks to queue
[2025-05-30T15:12:24.274+0000] {logging_mixin.py:190} INFO - [2025-05-30T15:12:24.272+0000] {dagbag.py:588} INFO - Filling up the DagBag from /opt/airflow/dags/data_synth.py
[2025-05-30T15:12:27.221+0000] {processor.py:925} INFO - DAG(s) 'data_synth' retrieved from /opt/airflow/dags/data_synth.py
[2025-05-30T15:12:27.301+0000] {logging_mixin.py:190} INFO - [2025-05-30T15:12:27.291+0000] {dag.py:3239} INFO - Sync 1 DAGs
[2025-05-30T15:12:27.530+0000] {logging_mixin.py:190} INFO - [2025-05-30T15:12:27.529+0000] {dag.py:4180} INFO - Setting next_dagrun for data_synth to 2025-05-23 18:30:00+00:00, run_after=2025-05-26 18:30:00+00:00
[2025-05-30T15:12:27.747+0000] {processor.py:208} INFO - Processing /opt/airflow/dags/data_synth.py took 3.593 seconds
[2025-05-30T15:12:58.327+0000] {processor.py:186} INFO - Started process (PID=892) to work on /opt/airflow/dags/data_synth.py
[2025-05-30T15:12:58.333+0000] {processor.py:914} INFO - Processing file /opt/airflow/dags/data_synth.py for tasks to queue
[2025-05-30T15:12:58.348+0000] {logging_mixin.py:190} INFO - [2025-05-30T15:12:58.347+0000] {dagbag.py:588} INFO - Filling up the DagBag from /opt/airflow/dags/data_synth.py
[2025-05-30T15:13:00.425+0000] {processor.py:925} INFO - DAG(s) 'data_synth' retrieved from /opt/airflow/dags/data_synth.py
[2025-05-30T15:13:00.524+0000] {logging_mixin.py:190} INFO - [2025-05-30T15:13:00.522+0000] {dag.py:3239} INFO - Sync 1 DAGs
[2025-05-30T15:13:00.727+0000] {logging_mixin.py:190} INFO - [2025-05-30T15:13:00.726+0000] {dag.py:4180} INFO - Setting next_dagrun for data_synth to 2025-05-23 18:30:00+00:00, run_after=2025-05-26 18:30:00+00:00
[2025-05-30T15:13:00.838+0000] {processor.py:208} INFO - Processing /opt/airflow/dags/data_synth.py took 2.578 seconds
[2025-05-30T15:13:31.507+0000] {processor.py:186} INFO - Started process (PID=913) to work on /opt/airflow/dags/data_synth.py
[2025-05-30T15:13:31.521+0000] {processor.py:914} INFO - Processing file /opt/airflow/dags/data_synth.py for tasks to queue
[2025-05-30T15:13:31.537+0000] {logging_mixin.py:190} INFO - [2025-05-30T15:13:31.536+0000] {dagbag.py:588} INFO - Filling up the DagBag from /opt/airflow/dags/data_synth.py
[2025-05-30T15:13:35.420+0000] {processor.py:925} INFO - DAG(s) 'data_synth' retrieved from /opt/airflow/dags/data_synth.py
[2025-05-30T15:13:35.520+0000] {logging_mixin.py:190} INFO - [2025-05-30T15:13:35.508+0000] {dag.py:3239} INFO - Sync 1 DAGs
[2025-05-30T15:13:35.737+0000] {logging_mixin.py:190} INFO - [2025-05-30T15:13:35.736+0000] {dag.py:4180} INFO - Setting next_dagrun for data_synth to 2025-05-23 18:30:00+00:00, run_after=2025-05-26 18:30:00+00:00
[2025-05-30T15:13:35.880+0000] {processor.py:208} INFO - Processing /opt/airflow/dags/data_synth.py took 4.425 seconds
[2025-05-30T15:14:08.433+0000] {processor.py:186} INFO - Started process (PID=926) to work on /opt/airflow/dags/data_synth.py
[2025-05-30T15:14:08.476+0000] {processor.py:914} INFO - Processing file /opt/airflow/dags/data_synth.py for tasks to queue
[2025-05-30T15:14:08.558+0000] {logging_mixin.py:190} INFO - [2025-05-30T15:14:08.514+0000] {dagbag.py:588} INFO - Filling up the DagBag from /opt/airflow/dags/data_synth.py
[2025-05-30T15:14:13.033+0000] {processor.py:925} INFO - DAG(s) 'data_synth' retrieved from /opt/airflow/dags/data_synth.py
[2025-05-30T15:14:14.307+0000] {logging_mixin.py:190} INFO - [2025-05-30T15:14:14.290+0000] {dag.py:3239} INFO - Sync 1 DAGs
[2025-05-30T15:14:14.639+0000] {logging_mixin.py:190} INFO - [2025-05-30T15:14:14.630+0000] {dag.py:4180} INFO - Setting next_dagrun for data_synth to 2025-05-23 18:30:00+00:00, run_after=2025-05-26 18:30:00+00:00
[2025-05-30T15:14:14.808+0000] {processor.py:208} INFO - Processing /opt/airflow/dags/data_synth.py took 6.429 seconds
[2025-05-30T15:14:45.638+0000] {processor.py:186} INFO - Started process (PID=939) to work on /opt/airflow/dags/data_synth.py
[2025-05-30T15:14:45.648+0000] {processor.py:914} INFO - Processing file /opt/airflow/dags/data_synth.py for tasks to queue
[2025-05-30T15:14:45.667+0000] {logging_mixin.py:190} INFO - [2025-05-30T15:14:45.662+0000] {dagbag.py:588} INFO - Filling up the DagBag from /opt/airflow/dags/data_synth.py
[2025-05-30T15:14:48.462+0000] {processor.py:925} INFO - DAG(s) 'data_synth' retrieved from /opt/airflow/dags/data_synth.py
[2025-05-30T15:14:49.858+0000] {logging_mixin.py:190} INFO - [2025-05-30T15:14:49.856+0000] {dag.py:3239} INFO - Sync 1 DAGs
[2025-05-30T15:14:50.135+0000] {logging_mixin.py:190} INFO - [2025-05-30T15:14:50.134+0000] {dag.py:4180} INFO - Setting next_dagrun for data_synth to 2025-05-23 18:30:00+00:00, run_after=2025-05-26 18:30:00+00:00
[2025-05-30T15:14:50.387+0000] {processor.py:208} INFO - Processing /opt/airflow/dags/data_synth.py took 4.783 seconds
[2025-05-30T15:15:22.003+0000] {processor.py:186} INFO - Started process (PID=953) to work on /opt/airflow/dags/data_synth.py
[2025-05-30T15:15:22.027+0000] {processor.py:914} INFO - Processing file /opt/airflow/dags/data_synth.py for tasks to queue
[2025-05-30T15:15:22.051+0000] {logging_mixin.py:190} INFO - [2025-05-30T15:15:22.050+0000] {dagbag.py:588} INFO - Filling up the DagBag from /opt/airflow/dags/data_synth.py
[2025-05-30T15:15:28.255+0000] {processor.py:925} INFO - DAG(s) 'data_synth' retrieved from /opt/airflow/dags/data_synth.py
[2025-05-30T15:15:29.547+0000] {logging_mixin.py:190} INFO - [2025-05-30T15:15:29.545+0000] {dag.py:3239} INFO - Sync 1 DAGs
[2025-05-30T15:15:29.797+0000] {logging_mixin.py:190} INFO - [2025-05-30T15:15:29.784+0000] {dag.py:4180} INFO - Setting next_dagrun for data_synth to 2025-05-23 18:30:00+00:00, run_after=2025-05-26 18:30:00+00:00
[2025-05-30T15:15:30.001+0000] {processor.py:208} INFO - Processing /opt/airflow/dags/data_synth.py took 8.052 seconds
[2025-05-30T15:16:02.178+0000] {processor.py:186} INFO - Started process (PID=965) to work on /opt/airflow/dags/data_synth.py
[2025-05-30T15:16:02.203+0000] {processor.py:914} INFO - Processing file /opt/airflow/dags/data_synth.py for tasks to queue
[2025-05-30T15:16:02.224+0000] {logging_mixin.py:190} INFO - [2025-05-30T15:16:02.223+0000] {dagbag.py:588} INFO - Filling up the DagBag from /opt/airflow/dags/data_synth.py
[2025-05-30T15:16:06.099+0000] {processor.py:925} INFO - DAG(s) 'data_synth' retrieved from /opt/airflow/dags/data_synth.py
[2025-05-30T15:16:07.521+0000] {logging_mixin.py:190} INFO - [2025-05-30T15:16:07.520+0000] {dag.py:3239} INFO - Sync 1 DAGs
[2025-05-30T15:16:08.056+0000] {logging_mixin.py:190} INFO - [2025-05-30T15:16:08.055+0000] {dag.py:4180} INFO - Setting next_dagrun for data_synth to 2025-05-23 18:30:00+00:00, run_after=2025-05-26 18:30:00+00:00
[2025-05-30T15:16:08.753+0000] {processor.py:208} INFO - Processing /opt/airflow/dags/data_synth.py took 6.665 seconds
[2025-05-30T15:16:41.512+0000] {processor.py:186} INFO - Started process (PID=984) to work on /opt/airflow/dags/data_synth.py
[2025-05-30T15:16:41.534+0000] {processor.py:914} INFO - Processing file /opt/airflow/dags/data_synth.py for tasks to queue
[2025-05-30T15:16:41.568+0000] {logging_mixin.py:190} INFO - [2025-05-30T15:16:41.567+0000] {dagbag.py:588} INFO - Filling up the DagBag from /opt/airflow/dags/data_synth.py
[2025-05-30T15:16:45.974+0000] {processor.py:925} INFO - DAG(s) 'data_synth' retrieved from /opt/airflow/dags/data_synth.py
[2025-05-30T15:16:47.082+0000] {logging_mixin.py:190} INFO - [2025-05-30T15:16:47.072+0000] {dag.py:3239} INFO - Sync 1 DAGs
[2025-05-30T15:16:47.306+0000] {logging_mixin.py:190} INFO - [2025-05-30T15:16:47.305+0000] {dag.py:4180} INFO - Setting next_dagrun for data_synth to 2025-05-23 18:30:00+00:00, run_after=2025-05-26 18:30:00+00:00
[2025-05-30T15:16:47.538+0000] {processor.py:208} INFO - Processing /opt/airflow/dags/data_synth.py took 6.065 seconds
[2025-05-30T15:17:18.840+0000] {processor.py:186} INFO - Started process (PID=997) to work on /opt/airflow/dags/data_synth.py
[2025-05-30T15:17:18.867+0000] {processor.py:914} INFO - Processing file /opt/airflow/dags/data_synth.py for tasks to queue
[2025-05-30T15:17:18.918+0000] {logging_mixin.py:190} INFO - [2025-05-30T15:17:18.904+0000] {dagbag.py:588} INFO - Filling up the DagBag from /opt/airflow/dags/data_synth.py
[2025-05-30T15:17:26.749+0000] {processor.py:925} INFO - DAG(s) 'data_synth' retrieved from /opt/airflow/dags/data_synth.py
[2025-05-30T15:17:28.229+0000] {logging_mixin.py:190} INFO - [2025-05-30T15:17:28.217+0000] {dag.py:3239} INFO - Sync 1 DAGs
[2025-05-30T15:17:28.415+0000] {logging_mixin.py:190} INFO - [2025-05-30T15:17:28.414+0000] {dag.py:4180} INFO - Setting next_dagrun for data_synth to 2025-05-23 18:30:00+00:00, run_after=2025-05-26 18:30:00+00:00
[2025-05-30T15:17:28.595+0000] {processor.py:208} INFO - Processing /opt/airflow/dags/data_synth.py took 9.809 seconds
[2025-05-30T15:18:00.455+0000] {processor.py:186} INFO - Started process (PID=1010) to work on /opt/airflow/dags/data_synth.py
[2025-05-30T15:18:00.470+0000] {processor.py:914} INFO - Processing file /opt/airflow/dags/data_synth.py for tasks to queue
[2025-05-30T15:18:00.644+0000] {logging_mixin.py:190} INFO - [2025-05-30T15:18:00.643+0000] {dagbag.py:588} INFO - Filling up the DagBag from /opt/airflow/dags/data_synth.py
[2025-05-30T15:18:07.361+0000] {processor.py:925} INFO - DAG(s) 'data_synth' retrieved from /opt/airflow/dags/data_synth.py
[2025-05-30T15:18:08.820+0000] {logging_mixin.py:190} INFO - [2025-05-30T15:18:08.819+0000] {dag.py:3239} INFO - Sync 1 DAGs
[2025-05-30T15:18:09.278+0000] {logging_mixin.py:190} INFO - [2025-05-30T15:18:09.277+0000] {dag.py:4180} INFO - Setting next_dagrun for data_synth to 2025-05-23 18:30:00+00:00, run_after=2025-05-26 18:30:00+00:00
[2025-05-30T15:18:09.658+0000] {processor.py:208} INFO - Processing /opt/airflow/dags/data_synth.py took 9.307 seconds
[2025-05-30T15:18:42.711+0000] {processor.py:186} INFO - Started process (PID=1029) to work on /opt/airflow/dags/data_synth.py
[2025-05-30T15:18:42.731+0000] {processor.py:914} INFO - Processing file /opt/airflow/dags/data_synth.py for tasks to queue
[2025-05-30T15:18:42.782+0000] {logging_mixin.py:190} INFO - [2025-05-30T15:18:42.781+0000] {dagbag.py:588} INFO - Filling up the DagBag from /opt/airflow/dags/data_synth.py
[2025-05-30T15:18:48.089+0000] {processor.py:925} INFO - DAG(s) 'data_synth' retrieved from /opt/airflow/dags/data_synth.py
[2025-05-30T15:18:49.885+0000] {logging_mixin.py:190} INFO - [2025-05-30T15:18:49.871+0000] {dag.py:3239} INFO - Sync 1 DAGs
[2025-05-30T15:18:50.379+0000] {logging_mixin.py:190} INFO - [2025-05-30T15:18:50.378+0000] {dag.py:4180} INFO - Setting next_dagrun for data_synth to 2025-05-23 18:30:00+00:00, run_after=2025-05-26 18:30:00+00:00
[2025-05-30T15:18:50.674+0000] {processor.py:208} INFO - Processing /opt/airflow/dags/data_synth.py took 8.052 seconds
[2025-05-30T15:19:23.336+0000] {processor.py:186} INFO - Started process (PID=1042) to work on /opt/airflow/dags/data_synth.py
[2025-05-30T15:19:23.383+0000] {processor.py:914} INFO - Processing file /opt/airflow/dags/data_synth.py for tasks to queue
[2025-05-30T15:19:23.450+0000] {logging_mixin.py:190} INFO - [2025-05-30T15:19:23.449+0000] {dagbag.py:588} INFO - Filling up the DagBag from /opt/airflow/dags/data_synth.py
[2025-05-30T15:19:29.737+0000] {processor.py:925} INFO - DAG(s) 'data_synth' retrieved from /opt/airflow/dags/data_synth.py
[2025-05-30T15:19:31.106+0000] {logging_mixin.py:190} INFO - [2025-05-30T15:19:31.105+0000] {dag.py:3239} INFO - Sync 1 DAGs
[2025-05-30T15:19:31.338+0000] {logging_mixin.py:190} INFO - [2025-05-30T15:19:31.337+0000] {dag.py:4180} INFO - Setting next_dagrun for data_synth to 2025-05-23 18:30:00+00:00, run_after=2025-05-26 18:30:00+00:00
[2025-05-30T15:19:31.547+0000] {processor.py:208} INFO - Processing /opt/airflow/dags/data_synth.py took 8.264 seconds
[2025-05-30T15:20:05.009+0000] {processor.py:186} INFO - Started process (PID=1055) to work on /opt/airflow/dags/data_synth.py
[2025-05-30T15:20:05.055+0000] {processor.py:914} INFO - Processing file /opt/airflow/dags/data_synth.py for tasks to queue
[2025-05-30T15:20:05.074+0000] {logging_mixin.py:190} INFO - [2025-05-30T15:20:05.071+0000] {dagbag.py:588} INFO - Filling up the DagBag from /opt/airflow/dags/data_synth.py
[2025-05-30T15:20:12.320+0000] {processor.py:925} INFO - DAG(s) 'data_synth' retrieved from /opt/airflow/dags/data_synth.py
[2025-05-30T15:20:13.822+0000] {logging_mixin.py:190} INFO - [2025-05-30T15:20:13.821+0000] {dag.py:3239} INFO - Sync 1 DAGs
[2025-05-30T15:20:14.107+0000] {logging_mixin.py:190} INFO - [2025-05-30T15:20:14.095+0000] {dag.py:4180} INFO - Setting next_dagrun for data_synth to 2025-05-23 18:30:00+00:00, run_after=2025-05-26 18:30:00+00:00
[2025-05-30T15:20:14.292+0000] {processor.py:208} INFO - Processing /opt/airflow/dags/data_synth.py took 9.378 seconds
[2025-05-30T15:20:45.966+0000] {processor.py:186} INFO - Started process (PID=1074) to work on /opt/airflow/dags/data_synth.py
[2025-05-30T15:20:45.988+0000] {processor.py:914} INFO - Processing file /opt/airflow/dags/data_synth.py for tasks to queue
[2025-05-30T15:20:46.017+0000] {logging_mixin.py:190} INFO - [2025-05-30T15:20:46.016+0000] {dagbag.py:588} INFO - Filling up the DagBag from /opt/airflow/dags/data_synth.py
[2025-05-30T15:20:51.505+0000] {processor.py:925} INFO - DAG(s) 'data_synth' retrieved from /opt/airflow/dags/data_synth.py
[2025-05-30T15:20:52.692+0000] {logging_mixin.py:190} INFO - [2025-05-30T15:20:52.690+0000] {dag.py:3239} INFO - Sync 1 DAGs
[2025-05-30T15:20:53.121+0000] {logging_mixin.py:190} INFO - [2025-05-30T15:20:53.120+0000] {dag.py:4180} INFO - Setting next_dagrun for data_synth to 2025-05-23 18:30:00+00:00, run_after=2025-05-26 18:30:00+00:00
[2025-05-30T15:20:53.420+0000] {processor.py:208} INFO - Processing /opt/airflow/dags/data_synth.py took 7.518 seconds
[2025-05-30T15:21:27.014+0000] {processor.py:186} INFO - Started process (PID=1087) to work on /opt/airflow/dags/data_synth.py
[2025-05-30T15:21:27.038+0000] {processor.py:914} INFO - Processing file /opt/airflow/dags/data_synth.py for tasks to queue
[2025-05-30T15:21:27.077+0000] {logging_mixin.py:190} INFO - [2025-05-30T15:21:27.076+0000] {dagbag.py:588} INFO - Filling up the DagBag from /opt/airflow/dags/data_synth.py
[2025-05-30T15:21:31.656+0000] {processor.py:925} INFO - DAG(s) 'data_synth' retrieved from /opt/airflow/dags/data_synth.py
[2025-05-30T15:21:33.205+0000] {logging_mixin.py:190} INFO - [2025-05-30T15:21:33.204+0000] {dag.py:3239} INFO - Sync 1 DAGs
[2025-05-30T15:21:33.569+0000] {logging_mixin.py:190} INFO - [2025-05-30T15:21:33.568+0000] {dag.py:4180} INFO - Setting next_dagrun for data_synth to 2025-05-23 18:30:00+00:00, run_after=2025-05-26 18:30:00+00:00
[2025-05-30T15:21:34.050+0000] {processor.py:208} INFO - Processing /opt/airflow/dags/data_synth.py took 7.094 seconds
[2025-05-30T15:22:07.063+0000] {processor.py:186} INFO - Started process (PID=1099) to work on /opt/airflow/dags/data_synth.py
[2025-05-30T15:22:07.123+0000] {processor.py:914} INFO - Processing file /opt/airflow/dags/data_synth.py for tasks to queue
[2025-05-30T15:22:07.175+0000] {logging_mixin.py:190} INFO - [2025-05-30T15:22:07.174+0000] {dagbag.py:588} INFO - Filling up the DagBag from /opt/airflow/dags/data_synth.py
[2025-05-30T15:22:11.921+0000] {processor.py:925} INFO - DAG(s) 'data_synth' retrieved from /opt/airflow/dags/data_synth.py
[2025-05-30T15:22:13.069+0000] {logging_mixin.py:190} INFO - [2025-05-30T15:22:13.068+0000] {dag.py:3239} INFO - Sync 1 DAGs
[2025-05-30T15:22:13.326+0000] {logging_mixin.py:190} INFO - [2025-05-30T15:22:13.325+0000] {dag.py:4180} INFO - Setting next_dagrun for data_synth to 2025-05-23 18:30:00+00:00, run_after=2025-05-26 18:30:00+00:00
[2025-05-30T15:22:13.545+0000] {processor.py:208} INFO - Processing /opt/airflow/dags/data_synth.py took 6.610 seconds
[2025-05-30T15:22:45.553+0000] {processor.py:186} INFO - Started process (PID=1119) to work on /opt/airflow/dags/data_synth.py
[2025-05-30T15:22:45.571+0000] {processor.py:914} INFO - Processing file /opt/airflow/dags/data_synth.py for tasks to queue
[2025-05-30T15:22:45.598+0000] {logging_mixin.py:190} INFO - [2025-05-30T15:22:45.597+0000] {dagbag.py:588} INFO - Filling up the DagBag from /opt/airflow/dags/data_synth.py
[2025-05-30T15:22:52.322+0000] {processor.py:925} INFO - DAG(s) 'data_synth' retrieved from /opt/airflow/dags/data_synth.py
[2025-05-30T15:22:55.228+0000] {logging_mixin.py:190} INFO - [2025-05-30T15:22:55.215+0000] {dag.py:3239} INFO - Sync 1 DAGs
[2025-05-30T15:22:55.722+0000] {logging_mixin.py:190} INFO - [2025-05-30T15:22:55.721+0000] {dag.py:4180} INFO - Setting next_dagrun for data_synth to 2025-05-23 18:30:00+00:00, run_after=2025-05-26 18:30:00+00:00
[2025-05-30T15:22:55.939+0000] {processor.py:208} INFO - Processing /opt/airflow/dags/data_synth.py took 10.454 seconds
[2025-05-30T15:23:27.755+0000] {processor.py:186} INFO - Started process (PID=1133) to work on /opt/airflow/dags/data_synth.py
[2025-05-30T15:23:27.803+0000] {processor.py:914} INFO - Processing file /opt/airflow/dags/data_synth.py for tasks to queue
[2025-05-30T15:23:27.887+0000] {logging_mixin.py:190} INFO - [2025-05-30T15:23:27.872+0000] {dagbag.py:588} INFO - Filling up the DagBag from /opt/airflow/dags/data_synth.py
[2025-05-30T15:23:33.902+0000] {processor.py:925} INFO - DAG(s) 'data_synth' retrieved from /opt/airflow/dags/data_synth.py
[2025-05-30T15:23:36.897+0000] {logging_mixin.py:190} INFO - [2025-05-30T15:23:36.892+0000] {dag.py:3239} INFO - Sync 1 DAGs
[2025-05-30T15:23:37.110+0000] {logging_mixin.py:190} INFO - [2025-05-30T15:23:37.099+0000] {dag.py:4180} INFO - Setting next_dagrun for data_synth to 2025-05-23 18:30:00+00:00, run_after=2025-05-26 18:30:00+00:00
[2025-05-30T15:23:37.246+0000] {processor.py:208} INFO - Processing /opt/airflow/dags/data_synth.py took 9.713 seconds
[2025-05-30T15:24:10.959+0000] {processor.py:186} INFO - Started process (PID=1153) to work on /opt/airflow/dags/data_synth.py
[2025-05-30T15:24:10.992+0000] {processor.py:914} INFO - Processing file /opt/airflow/dags/data_synth.py for tasks to queue
[2025-05-30T15:24:11.038+0000] {logging_mixin.py:190} INFO - [2025-05-30T15:24:11.037+0000] {dagbag.py:588} INFO - Filling up the DagBag from /opt/airflow/dags/data_synth.py
[2025-05-30T15:24:16.087+0000] {processor.py:925} INFO - DAG(s) 'data_synth' retrieved from /opt/airflow/dags/data_synth.py
[2025-05-30T15:24:17.689+0000] {logging_mixin.py:190} INFO - [2025-05-30T15:24:17.688+0000] {dag.py:3239} INFO - Sync 1 DAGs
[2025-05-30T15:24:18.111+0000] {logging_mixin.py:190} INFO - [2025-05-30T15:24:18.110+0000] {dag.py:4180} INFO - Setting next_dagrun for data_synth to 2025-05-23 18:30:00+00:00, run_after=2025-05-26 18:30:00+00:00
[2025-05-30T15:24:18.352+0000] {processor.py:208} INFO - Processing /opt/airflow/dags/data_synth.py took 7.464 seconds
[2025-05-30T15:24:54.637+0000] {processor.py:186} INFO - Started process (PID=1166) to work on /opt/airflow/dags/data_synth.py
[2025-05-30T15:24:54.665+0000] {processor.py:914} INFO - Processing file /opt/airflow/dags/data_synth.py for tasks to queue
[2025-05-30T15:24:54.695+0000] {logging_mixin.py:190} INFO - [2025-05-30T15:24:54.694+0000] {dagbag.py:588} INFO - Filling up the DagBag from /opt/airflow/dags/data_synth.py
[2025-05-30T15:24:59.191+0000] {processor.py:925} INFO - DAG(s) 'data_synth' retrieved from /opt/airflow/dags/data_synth.py
[2025-05-30T15:25:00.675+0000] {logging_mixin.py:190} INFO - [2025-05-30T15:25:00.664+0000] {dag.py:3239} INFO - Sync 1 DAGs
[2025-05-30T15:25:01.108+0000] {logging_mixin.py:190} INFO - [2025-05-30T15:25:01.107+0000] {dag.py:4180} INFO - Setting next_dagrun for data_synth to 2025-05-23 18:30:00+00:00, run_after=2025-05-26 18:30:00+00:00
[2025-05-30T15:25:01.292+0000] {processor.py:208} INFO - Processing /opt/airflow/dags/data_synth.py took 6.694 seconds
[2025-05-30T15:25:33.731+0000] {processor.py:186} INFO - Started process (PID=1179) to work on /opt/airflow/dags/data_synth.py
[2025-05-30T15:25:33.792+0000] {processor.py:914} INFO - Processing file /opt/airflow/dags/data_synth.py for tasks to queue
[2025-05-30T15:25:33.843+0000] {logging_mixin.py:190} INFO - [2025-05-30T15:25:33.842+0000] {dagbag.py:588} INFO - Filling up the DagBag from /opt/airflow/dags/data_synth.py
[2025-05-30T15:25:39.592+0000] {processor.py:925} INFO - DAG(s) 'data_synth' retrieved from /opt/airflow/dags/data_synth.py
[2025-05-30T15:25:40.746+0000] {logging_mixin.py:190} INFO - [2025-05-30T15:25:40.745+0000] {dag.py:3239} INFO - Sync 1 DAGs
[2025-05-30T15:25:40.926+0000] {logging_mixin.py:190} INFO - [2025-05-30T15:25:40.925+0000] {dag.py:4180} INFO - Setting next_dagrun for data_synth to 2025-05-23 18:30:00+00:00, run_after=2025-05-26 18:30:00+00:00
[2025-05-30T15:25:41.104+0000] {processor.py:208} INFO - Processing /opt/airflow/dags/data_synth.py took 7.520 seconds
[2025-05-30T15:26:11.923+0000] {processor.py:186} INFO - Started process (PID=1199) to work on /opt/airflow/dags/data_synth.py
[2025-05-30T15:26:11.937+0000] {processor.py:914} INFO - Processing file /opt/airflow/dags/data_synth.py for tasks to queue
[2025-05-30T15:26:11.968+0000] {logging_mixin.py:190} INFO - [2025-05-30T15:26:11.956+0000] {dagbag.py:588} INFO - Filling up the DagBag from /opt/airflow/dags/data_synth.py
[2025-05-30T15:26:16.383+0000] {processor.py:925} INFO - DAG(s) 'data_synth' retrieved from /opt/airflow/dags/data_synth.py
[2025-05-30T15:26:17.584+0000] {logging_mixin.py:190} INFO - [2025-05-30T15:26:17.582+0000] {dag.py:3239} INFO - Sync 1 DAGs
[2025-05-30T15:26:17.843+0000] {logging_mixin.py:190} INFO - [2025-05-30T15:26:17.843+0000] {dag.py:4180} INFO - Setting next_dagrun for data_synth to 2025-05-23 18:30:00+00:00, run_after=2025-05-26 18:30:00+00:00
[2025-05-30T15:26:18.211+0000] {processor.py:208} INFO - Processing /opt/airflow/dags/data_synth.py took 6.355 seconds
[2025-05-30T15:26:50.059+0000] {processor.py:186} INFO - Started process (PID=1211) to work on /opt/airflow/dags/data_synth.py
[2025-05-30T15:26:50.074+0000] {processor.py:914} INFO - Processing file /opt/airflow/dags/data_synth.py for tasks to queue
[2025-05-30T15:26:50.097+0000] {logging_mixin.py:190} INFO - [2025-05-30T15:26:50.096+0000] {dagbag.py:588} INFO - Filling up the DagBag from /opt/airflow/dags/data_synth.py
[2025-05-30T15:26:55.659+0000] {processor.py:925} INFO - DAG(s) 'data_synth' retrieved from /opt/airflow/dags/data_synth.py
[2025-05-30T15:26:57.239+0000] {logging_mixin.py:190} INFO - [2025-05-30T15:26:57.238+0000] {dag.py:3239} INFO - Sync 1 DAGs
[2025-05-30T15:26:57.496+0000] {logging_mixin.py:190} INFO - [2025-05-30T15:26:57.495+0000] {dag.py:4180} INFO - Setting next_dagrun for data_synth to 2025-05-23 18:30:00+00:00, run_after=2025-05-26 18:30:00+00:00
[2025-05-30T15:26:57.798+0000] {processor.py:208} INFO - Processing /opt/airflow/dags/data_synth.py took 7.804 seconds
[2025-05-30T15:27:30.207+0000] {processor.py:186} INFO - Started process (PID=1224) to work on /opt/airflow/dags/data_synth.py
[2025-05-30T15:27:30.228+0000] {processor.py:914} INFO - Processing file /opt/airflow/dags/data_synth.py for tasks to queue
[2025-05-30T15:27:30.314+0000] {logging_mixin.py:190} INFO - [2025-05-30T15:27:30.298+0000] {dagbag.py:588} INFO - Filling up the DagBag from /opt/airflow/dags/data_synth.py
[2025-05-30T15:27:37.299+0000] {processor.py:925} INFO - DAG(s) 'data_synth' retrieved from /opt/airflow/dags/data_synth.py
[2025-05-30T15:27:38.602+0000] {logging_mixin.py:190} INFO - [2025-05-30T15:27:38.601+0000] {dag.py:3239} INFO - Sync 1 DAGs
[2025-05-30T15:27:39.096+0000] {logging_mixin.py:190} INFO - [2025-05-30T15:27:39.095+0000] {dag.py:4180} INFO - Setting next_dagrun for data_synth to 2025-05-23 18:30:00+00:00, run_after=2025-05-26 18:30:00+00:00
[2025-05-30T15:27:39.394+0000] {processor.py:208} INFO - Processing /opt/airflow/dags/data_synth.py took 9.331 seconds
[2025-05-30T15:28:11.803+0000] {processor.py:186} INFO - Started process (PID=1243) to work on /opt/airflow/dags/data_synth.py
[2025-05-30T15:28:11.807+0000] {processor.py:914} INFO - Processing file /opt/airflow/dags/data_synth.py for tasks to queue
[2025-05-30T15:28:11.841+0000] {logging_mixin.py:190} INFO - [2025-05-30T15:28:11.840+0000] {dagbag.py:588} INFO - Filling up the DagBag from /opt/airflow/dags/data_synth.py
[2025-05-30T15:28:16.437+0000] {processor.py:925} INFO - DAG(s) 'data_synth' retrieved from /opt/airflow/dags/data_synth.py
[2025-05-30T15:28:17.731+0000] {logging_mixin.py:190} INFO - [2025-05-30T15:28:17.730+0000] {dag.py:3239} INFO - Sync 1 DAGs
[2025-05-30T15:28:17.948+0000] {logging_mixin.py:190} INFO - [2025-05-30T15:28:17.948+0000] {dag.py:4180} INFO - Setting next_dagrun for data_synth to 2025-05-23 18:30:00+00:00, run_after=2025-05-26 18:30:00+00:00
[2025-05-30T15:28:18.189+0000] {processor.py:208} INFO - Processing /opt/airflow/dags/data_synth.py took 6.469 seconds
[2025-05-30T15:28:48.815+0000] {processor.py:186} INFO - Started process (PID=1257) to work on /opt/airflow/dags/data_synth.py
[2025-05-30T15:28:48.819+0000] {processor.py:914} INFO - Processing file /opt/airflow/dags/data_synth.py for tasks to queue
[2025-05-30T15:28:48.835+0000] {logging_mixin.py:190} INFO - [2025-05-30T15:28:48.834+0000] {dagbag.py:588} INFO - Filling up the DagBag from /opt/airflow/dags/data_synth.py
[2025-05-30T15:28:52.798+0000] {processor.py:925} INFO - DAG(s) 'data_synth' retrieved from /opt/airflow/dags/data_synth.py
[2025-05-30T15:28:54.345+0000] {logging_mixin.py:190} INFO - [2025-05-30T15:28:54.336+0000] {dag.py:3239} INFO - Sync 1 DAGs
[2025-05-30T15:28:54.574+0000] {logging_mixin.py:190} INFO - [2025-05-30T15:28:54.573+0000] {dag.py:4180} INFO - Setting next_dagrun for data_synth to 2025-05-23 18:30:00+00:00, run_after=2025-05-26 18:30:00+00:00
[2025-05-30T15:28:54.720+0000] {processor.py:208} INFO - Processing /opt/airflow/dags/data_synth.py took 5.955 seconds
[2025-05-30T15:35:22.682+0000] {processor.py:186} INFO - Started process (PID=95) to work on /opt/airflow/dags/data_synth.py
[2025-05-30T15:35:22.743+0000] {processor.py:914} INFO - Processing file /opt/airflow/dags/data_synth.py for tasks to queue
[2025-05-30T15:35:22.827+0000] {logging_mixin.py:190} INFO - [2025-05-30T15:35:22.813+0000] {dagbag.py:588} INFO - Filling up the DagBag from /opt/airflow/dags/data_synth.py
[2025-05-30T15:35:45.001+0000] {processor.py:925} INFO - DAG(s) 'data_synth' retrieved from /opt/airflow/dags/data_synth.py
[2025-05-30T15:35:50.044+0000] {logging_mixin.py:190} INFO - [2025-05-30T15:35:50.028+0000] {dag.py:3239} INFO - Sync 1 DAGs
[2025-05-30T15:35:51.420+0000] {logging_mixin.py:190} INFO - [2025-05-30T15:35:51.420+0000] {dag.py:4180} INFO - Setting next_dagrun for data_synth to 2025-05-23 18:30:00+00:00, run_after=2025-05-26 18:30:00+00:00
[2025-05-30T15:35:51.928+0000] {processor.py:208} INFO - Processing /opt/airflow/dags/data_synth.py took 29.456 seconds
[2025-05-30T15:36:24.756+0000] {processor.py:186} INFO - Started process (PID=113) to work on /opt/airflow/dags/data_synth.py
[2025-05-30T15:36:24.786+0000] {processor.py:914} INFO - Processing file /opt/airflow/dags/data_synth.py for tasks to queue
[2025-05-30T15:36:24.837+0000] {logging_mixin.py:190} INFO - [2025-05-30T15:36:24.835+0000] {dagbag.py:588} INFO - Filling up the DagBag from /opt/airflow/dags/data_synth.py
[2025-05-30T15:36:39.686+0000] {processor.py:925} INFO - DAG(s) 'data_synth' retrieved from /opt/airflow/dags/data_synth.py
[2025-05-30T15:36:41.608+0000] {logging_mixin.py:190} INFO - [2025-05-30T15:36:41.607+0000] {dag.py:3239} INFO - Sync 1 DAGs
[2025-05-30T15:36:41.925+0000] {logging_mixin.py:190} INFO - [2025-05-30T15:36:41.925+0000] {dag.py:4180} INFO - Setting next_dagrun for data_synth to 2025-05-23 18:30:00+00:00, run_after=2025-05-26 18:30:00+00:00
[2025-05-30T15:36:42.158+0000] {processor.py:208} INFO - Processing /opt/airflow/dags/data_synth.py took 17.514 seconds
[2025-05-30T15:37:14.705+0000] {processor.py:186} INFO - Started process (PID=130) to work on /opt/airflow/dags/data_synth.py
[2025-05-30T15:37:14.759+0000] {processor.py:914} INFO - Processing file /opt/airflow/dags/data_synth.py for tasks to queue
[2025-05-30T15:37:14.851+0000] {logging_mixin.py:190} INFO - [2025-05-30T15:37:14.850+0000] {dagbag.py:588} INFO - Filling up the DagBag from /opt/airflow/dags/data_synth.py
[2025-05-30T15:37:29.759+0000] {processor.py:925} INFO - DAG(s) 'data_synth' retrieved from /opt/airflow/dags/data_synth.py
[2025-05-30T15:37:29.882+0000] {logging_mixin.py:190} INFO - [2025-05-30T15:37:29.862+0000] {dag.py:3239} INFO - Sync 1 DAGs
[2025-05-30T15:37:30.209+0000] {logging_mixin.py:190} INFO - [2025-05-30T15:37:30.208+0000] {dag.py:4180} INFO - Setting next_dagrun for data_synth to 2025-05-23 18:30:00+00:00, run_after=2025-05-26 18:30:00+00:00
[2025-05-30T15:37:30.738+0000] {processor.py:208} INFO - Processing /opt/airflow/dags/data_synth.py took 16.253 seconds
[2025-05-30T15:38:01.424+0000] {processor.py:186} INFO - Started process (PID=144) to work on /opt/airflow/dags/data_synth.py
[2025-05-30T15:38:01.434+0000] {processor.py:914} INFO - Processing file /opt/airflow/dags/data_synth.py for tasks to queue
[2025-05-30T15:38:01.445+0000] {logging_mixin.py:190} INFO - [2025-05-30T15:38:01.442+0000] {dagbag.py:588} INFO - Filling up the DagBag from /opt/airflow/dags/data_synth.py
[2025-05-30T15:38:03.966+0000] {processor.py:925} INFO - DAG(s) 'data_synth' retrieved from /opt/airflow/dags/data_synth.py
[2025-05-30T15:38:04.026+0000] {logging_mixin.py:190} INFO - [2025-05-30T15:38:04.025+0000] {dag.py:3239} INFO - Sync 1 DAGs
[2025-05-30T15:38:04.150+0000] {logging_mixin.py:190} INFO - [2025-05-30T15:38:04.149+0000] {dag.py:4180} INFO - Setting next_dagrun for data_synth to 2025-05-23 18:30:00+00:00, run_after=2025-05-26 18:30:00+00:00
[2025-05-30T15:38:04.227+0000] {processor.py:208} INFO - Processing /opt/airflow/dags/data_synth.py took 2.840 seconds
[2025-05-30T15:38:35.159+0000] {processor.py:186} INFO - Started process (PID=157) to work on /opt/airflow/dags/data_synth.py
[2025-05-30T15:38:35.189+0000] {processor.py:914} INFO - Processing file /opt/airflow/dags/data_synth.py for tasks to queue
[2025-05-30T15:38:35.206+0000] {logging_mixin.py:190} INFO - [2025-05-30T15:38:35.205+0000] {dagbag.py:588} INFO - Filling up the DagBag from /opt/airflow/dags/data_synth.py
[2025-05-30T15:38:38.803+0000] {processor.py:925} INFO - DAG(s) 'data_synth' retrieved from /opt/airflow/dags/data_synth.py
[2025-05-30T15:38:38.853+0000] {logging_mixin.py:190} INFO - [2025-05-30T15:38:38.852+0000] {dag.py:3239} INFO - Sync 1 DAGs
[2025-05-30T15:38:38.963+0000] {logging_mixin.py:190} INFO - [2025-05-30T15:38:38.962+0000] {dag.py:4180} INFO - Setting next_dagrun for data_synth to 2025-05-23 18:30:00+00:00, run_after=2025-05-26 18:30:00+00:00
[2025-05-30T15:38:39.114+0000] {processor.py:208} INFO - Processing /opt/airflow/dags/data_synth.py took 3.992 seconds
[2025-05-30T15:39:09.328+0000] {processor.py:186} INFO - Started process (PID=172) to work on /opt/airflow/dags/data_synth.py
[2025-05-30T15:39:09.331+0000] {processor.py:914} INFO - Processing file /opt/airflow/dags/data_synth.py for tasks to queue
[2025-05-30T15:39:09.337+0000] {logging_mixin.py:190} INFO - [2025-05-30T15:39:09.336+0000] {dagbag.py:588} INFO - Filling up the DagBag from /opt/airflow/dags/data_synth.py
[2025-05-30T15:39:10.305+0000] {processor.py:925} INFO - DAG(s) 'data_synth' retrieved from /opt/airflow/dags/data_synth.py
[2025-05-30T15:39:10.347+0000] {logging_mixin.py:190} INFO - [2025-05-30T15:39:10.346+0000] {dag.py:3239} INFO - Sync 1 DAGs
[2025-05-30T15:39:10.430+0000] {logging_mixin.py:190} INFO - [2025-05-30T15:39:10.429+0000] {dag.py:4180} INFO - Setting next_dagrun for data_synth to 2025-05-23 18:30:00+00:00, run_after=2025-05-26 18:30:00+00:00
[2025-05-30T15:39:10.481+0000] {processor.py:208} INFO - Processing /opt/airflow/dags/data_synth.py took 1.168 seconds
[2025-05-30T15:39:40.644+0000] {processor.py:186} INFO - Started process (PID=190) to work on /opt/airflow/dags/data_synth.py
[2025-05-30T15:39:40.649+0000] {processor.py:914} INFO - Processing file /opt/airflow/dags/data_synth.py for tasks to queue
[2025-05-30T15:39:40.657+0000] {logging_mixin.py:190} INFO - [2025-05-30T15:39:40.656+0000] {dagbag.py:588} INFO - Filling up the DagBag from /opt/airflow/dags/data_synth.py
[2025-05-30T15:39:41.676+0000] {processor.py:925} INFO - DAG(s) 'data_synth' retrieved from /opt/airflow/dags/data_synth.py
[2025-05-30T15:39:41.996+0000] {logging_mixin.py:190} INFO - [2025-05-30T15:39:41.994+0000] {dag.py:3239} INFO - Sync 1 DAGs
[2025-05-30T15:39:42.061+0000] {logging_mixin.py:190} INFO - [2025-05-30T15:39:42.060+0000] {dag.py:4180} INFO - Setting next_dagrun for data_synth to 2025-05-23 18:30:00+00:00, run_after=2025-05-26 18:30:00+00:00
[2025-05-30T15:39:42.104+0000] {processor.py:208} INFO - Processing /opt/airflow/dags/data_synth.py took 1.483 seconds
[2025-05-30T15:40:13.160+0000] {processor.py:186} INFO - Started process (PID=204) to work on /opt/airflow/dags/data_synth.py
[2025-05-30T15:40:13.166+0000] {processor.py:914} INFO - Processing file /opt/airflow/dags/data_synth.py for tasks to queue
[2025-05-30T15:40:13.188+0000] {logging_mixin.py:190} INFO - [2025-05-30T15:40:13.177+0000] {dagbag.py:588} INFO - Filling up the DagBag from /opt/airflow/dags/data_synth.py
[2025-05-30T15:40:15.974+0000] {processor.py:925} INFO - DAG(s) 'data_synth' retrieved from /opt/airflow/dags/data_synth.py
[2025-05-30T15:40:16.023+0000] {logging_mixin.py:190} INFO - [2025-05-30T15:40:16.021+0000] {dag.py:3239} INFO - Sync 1 DAGs
[2025-05-30T15:40:16.105+0000] {logging_mixin.py:190} INFO - [2025-05-30T15:40:16.104+0000] {dag.py:4180} INFO - Setting next_dagrun for data_synth to 2025-05-23 18:30:00+00:00, run_after=2025-05-26 18:30:00+00:00
[2025-05-30T15:40:16.170+0000] {processor.py:208} INFO - Processing /opt/airflow/dags/data_synth.py took 3.089 seconds
[2025-05-30T15:40:46.389+0000] {processor.py:186} INFO - Started process (PID=216) to work on /opt/airflow/dags/data_synth.py
[2025-05-30T15:40:46.394+0000] {processor.py:914} INFO - Processing file /opt/airflow/dags/data_synth.py for tasks to queue
[2025-05-30T15:40:46.402+0000] {logging_mixin.py:190} INFO - [2025-05-30T15:40:46.401+0000] {dagbag.py:588} INFO - Filling up the DagBag from /opt/airflow/dags/data_synth.py
[2025-05-30T15:40:47.203+0000] {processor.py:925} INFO - DAG(s) 'data_synth' retrieved from /opt/airflow/dags/data_synth.py
[2025-05-30T15:40:47.499+0000] {logging_mixin.py:190} INFO - [2025-05-30T15:40:47.497+0000] {dag.py:3239} INFO - Sync 1 DAGs
[2025-05-30T15:40:47.628+0000] {logging_mixin.py:190} INFO - [2025-05-30T15:40:47.627+0000] {dag.py:4180} INFO - Setting next_dagrun for data_synth to 2025-05-23 18:30:00+00:00, run_after=2025-05-26 18:30:00+00:00
[2025-05-30T15:40:47.681+0000] {processor.py:208} INFO - Processing /opt/airflow/dags/data_synth.py took 1.310 seconds
[2025-05-30T18:41:07.328+0000] {processor.py:186} INFO - Started process (PID=222) to work on /opt/airflow/dags/data_synth.py
[2025-05-30T18:41:07.348+0000] {processor.py:914} INFO - Processing file /opt/airflow/dags/data_synth.py for tasks to queue
[2025-05-30T18:41:07.372+0000] {logging_mixin.py:190} INFO - [2025-05-30T18:41:07.371+0000] {dagbag.py:588} INFO - Filling up the DagBag from /opt/airflow/dags/data_synth.py
[2025-05-30T18:41:11.173+0000] {processor.py:925} INFO - DAG(s) 'data_synth' retrieved from /opt/airflow/dags/data_synth.py
[2025-05-30T19:12:39.363+0000] {logging_mixin.py:190} INFO - [2025-05-30T19:12:39.362+0000] {dag.py:3239} INFO - Sync 1 DAGs
[2025-05-30T19:12:40.465+0000] {logging_mixin.py:190} INFO - [2025-05-30T19:12:40.465+0000] {dag.py:4180} INFO - Setting next_dagrun for data_synth to 2025-05-26 18:30:00+00:00, run_after=2025-05-27 18:30:00+00:00
[2025-05-30T19:12:40.821+0000] {processor.py:208} INFO - Processing /opt/airflow/dags/data_synth.py took 8.037 seconds
[2025-05-30T19:13:17.595+0000] {processor.py:186} INFO - Started process (PID=241) to work on /opt/airflow/dags/data_synth.py
[2025-05-30T19:13:17.635+0000] {processor.py:914} INFO - Processing file /opt/airflow/dags/data_synth.py for tasks to queue
[2025-05-30T19:13:17.717+0000] {logging_mixin.py:190} INFO - [2025-05-30T19:13:17.710+0000] {dagbag.py:588} INFO - Filling up the DagBag from /opt/airflow/dags/data_synth.py
[2025-05-30T19:13:22.254+0000] {processor.py:925} INFO - DAG(s) 'data_synth' retrieved from /opt/airflow/dags/data_synth.py
[2025-05-30T19:13:23.338+0000] {logging_mixin.py:190} INFO - [2025-05-30T19:13:23.337+0000] {dag.py:3239} INFO - Sync 1 DAGs
[2025-05-30T19:13:24.136+0000] {logging_mixin.py:190} INFO - [2025-05-30T19:13:24.136+0000] {dag.py:4180} INFO - Setting next_dagrun for data_synth to 2025-05-26 18:30:00+00:00, run_after=2025-05-27 18:30:00+00:00
[2025-05-30T19:13:24.512+0000] {processor.py:208} INFO - Processing /opt/airflow/dags/data_synth.py took 7.108 seconds
[2025-05-30T19:13:56.000+0000] {processor.py:186} INFO - Started process (PID=255) to work on /opt/airflow/dags/data_synth.py
[2025-05-30T19:13:56.029+0000] {processor.py:914} INFO - Processing file /opt/airflow/dags/data_synth.py for tasks to queue
[2025-05-30T19:13:56.126+0000] {logging_mixin.py:190} INFO - [2025-05-30T19:13:56.125+0000] {dagbag.py:588} INFO - Filling up the DagBag from /opt/airflow/dags/data_synth.py
[2025-05-30T19:13:59.779+0000] {processor.py:925} INFO - DAG(s) 'data_synth' retrieved from /opt/airflow/dags/data_synth.py
[2025-05-30T19:13:59.887+0000] {logging_mixin.py:190} INFO - [2025-05-30T19:13:59.885+0000] {dag.py:3239} INFO - Sync 1 DAGs
[2025-05-30T19:14:00.092+0000] {logging_mixin.py:190} INFO - [2025-05-30T19:14:00.091+0000] {dag.py:4180} INFO - Setting next_dagrun for data_synth to 2025-05-26 18:30:00+00:00, run_after=2025-05-27 18:30:00+00:00
[2025-05-30T19:14:00.275+0000] {processor.py:208} INFO - Processing /opt/airflow/dags/data_synth.py took 4.339 seconds
[2025-05-30T19:14:31.580+0000] {processor.py:186} INFO - Started process (PID=268) to work on /opt/airflow/dags/data_synth.py
[2025-05-30T19:14:31.611+0000] {processor.py:914} INFO - Processing file /opt/airflow/dags/data_synth.py for tasks to queue
[2025-05-30T19:14:31.630+0000] {logging_mixin.py:190} INFO - [2025-05-30T19:14:31.625+0000] {dagbag.py:588} INFO - Filling up the DagBag from /opt/airflow/dags/data_synth.py
[2025-05-30T19:14:35.984+0000] {processor.py:925} INFO - DAG(s) 'data_synth' retrieved from /opt/airflow/dags/data_synth.py
[2025-05-30T19:14:36.319+0000] {logging_mixin.py:190} INFO - [2025-05-30T19:14:36.302+0000] {dag.py:3239} INFO - Sync 1 DAGs
[2025-05-30T19:14:36.815+0000] {logging_mixin.py:190} INFO - [2025-05-30T19:14:36.815+0000] {dag.py:4180} INFO - Setting next_dagrun for data_synth to 2025-05-26 18:30:00+00:00, run_after=2025-05-27 18:30:00+00:00
[2025-05-30T19:14:37.305+0000] {processor.py:208} INFO - Processing /opt/airflow/dags/data_synth.py took 5.777 seconds
[2025-05-30T19:15:08.136+0000] {processor.py:186} INFO - Started process (PID=282) to work on /opt/airflow/dags/data_synth.py
[2025-05-30T19:15:08.149+0000] {processor.py:914} INFO - Processing file /opt/airflow/dags/data_synth.py for tasks to queue
[2025-05-30T19:15:08.167+0000] {logging_mixin.py:190} INFO - [2025-05-30T19:15:08.166+0000] {dagbag.py:588} INFO - Filling up the DagBag from /opt/airflow/dags/data_synth.py
[2025-05-30T19:15:12.056+0000] {processor.py:925} INFO - DAG(s) 'data_synth' retrieved from /opt/airflow/dags/data_synth.py
[2025-05-30T19:15:13.531+0000] {logging_mixin.py:190} INFO - [2025-05-30T19:15:13.517+0000] {dag.py:3239} INFO - Sync 1 DAGs
[2025-05-30T19:15:13.818+0000] {logging_mixin.py:190} INFO - [2025-05-30T19:15:13.817+0000] {dag.py:4180} INFO - Setting next_dagrun for data_synth to 2025-05-26 18:30:00+00:00, run_after=2025-05-27 18:30:00+00:00
[2025-05-30T19:15:14.124+0000] {processor.py:208} INFO - Processing /opt/airflow/dags/data_synth.py took 6.036 seconds
[2025-05-30T19:15:44.689+0000] {processor.py:186} INFO - Started process (PID=299) to work on /opt/airflow/dags/data_synth.py
[2025-05-30T19:15:44.713+0000] {processor.py:914} INFO - Processing file /opt/airflow/dags/data_synth.py for tasks to queue
[2025-05-30T19:15:44.725+0000] {logging_mixin.py:190} INFO - [2025-05-30T19:15:44.724+0000] {dagbag.py:588} INFO - Filling up the DagBag from /opt/airflow/dags/data_synth.py
[2025-05-30T19:15:48.788+0000] {processor.py:925} INFO - DAG(s) 'data_synth' retrieved from /opt/airflow/dags/data_synth.py
[2025-05-30T19:15:50.110+0000] {logging_mixin.py:190} INFO - [2025-05-30T19:15:50.109+0000] {dag.py:3239} INFO - Sync 1 DAGs
[2025-05-30T19:15:50.345+0000] {logging_mixin.py:190} INFO - [2025-05-30T19:15:50.333+0000] {dag.py:4180} INFO - Setting next_dagrun for data_synth to 2025-05-26 18:30:00+00:00, run_after=2025-05-27 18:30:00+00:00
[2025-05-30T19:15:50.514+0000] {processor.py:208} INFO - Processing /opt/airflow/dags/data_synth.py took 5.866 seconds
[2025-05-30T19:16:20.817+0000] {processor.py:186} INFO - Started process (PID=313) to work on /opt/airflow/dags/data_synth.py
[2025-05-30T19:16:20.829+0000] {processor.py:914} INFO - Processing file /opt/airflow/dags/data_synth.py for tasks to queue
[2025-05-30T19:16:20.847+0000] {logging_mixin.py:190} INFO - [2025-05-30T19:16:20.837+0000] {dagbag.py:588} INFO - Filling up the DagBag from /opt/airflow/dags/data_synth.py
[2025-05-30T19:16:23.892+0000] {processor.py:925} INFO - DAG(s) 'data_synth' retrieved from /opt/airflow/dags/data_synth.py
[2025-05-30T19:16:24.964+0000] {logging_mixin.py:190} INFO - [2025-05-30T19:16:24.963+0000] {dag.py:3239} INFO - Sync 1 DAGs
[2025-05-30T19:16:25.155+0000] {logging_mixin.py:190} INFO - [2025-05-30T19:16:25.155+0000] {dag.py:4180} INFO - Setting next_dagrun for data_synth to 2025-05-26 18:30:00+00:00, run_after=2025-05-27 18:30:00+00:00
[2025-05-30T19:16:25.302+0000] {processor.py:208} INFO - Processing /opt/airflow/dags/data_synth.py took 4.510 seconds
[2025-05-30T19:16:55.855+0000] {processor.py:186} INFO - Started process (PID=326) to work on /opt/airflow/dags/data_synth.py
[2025-05-30T19:16:55.862+0000] {processor.py:914} INFO - Processing file /opt/airflow/dags/data_synth.py for tasks to queue
[2025-05-30T19:16:55.885+0000] {logging_mixin.py:190} INFO - [2025-05-30T19:16:55.879+0000] {dagbag.py:588} INFO - Filling up the DagBag from /opt/airflow/dags/data_synth.py
[2025-05-30T19:16:57.861+0000] {processor.py:925} INFO - DAG(s) 'data_synth' retrieved from /opt/airflow/dags/data_synth.py
[2025-05-30T19:16:58.603+0000] {logging_mixin.py:190} INFO - [2025-05-30T19:16:58.601+0000] {dag.py:3239} INFO - Sync 1 DAGs
[2025-05-30T19:16:58.788+0000] {logging_mixin.py:190} INFO - [2025-05-30T19:16:58.787+0000] {dag.py:4180} INFO - Setting next_dagrun for data_synth to 2025-05-26 18:30:00+00:00, run_after=2025-05-27 18:30:00+00:00
[2025-05-30T19:16:58.914+0000] {processor.py:208} INFO - Processing /opt/airflow/dags/data_synth.py took 3.108 seconds
[2025-05-30T19:17:29.493+0000] {processor.py:186} INFO - Started process (PID=339) to work on /opt/airflow/dags/data_synth.py
[2025-05-30T19:17:29.505+0000] {processor.py:914} INFO - Processing file /opt/airflow/dags/data_synth.py for tasks to queue
[2025-05-30T19:17:29.524+0000] {logging_mixin.py:190} INFO - [2025-05-30T19:17:29.522+0000] {dagbag.py:588} INFO - Filling up the DagBag from /opt/airflow/dags/data_synth.py
[2025-05-30T19:17:31.584+0000] {processor.py:925} INFO - DAG(s) 'data_synth' retrieved from /opt/airflow/dags/data_synth.py
[2025-05-30T19:17:32.489+0000] {logging_mixin.py:190} INFO - [2025-05-30T19:17:32.487+0000] {dag.py:3239} INFO - Sync 1 DAGs
[2025-05-30T19:17:32.646+0000] {logging_mixin.py:190} INFO - [2025-05-30T19:17:32.646+0000] {dag.py:4180} INFO - Setting next_dagrun for data_synth to 2025-05-26 18:30:00+00:00, run_after=2025-05-27 18:30:00+00:00
[2025-05-30T19:17:32.780+0000] {processor.py:208} INFO - Processing /opt/airflow/dags/data_synth.py took 3.326 seconds
[2025-05-30T19:18:04.247+0000] {processor.py:186} INFO - Started process (PID=351) to work on /opt/airflow/dags/data_synth.py
[2025-05-30T19:18:04.263+0000] {processor.py:914} INFO - Processing file /opt/airflow/dags/data_synth.py for tasks to queue
[2025-05-30T19:18:04.295+0000] {logging_mixin.py:190} INFO - [2025-05-30T19:18:04.293+0000] {dagbag.py:588} INFO - Filling up the DagBag from /opt/airflow/dags/data_synth.py
[2025-05-30T19:18:07.741+0000] {processor.py:925} INFO - DAG(s) 'data_synth' retrieved from /opt/airflow/dags/data_synth.py
[2025-05-30T19:18:09.203+0000] {logging_mixin.py:190} INFO - [2025-05-30T19:18:09.202+0000] {dag.py:3239} INFO - Sync 1 DAGs
[2025-05-30T19:18:09.432+0000] {logging_mixin.py:190} INFO - [2025-05-30T19:18:09.432+0000] {dag.py:4180} INFO - Setting next_dagrun for data_synth to 2025-05-26 18:30:00+00:00, run_after=2025-05-27 18:30:00+00:00
[2025-05-30T19:18:09.729+0000] {processor.py:208} INFO - Processing /opt/airflow/dags/data_synth.py took 5.564 seconds
[2025-05-30T19:18:40.799+0000] {processor.py:186} INFO - Started process (PID=364) to work on /opt/airflow/dags/data_synth.py
[2025-05-30T19:18:40.815+0000] {processor.py:914} INFO - Processing file /opt/airflow/dags/data_synth.py for tasks to queue
[2025-05-30T19:18:40.866+0000] {logging_mixin.py:190} INFO - [2025-05-30T19:18:40.861+0000] {dagbag.py:588} INFO - Filling up the DagBag from /opt/airflow/dags/data_synth.py
[2025-05-30T19:18:45.834+0000] {processor.py:925} INFO - DAG(s) 'data_synth' retrieved from /opt/airflow/dags/data_synth.py
[2025-05-30T19:18:47.246+0000] {logging_mixin.py:190} INFO - [2025-05-30T19:18:47.233+0000] {dag.py:3239} INFO - Sync 1 DAGs
[2025-05-30T19:18:47.643+0000] {logging_mixin.py:190} INFO - [2025-05-30T19:18:47.616+0000] {dag.py:4180} INFO - Setting next_dagrun for data_synth to 2025-05-26 18:30:00+00:00, run_after=2025-05-27 18:30:00+00:00
[2025-05-30T19:18:47.885+0000] {processor.py:208} INFO - Processing /opt/airflow/dags/data_synth.py took 7.207 seconds
[2025-05-30T19:19:19.834+0000] {processor.py:186} INFO - Started process (PID=383) to work on /opt/airflow/dags/data_synth.py
[2025-05-30T19:19:19.850+0000] {processor.py:914} INFO - Processing file /opt/airflow/dags/data_synth.py for tasks to queue
[2025-05-30T19:19:19.899+0000] {logging_mixin.py:190} INFO - [2025-05-30T19:19:19.898+0000] {dagbag.py:588} INFO - Filling up the DagBag from /opt/airflow/dags/data_synth.py
[2025-05-30T19:19:23.585+0000] {processor.py:925} INFO - DAG(s) 'data_synth' retrieved from /opt/airflow/dags/data_synth.py
[2025-05-30T19:19:24.830+0000] {logging_mixin.py:190} INFO - [2025-05-30T19:19:24.821+0000] {dag.py:3239} INFO - Sync 1 DAGs
[2025-05-30T19:19:25.010+0000] {logging_mixin.py:190} INFO - [2025-05-30T19:19:25.009+0000] {dag.py:4180} INFO - Setting next_dagrun for data_synth to 2025-05-26 18:30:00+00:00, run_after=2025-05-27 18:30:00+00:00
[2025-05-30T19:19:25.157+0000] {processor.py:208} INFO - Processing /opt/airflow/dags/data_synth.py took 5.415 seconds
[2025-05-30T19:19:55.981+0000] {processor.py:186} INFO - Started process (PID=396) to work on /opt/airflow/dags/data_synth.py
[2025-05-30T19:19:55.994+0000] {processor.py:914} INFO - Processing file /opt/airflow/dags/data_synth.py for tasks to queue
[2025-05-30T19:19:56.012+0000] {logging_mixin.py:190} INFO - [2025-05-30T19:19:56.011+0000] {dagbag.py:588} INFO - Filling up the DagBag from /opt/airflow/dags/data_synth.py
[2025-05-30T19:19:59.562+0000] {processor.py:925} INFO - DAG(s) 'data_synth' retrieved from /opt/airflow/dags/data_synth.py
[2025-05-30T19:20:00.932+0000] {logging_mixin.py:190} INFO - [2025-05-30T19:20:00.930+0000] {dag.py:3239} INFO - Sync 1 DAGs
[2025-05-30T19:20:01.415+0000] {logging_mixin.py:190} INFO - [2025-05-30T19:20:01.414+0000] {dag.py:4180} INFO - Setting next_dagrun for data_synth to 2025-05-26 18:30:00+00:00, run_after=2025-05-27 18:30:00+00:00
[2025-05-30T19:20:01.886+0000] {processor.py:208} INFO - Processing /opt/airflow/dags/data_synth.py took 5.962 seconds
[2025-05-30T19:20:32.607+0000] {processor.py:186} INFO - Started process (PID=408) to work on /opt/airflow/dags/data_synth.py
[2025-05-30T19:20:32.610+0000] {processor.py:914} INFO - Processing file /opt/airflow/dags/data_synth.py for tasks to queue
[2025-05-30T19:20:32.628+0000] {logging_mixin.py:190} INFO - [2025-05-30T19:20:32.627+0000] {dagbag.py:588} INFO - Filling up the DagBag from /opt/airflow/dags/data_synth.py
[2025-05-30T19:20:35.452+0000] {processor.py:925} INFO - DAG(s) 'data_synth' retrieved from /opt/airflow/dags/data_synth.py
[2025-05-30T19:20:36.620+0000] {logging_mixin.py:190} INFO - [2025-05-30T19:20:36.618+0000] {dag.py:3239} INFO - Sync 1 DAGs
[2025-05-30T19:20:36.875+0000] {logging_mixin.py:190} INFO - [2025-05-30T19:20:36.874+0000] {dag.py:4180} INFO - Setting next_dagrun for data_synth to 2025-05-26 18:30:00+00:00, run_after=2025-05-27 18:30:00+00:00
[2025-05-30T19:20:37.258+0000] {processor.py:208} INFO - Processing /opt/airflow/dags/data_synth.py took 4.688 seconds
[2025-05-30T19:21:09.006+0000] {processor.py:186} INFO - Started process (PID=421) to work on /opt/airflow/dags/data_synth.py
[2025-05-30T19:21:09.020+0000] {processor.py:914} INFO - Processing file /opt/airflow/dags/data_synth.py for tasks to queue
[2025-05-30T19:21:09.039+0000] {logging_mixin.py:190} INFO - [2025-05-30T19:21:09.038+0000] {dagbag.py:588} INFO - Filling up the DagBag from /opt/airflow/dags/data_synth.py
[2025-05-30T19:21:12.583+0000] {processor.py:925} INFO - DAG(s) 'data_synth' retrieved from /opt/airflow/dags/data_synth.py
[2025-05-30T19:21:13.972+0000] {logging_mixin.py:190} INFO - [2025-05-30T19:21:13.971+0000] {dag.py:3239} INFO - Sync 1 DAGs
[2025-05-30T19:21:14.308+0000] {logging_mixin.py:190} INFO - [2025-05-30T19:21:14.308+0000] {dag.py:4180} INFO - Setting next_dagrun for data_synth to 2025-05-26 18:30:00+00:00, run_after=2025-05-27 18:30:00+00:00
[2025-05-30T19:21:14.465+0000] {processor.py:208} INFO - Processing /opt/airflow/dags/data_synth.py took 5.591 seconds
[2025-05-30T19:21:45.056+0000] {processor.py:186} INFO - Started process (PID=434) to work on /opt/airflow/dags/data_synth.py
[2025-05-30T19:21:45.061+0000] {processor.py:914} INFO - Processing file /opt/airflow/dags/data_synth.py for tasks to queue
[2025-05-30T19:21:45.072+0000] {logging_mixin.py:190} INFO - [2025-05-30T19:21:45.071+0000] {dagbag.py:588} INFO - Filling up the DagBag from /opt/airflow/dags/data_synth.py
[2025-05-30T19:21:47.373+0000] {processor.py:925} INFO - DAG(s) 'data_synth' retrieved from /opt/airflow/dags/data_synth.py
[2025-05-30T19:21:48.276+0000] {logging_mixin.py:190} INFO - [2025-05-30T19:21:48.275+0000] {dag.py:3239} INFO - Sync 1 DAGs
[2025-05-30T19:21:48.478+0000] {logging_mixin.py:190} INFO - [2025-05-30T19:21:48.477+0000] {dag.py:4180} INFO - Setting next_dagrun for data_synth to 2025-05-26 18:30:00+00:00, run_after=2025-05-27 18:30:00+00:00
[2025-05-30T19:21:48.649+0000] {processor.py:208} INFO - Processing /opt/airflow/dags/data_synth.py took 3.629 seconds
[2025-05-30T19:22:19.771+0000] {processor.py:186} INFO - Started process (PID=454) to work on /opt/airflow/dags/data_synth.py
[2025-05-30T19:22:19.776+0000] {processor.py:914} INFO - Processing file /opt/airflow/dags/data_synth.py for tasks to queue
[2025-05-30T19:22:19.792+0000] {logging_mixin.py:190} INFO - [2025-05-30T19:22:19.791+0000] {dagbag.py:588} INFO - Filling up the DagBag from /opt/airflow/dags/data_synth.py
[2025-05-30T19:22:22.071+0000] {processor.py:925} INFO - DAG(s) 'data_synth' retrieved from /opt/airflow/dags/data_synth.py
[2025-05-30T19:22:23.089+0000] {logging_mixin.py:190} INFO - [2025-05-30T19:22:23.088+0000] {dag.py:3239} INFO - Sync 1 DAGs
[2025-05-30T19:22:23.260+0000] {logging_mixin.py:190} INFO - [2025-05-30T19:22:23.250+0000] {dag.py:4180} INFO - Setting next_dagrun for data_synth to 2025-05-26 18:30:00+00:00, run_after=2025-05-27 18:30:00+00:00
[2025-05-30T19:22:23.418+0000] {processor.py:208} INFO - Processing /opt/airflow/dags/data_synth.py took 3.710 seconds
[2025-05-30T19:22:54.511+0000] {processor.py:186} INFO - Started process (PID=466) to work on /opt/airflow/dags/data_synth.py
[2025-05-30T19:22:54.524+0000] {processor.py:914} INFO - Processing file /opt/airflow/dags/data_synth.py for tasks to queue
[2025-05-30T19:22:54.550+0000] {logging_mixin.py:190} INFO - [2025-05-30T19:22:54.549+0000] {dagbag.py:588} INFO - Filling up the DagBag from /opt/airflow/dags/data_synth.py
[2025-05-30T19:22:56.860+0000] {processor.py:925} INFO - DAG(s) 'data_synth' retrieved from /opt/airflow/dags/data_synth.py
[2025-05-30T19:22:57.740+0000] {logging_mixin.py:190} INFO - [2025-05-30T19:22:57.739+0000] {dag.py:3239} INFO - Sync 1 DAGs
[2025-05-30T19:22:57.990+0000] {logging_mixin.py:190} INFO - [2025-05-30T19:22:57.989+0000] {dag.py:4180} INFO - Setting next_dagrun for data_synth to 2025-05-26 18:30:00+00:00, run_after=2025-05-27 18:30:00+00:00
[2025-05-30T19:22:58.148+0000] {processor.py:208} INFO - Processing /opt/airflow/dags/data_synth.py took 3.709 seconds
[2025-05-30T19:23:28.747+0000] {processor.py:186} INFO - Started process (PID=480) to work on /opt/airflow/dags/data_synth.py
[2025-05-30T19:23:28.762+0000] {processor.py:914} INFO - Processing file /opt/airflow/dags/data_synth.py for tasks to queue
[2025-05-30T19:23:28.796+0000] {logging_mixin.py:190} INFO - [2025-05-30T19:23:28.795+0000] {dagbag.py:588} INFO - Filling up the DagBag from /opt/airflow/dags/data_synth.py
[2025-05-30T19:23:32.136+0000] {processor.py:925} INFO - DAG(s) 'data_synth' retrieved from /opt/airflow/dags/data_synth.py
[2025-05-30T19:23:33.148+0000] {logging_mixin.py:190} INFO - [2025-05-30T19:23:33.146+0000] {dag.py:3239} INFO - Sync 1 DAGs
[2025-05-30T19:23:33.324+0000] {logging_mixin.py:190} INFO - [2025-05-30T19:23:33.324+0000] {dag.py:4180} INFO - Setting next_dagrun for data_synth to 2025-05-26 18:30:00+00:00, run_after=2025-05-27 18:30:00+00:00
[2025-05-30T19:23:33.496+0000] {processor.py:208} INFO - Processing /opt/airflow/dags/data_synth.py took 4.803 seconds
[2025-05-30T19:24:04.420+0000] {processor.py:186} INFO - Started process (PID=493) to work on /opt/airflow/dags/data_synth.py
[2025-05-30T19:24:04.432+0000] {processor.py:914} INFO - Processing file /opt/airflow/dags/data_synth.py for tasks to queue
[2025-05-30T19:24:04.440+0000] {logging_mixin.py:190} INFO - [2025-05-30T19:24:04.439+0000] {dagbag.py:588} INFO - Filling up the DagBag from /opt/airflow/dags/data_synth.py
[2025-05-30T19:24:05.849+0000] {processor.py:925} INFO - DAG(s) 'data_synth' retrieved from /opt/airflow/dags/data_synth.py
[2025-05-30T19:24:06.389+0000] {logging_mixin.py:190} INFO - [2025-05-30T19:24:06.387+0000] {dag.py:3239} INFO - Sync 1 DAGs
[2025-05-30T19:24:06.502+0000] {logging_mixin.py:190} INFO - [2025-05-30T19:24:06.501+0000] {dag.py:4180} INFO - Setting next_dagrun for data_synth to 2025-05-26 18:30:00+00:00, run_after=2025-05-27 18:30:00+00:00
[2025-05-30T19:24:06.581+0000] {processor.py:208} INFO - Processing /opt/airflow/dags/data_synth.py took 2.192 seconds
[2025-05-30T19:24:38.239+0000] {processor.py:186} INFO - Started process (PID=507) to work on /opt/airflow/dags/data_synth.py
[2025-05-30T19:24:38.257+0000] {processor.py:914} INFO - Processing file /opt/airflow/dags/data_synth.py for tasks to queue
[2025-05-30T19:24:38.293+0000] {logging_mixin.py:190} INFO - [2025-05-30T19:24:38.289+0000] {dagbag.py:588} INFO - Filling up the DagBag from /opt/airflow/dags/data_synth.py
[2025-05-30T19:24:42.330+0000] {processor.py:925} INFO - DAG(s) 'data_synth' retrieved from /opt/airflow/dags/data_synth.py
[2025-05-30T19:24:43.288+0000] {logging_mixin.py:190} INFO - [2025-05-30T19:24:43.282+0000] {dag.py:3239} INFO - Sync 1 DAGs
[2025-05-30T19:24:43.442+0000] {logging_mixin.py:190} INFO - [2025-05-30T19:24:43.442+0000] {dag.py:4180} INFO - Setting next_dagrun for data_synth to 2025-05-26 18:30:00+00:00, run_after=2025-05-27 18:30:00+00:00
[2025-05-30T19:24:43.639+0000] {processor.py:208} INFO - Processing /opt/airflow/dags/data_synth.py took 5.673 seconds
[2025-05-30T19:25:14.714+0000] {processor.py:186} INFO - Started process (PID=520) to work on /opt/airflow/dags/data_synth.py
[2025-05-30T19:25:14.735+0000] {processor.py:914} INFO - Processing file /opt/airflow/dags/data_synth.py for tasks to queue
[2025-05-30T19:25:14.782+0000] {logging_mixin.py:190} INFO - [2025-05-30T19:25:14.771+0000] {dagbag.py:588} INFO - Filling up the DagBag from /opt/airflow/dags/data_synth.py
[2025-05-30T19:25:17.771+0000] {processor.py:925} INFO - DAG(s) 'data_synth' retrieved from /opt/airflow/dags/data_synth.py
[2025-05-30T19:25:19.298+0000] {logging_mixin.py:190} INFO - [2025-05-30T19:25:19.285+0000] {dag.py:3239} INFO - Sync 1 DAGs
[2025-05-30T19:25:19.546+0000] {logging_mixin.py:190} INFO - [2025-05-30T19:25:19.545+0000] {dag.py:4180} INFO - Setting next_dagrun for data_synth to 2025-05-26 18:30:00+00:00, run_after=2025-05-27 18:30:00+00:00
[2025-05-30T19:25:19.772+0000] {processor.py:208} INFO - Processing /opt/airflow/dags/data_synth.py took 5.131 seconds
[2025-05-30T19:25:50.676+0000] {processor.py:186} INFO - Started process (PID=540) to work on /opt/airflow/dags/data_synth.py
[2025-05-30T19:25:50.689+0000] {processor.py:914} INFO - Processing file /opt/airflow/dags/data_synth.py for tasks to queue
[2025-05-30T19:25:50.707+0000] {logging_mixin.py:190} INFO - [2025-05-30T19:25:50.705+0000] {dagbag.py:588} INFO - Filling up the DagBag from /opt/airflow/dags/data_synth.py
[2025-05-30T19:25:54.628+0000] {processor.py:925} INFO - DAG(s) 'data_synth' retrieved from /opt/airflow/dags/data_synth.py
[2025-05-30T19:25:56.545+0000] {logging_mixin.py:190} INFO - [2025-05-30T19:25:56.539+0000] {dag.py:3239} INFO - Sync 1 DAGs
[2025-05-30T19:25:56.861+0000] {logging_mixin.py:190} INFO - [2025-05-30T19:25:56.861+0000] {dag.py:4180} INFO - Setting next_dagrun for data_synth to 2025-05-26 18:30:00+00:00, run_after=2025-05-27 18:30:00+00:00
[2025-05-30T19:25:57.074+0000] {processor.py:208} INFO - Processing /opt/airflow/dags/data_synth.py took 6.439 seconds
[2025-05-30T19:26:28.360+0000] {processor.py:186} INFO - Started process (PID=554) to work on /opt/airflow/dags/data_synth.py
[2025-05-30T19:26:28.376+0000] {processor.py:914} INFO - Processing file /opt/airflow/dags/data_synth.py for tasks to queue
[2025-05-30T19:26:28.393+0000] {logging_mixin.py:190} INFO - [2025-05-30T19:26:28.392+0000] {dagbag.py:588} INFO - Filling up the DagBag from /opt/airflow/dags/data_synth.py
[2025-05-30T19:26:32.471+0000] {processor.py:925} INFO - DAG(s) 'data_synth' retrieved from /opt/airflow/dags/data_synth.py
[2025-05-30T19:26:32.573+0000] {logging_mixin.py:190} INFO - [2025-05-30T19:26:32.571+0000] {dag.py:3239} INFO - Sync 1 DAGs
[2025-05-30T19:26:32.850+0000] {logging_mixin.py:190} INFO - [2025-05-30T19:26:32.849+0000] {dag.py:4180} INFO - Setting next_dagrun for data_synth to 2025-05-26 18:30:00+00:00, run_after=2025-05-27 18:30:00+00:00
[2025-05-30T19:26:32.996+0000] {processor.py:208} INFO - Processing /opt/airflow/dags/data_synth.py took 4.691 seconds
[2025-05-30T19:27:03.224+0000] {processor.py:186} INFO - Started process (PID=567) to work on /opt/airflow/dags/data_synth.py
[2025-05-30T19:27:03.226+0000] {processor.py:914} INFO - Processing file /opt/airflow/dags/data_synth.py for tasks to queue
[2025-05-30T19:27:03.232+0000] {logging_mixin.py:190} INFO - [2025-05-30T19:27:03.231+0000] {dagbag.py:588} INFO - Filling up the DagBag from /opt/airflow/dags/data_synth.py
[2025-05-30T19:27:04.111+0000] {processor.py:925} INFO - DAG(s) 'data_synth' retrieved from /opt/airflow/dags/data_synth.py
[2025-05-30T19:27:04.144+0000] {logging_mixin.py:190} INFO - [2025-05-30T19:27:04.143+0000] {dag.py:3239} INFO - Sync 1 DAGs
[2025-05-30T19:27:04.191+0000] {logging_mixin.py:190} INFO - [2025-05-30T19:27:04.191+0000] {dag.py:4180} INFO - Setting next_dagrun for data_synth to 2025-05-26 18:30:00+00:00, run_after=2025-05-27 18:30:00+00:00
[2025-05-30T19:27:04.237+0000] {processor.py:208} INFO - Processing /opt/airflow/dags/data_synth.py took 1.027 seconds
[2025-05-30T19:27:35.202+0000] {processor.py:186} INFO - Started process (PID=581) to work on /opt/airflow/dags/data_synth.py
[2025-05-30T19:27:35.205+0000] {processor.py:914} INFO - Processing file /opt/airflow/dags/data_synth.py for tasks to queue
[2025-05-30T19:27:35.211+0000] {logging_mixin.py:190} INFO - [2025-05-30T19:27:35.210+0000] {dagbag.py:588} INFO - Filling up the DagBag from /opt/airflow/dags/data_synth.py
[2025-05-30T19:27:36.084+0000] {processor.py:925} INFO - DAG(s) 'data_synth' retrieved from /opt/airflow/dags/data_synth.py
[2025-05-30T19:27:36.126+0000] {logging_mixin.py:190} INFO - [2025-05-30T19:27:36.117+0000] {dag.py:3239} INFO - Sync 1 DAGs
[2025-05-30T19:27:36.243+0000] {logging_mixin.py:190} INFO - [2025-05-30T19:27:36.243+0000] {dag.py:4180} INFO - Setting next_dagrun for data_synth to 2025-05-26 18:30:00+00:00, run_after=2025-05-27 18:30:00+00:00
[2025-05-30T19:27:36.349+0000] {processor.py:208} INFO - Processing /opt/airflow/dags/data_synth.py took 1.164 seconds
[2025-05-30T19:28:06.830+0000] {processor.py:186} INFO - Started process (PID=593) to work on /opt/airflow/dags/data_synth.py
[2025-05-30T19:28:06.833+0000] {processor.py:914} INFO - Processing file /opt/airflow/dags/data_synth.py for tasks to queue
[2025-05-30T19:28:06.841+0000] {logging_mixin.py:190} INFO - [2025-05-30T19:28:06.840+0000] {dagbag.py:588} INFO - Filling up the DagBag from /opt/airflow/dags/data_synth.py
[2025-05-30T19:28:07.648+0000] {processor.py:925} INFO - DAG(s) 'data_synth' retrieved from /opt/airflow/dags/data_synth.py
[2025-05-30T19:28:07.900+0000] {logging_mixin.py:190} INFO - [2025-05-30T19:28:07.900+0000] {dag.py:3239} INFO - Sync 1 DAGs
[2025-05-30T19:28:07.999+0000] {logging_mixin.py:190} INFO - [2025-05-30T19:28:07.998+0000] {dag.py:4180} INFO - Setting next_dagrun for data_synth to 2025-05-26 18:30:00+00:00, run_after=2025-05-27 18:30:00+00:00
[2025-05-30T19:28:08.058+0000] {processor.py:208} INFO - Processing /opt/airflow/dags/data_synth.py took 1.244 seconds
[2025-05-30T19:28:38.398+0000] {processor.py:186} INFO - Started process (PID=606) to work on /opt/airflow/dags/data_synth.py
[2025-05-30T19:28:38.401+0000] {processor.py:914} INFO - Processing file /opt/airflow/dags/data_synth.py for tasks to queue
[2025-05-30T19:28:38.410+0000] {logging_mixin.py:190} INFO - [2025-05-30T19:28:38.409+0000] {dagbag.py:588} INFO - Filling up the DagBag from /opt/airflow/dags/data_synth.py
[2025-05-30T19:28:39.429+0000] {processor.py:925} INFO - DAG(s) 'data_synth' retrieved from /opt/airflow/dags/data_synth.py
[2025-05-30T19:28:39.720+0000] {logging_mixin.py:190} INFO - [2025-05-30T19:28:39.719+0000] {dag.py:3239} INFO - Sync 1 DAGs
[2025-05-30T19:28:39.767+0000] {logging_mixin.py:190} INFO - [2025-05-30T19:28:39.766+0000] {dag.py:4180} INFO - Setting next_dagrun for data_synth to 2025-05-26 18:30:00+00:00, run_after=2025-05-27 18:30:00+00:00
[2025-05-30T19:28:39.811+0000] {processor.py:208} INFO - Processing /opt/airflow/dags/data_synth.py took 1.438 seconds
[2025-05-30T19:29:10.393+0000] {processor.py:186} INFO - Started process (PID=619) to work on /opt/airflow/dags/data_synth.py
[2025-05-30T19:29:10.396+0000] {processor.py:914} INFO - Processing file /opt/airflow/dags/data_synth.py for tasks to queue
[2025-05-30T19:29:10.406+0000] {logging_mixin.py:190} INFO - [2025-05-30T19:29:10.404+0000] {dagbag.py:588} INFO - Filling up the DagBag from /opt/airflow/dags/data_synth.py
