[2025-05-30T04:38:47.587+0000] {processor.py:186} INFO - Started process (PID=837) to work on /opt/airflow/dags/extract.py
[2025-05-30T04:38:47.597+0000] {processor.py:914} INFO - Processing file /opt/airflow/dags/extract.py for tasks to queue
[2025-05-30T04:38:47.619+0000] {logging_mixin.py:190} INFO - [2025-05-30T04:38:47.616+0000] {dagbag.py:588} INFO - Filling up the DagBag from /opt/airflow/dags/extract.py
[2025-05-30T04:38:49.475+0000] {processor.py:925} INFO - DAG(s) 'data_synth' retrieved from /opt/airflow/dags/extract.py
[2025-05-30T04:38:49.892+0000] {logging_mixin.py:190} INFO - [2025-05-30T04:38:49.890+0000] {dag.py:3239} INFO - Sync 1 DAGs
[2025-05-30T04:38:49.966+0000] {logging_mixin.py:190} INFO - [2025-05-30T04:38:49.965+0000] {dag.py:4180} INFO - Setting next_dagrun for data_synth to 2025-05-23 18:30:00+00:00, run_after=2025-05-26 18:30:00+00:00
[2025-05-30T04:38:50.029+0000] {processor.py:208} INFO - Processing /opt/airflow/dags/extract.py took 2.490 seconds
[2025-05-30T04:39:20.633+0000] {processor.py:186} INFO - Started process (PID=850) to work on /opt/airflow/dags/extract.py
[2025-05-30T04:39:20.636+0000] {processor.py:914} INFO - Processing file /opt/airflow/dags/extract.py for tasks to queue
[2025-05-30T04:39:20.644+0000] {logging_mixin.py:190} INFO - [2025-05-30T04:39:20.643+0000] {dagbag.py:588} INFO - Filling up the DagBag from /opt/airflow/dags/extract.py
[2025-05-30T04:39:21.490+0000] {processor.py:925} INFO - DAG(s) 'data_synth' retrieved from /opt/airflow/dags/extract.py
[2025-05-30T04:39:21.816+0000] {logging_mixin.py:190} INFO - [2025-05-30T04:39:21.815+0000] {dag.py:3239} INFO - Sync 1 DAGs
[2025-05-30T04:39:21.871+0000] {logging_mixin.py:190} INFO - [2025-05-30T04:39:21.871+0000] {dag.py:4180} INFO - Setting next_dagrun for data_synth to 2025-05-23 18:30:00+00:00, run_after=2025-05-26 18:30:00+00:00
[2025-05-30T04:39:21.918+0000] {processor.py:208} INFO - Processing /opt/airflow/dags/extract.py took 1.302 seconds
[2025-05-30T15:11:40.766+0000] {processor.py:186} INFO - Started process (PID=863) to work on /opt/airflow/dags/extract.py
[2025-05-30T15:11:40.827+0000] {processor.py:914} INFO - Processing file /opt/airflow/dags/extract.py for tasks to queue
[2025-05-30T15:11:40.886+0000] {logging_mixin.py:190} INFO - [2025-05-30T15:11:40.883+0000] {dagbag.py:588} INFO - Filling up the DagBag from /opt/airflow/dags/extract.py
[2025-05-30T15:11:49.641+0000] {processor.py:925} INFO - DAG(s) 'data_synth' retrieved from /opt/airflow/dags/extract.py
[2025-05-30T15:11:51.706+0000] {logging_mixin.py:190} INFO - [2025-05-30T15:11:51.678+0000] {dag.py:3239} INFO - Sync 1 DAGs
[2025-05-30T15:11:52.200+0000] {logging_mixin.py:190} INFO - [2025-05-30T15:11:52.199+0000] {dag.py:4180} INFO - Setting next_dagrun for data_synth to 2025-05-23 18:30:00+00:00, run_after=2025-05-26 18:30:00+00:00
[2025-05-30T15:11:52.595+0000] {processor.py:208} INFO - Processing /opt/airflow/dags/extract.py took 11.957 seconds
[2025-05-30T15:12:22.999+0000] {processor.py:186} INFO - Started process (PID=876) to work on /opt/airflow/dags/extract.py
[2025-05-30T15:12:23.011+0000] {processor.py:914} INFO - Processing file /opt/airflow/dags/extract.py for tasks to queue
[2025-05-30T15:12:23.028+0000] {logging_mixin.py:190} INFO - [2025-05-30T15:12:23.027+0000] {dagbag.py:588} INFO - Filling up the DagBag from /opt/airflow/dags/extract.py
[2025-05-30T15:12:25.080+0000] {processor.py:925} INFO - DAG(s) 'data_synth' retrieved from /opt/airflow/dags/extract.py
[2025-05-30T15:12:26.086+0000] {logging_mixin.py:190} INFO - [2025-05-30T15:12:26.084+0000] {dag.py:3239} INFO - Sync 1 DAGs
[2025-05-30T15:12:26.266+0000] {logging_mixin.py:190} INFO - [2025-05-30T15:12:26.266+0000] {dag.py:4180} INFO - Setting next_dagrun for data_synth to 2025-05-23 18:30:00+00:00, run_after=2025-05-26 18:30:00+00:00
[2025-05-30T15:12:26.427+0000] {processor.py:208} INFO - Processing /opt/airflow/dags/extract.py took 3.459 seconds
[2025-05-30T15:12:57.200+0000] {processor.py:186} INFO - Started process (PID=890) to work on /opt/airflow/dags/extract.py
[2025-05-30T15:12:57.203+0000] {processor.py:914} INFO - Processing file /opt/airflow/dags/extract.py for tasks to queue
[2025-05-30T15:12:57.212+0000] {logging_mixin.py:190} INFO - [2025-05-30T15:12:57.210+0000] {dagbag.py:588} INFO - Filling up the DagBag from /opt/airflow/dags/extract.py
[2025-05-30T15:12:58.948+0000] {processor.py:925} INFO - DAG(s) 'data_synth' retrieved from /opt/airflow/dags/extract.py
[2025-05-30T15:12:59.629+0000] {logging_mixin.py:190} INFO - [2025-05-30T15:12:59.627+0000] {dag.py:3239} INFO - Sync 1 DAGs
[2025-05-30T15:12:59.733+0000] {logging_mixin.py:190} INFO - [2025-05-30T15:12:59.732+0000] {dag.py:4180} INFO - Setting next_dagrun for data_synth to 2025-05-23 18:30:00+00:00, run_after=2025-05-26 18:30:00+00:00
[2025-05-30T15:12:59.903+0000] {processor.py:208} INFO - Processing /opt/airflow/dags/extract.py took 2.727 seconds
[2025-05-30T15:13:30.462+0000] {processor.py:186} INFO - Started process (PID=904) to work on /opt/airflow/dags/extract.py
[2025-05-30T15:13:30.476+0000] {processor.py:914} INFO - Processing file /opt/airflow/dags/extract.py for tasks to queue
[2025-05-30T15:13:30.493+0000] {logging_mixin.py:190} INFO - [2025-05-30T15:13:30.492+0000] {dagbag.py:588} INFO - Filling up the DagBag from /opt/airflow/dags/extract.py
[2025-05-30T15:13:33.501+0000] {processor.py:925} INFO - DAG(s) 'data_synth' retrieved from /opt/airflow/dags/extract.py
[2025-05-30T15:13:35.037+0000] {logging_mixin.py:190} INFO - [2025-05-30T15:13:35.036+0000] {dag.py:3239} INFO - Sync 1 DAGs
[2025-05-30T15:13:35.340+0000] {logging_mixin.py:190} INFO - [2025-05-30T15:13:35.340+0000] {dag.py:4180} INFO - Setting next_dagrun for data_synth to 2025-05-23 18:30:00+00:00, run_after=2025-05-26 18:30:00+00:00
[2025-05-30T15:13:35.488+0000] {processor.py:208} INFO - Processing /opt/airflow/dags/extract.py took 5.077 seconds
[2025-05-30T15:14:08.038+0000] {processor.py:186} INFO - Started process (PID=925) to work on /opt/airflow/dags/extract.py
[2025-05-30T15:14:08.067+0000] {processor.py:914} INFO - Processing file /opt/airflow/dags/extract.py for tasks to queue
[2025-05-30T15:14:08.095+0000] {logging_mixin.py:190} INFO - [2025-05-30T15:14:08.094+0000] {dagbag.py:588} INFO - Filling up the DagBag from /opt/airflow/dags/extract.py
[2025-05-30T15:14:12.783+0000] {processor.py:925} INFO - DAG(s) 'data_synth' retrieved from /opt/airflow/dags/extract.py
[2025-05-30T15:14:14.105+0000] {logging_mixin.py:190} INFO - [2025-05-30T15:14:14.091+0000] {dag.py:3239} INFO - Sync 1 DAGs
[2025-05-30T15:14:14.393+0000] {logging_mixin.py:190} INFO - [2025-05-30T15:14:14.392+0000] {dag.py:4180} INFO - Setting next_dagrun for data_synth to 2025-05-23 18:30:00+00:00, run_after=2025-05-26 18:30:00+00:00
[2025-05-30T15:14:14.574+0000] {processor.py:208} INFO - Processing /opt/airflow/dags/extract.py took 6.575 seconds
[2025-05-30T15:14:45.611+0000] {processor.py:186} INFO - Started process (PID=938) to work on /opt/airflow/dags/extract.py
[2025-05-30T15:14:45.622+0000] {processor.py:914} INFO - Processing file /opt/airflow/dags/extract.py for tasks to queue
[2025-05-30T15:14:45.631+0000] {logging_mixin.py:190} INFO - [2025-05-30T15:14:45.630+0000] {dagbag.py:588} INFO - Filling up the DagBag from /opt/airflow/dags/extract.py
[2025-05-30T15:14:48.549+0000] {processor.py:925} INFO - DAG(s) 'data_synth' retrieved from /opt/airflow/dags/extract.py
[2025-05-30T15:14:49.950+0000] {logging_mixin.py:190} INFO - [2025-05-30T15:14:49.939+0000] {dag.py:3239} INFO - Sync 1 DAGs
[2025-05-30T15:14:50.391+0000] {logging_mixin.py:190} INFO - [2025-05-30T15:14:50.390+0000] {dag.py:4180} INFO - Setting next_dagrun for data_synth to 2025-05-23 18:30:00+00:00, run_after=2025-05-26 18:30:00+00:00
[2025-05-30T15:14:50.581+0000] {processor.py:208} INFO - Processing /opt/airflow/dags/extract.py took 5.020 seconds
[2025-05-30T15:15:21.829+0000] {processor.py:186} INFO - Started process (PID=952) to work on /opt/airflow/dags/extract.py
[2025-05-30T15:15:21.857+0000] {processor.py:914} INFO - Processing file /opt/airflow/dags/extract.py for tasks to queue
[2025-05-30T15:15:21.878+0000] {logging_mixin.py:190} INFO - [2025-05-30T15:15:21.877+0000] {dagbag.py:588} INFO - Filling up the DagBag from /opt/airflow/dags/extract.py
[2025-05-30T15:15:27.618+0000] {processor.py:925} INFO - DAG(s) 'data_synth' retrieved from /opt/airflow/dags/extract.py
[2025-05-30T15:15:28.880+0000] {logging_mixin.py:190} INFO - [2025-05-30T15:15:28.870+0000] {dag.py:3239} INFO - Sync 1 DAGs
[2025-05-30T15:15:29.090+0000] {logging_mixin.py:190} INFO - [2025-05-30T15:15:29.063+0000] {dag.py:4180} INFO - Setting next_dagrun for data_synth to 2025-05-23 18:30:00+00:00, run_after=2025-05-26 18:30:00+00:00
[2025-05-30T15:15:29.513+0000] {processor.py:208} INFO - Processing /opt/airflow/dags/extract.py took 7.739 seconds
[2025-05-30T15:16:01.576+0000] {processor.py:186} INFO - Started process (PID=964) to work on /opt/airflow/dags/extract.py
[2025-05-30T15:16:01.601+0000] {processor.py:914} INFO - Processing file /opt/airflow/dags/extract.py for tasks to queue
[2025-05-30T15:16:01.636+0000] {logging_mixin.py:190} INFO - [2025-05-30T15:16:01.634+0000] {dagbag.py:588} INFO - Filling up the DagBag from /opt/airflow/dags/extract.py
[2025-05-30T15:16:05.595+0000] {processor.py:925} INFO - DAG(s) 'data_synth' retrieved from /opt/airflow/dags/extract.py
[2025-05-30T15:16:06.978+0000] {logging_mixin.py:190} INFO - [2025-05-30T15:16:06.977+0000] {dag.py:3239} INFO - Sync 1 DAGs
[2025-05-30T15:16:07.309+0000] {logging_mixin.py:190} INFO - [2025-05-30T15:16:07.309+0000] {dag.py:4180} INFO - Setting next_dagrun for data_synth to 2025-05-23 18:30:00+00:00, run_after=2025-05-26 18:30:00+00:00
[2025-05-30T15:16:08.117+0000] {processor.py:208} INFO - Processing /opt/airflow/dags/extract.py took 6.630 seconds
[2025-05-30T15:16:41.029+0000] {processor.py:186} INFO - Started process (PID=983) to work on /opt/airflow/dags/extract.py
[2025-05-30T15:16:41.060+0000] {processor.py:914} INFO - Processing file /opt/airflow/dags/extract.py for tasks to queue
[2025-05-30T15:16:41.081+0000] {logging_mixin.py:190} INFO - [2025-05-30T15:16:41.080+0000] {dagbag.py:588} INFO - Filling up the DagBag from /opt/airflow/dags/extract.py
[2025-05-30T15:16:45.287+0000] {processor.py:925} INFO - DAG(s) 'data_synth' retrieved from /opt/airflow/dags/extract.py
[2025-05-30T15:16:46.361+0000] {logging_mixin.py:190} INFO - [2025-05-30T15:16:46.360+0000] {dag.py:3239} INFO - Sync 1 DAGs
[2025-05-30T15:16:46.595+0000] {logging_mixin.py:190} INFO - [2025-05-30T15:16:46.595+0000] {dag.py:4180} INFO - Setting next_dagrun for data_synth to 2025-05-23 18:30:00+00:00, run_after=2025-05-26 18:30:00+00:00
[2025-05-30T15:16:46.850+0000] {processor.py:208} INFO - Processing /opt/airflow/dags/extract.py took 5.885 seconds
[2025-05-30T15:17:18.265+0000] {processor.py:186} INFO - Started process (PID=996) to work on /opt/airflow/dags/extract.py
[2025-05-30T15:17:18.282+0000] {processor.py:914} INFO - Processing file /opt/airflow/dags/extract.py for tasks to queue
[2025-05-30T15:17:18.301+0000] {logging_mixin.py:190} INFO - [2025-05-30T15:17:18.300+0000] {dagbag.py:588} INFO - Filling up the DagBag from /opt/airflow/dags/extract.py
[2025-05-30T15:17:24.711+0000] {processor.py:925} INFO - DAG(s) 'data_synth' retrieved from /opt/airflow/dags/extract.py
[2025-05-30T15:17:26.357+0000] {logging_mixin.py:190} INFO - [2025-05-30T15:17:26.355+0000] {dag.py:3239} INFO - Sync 1 DAGs
[2025-05-30T15:17:26.853+0000] {logging_mixin.py:190} INFO - [2025-05-30T15:17:26.852+0000] {dag.py:4180} INFO - Setting next_dagrun for data_synth to 2025-05-23 18:30:00+00:00, run_after=2025-05-26 18:30:00+00:00
[2025-05-30T15:17:27.339+0000] {processor.py:208} INFO - Processing /opt/airflow/dags/extract.py took 9.112 seconds
[2025-05-30T15:17:59.801+0000] {processor.py:186} INFO - Started process (PID=1009) to work on /opt/airflow/dags/extract.py
[2025-05-30T15:17:59.878+0000] {processor.py:914} INFO - Processing file /opt/airflow/dags/extract.py for tasks to queue
[2025-05-30T15:17:59.928+0000] {logging_mixin.py:190} INFO - [2025-05-30T15:17:59.918+0000] {dagbag.py:588} INFO - Filling up the DagBag from /opt/airflow/dags/extract.py
[2025-05-30T15:18:07.257+0000] {processor.py:925} INFO - DAG(s) 'data_synth' retrieved from /opt/airflow/dags/extract.py
[2025-05-30T15:18:08.798+0000] {logging_mixin.py:190} INFO - [2025-05-30T15:18:08.797+0000] {dag.py:3239} INFO - Sync 1 DAGs
[2025-05-30T15:18:09.019+0000] {logging_mixin.py:190} INFO - [2025-05-30T15:18:09.018+0000] {dag.py:4180} INFO - Setting next_dagrun for data_synth to 2025-05-23 18:30:00+00:00, run_after=2025-05-26 18:30:00+00:00
[2025-05-30T15:18:09.291+0000] {processor.py:208} INFO - Processing /opt/airflow/dags/extract.py took 9.610 seconds
[2025-05-30T15:18:42.257+0000] {processor.py:186} INFO - Started process (PID=1028) to work on /opt/airflow/dags/extract.py
[2025-05-30T15:18:42.302+0000] {processor.py:914} INFO - Processing file /opt/airflow/dags/extract.py for tasks to queue
[2025-05-30T15:18:42.352+0000] {logging_mixin.py:190} INFO - [2025-05-30T15:18:42.351+0000] {dagbag.py:588} INFO - Filling up the DagBag from /opt/airflow/dags/extract.py
[2025-05-30T15:18:47.598+0000] {processor.py:925} INFO - DAG(s) 'data_synth' retrieved from /opt/airflow/dags/extract.py
[2025-05-30T15:18:49.355+0000] {logging_mixin.py:190} INFO - [2025-05-30T15:18:49.353+0000] {dag.py:3239} INFO - Sync 1 DAGs
[2025-05-30T15:18:49.747+0000] {logging_mixin.py:190} INFO - [2025-05-30T15:18:49.746+0000] {dag.py:4180} INFO - Setting next_dagrun for data_synth to 2025-05-23 18:30:00+00:00, run_after=2025-05-26 18:30:00+00:00
[2025-05-30T15:18:50.333+0000] {processor.py:208} INFO - Processing /opt/airflow/dags/extract.py took 8.198 seconds
[2025-05-30T15:19:22.748+0000] {processor.py:186} INFO - Started process (PID=1041) to work on /opt/airflow/dags/extract.py
[2025-05-30T15:19:22.779+0000] {processor.py:914} INFO - Processing file /opt/airflow/dags/extract.py for tasks to queue
[2025-05-30T15:19:22.834+0000] {logging_mixin.py:190} INFO - [2025-05-30T15:19:22.833+0000] {dagbag.py:588} INFO - Filling up the DagBag from /opt/airflow/dags/extract.py
[2025-05-30T15:19:29.322+0000] {processor.py:925} INFO - DAG(s) 'data_synth' retrieved from /opt/airflow/dags/extract.py
[2025-05-30T15:19:30.846+0000] {logging_mixin.py:190} INFO - [2025-05-30T15:19:30.845+0000] {dag.py:3239} INFO - Sync 1 DAGs
[2025-05-30T15:19:31.067+0000] {logging_mixin.py:190} INFO - [2025-05-30T15:19:31.066+0000] {dag.py:4180} INFO - Setting next_dagrun for data_synth to 2025-05-23 18:30:00+00:00, run_after=2025-05-26 18:30:00+00:00
[2025-05-30T15:19:31.293+0000] {processor.py:208} INFO - Processing /opt/airflow/dags/extract.py took 8.611 seconds
[2025-05-30T15:20:04.297+0000] {processor.py:186} INFO - Started process (PID=1054) to work on /opt/airflow/dags/extract.py
[2025-05-30T15:20:04.395+0000] {processor.py:914} INFO - Processing file /opt/airflow/dags/extract.py for tasks to queue
[2025-05-30T15:20:04.459+0000] {logging_mixin.py:190} INFO - [2025-05-30T15:20:04.458+0000] {dagbag.py:588} INFO - Filling up the DagBag from /opt/airflow/dags/extract.py
[2025-05-30T15:20:11.552+0000] {processor.py:925} INFO - DAG(s) 'data_synth' retrieved from /opt/airflow/dags/extract.py
[2025-05-30T15:20:13.346+0000] {logging_mixin.py:190} INFO - [2025-05-30T15:20:13.345+0000] {dag.py:3239} INFO - Sync 1 DAGs
[2025-05-30T15:20:13.672+0000] {logging_mixin.py:190} INFO - [2025-05-30T15:20:13.671+0000] {dag.py:4180} INFO - Setting next_dagrun for data_synth to 2025-05-23 18:30:00+00:00, run_after=2025-05-26 18:30:00+00:00
[2025-05-30T15:20:13.919+0000] {processor.py:208} INFO - Processing /opt/airflow/dags/extract.py took 9.720 seconds
[2025-05-30T15:20:45.623+0000] {processor.py:186} INFO - Started process (PID=1073) to work on /opt/airflow/dags/extract.py
[2025-05-30T15:20:45.682+0000] {processor.py:914} INFO - Processing file /opt/airflow/dags/extract.py for tasks to queue
[2025-05-30T15:20:45.698+0000] {logging_mixin.py:190} INFO - [2025-05-30T15:20:45.697+0000] {dagbag.py:588} INFO - Filling up the DagBag from /opt/airflow/dags/extract.py
[2025-05-30T15:20:50.929+0000] {processor.py:925} INFO - DAG(s) 'data_synth' retrieved from /opt/airflow/dags/extract.py
[2025-05-30T15:20:52.314+0000] {logging_mixin.py:190} INFO - [2025-05-30T15:20:52.312+0000] {dag.py:3239} INFO - Sync 1 DAGs
[2025-05-30T15:20:52.723+0000] {logging_mixin.py:190} INFO - [2025-05-30T15:20:52.723+0000] {dag.py:4180} INFO - Setting next_dagrun for data_synth to 2025-05-23 18:30:00+00:00, run_after=2025-05-26 18:30:00+00:00
[2025-05-30T15:20:53.097+0000] {processor.py:208} INFO - Processing /opt/airflow/dags/extract.py took 7.593 seconds
[2025-05-30T15:21:26.486+0000] {processor.py:186} INFO - Started process (PID=1086) to work on /opt/airflow/dags/extract.py
[2025-05-30T15:21:26.530+0000] {processor.py:914} INFO - Processing file /opt/airflow/dags/extract.py for tasks to queue
[2025-05-30T15:21:26.576+0000] {logging_mixin.py:190} INFO - [2025-05-30T15:21:26.575+0000] {dagbag.py:588} INFO - Filling up the DagBag from /opt/airflow/dags/extract.py
[2025-05-30T15:21:31.160+0000] {processor.py:925} INFO - DAG(s) 'data_synth' retrieved from /opt/airflow/dags/extract.py
[2025-05-30T15:21:32.527+0000] {logging_mixin.py:190} INFO - [2025-05-30T15:21:32.525+0000] {dag.py:3239} INFO - Sync 1 DAGs
[2025-05-30T15:21:32.897+0000] {logging_mixin.py:190} INFO - [2025-05-30T15:21:32.897+0000] {dag.py:4180} INFO - Setting next_dagrun for data_synth to 2025-05-23 18:30:00+00:00, run_after=2025-05-26 18:30:00+00:00
[2025-05-30T15:21:33.521+0000] {processor.py:208} INFO - Processing /opt/airflow/dags/extract.py took 7.124 seconds
[2025-05-30T15:22:06.464+0000] {processor.py:186} INFO - Started process (PID=1098) to work on /opt/airflow/dags/extract.py
[2025-05-30T15:22:06.493+0000] {processor.py:914} INFO - Processing file /opt/airflow/dags/extract.py for tasks to queue
[2025-05-30T15:22:06.541+0000] {logging_mixin.py:190} INFO - [2025-05-30T15:22:06.540+0000] {dagbag.py:588} INFO - Filling up the DagBag from /opt/airflow/dags/extract.py
[2025-05-30T15:22:11.442+0000] {processor.py:925} INFO - DAG(s) 'data_synth' retrieved from /opt/airflow/dags/extract.py
[2025-05-30T15:22:12.684+0000] {logging_mixin.py:190} INFO - [2025-05-30T15:22:12.671+0000] {dag.py:3239} INFO - Sync 1 DAGs
[2025-05-30T15:22:12.956+0000] {logging_mixin.py:190} INFO - [2025-05-30T15:22:12.955+0000] {dag.py:4180} INFO - Setting next_dagrun for data_synth to 2025-05-23 18:30:00+00:00, run_after=2025-05-26 18:30:00+00:00
[2025-05-30T15:22:13.191+0000] {processor.py:208} INFO - Processing /opt/airflow/dags/extract.py took 6.783 seconds
[2025-05-30T15:22:45.279+0000] {processor.py:186} INFO - Started process (PID=1118) to work on /opt/airflow/dags/extract.py
[2025-05-30T15:22:45.317+0000] {processor.py:914} INFO - Processing file /opt/airflow/dags/extract.py for tasks to queue
[2025-05-30T15:22:45.348+0000] {logging_mixin.py:190} INFO - [2025-05-30T15:22:45.339+0000] {dagbag.py:588} INFO - Filling up the DagBag from /opt/airflow/dags/extract.py
[2025-05-30T15:22:52.374+0000] {processor.py:925} INFO - DAG(s) 'data_synth' retrieved from /opt/airflow/dags/extract.py
[2025-05-30T15:22:55.132+0000] {logging_mixin.py:190} INFO - [2025-05-30T15:22:55.120+0000] {dag.py:3239} INFO - Sync 1 DAGs
[2025-05-30T15:22:55.422+0000] {logging_mixin.py:190} INFO - [2025-05-30T15:22:55.421+0000] {dag.py:4180} INFO - Setting next_dagrun for data_synth to 2025-05-23 18:30:00+00:00, run_after=2025-05-26 18:30:00+00:00
[2025-05-30T15:22:55.572+0000] {processor.py:208} INFO - Processing /opt/airflow/dags/extract.py took 10.345 seconds
[2025-05-30T15:23:27.679+0000] {processor.py:186} INFO - Started process (PID=1132) to work on /opt/airflow/dags/extract.py
[2025-05-30T15:23:27.711+0000] {processor.py:914} INFO - Processing file /opt/airflow/dags/extract.py for tasks to queue
[2025-05-30T15:23:27.788+0000] {logging_mixin.py:190} INFO - [2025-05-30T15:23:27.780+0000] {dagbag.py:588} INFO - Filling up the DagBag from /opt/airflow/dags/extract.py
[2025-05-30T15:23:33.810+0000] {processor.py:925} INFO - DAG(s) 'data_synth' retrieved from /opt/airflow/dags/extract.py
[2025-05-30T15:23:36.901+0000] {logging_mixin.py:190} INFO - [2025-05-30T15:23:36.889+0000] {dag.py:3239} INFO - Sync 1 DAGs
[2025-05-30T15:23:37.296+0000] {logging_mixin.py:190} INFO - [2025-05-30T15:23:37.295+0000] {dag.py:4180} INFO - Setting next_dagrun for data_synth to 2025-05-23 18:30:00+00:00, run_after=2025-05-26 18:30:00+00:00
[2025-05-30T15:23:37.503+0000] {processor.py:208} INFO - Processing /opt/airflow/dags/extract.py took 10.012 seconds
[2025-05-30T15:24:10.615+0000] {processor.py:186} INFO - Started process (PID=1152) to work on /opt/airflow/dags/extract.py
[2025-05-30T15:24:10.666+0000] {processor.py:914} INFO - Processing file /opt/airflow/dags/extract.py for tasks to queue
[2025-05-30T15:24:10.719+0000] {logging_mixin.py:190} INFO - [2025-05-30T15:24:10.706+0000] {dagbag.py:588} INFO - Filling up the DagBag from /opt/airflow/dags/extract.py
[2025-05-30T15:24:15.935+0000] {processor.py:925} INFO - DAG(s) 'data_synth' retrieved from /opt/airflow/dags/extract.py
[2025-05-30T15:24:17.552+0000] {logging_mixin.py:190} INFO - [2025-05-30T15:24:17.551+0000] {dag.py:3239} INFO - Sync 1 DAGs
[2025-05-30T15:24:17.857+0000] {logging_mixin.py:190} INFO - [2025-05-30T15:24:17.856+0000] {dag.py:4180} INFO - Setting next_dagrun for data_synth to 2025-05-23 18:30:00+00:00, run_after=2025-05-26 18:30:00+00:00
[2025-05-30T15:24:18.059+0000] {processor.py:208} INFO - Processing /opt/airflow/dags/extract.py took 7.544 seconds
[2025-05-30T15:24:54.386+0000] {processor.py:186} INFO - Started process (PID=1165) to work on /opt/airflow/dags/extract.py
[2025-05-30T15:24:54.418+0000] {processor.py:914} INFO - Processing file /opt/airflow/dags/extract.py for tasks to queue
[2025-05-30T15:24:54.490+0000] {logging_mixin.py:190} INFO - [2025-05-30T15:24:54.485+0000] {dagbag.py:588} INFO - Filling up the DagBag from /opt/airflow/dags/extract.py
[2025-05-30T15:24:59.108+0000] {processor.py:925} INFO - DAG(s) 'data_synth' retrieved from /opt/airflow/dags/extract.py
[2025-05-30T15:25:00.551+0000] {logging_mixin.py:190} INFO - [2025-05-30T15:25:00.539+0000] {dag.py:3239} INFO - Sync 1 DAGs
[2025-05-30T15:25:00.880+0000] {logging_mixin.py:190} INFO - [2025-05-30T15:25:00.880+0000] {dag.py:4180} INFO - Setting next_dagrun for data_synth to 2025-05-23 18:30:00+00:00, run_after=2025-05-26 18:30:00+00:00
[2025-05-30T15:25:01.061+0000] {processor.py:208} INFO - Processing /opt/airflow/dags/extract.py took 6.765 seconds
[2025-05-30T15:25:32.534+0000] {processor.py:186} INFO - Started process (PID=1178) to work on /opt/airflow/dags/extract.py
[2025-05-30T15:25:32.583+0000] {processor.py:914} INFO - Processing file /opt/airflow/dags/extract.py for tasks to queue
[2025-05-30T15:25:32.668+0000] {logging_mixin.py:190} INFO - [2025-05-30T15:25:32.667+0000] {dagbag.py:588} INFO - Filling up the DagBag from /opt/airflow/dags/extract.py
[2025-05-30T15:25:38.749+0000] {processor.py:925} INFO - DAG(s) 'data_synth' retrieved from /opt/airflow/dags/extract.py
[2025-05-30T15:25:40.007+0000] {logging_mixin.py:190} INFO - [2025-05-30T15:25:39.994+0000] {dag.py:3239} INFO - Sync 1 DAGs
[2025-05-30T15:25:40.280+0000] {logging_mixin.py:190} INFO - [2025-05-30T15:25:40.279+0000] {dag.py:4180} INFO - Setting next_dagrun for data_synth to 2025-05-23 18:30:00+00:00, run_after=2025-05-26 18:30:00+00:00
[2025-05-30T15:25:40.427+0000] {processor.py:208} INFO - Processing /opt/airflow/dags/extract.py took 7.978 seconds
[2025-05-30T15:26:11.257+0000] {processor.py:186} INFO - Started process (PID=1197) to work on /opt/airflow/dags/extract.py
[2025-05-30T15:26:11.272+0000] {processor.py:914} INFO - Processing file /opt/airflow/dags/extract.py for tasks to queue
[2025-05-30T15:26:11.303+0000] {logging_mixin.py:190} INFO - [2025-05-30T15:26:11.301+0000] {dagbag.py:588} INFO - Filling up the DagBag from /opt/airflow/dags/extract.py
[2025-05-30T15:26:15.644+0000] {processor.py:925} INFO - DAG(s) 'data_synth' retrieved from /opt/airflow/dags/extract.py
[2025-05-30T15:26:17.077+0000] {logging_mixin.py:190} INFO - [2025-05-30T15:26:17.076+0000] {dag.py:3239} INFO - Sync 1 DAGs
[2025-05-30T15:26:17.401+0000] {logging_mixin.py:190} INFO - [2025-05-30T15:26:17.400+0000] {dag.py:4180} INFO - Setting next_dagrun for data_synth to 2025-05-23 18:30:00+00:00, run_after=2025-05-26 18:30:00+00:00
[2025-05-30T15:26:17.813+0000] {processor.py:208} INFO - Processing /opt/airflow/dags/extract.py took 6.613 seconds
[2025-05-30T15:26:49.670+0000] {processor.py:186} INFO - Started process (PID=1210) to work on /opt/airflow/dags/extract.py
[2025-05-30T15:26:49.695+0000] {processor.py:914} INFO - Processing file /opt/airflow/dags/extract.py for tasks to queue
[2025-05-30T15:26:49.720+0000] {logging_mixin.py:190} INFO - [2025-05-30T15:26:49.719+0000] {dagbag.py:588} INFO - Filling up the DagBag from /opt/airflow/dags/extract.py
[2025-05-30T15:26:54.425+0000] {processor.py:925} INFO - DAG(s) 'data_synth' retrieved from /opt/airflow/dags/extract.py
[2025-05-30T15:26:55.904+0000] {logging_mixin.py:190} INFO - [2025-05-30T15:26:55.903+0000] {dag.py:3239} INFO - Sync 1 DAGs
[2025-05-30T15:26:56.191+0000] {logging_mixin.py:190} INFO - [2025-05-30T15:26:56.191+0000] {dag.py:4180} INFO - Setting next_dagrun for data_synth to 2025-05-23 18:30:00+00:00, run_after=2025-05-26 18:30:00+00:00
[2025-05-30T15:26:56.405+0000] {processor.py:208} INFO - Processing /opt/airflow/dags/extract.py took 6.928 seconds
[2025-05-30T15:27:29.558+0000] {processor.py:186} INFO - Started process (PID=1223) to work on /opt/airflow/dags/extract.py
[2025-05-30T15:27:29.617+0000] {processor.py:914} INFO - Processing file /opt/airflow/dags/extract.py for tasks to queue
[2025-05-30T15:27:29.767+0000] {logging_mixin.py:190} INFO - [2025-05-30T15:27:29.766+0000] {dagbag.py:588} INFO - Filling up the DagBag from /opt/airflow/dags/extract.py
[2025-05-30T15:27:37.186+0000] {processor.py:925} INFO - DAG(s) 'data_synth' retrieved from /opt/airflow/dags/extract.py
[2025-05-30T15:27:38.467+0000] {logging_mixin.py:190} INFO - [2025-05-30T15:27:38.465+0000] {dag.py:3239} INFO - Sync 1 DAGs
[2025-05-30T15:27:38.796+0000] {logging_mixin.py:190} INFO - [2025-05-30T15:27:38.784+0000] {dag.py:4180} INFO - Setting next_dagrun for data_synth to 2025-05-23 18:30:00+00:00, run_after=2025-05-26 18:30:00+00:00
[2025-05-30T15:27:39.213+0000] {processor.py:208} INFO - Processing /opt/airflow/dags/extract.py took 9.861 seconds
[2025-05-30T15:28:11.539+0000] {processor.py:186} INFO - Started process (PID=1236) to work on /opt/airflow/dags/extract.py
[2025-05-30T15:28:11.559+0000] {processor.py:914} INFO - Processing file /opt/airflow/dags/extract.py for tasks to queue
[2025-05-30T15:28:11.641+0000] {logging_mixin.py:190} INFO - [2025-05-30T15:28:11.640+0000] {dagbag.py:588} INFO - Filling up the DagBag from /opt/airflow/dags/extract.py
[2025-05-30T15:28:15.878+0000] {processor.py:925} INFO - DAG(s) 'data_synth' retrieved from /opt/airflow/dags/extract.py
[2025-05-30T15:28:17.177+0000] {logging_mixin.py:190} INFO - [2025-05-30T15:28:17.163+0000] {dag.py:3239} INFO - Sync 1 DAGs
[2025-05-30T15:28:17.452+0000] {logging_mixin.py:190} INFO - [2025-05-30T15:28:17.451+0000] {dag.py:4180} INFO - Setting next_dagrun for data_synth to 2025-05-23 18:30:00+00:00, run_after=2025-05-26 18:30:00+00:00
[2025-05-30T15:28:17.614+0000] {processor.py:208} INFO - Processing /opt/airflow/dags/extract.py took 6.219 seconds
[2025-05-30T15:28:48.063+0000] {processor.py:186} INFO - Started process (PID=1255) to work on /opt/airflow/dags/extract.py
[2025-05-30T15:28:48.070+0000] {processor.py:914} INFO - Processing file /opt/airflow/dags/extract.py for tasks to queue
[2025-05-30T15:28:48.099+0000] {logging_mixin.py:190} INFO - [2025-05-30T15:28:48.098+0000] {dagbag.py:588} INFO - Filling up the DagBag from /opt/airflow/dags/extract.py
[2025-05-30T15:28:51.988+0000] {processor.py:925} INFO - DAG(s) 'data_synth' retrieved from /opt/airflow/dags/extract.py
[2025-05-30T15:28:53.559+0000] {logging_mixin.py:190} INFO - [2025-05-30T15:28:53.558+0000] {dag.py:3239} INFO - Sync 1 DAGs
[2025-05-30T15:28:54.097+0000] {logging_mixin.py:190} INFO - [2025-05-30T15:28:54.096+0000] {dag.py:4180} INFO - Setting next_dagrun for data_synth to 2025-05-23 18:30:00+00:00, run_after=2025-05-26 18:30:00+00:00
[2025-05-30T15:28:54.353+0000] {processor.py:208} INFO - Processing /opt/airflow/dags/extract.py took 6.323 seconds
[2025-05-30T15:35:22.665+0000] {processor.py:186} INFO - Started process (PID=94) to work on /opt/airflow/dags/extract.py
[2025-05-30T15:35:22.696+0000] {processor.py:914} INFO - Processing file /opt/airflow/dags/extract.py for tasks to queue
[2025-05-30T15:35:22.794+0000] {logging_mixin.py:190} INFO - [2025-05-30T15:35:22.792+0000] {dagbag.py:588} INFO - Filling up the DagBag from /opt/airflow/dags/extract.py
[2025-05-30T15:35:45.081+0000] {processor.py:925} INFO - DAG(s) 'data_synth' retrieved from /opt/airflow/dags/extract.py
[2025-05-30T15:35:49.466+0000] {logging_mixin.py:190} INFO - [2025-05-30T15:35:49.464+0000] {dag.py:3239} INFO - Sync 1 DAGs
[2025-05-30T15:35:50.342+0000] {logging_mixin.py:190} INFO - [2025-05-30T15:35:50.329+0000] {dag.py:4180} INFO - Setting next_dagrun for data_synth to 2025-05-23 18:30:00+00:00, run_after=2025-05-26 18:30:00+00:00
[2025-05-30T15:35:51.112+0000] {processor.py:208} INFO - Processing /opt/airflow/dags/extract.py took 28.705 seconds
[2025-05-30T15:36:23.764+0000] {processor.py:186} INFO - Started process (PID=112) to work on /opt/airflow/dags/extract.py
[2025-05-30T15:36:23.779+0000] {processor.py:914} INFO - Processing file /opt/airflow/dags/extract.py for tasks to queue
[2025-05-30T15:36:23.859+0000] {logging_mixin.py:190} INFO - [2025-05-30T15:36:23.813+0000] {dagbag.py:588} INFO - Filling up the DagBag from /opt/airflow/dags/extract.py
[2025-05-30T15:36:39.251+0000] {processor.py:925} INFO - DAG(s) 'data_synth' retrieved from /opt/airflow/dags/extract.py
[2025-05-30T15:36:40.558+0000] {logging_mixin.py:190} INFO - [2025-05-30T15:36:40.557+0000] {dag.py:3239} INFO - Sync 1 DAGs
[2025-05-30T15:36:40.836+0000] {logging_mixin.py:190} INFO - [2025-05-30T15:36:40.836+0000] {dag.py:4180} INFO - Setting next_dagrun for data_synth to 2025-05-23 18:30:00+00:00, run_after=2025-05-26 18:30:00+00:00
[2025-05-30T15:36:41.206+0000] {processor.py:208} INFO - Processing /opt/airflow/dags/extract.py took 17.585 seconds
[2025-05-30T15:37:12.930+0000] {processor.py:186} INFO - Started process (PID=129) to work on /opt/airflow/dags/extract.py
[2025-05-30T15:37:12.978+0000] {processor.py:914} INFO - Processing file /opt/airflow/dags/extract.py for tasks to queue
[2025-05-30T15:37:13.104+0000] {logging_mixin.py:190} INFO - [2025-05-30T15:37:13.103+0000] {dagbag.py:588} INFO - Filling up the DagBag from /opt/airflow/dags/extract.py
[2025-05-30T15:37:26.185+0000] {processor.py:925} INFO - DAG(s) 'data_synth' retrieved from /opt/airflow/dags/extract.py
[2025-05-30T15:37:29.332+0000] {logging_mixin.py:190} INFO - [2025-05-30T15:37:29.331+0000] {dag.py:3239} INFO - Sync 1 DAGs
[2025-05-30T15:37:29.706+0000] {logging_mixin.py:190} INFO - [2025-05-30T15:37:29.706+0000] {dag.py:4180} INFO - Setting next_dagrun for data_synth to 2025-05-23 18:30:00+00:00, run_after=2025-05-26 18:30:00+00:00
[2025-05-30T15:37:29.931+0000] {processor.py:208} INFO - Processing /opt/airflow/dags/extract.py took 17.251 seconds
[2025-05-30T15:38:00.351+0000] {processor.py:186} INFO - Started process (PID=142) to work on /opt/airflow/dags/extract.py
[2025-05-30T15:38:00.355+0000] {processor.py:914} INFO - Processing file /opt/airflow/dags/extract.py for tasks to queue
[2025-05-30T15:38:00.365+0000] {logging_mixin.py:190} INFO - [2025-05-30T15:38:00.364+0000] {dagbag.py:588} INFO - Filling up the DagBag from /opt/airflow/dags/extract.py
[2025-05-30T15:38:02.641+0000] {processor.py:925} INFO - DAG(s) 'data_synth' retrieved from /opt/airflow/dags/extract.py
[2025-05-30T15:38:03.243+0000] {logging_mixin.py:190} INFO - [2025-05-30T15:38:03.241+0000] {dag.py:3239} INFO - Sync 1 DAGs
[2025-05-30T15:38:03.355+0000] {logging_mixin.py:190} INFO - [2025-05-30T15:38:03.354+0000] {dag.py:4180} INFO - Setting next_dagrun for data_synth to 2025-05-23 18:30:00+00:00, run_after=2025-05-26 18:30:00+00:00
[2025-05-30T15:38:03.452+0000] {processor.py:208} INFO - Processing /opt/airflow/dags/extract.py took 3.131 seconds
[2025-05-30T15:38:33.824+0000] {processor.py:186} INFO - Started process (PID=155) to work on /opt/airflow/dags/extract.py
[2025-05-30T15:38:33.836+0000] {processor.py:914} INFO - Processing file /opt/airflow/dags/extract.py for tasks to queue
[2025-05-30T15:38:33.855+0000] {logging_mixin.py:190} INFO - [2025-05-30T15:38:33.854+0000] {dagbag.py:588} INFO - Filling up the DagBag from /opt/airflow/dags/extract.py
[2025-05-30T15:38:36.969+0000] {processor.py:925} INFO - DAG(s) 'data_synth' retrieved from /opt/airflow/dags/extract.py
[2025-05-30T15:38:37.956+0000] {logging_mixin.py:190} INFO - [2025-05-30T15:38:37.946+0000] {dag.py:3239} INFO - Sync 1 DAGs
[2025-05-30T15:38:38.074+0000] {logging_mixin.py:190} INFO - [2025-05-30T15:38:38.073+0000] {dag.py:4180} INFO - Setting next_dagrun for data_synth to 2025-05-23 18:30:00+00:00, run_after=2025-05-26 18:30:00+00:00
[2025-05-30T15:38:38.169+0000] {processor.py:208} INFO - Processing /opt/airflow/dags/extract.py took 4.380 seconds
[2025-05-30T15:39:08.697+0000] {processor.py:186} INFO - Started process (PID=169) to work on /opt/airflow/dags/extract.py
[2025-05-30T15:39:08.700+0000] {processor.py:914} INFO - Processing file /opt/airflow/dags/extract.py for tasks to queue
[2025-05-30T15:39:08.707+0000] {logging_mixin.py:190} INFO - [2025-05-30T15:39:08.706+0000] {dagbag.py:588} INFO - Filling up the DagBag from /opt/airflow/dags/extract.py
[2025-05-30T15:39:09.717+0000] {processor.py:925} INFO - DAG(s) 'data_synth' retrieved from /opt/airflow/dags/extract.py
[2025-05-30T15:39:10.166+0000] {logging_mixin.py:190} INFO - [2025-05-30T15:39:10.164+0000] {dag.py:3239} INFO - Sync 1 DAGs
[2025-05-30T15:39:10.232+0000] {logging_mixin.py:190} INFO - [2025-05-30T15:39:10.232+0000] {dag.py:4180} INFO - Setting next_dagrun for data_synth to 2025-05-23 18:30:00+00:00, run_after=2025-05-26 18:30:00+00:00
[2025-05-30T15:39:10.293+0000] {processor.py:208} INFO - Processing /opt/airflow/dags/extract.py took 1.613 seconds
[2025-05-30T15:39:40.474+0000] {processor.py:186} INFO - Started process (PID=189) to work on /opt/airflow/dags/extract.py
[2025-05-30T15:39:40.477+0000] {processor.py:914} INFO - Processing file /opt/airflow/dags/extract.py for tasks to queue
[2025-05-30T15:39:40.484+0000] {logging_mixin.py:190} INFO - [2025-05-30T15:39:40.483+0000] {dagbag.py:588} INFO - Filling up the DagBag from /opt/airflow/dags/extract.py
[2025-05-30T15:39:41.554+0000] {processor.py:925} INFO - DAG(s) 'data_synth' retrieved from /opt/airflow/dags/extract.py
[2025-05-30T15:39:41.826+0000] {logging_mixin.py:190} INFO - [2025-05-30T15:39:41.825+0000] {dag.py:3239} INFO - Sync 1 DAGs
[2025-05-30T15:39:41.872+0000] {logging_mixin.py:190} INFO - [2025-05-30T15:39:41.872+0000] {dag.py:4180} INFO - Setting next_dagrun for data_synth to 2025-05-23 18:30:00+00:00, run_after=2025-05-26 18:30:00+00:00
[2025-05-30T15:39:41.962+0000] {processor.py:208} INFO - Processing /opt/airflow/dags/extract.py took 1.503 seconds
[2025-05-30T15:40:12.187+0000] {processor.py:186} INFO - Started process (PID=202) to work on /opt/airflow/dags/extract.py
[2025-05-30T15:40:12.190+0000] {processor.py:914} INFO - Processing file /opt/airflow/dags/extract.py for tasks to queue
[2025-05-30T15:40:12.198+0000] {logging_mixin.py:190} INFO - [2025-05-30T15:40:12.197+0000] {dagbag.py:588} INFO - Filling up the DagBag from /opt/airflow/dags/extract.py
[2025-05-30T15:40:13.843+0000] {processor.py:925} INFO - DAG(s) 'data_synth' retrieved from /opt/airflow/dags/extract.py
[2025-05-30T15:40:14.959+0000] {logging_mixin.py:190} INFO - [2025-05-30T15:40:14.956+0000] {dag.py:3239} INFO - Sync 1 DAGs
[2025-05-30T15:40:15.071+0000] {logging_mixin.py:190} INFO - [2025-05-30T15:40:15.070+0000] {dag.py:4180} INFO - Setting next_dagrun for data_synth to 2025-05-23 18:30:00+00:00, run_after=2025-05-26 18:30:00+00:00
[2025-05-30T15:40:15.182+0000] {processor.py:208} INFO - Processing /opt/airflow/dags/extract.py took 3.016 seconds
[2025-05-30T15:40:46.367+0000] {processor.py:186} INFO - Started process (PID=215) to work on /opt/airflow/dags/extract.py
[2025-05-30T15:40:46.370+0000] {processor.py:914} INFO - Processing file /opt/airflow/dags/extract.py for tasks to queue
[2025-05-30T15:40:46.376+0000] {logging_mixin.py:190} INFO - [2025-05-30T15:40:46.375+0000] {dagbag.py:588} INFO - Filling up the DagBag from /opt/airflow/dags/extract.py
[2025-05-30T15:40:47.175+0000] {processor.py:925} INFO - DAG(s) 'data_synth' retrieved from /opt/airflow/dags/extract.py
[2025-05-30T15:40:47.498+0000] {logging_mixin.py:190} INFO - [2025-05-30T15:40:47.494+0000] {dag.py:3239} INFO - Sync 1 DAGs
[2025-05-30T15:40:47.551+0000] {logging_mixin.py:190} INFO - [2025-05-30T15:40:47.551+0000] {dag.py:4180} INFO - Setting next_dagrun for data_synth to 2025-05-23 18:30:00+00:00, run_after=2025-05-26 18:30:00+00:00
[2025-05-30T15:40:47.611+0000] {processor.py:208} INFO - Processing /opt/airflow/dags/extract.py took 1.263 seconds
[2025-05-30T18:41:07.270+0000] {processor.py:186} INFO - Started process (PID=221) to work on /opt/airflow/dags/extract.py
[2025-05-30T18:41:07.293+0000] {processor.py:914} INFO - Processing file /opt/airflow/dags/extract.py for tasks to queue
[2025-05-30T18:41:07.333+0000] {logging_mixin.py:190} INFO - [2025-05-30T18:41:07.332+0000] {dagbag.py:588} INFO - Filling up the DagBag from /opt/airflow/dags/extract.py
[2025-05-30T18:41:11.161+0000] {processor.py:925} INFO - DAG(s) 'data_synth' retrieved from /opt/airflow/dags/extract.py
[2025-05-30T19:12:39.474+0000] {logging_mixin.py:190} INFO - [2025-05-30T19:12:39.461+0000] {dag.py:3239} INFO - Sync 1 DAGs
[2025-05-30T19:12:39.914+0000] {logging_mixin.py:190} INFO - [2025-05-30T19:12:39.913+0000] {dag.py:4180} INFO - Setting next_dagrun for data_synth to 2025-05-26 18:30:00+00:00, run_after=2025-05-27 18:30:00+00:00
[2025-05-30T19:12:40.388+0000] {processor.py:208} INFO - Processing /opt/airflow/dags/extract.py took 7.673 seconds
[2025-05-30T19:13:17.111+0000] {processor.py:186} INFO - Started process (PID=240) to work on /opt/airflow/dags/extract.py
[2025-05-30T19:13:17.129+0000] {processor.py:914} INFO - Processing file /opt/airflow/dags/extract.py for tasks to queue
[2025-05-30T19:13:17.247+0000] {logging_mixin.py:190} INFO - [2025-05-30T19:13:17.246+0000] {dagbag.py:588} INFO - Filling up the DagBag from /opt/airflow/dags/extract.py
[2025-05-30T19:13:22.125+0000] {processor.py:925} INFO - DAG(s) 'data_synth' retrieved from /opt/airflow/dags/extract.py
[2025-05-30T19:13:23.265+0000] {logging_mixin.py:190} INFO - [2025-05-30T19:13:23.263+0000] {dag.py:3239} INFO - Sync 1 DAGs
[2025-05-30T19:13:23.539+0000] {logging_mixin.py:190} INFO - [2025-05-30T19:13:23.530+0000] {dag.py:4180} INFO - Setting next_dagrun for data_synth to 2025-05-26 18:30:00+00:00, run_after=2025-05-27 18:30:00+00:00
[2025-05-30T19:13:24.048+0000] {processor.py:208} INFO - Processing /opt/airflow/dags/extract.py took 7.188 seconds
[2025-05-30T19:13:54.424+0000] {processor.py:186} INFO - Started process (PID=253) to work on /opt/airflow/dags/extract.py
[2025-05-30T19:13:54.428+0000] {processor.py:914} INFO - Processing file /opt/airflow/dags/extract.py for tasks to queue
[2025-05-30T19:13:54.456+0000] {logging_mixin.py:190} INFO - [2025-05-30T19:13:54.448+0000] {dagbag.py:588} INFO - Filling up the DagBag from /opt/airflow/dags/extract.py
[2025-05-30T19:13:57.985+0000] {processor.py:925} INFO - DAG(s) 'data_synth' retrieved from /opt/airflow/dags/extract.py
[2025-05-30T19:13:59.202+0000] {logging_mixin.py:190} INFO - [2025-05-30T19:13:59.201+0000] {dag.py:3239} INFO - Sync 1 DAGs
[2025-05-30T19:13:59.472+0000] {logging_mixin.py:190} INFO - [2025-05-30T19:13:59.461+0000] {dag.py:4180} INFO - Setting next_dagrun for data_synth to 2025-05-26 18:30:00+00:00, run_after=2025-05-27 18:30:00+00:00
[2025-05-30T19:13:59.649+0000] {processor.py:208} INFO - Processing /opt/airflow/dags/extract.py took 5.288 seconds
[2025-05-30T19:14:30.226+0000] {processor.py:186} INFO - Started process (PID=266) to work on /opt/airflow/dags/extract.py
[2025-05-30T19:14:30.254+0000] {processor.py:914} INFO - Processing file /opt/airflow/dags/extract.py for tasks to queue
[2025-05-30T19:14:30.286+0000] {logging_mixin.py:190} INFO - [2025-05-30T19:14:30.284+0000] {dagbag.py:588} INFO - Filling up the DagBag from /opt/airflow/dags/extract.py
[2025-05-30T19:14:34.043+0000] {processor.py:925} INFO - DAG(s) 'data_synth' retrieved from /opt/airflow/dags/extract.py
[2025-05-30T19:14:35.350+0000] {logging_mixin.py:190} INFO - [2025-05-30T19:14:35.346+0000] {dag.py:3239} INFO - Sync 1 DAGs
[2025-05-30T19:14:35.761+0000] {logging_mixin.py:190} INFO - [2025-05-30T19:14:35.760+0000] {dag.py:4180} INFO - Setting next_dagrun for data_synth to 2025-05-26 18:30:00+00:00, run_after=2025-05-27 18:30:00+00:00
[2025-05-30T19:14:35.992+0000] {processor.py:208} INFO - Processing /opt/airflow/dags/extract.py took 5.832 seconds
[2025-05-30T19:15:07.052+0000] {processor.py:186} INFO - Started process (PID=280) to work on /opt/airflow/dags/extract.py
[2025-05-30T19:15:07.074+0000] {processor.py:914} INFO - Processing file /opt/airflow/dags/extract.py for tasks to queue
[2025-05-30T19:15:07.092+0000] {logging_mixin.py:190} INFO - [2025-05-30T19:15:07.091+0000] {dagbag.py:588} INFO - Filling up the DagBag from /opt/airflow/dags/extract.py
[2025-05-30T19:15:10.694+0000] {processor.py:925} INFO - DAG(s) 'data_synth' retrieved from /opt/airflow/dags/extract.py
[2025-05-30T19:15:12.468+0000] {logging_mixin.py:190} INFO - [2025-05-30T19:15:12.467+0000] {dag.py:3239} INFO - Sync 1 DAGs
[2025-05-30T19:15:12.859+0000] {logging_mixin.py:190} INFO - [2025-05-30T19:15:12.831+0000] {dag.py:4180} INFO - Setting next_dagrun for data_synth to 2025-05-26 18:30:00+00:00, run_after=2025-05-27 18:30:00+00:00
[2025-05-30T19:15:13.332+0000] {processor.py:208} INFO - Processing /opt/airflow/dags/extract.py took 6.333 seconds
[2025-05-30T19:15:44.421+0000] {processor.py:186} INFO - Started process (PID=298) to work on /opt/airflow/dags/extract.py
[2025-05-30T19:15:44.424+0000] {processor.py:914} INFO - Processing file /opt/airflow/dags/extract.py for tasks to queue
[2025-05-30T19:15:44.453+0000] {logging_mixin.py:190} INFO - [2025-05-30T19:15:44.441+0000] {dagbag.py:588} INFO - Filling up the DagBag from /opt/airflow/dags/extract.py
[2025-05-30T19:15:48.256+0000] {processor.py:925} INFO - DAG(s) 'data_synth' retrieved from /opt/airflow/dags/extract.py
[2025-05-30T19:15:49.463+0000] {logging_mixin.py:190} INFO - [2025-05-30T19:15:49.450+0000] {dag.py:3239} INFO - Sync 1 DAGs
[2025-05-30T19:15:49.800+0000] {logging_mixin.py:190} INFO - [2025-05-30T19:15:49.799+0000] {dag.py:4180} INFO - Setting next_dagrun for data_synth to 2025-05-26 18:30:00+00:00, run_after=2025-05-27 18:30:00+00:00
[2025-05-30T19:15:50.172+0000] {processor.py:208} INFO - Processing /opt/airflow/dags/extract.py took 5.813 seconds
[2025-05-30T19:16:20.787+0000] {processor.py:186} INFO - Started process (PID=312) to work on /opt/airflow/dags/extract.py
[2025-05-30T19:16:20.791+0000] {processor.py:914} INFO - Processing file /opt/airflow/dags/extract.py for tasks to queue
[2025-05-30T19:16:20.798+0000] {logging_mixin.py:190} INFO - [2025-05-30T19:16:20.797+0000] {dagbag.py:588} INFO - Filling up the DagBag from /opt/airflow/dags/extract.py
[2025-05-30T19:16:23.278+0000] {processor.py:925} INFO - DAG(s) 'data_synth' retrieved from /opt/airflow/dags/extract.py
[2025-05-30T19:16:24.588+0000] {logging_mixin.py:190} INFO - [2025-05-30T19:16:24.587+0000] {dag.py:3239} INFO - Sync 1 DAGs
[2025-05-30T19:16:24.815+0000] {logging_mixin.py:190} INFO - [2025-05-30T19:16:24.813+0000] {dag.py:4180} INFO - Setting next_dagrun for data_synth to 2025-05-26 18:30:00+00:00, run_after=2025-05-27 18:30:00+00:00
[2025-05-30T19:16:24.969+0000] {processor.py:208} INFO - Processing /opt/airflow/dags/extract.py took 4.210 seconds
[2025-05-30T19:16:55.756+0000] {processor.py:186} INFO - Started process (PID=325) to work on /opt/airflow/dags/extract.py
[2025-05-30T19:16:55.769+0000] {processor.py:914} INFO - Processing file /opt/airflow/dags/extract.py for tasks to queue
[2025-05-30T19:16:55.799+0000] {logging_mixin.py:190} INFO - [2025-05-30T19:16:55.788+0000] {dagbag.py:588} INFO - Filling up the DagBag from /opt/airflow/dags/extract.py
[2025-05-30T19:16:57.848+0000] {processor.py:925} INFO - DAG(s) 'data_synth' retrieved from /opt/airflow/dags/extract.py
[2025-05-30T19:16:58.574+0000] {logging_mixin.py:190} INFO - [2025-05-30T19:16:58.573+0000] {dag.py:3239} INFO - Sync 1 DAGs
[2025-05-30T19:16:58.686+0000] {logging_mixin.py:190} INFO - [2025-05-30T19:16:58.686+0000] {dag.py:4180} INFO - Setting next_dagrun for data_synth to 2025-05-26 18:30:00+00:00, run_after=2025-05-27 18:30:00+00:00
[2025-05-30T19:16:58.777+0000] {processor.py:208} INFO - Processing /opt/airflow/dags/extract.py took 3.073 seconds
[2025-05-30T19:17:29.463+0000] {processor.py:186} INFO - Started process (PID=338) to work on /opt/airflow/dags/extract.py
[2025-05-30T19:17:29.490+0000] {processor.py:914} INFO - Processing file /opt/airflow/dags/extract.py for tasks to queue
[2025-05-30T19:17:29.504+0000] {logging_mixin.py:190} INFO - [2025-05-30T19:17:29.503+0000] {dagbag.py:588} INFO - Filling up the DagBag from /opt/airflow/dags/extract.py
[2025-05-30T19:17:31.621+0000] {processor.py:925} INFO - DAG(s) 'data_synth' retrieved from /opt/airflow/dags/extract.py
[2025-05-30T19:17:32.534+0000] {logging_mixin.py:190} INFO - [2025-05-30T19:17:32.522+0000] {dag.py:3239} INFO - Sync 1 DAGs
[2025-05-30T19:17:32.835+0000] {logging_mixin.py:190} INFO - [2025-05-30T19:17:32.821+0000] {dag.py:4180} INFO - Setting next_dagrun for data_synth to 2025-05-26 18:30:00+00:00, run_after=2025-05-27 18:30:00+00:00
[2025-05-30T19:17:33.089+0000] {processor.py:208} INFO - Processing /opt/airflow/dags/extract.py took 3.668 seconds
[2025-05-30T19:18:04.442+0000] {processor.py:186} INFO - Started process (PID=352) to work on /opt/airflow/dags/extract.py
[2025-05-30T19:18:04.457+0000] {processor.py:914} INFO - Processing file /opt/airflow/dags/extract.py for tasks to queue
[2025-05-30T19:18:04.488+0000] {logging_mixin.py:190} INFO - [2025-05-30T19:18:04.486+0000] {dagbag.py:588} INFO - Filling up the DagBag from /opt/airflow/dags/extract.py
[2025-05-30T19:18:08.214+0000] {processor.py:925} INFO - DAG(s) 'data_synth' retrieved from /opt/airflow/dags/extract.py
[2025-05-30T19:18:09.749+0000] {logging_mixin.py:190} INFO - [2025-05-30T19:18:09.747+0000] {dag.py:3239} INFO - Sync 1 DAGs
[2025-05-30T19:18:10.018+0000] {logging_mixin.py:190} INFO - [2025-05-30T19:18:10.017+0000] {dag.py:4180} INFO - Setting next_dagrun for data_synth to 2025-05-26 18:30:00+00:00, run_after=2025-05-27 18:30:00+00:00
[2025-05-30T19:18:10.170+0000] {processor.py:208} INFO - Processing /opt/airflow/dags/extract.py took 5.809 seconds
[2025-05-30T19:18:40.717+0000] {processor.py:186} INFO - Started process (PID=363) to work on /opt/airflow/dags/extract.py
[2025-05-30T19:18:40.722+0000] {processor.py:914} INFO - Processing file /opt/airflow/dags/extract.py for tasks to queue
[2025-05-30T19:18:40.756+0000] {logging_mixin.py:190} INFO - [2025-05-30T19:18:40.754+0000] {dagbag.py:588} INFO - Filling up the DagBag from /opt/airflow/dags/extract.py
[2025-05-30T19:18:45.597+0000] {processor.py:925} INFO - DAG(s) 'data_synth' retrieved from /opt/airflow/dags/extract.py
[2025-05-30T19:18:47.086+0000] {logging_mixin.py:190} INFO - [2025-05-30T19:18:47.085+0000] {dag.py:3239} INFO - Sync 1 DAGs
[2025-05-30T19:18:47.365+0000] {logging_mixin.py:190} INFO - [2025-05-30T19:18:47.364+0000] {dag.py:4180} INFO - Setting next_dagrun for data_synth to 2025-05-26 18:30:00+00:00, run_after=2025-05-27 18:30:00+00:00
[2025-05-30T19:18:47.575+0000] {processor.py:208} INFO - Processing /opt/airflow/dags/extract.py took 6.937 seconds
[2025-05-30T19:19:19.293+0000] {processor.py:186} INFO - Started process (PID=382) to work on /opt/airflow/dags/extract.py
[2025-05-30T19:19:19.383+0000] {processor.py:914} INFO - Processing file /opt/airflow/dags/extract.py for tasks to queue
[2025-05-30T19:19:19.451+0000] {logging_mixin.py:190} INFO - [2025-05-30T19:19:19.450+0000] {dagbag.py:588} INFO - Filling up the DagBag from /opt/airflow/dags/extract.py
[2025-05-30T19:19:23.105+0000] {processor.py:925} INFO - DAG(s) 'data_synth' retrieved from /opt/airflow/dags/extract.py
[2025-05-30T19:19:24.594+0000] {logging_mixin.py:190} INFO - [2025-05-30T19:19:24.592+0000] {dag.py:3239} INFO - Sync 1 DAGs
[2025-05-30T19:19:24.715+0000] {logging_mixin.py:190} INFO - [2025-05-30T19:19:24.714+0000] {dag.py:4180} INFO - Setting next_dagrun for data_synth to 2025-05-26 18:30:00+00:00, run_after=2025-05-27 18:30:00+00:00
[2025-05-30T19:19:24.851+0000] {processor.py:208} INFO - Processing /opt/airflow/dags/extract.py took 5.750 seconds
[2025-05-30T19:19:55.809+0000] {processor.py:186} INFO - Started process (PID=395) to work on /opt/airflow/dags/extract.py
[2025-05-30T19:19:55.823+0000] {processor.py:914} INFO - Processing file /opt/airflow/dags/extract.py for tasks to queue
[2025-05-30T19:19:55.872+0000] {logging_mixin.py:190} INFO - [2025-05-30T19:19:55.870+0000] {dagbag.py:588} INFO - Filling up the DagBag from /opt/airflow/dags/extract.py
[2025-05-30T19:19:59.660+0000] {processor.py:925} INFO - DAG(s) 'data_synth' retrieved from /opt/airflow/dags/extract.py
[2025-05-30T19:20:01.055+0000] {logging_mixin.py:190} INFO - [2025-05-30T19:20:01.054+0000] {dag.py:3239} INFO - Sync 1 DAGs
[2025-05-30T19:20:01.919+0000] {logging_mixin.py:190} INFO - [2025-05-30T19:20:01.918+0000] {dag.py:4180} INFO - Setting next_dagrun for data_synth to 2025-05-26 18:30:00+00:00, run_after=2025-05-27 18:30:00+00:00
[2025-05-30T19:20:02.220+0000] {processor.py:208} INFO - Processing /opt/airflow/dags/extract.py took 6.458 seconds
[2025-05-30T19:20:33.892+0000] {processor.py:186} INFO - Started process (PID=410) to work on /opt/airflow/dags/extract.py
[2025-05-30T19:20:33.919+0000] {processor.py:914} INFO - Processing file /opt/airflow/dags/extract.py for tasks to queue
[2025-05-30T19:20:33.965+0000] {logging_mixin.py:190} INFO - [2025-05-30T19:20:33.961+0000] {dagbag.py:588} INFO - Filling up the DagBag from /opt/airflow/dags/extract.py
[2025-05-30T19:20:37.391+0000] {processor.py:925} INFO - DAG(s) 'data_synth' retrieved from /opt/airflow/dags/extract.py
[2025-05-30T19:20:37.518+0000] {logging_mixin.py:190} INFO - [2025-05-30T19:20:37.516+0000] {dag.py:3239} INFO - Sync 1 DAGs
[2025-05-30T19:20:37.951+0000] {logging_mixin.py:190} INFO - [2025-05-30T19:20:37.950+0000] {dag.py:4180} INFO - Setting next_dagrun for data_synth to 2025-05-26 18:30:00+00:00, run_after=2025-05-27 18:30:00+00:00
[2025-05-30T19:20:38.345+0000] {processor.py:208} INFO - Processing /opt/airflow/dags/extract.py took 4.575 seconds
[2025-05-30T19:21:09.234+0000] {processor.py:186} INFO - Started process (PID=422) to work on /opt/airflow/dags/extract.py
[2025-05-30T19:21:09.252+0000] {processor.py:914} INFO - Processing file /opt/airflow/dags/extract.py for tasks to queue
[2025-05-30T19:21:09.287+0000] {logging_mixin.py:190} INFO - [2025-05-30T19:21:09.286+0000] {dagbag.py:588} INFO - Filling up the DagBag from /opt/airflow/dags/extract.py
[2025-05-30T19:21:13.092+0000] {processor.py:925} INFO - DAG(s) 'data_synth' retrieved from /opt/airflow/dags/extract.py
[2025-05-30T19:21:14.369+0000] {logging_mixin.py:190} INFO - [2025-05-30T19:21:14.357+0000] {dag.py:3239} INFO - Sync 1 DAGs
[2025-05-30T19:21:14.555+0000] {logging_mixin.py:190} INFO - [2025-05-30T19:21:14.555+0000] {dag.py:4180} INFO - Setting next_dagrun for data_synth to 2025-05-26 18:30:00+00:00, run_after=2025-05-27 18:30:00+00:00
[2025-05-30T19:21:14.785+0000] {processor.py:208} INFO - Processing /opt/airflow/dags/extract.py took 5.623 seconds
[2025-05-30T19:21:45.617+0000] {processor.py:186} INFO - Started process (PID=436) to work on /opt/airflow/dags/extract.py
[2025-05-30T19:21:45.627+0000] {processor.py:914} INFO - Processing file /opt/airflow/dags/extract.py for tasks to queue
[2025-05-30T19:21:45.639+0000] {logging_mixin.py:190} INFO - [2025-05-30T19:21:45.638+0000] {dagbag.py:588} INFO - Filling up the DagBag from /opt/airflow/dags/extract.py
[2025-05-30T19:21:48.033+0000] {processor.py:925} INFO - DAG(s) 'data_synth' retrieved from /opt/airflow/dags/extract.py
[2025-05-30T19:21:49.459+0000] {logging_mixin.py:190} INFO - [2025-05-30T19:21:49.458+0000] {dag.py:3239} INFO - Sync 1 DAGs
[2025-05-30T19:21:49.768+0000] {logging_mixin.py:190} INFO - [2025-05-30T19:21:49.768+0000] {dag.py:4180} INFO - Setting next_dagrun for data_synth to 2025-05-26 18:30:00+00:00, run_after=2025-05-27 18:30:00+00:00
[2025-05-30T19:21:50.038+0000] {processor.py:208} INFO - Processing /opt/airflow/dags/extract.py took 4.468 seconds
[2025-05-30T19:22:20.828+0000] {processor.py:186} INFO - Started process (PID=456) to work on /opt/airflow/dags/extract.py
[2025-05-30T19:22:20.831+0000] {processor.py:914} INFO - Processing file /opt/airflow/dags/extract.py for tasks to queue
[2025-05-30T19:22:20.849+0000] {logging_mixin.py:190} INFO - [2025-05-30T19:22:20.848+0000] {dagbag.py:588} INFO - Filling up the DagBag from /opt/airflow/dags/extract.py
[2025-05-30T19:22:23.451+0000] {processor.py:925} INFO - DAG(s) 'data_synth' retrieved from /opt/airflow/dags/extract.py
[2025-05-30T19:22:23.548+0000] {logging_mixin.py:190} INFO - [2025-05-30T19:22:23.546+0000] {dag.py:3239} INFO - Sync 1 DAGs
[2025-05-30T19:22:23.808+0000] {logging_mixin.py:190} INFO - [2025-05-30T19:22:23.796+0000] {dag.py:4180} INFO - Setting next_dagrun for data_synth to 2025-05-26 18:30:00+00:00, run_after=2025-05-27 18:30:00+00:00
[2025-05-30T19:22:24.020+0000] {processor.py:208} INFO - Processing /opt/airflow/dags/extract.py took 3.235 seconds
[2025-05-30T19:22:54.678+0000] {processor.py:186} INFO - Started process (PID=467) to work on /opt/airflow/dags/extract.py
[2025-05-30T19:22:54.684+0000] {processor.py:914} INFO - Processing file /opt/airflow/dags/extract.py for tasks to queue
[2025-05-30T19:22:54.705+0000] {logging_mixin.py:190} INFO - [2025-05-30T19:22:54.703+0000] {dagbag.py:588} INFO - Filling up the DagBag from /opt/airflow/dags/extract.py
[2025-05-30T19:22:57.022+0000] {processor.py:925} INFO - DAG(s) 'data_synth' retrieved from /opt/airflow/dags/extract.py
[2025-05-30T19:22:57.939+0000] {logging_mixin.py:190} INFO - [2025-05-30T19:22:57.938+0000] {dag.py:3239} INFO - Sync 1 DAGs
[2025-05-30T19:22:58.199+0000] {logging_mixin.py:190} INFO - [2025-05-30T19:22:58.198+0000] {dag.py:4180} INFO - Setting next_dagrun for data_synth to 2025-05-26 18:30:00+00:00, run_after=2025-05-27 18:30:00+00:00
[2025-05-30T19:22:58.331+0000] {processor.py:208} INFO - Processing /opt/airflow/dags/extract.py took 3.720 seconds
[2025-05-30T19:23:28.661+0000] {processor.py:186} INFO - Started process (PID=479) to work on /opt/airflow/dags/extract.py
[2025-05-30T19:23:28.675+0000] {processor.py:914} INFO - Processing file /opt/airflow/dags/extract.py for tasks to queue
[2025-05-30T19:23:28.695+0000] {logging_mixin.py:190} INFO - [2025-05-30T19:23:28.694+0000] {dagbag.py:588} INFO - Filling up the DagBag from /opt/airflow/dags/extract.py
[2025-05-30T19:23:32.172+0000] {processor.py:925} INFO - DAG(s) 'data_synth' retrieved from /opt/airflow/dags/extract.py
[2025-05-30T19:23:33.187+0000] {logging_mixin.py:190} INFO - [2025-05-30T19:23:33.186+0000] {dag.py:3239} INFO - Sync 1 DAGs
[2025-05-30T19:23:33.508+0000] {logging_mixin.py:190} INFO - [2025-05-30T19:23:33.507+0000] {dag.py:4180} INFO - Setting next_dagrun for data_synth to 2025-05-26 18:30:00+00:00, run_after=2025-05-27 18:30:00+00:00
[2025-05-30T19:23:33.723+0000] {processor.py:208} INFO - Processing /opt/airflow/dags/extract.py took 5.116 seconds
[2025-05-30T19:24:04.372+0000] {processor.py:186} INFO - Started process (PID=492) to work on /opt/airflow/dags/extract.py
[2025-05-30T19:24:04.375+0000] {processor.py:914} INFO - Processing file /opt/airflow/dags/extract.py for tasks to queue
[2025-05-30T19:24:04.393+0000] {logging_mixin.py:190} INFO - [2025-05-30T19:24:04.391+0000] {dagbag.py:588} INFO - Filling up the DagBag from /opt/airflow/dags/extract.py
[2025-05-30T19:24:05.835+0000] {processor.py:925} INFO - DAG(s) 'data_synth' retrieved from /opt/airflow/dags/extract.py
[2025-05-30T19:24:06.410+0000] {logging_mixin.py:190} INFO - [2025-05-30T19:24:06.408+0000] {dag.py:3239} INFO - Sync 1 DAGs
[2025-05-30T19:24:06.624+0000] {logging_mixin.py:190} INFO - [2025-05-30T19:24:06.613+0000] {dag.py:4180} INFO - Setting next_dagrun for data_synth to 2025-05-26 18:30:00+00:00, run_after=2025-05-27 18:30:00+00:00
[2025-05-30T19:24:06.709+0000] {processor.py:208} INFO - Processing /opt/airflow/dags/extract.py took 2.363 seconds
[2025-05-30T19:24:37.937+0000] {processor.py:186} INFO - Started process (PID=506) to work on /opt/airflow/dags/extract.py
[2025-05-30T19:24:37.970+0000] {processor.py:914} INFO - Processing file /opt/airflow/dags/extract.py for tasks to queue
[2025-05-30T19:24:38.013+0000] {logging_mixin.py:190} INFO - [2025-05-30T19:24:38.012+0000] {dagbag.py:588} INFO - Filling up the DagBag from /opt/airflow/dags/extract.py
[2025-05-30T19:24:41.986+0000] {processor.py:925} INFO - DAG(s) 'data_synth' retrieved from /opt/airflow/dags/extract.py
[2025-05-30T19:24:43.090+0000] {logging_mixin.py:190} INFO - [2025-05-30T19:24:43.089+0000] {dag.py:3239} INFO - Sync 1 DAGs
[2025-05-30T19:24:43.211+0000] {logging_mixin.py:190} INFO - [2025-05-30T19:24:43.210+0000] {dag.py:4180} INFO - Setting next_dagrun for data_synth to 2025-05-26 18:30:00+00:00, run_after=2025-05-27 18:30:00+00:00
[2025-05-30T19:24:43.358+0000] {processor.py:208} INFO - Processing /opt/airflow/dags/extract.py took 5.585 seconds
[2025-05-30T19:25:14.641+0000] {processor.py:186} INFO - Started process (PID=519) to work on /opt/airflow/dags/extract.py
[2025-05-30T19:25:14.660+0000] {processor.py:914} INFO - Processing file /opt/airflow/dags/extract.py for tasks to queue
[2025-05-30T19:25:14.678+0000] {logging_mixin.py:190} INFO - [2025-05-30T19:25:14.677+0000] {dagbag.py:588} INFO - Filling up the DagBag from /opt/airflow/dags/extract.py
[2025-05-30T19:25:17.786+0000] {processor.py:925} INFO - DAG(s) 'data_synth' retrieved from /opt/airflow/dags/extract.py
[2025-05-30T19:25:19.069+0000] {logging_mixin.py:190} INFO - [2025-05-30T19:25:19.068+0000] {dag.py:3239} INFO - Sync 1 DAGs
[2025-05-30T19:25:19.307+0000] {logging_mixin.py:190} INFO - [2025-05-30T19:25:19.307+0000] {dag.py:4180} INFO - Setting next_dagrun for data_synth to 2025-05-26 18:30:00+00:00, run_after=2025-05-27 18:30:00+00:00
[2025-05-30T19:25:19.461+0000] {processor.py:208} INFO - Processing /opt/airflow/dags/extract.py took 4.926 seconds
[2025-05-30T19:25:50.558+0000] {processor.py:186} INFO - Started process (PID=539) to work on /opt/airflow/dags/extract.py
[2025-05-30T19:25:50.573+0000] {processor.py:914} INFO - Processing file /opt/airflow/dags/extract.py for tasks to queue
[2025-05-30T19:25:50.598+0000] {logging_mixin.py:190} INFO - [2025-05-30T19:25:50.590+0000] {dagbag.py:588} INFO - Filling up the DagBag from /opt/airflow/dags/extract.py
[2025-05-30T19:25:54.281+0000] {processor.py:925} INFO - DAG(s) 'data_synth' retrieved from /opt/airflow/dags/extract.py
[2025-05-30T19:25:56.155+0000] {logging_mixin.py:190} INFO - [2025-05-30T19:25:56.142+0000] {dag.py:3239} INFO - Sync 1 DAGs
[2025-05-30T19:25:56.381+0000] {logging_mixin.py:190} INFO - [2025-05-30T19:25:56.381+0000] {dag.py:4180} INFO - Setting next_dagrun for data_synth to 2025-05-26 18:30:00+00:00, run_after=2025-05-27 18:30:00+00:00
[2025-05-30T19:25:56.601+0000] {processor.py:208} INFO - Processing /opt/airflow/dags/extract.py took 6.137 seconds
[2025-05-30T19:26:27.190+0000] {processor.py:186} INFO - Started process (PID=552) to work on /opt/airflow/dags/extract.py
[2025-05-30T19:26:27.195+0000] {processor.py:914} INFO - Processing file /opt/airflow/dags/extract.py for tasks to queue
[2025-05-30T19:26:27.223+0000] {logging_mixin.py:190} INFO - [2025-05-30T19:26:27.222+0000] {dagbag.py:588} INFO - Filling up the DagBag from /opt/airflow/dags/extract.py
[2025-05-30T19:26:30.063+0000] {processor.py:925} INFO - DAG(s) 'data_synth' retrieved from /opt/airflow/dags/extract.py
[2025-05-30T19:26:31.480+0000] {logging_mixin.py:190} INFO - [2025-05-30T19:26:31.479+0000] {dag.py:3239} INFO - Sync 1 DAGs
[2025-05-30T19:26:31.732+0000] {logging_mixin.py:190} INFO - [2025-05-30T19:26:31.731+0000] {dag.py:4180} INFO - Setting next_dagrun for data_synth to 2025-05-26 18:30:00+00:00, run_after=2025-05-27 18:30:00+00:00
[2025-05-30T19:26:31.960+0000] {processor.py:208} INFO - Processing /opt/airflow/dags/extract.py took 4.810 seconds
[2025-05-30T19:27:02.213+0000] {processor.py:186} INFO - Started process (PID=565) to work on /opt/airflow/dags/extract.py
[2025-05-30T19:27:02.218+0000] {processor.py:914} INFO - Processing file /opt/airflow/dags/extract.py for tasks to queue
[2025-05-30T19:27:02.229+0000] {logging_mixin.py:190} INFO - [2025-05-30T19:27:02.228+0000] {dagbag.py:588} INFO - Filling up the DagBag from /opt/airflow/dags/extract.py
[2025-05-30T19:27:03.062+0000] {processor.py:925} INFO - DAG(s) 'data_synth' retrieved from /opt/airflow/dags/extract.py
[2025-05-30T19:27:03.341+0000] {logging_mixin.py:190} INFO - [2025-05-30T19:27:03.340+0000] {dag.py:3239} INFO - Sync 1 DAGs
[2025-05-30T19:27:03.390+0000] {logging_mixin.py:190} INFO - [2025-05-30T19:27:03.390+0000] {dag.py:4180} INFO - Setting next_dagrun for data_synth to 2025-05-26 18:30:00+00:00, run_after=2025-05-27 18:30:00+00:00
[2025-05-30T19:27:03.436+0000] {processor.py:208} INFO - Processing /opt/airflow/dags/extract.py took 1.249 seconds
[2025-05-30T19:27:33.718+0000] {processor.py:186} INFO - Started process (PID=578) to work on /opt/airflow/dags/extract.py
[2025-05-30T19:27:33.721+0000] {processor.py:914} INFO - Processing file /opt/airflow/dags/extract.py for tasks to queue
[2025-05-30T19:27:33.737+0000] {logging_mixin.py:190} INFO - [2025-05-30T19:27:33.736+0000] {dagbag.py:588} INFO - Filling up the DagBag from /opt/airflow/dags/extract.py
[2025-05-30T19:27:35.502+0000] {processor.py:925} INFO - DAG(s) 'data_synth' retrieved from /opt/airflow/dags/extract.py
[2025-05-30T19:27:35.903+0000] {logging_mixin.py:190} INFO - [2025-05-30T19:27:35.902+0000] {dag.py:3239} INFO - Sync 1 DAGs
[2025-05-30T19:27:35.955+0000] {logging_mixin.py:190} INFO - [2025-05-30T19:27:35.955+0000] {dag.py:4180} INFO - Setting next_dagrun for data_synth to 2025-05-26 18:30:00+00:00, run_after=2025-05-27 18:30:00+00:00
[2025-05-30T19:27:36.002+0000] {processor.py:208} INFO - Processing /opt/airflow/dags/extract.py took 2.322 seconds
[2025-05-30T19:28:06.816+0000] {processor.py:186} INFO - Started process (PID=592) to work on /opt/airflow/dags/extract.py
[2025-05-30T19:28:06.818+0000] {processor.py:914} INFO - Processing file /opt/airflow/dags/extract.py for tasks to queue
[2025-05-30T19:28:06.824+0000] {logging_mixin.py:190} INFO - [2025-05-30T19:28:06.824+0000] {dagbag.py:588} INFO - Filling up the DagBag from /opt/airflow/dags/extract.py
[2025-05-30T19:28:07.651+0000] {processor.py:925} INFO - DAG(s) 'data_synth' retrieved from /opt/airflow/dags/extract.py
[2025-05-30T19:28:07.900+0000] {logging_mixin.py:190} INFO - [2025-05-30T19:28:07.900+0000] {dag.py:3239} INFO - Sync 1 DAGs
[2025-05-30T19:28:07.944+0000] {logging_mixin.py:190} INFO - [2025-05-30T19:28:07.943+0000] {dag.py:4180} INFO - Setting next_dagrun for data_synth to 2025-05-26 18:30:00+00:00, run_after=2025-05-27 18:30:00+00:00
[2025-05-30T19:28:07.989+0000] {processor.py:208} INFO - Processing /opt/airflow/dags/extract.py took 1.192 seconds
[2025-05-30T19:28:38.399+0000] {processor.py:186} INFO - Started process (PID=605) to work on /opt/airflow/dags/extract.py
[2025-05-30T19:28:38.402+0000] {processor.py:914} INFO - Processing file /opt/airflow/dags/extract.py for tasks to queue
[2025-05-30T19:28:38.411+0000] {logging_mixin.py:190} INFO - [2025-05-30T19:28:38.410+0000] {dagbag.py:588} INFO - Filling up the DagBag from /opt/airflow/dags/extract.py
[2025-05-30T19:28:39.441+0000] {processor.py:925} INFO - DAG(s) 'data_synth' retrieved from /opt/airflow/dags/extract.py
[2025-05-30T19:28:39.726+0000] {logging_mixin.py:190} INFO - [2025-05-30T19:28:39.725+0000] {dag.py:3239} INFO - Sync 1 DAGs
[2025-05-30T19:28:39.821+0000] {logging_mixin.py:190} INFO - [2025-05-30T19:28:39.821+0000] {dag.py:4180} INFO - Setting next_dagrun for data_synth to 2025-05-26 18:30:00+00:00, run_after=2025-05-27 18:30:00+00:00
[2025-05-30T19:28:39.887+0000] {processor.py:208} INFO - Processing /opt/airflow/dags/extract.py took 1.520 seconds
[2025-05-30T19:29:10.371+0000] {processor.py:186} INFO - Started process (PID=618) to work on /opt/airflow/dags/extract.py
[2025-05-30T19:29:10.377+0000] {processor.py:914} INFO - Processing file /opt/airflow/dags/extract.py for tasks to queue
[2025-05-30T19:29:10.389+0000] {logging_mixin.py:190} INFO - [2025-05-30T19:29:10.388+0000] {dagbag.py:588} INFO - Filling up the DagBag from /opt/airflow/dags/extract.py
[2025-05-30T19:29:15.749+0000] {processor.py:925} INFO - DAG(s) 'data_synth' retrieved from /opt/airflow/dags/extract.py
