[2025-05-25T05:20:14.429+0000] {local_task_job_runner.py:123} INFO - ::group::Pre task execution logs
[2025-05-25T05:20:15.646+0000] {taskinstance.py:2613} INFO - Dependencies all met for dep_context=non-requeueable deps ti=<TaskInstance: load_file_to_psql.generate_file scheduled__2025-01-04T00:00:00+00:00 [queued]>
[2025-05-25T05:20:16.178+0000] {taskinstance.py:2613} INFO - Dependencies all met for dep_context=requeueable deps ti=<TaskInstance: load_file_to_psql.generate_file scheduled__2025-01-04T00:00:00+00:00 [queued]>
[2025-05-25T05:20:16.184+0000] {taskinstance.py:2866} INFO - Starting attempt 1 of 1
[2025-05-25T05:20:17.630+0000] {taskinstance.py:2889} INFO - Executing <Task(PythonOperator): generate_file> on 2025-01-04 00:00:00+00:00
[2025-05-25T05:20:18.385+0000] {warnings.py:112} WARNING - /home/***/.local/lib/python3.12/site-packages/***/task/task_runner/standard_task_runner.py:70: DeprecationWarning: This process (pid=396) is multi-threaded, use of fork() may lead to deadlocks in the child.
  pid = os.fork()

[2025-05-25T05:20:18.476+0000] {standard_task_runner.py:72} INFO - Started process 442 to run task
[2025-05-25T05:20:19.261+0000] {standard_task_runner.py:104} INFO - Running: ['***', 'tasks', 'run', 'load_file_to_psql', 'generate_file', 'scheduled__2025-01-04T00:00:00+00:00', '--job-id', '38', '--raw', '--subdir', 'DAGS_FOLDER/data_quality.py', '--cfg-path', '/tmp/tmpu6ggijgj']
[2025-05-25T05:20:18.940+0000] {standard_task_runner.py:105} INFO - Job 38: Subtask generate_file
[2025-05-25T05:20:24.040+0000] {job.py:229} INFO - Heartbeat recovered after 10.76 seconds
[2025-05-25T05:20:32.439+0000] {task_command.py:467} INFO - Running <TaskInstance: load_file_to_psql.generate_file scheduled__2025-01-04T00:00:00+00:00 [running]> on host b4cf172ed0b9
[2025-05-25T05:20:39.768+0000] {taskinstance.py:3132} INFO - Exporting env vars: AIRFLOW_CTX_DAG_EMAIL='https://t.me/Shust_DE' AIRFLOW_CTX_DAG_OWNER='@Shust_DE' AIRFLOW_CTX_DAG_ID='load_file_to_psql' AIRFLOW_CTX_TASK_ID='generate_file' AIRFLOW_CTX_EXECUTION_DATE='2025-01-04T00:00:00+00:00' AIRFLOW_CTX_TRY_NUMBER='1' AIRFLOW_CTX_DAG_RUN_ID='scheduled__2025-01-04T00:00:00+00:00'
[2025-05-25T05:20:40.001+0000] {taskinstance.py:731} INFO - ::endgroup::
[2025-05-25T05:20:43.232+0000] {job.py:229} INFO - Heartbeat recovered after 19.67 seconds
[2025-05-25T05:20:44.319+0000] {python.py:240} INFO - Done. Returned value was: None
[2025-05-25T05:20:44.982+0000] {taskinstance.py:340} INFO - ::group::Post task execution logs
[2025-05-25T05:20:44.997+0000] {taskinstance.py:352} INFO - Marking task as SUCCESS. dag_id=load_file_to_psql, task_id=generate_file, run_id=scheduled__2025-01-04T00:00:00+00:00, execution_date=20250104T000000, start_date=20250525T052015, end_date=20250525T052044
[2025-05-25T05:20:46.828+0000] {local_task_job_runner.py:266} INFO - Task exited with return code 0
[2025-05-25T05:20:46.964+0000] {local_task_job_runner.py:245} INFO - ::endgroup::
[2025-05-25T05:20:47.019+0000] {standard_task_runner.py:217} INFO - Process not found (most likely exited), stop collecting metrics
