[2025-05-25T05:14:47.819+0000] {local_task_job_runner.py:123} INFO - ::group::Pre task execution logs
[2025-05-25T05:14:48.309+0000] {taskinstance.py:2613} INFO - Dependencies all met for dep_context=non-requeueable deps ti=<TaskInstance: load_file_to_psql.move_data_file scheduled__2024-11-26T00:00:00+00:00 [queued]>
[2025-05-25T05:14:48.831+0000] {taskinstance.py:2613} INFO - Dependencies all met for dep_context=requeueable deps ti=<TaskInstance: load_file_to_psql.move_data_file scheduled__2024-11-26T00:00:00+00:00 [queued]>
[2025-05-25T05:14:49.087+0000] {taskinstance.py:2866} INFO - Starting attempt 1 of 1
[2025-05-25T05:14:50.140+0000] {taskinstance.py:2889} INFO - Executing <Task(BashOperator): move_data_file> on 2024-11-26 00:00:00+00:00
[2025-05-25T05:14:50.444+0000] {warnings.py:112} WARNING - /home/***/.local/lib/python3.12/site-packages/***/task/task_runner/standard_task_runner.py:70: DeprecationWarning: This process (pid=196) is multi-threaded, use of fork() may lead to deadlocks in the child.
  pid = os.fork()

[2025-05-25T05:14:50.621+0000] {standard_task_runner.py:72} INFO - Started process 245 to run task
[2025-05-25T05:14:50.602+0000] {standard_task_runner.py:104} INFO - Running: ['***', 'tasks', 'run', 'load_file_to_psql', 'move_data_file', 'scheduled__2024-11-26T00:00:00+00:00', '--job-id', '20', '--raw', '--subdir', 'DAGS_FOLDER/data_quality.py', '--cfg-path', '/tmp/tmpx3yn5vu_']
[2025-05-25T05:14:50.785+0000] {standard_task_runner.py:105} INFO - Job 20: Subtask move_data_file
[2025-05-25T05:14:57.114+0000] {job.py:229} INFO - Heartbeat recovered after 12.01 seconds
[2025-05-25T05:15:22.733+0000] {task_command.py:467} INFO - Running <TaskInstance: load_file_to_psql.move_data_file scheduled__2024-11-26T00:00:00+00:00 [running]> on host b4cf172ed0b9
[2025-05-25T05:15:27.085+0000] {job.py:229} INFO - Heartbeat recovered after 30.02 seconds
[2025-05-25T05:15:29.497+0000] {taskinstance.py:3132} INFO - Exporting env vars: AIRFLOW_CTX_DAG_EMAIL='https://t.me/Shust_DE' AIRFLOW_CTX_DAG_OWNER='@Shust_DE' AIRFLOW_CTX_DAG_ID='load_file_to_psql' AIRFLOW_CTX_TASK_ID='move_data_file' AIRFLOW_CTX_EXECUTION_DATE='2024-11-26T00:00:00+00:00' AIRFLOW_CTX_TRY_NUMBER='1' AIRFLOW_CTX_DAG_RUN_ID='scheduled__2024-11-26T00:00:00+00:00'
[2025-05-25T05:15:29.568+0000] {taskinstance.py:731} INFO - ::endgroup::
[2025-05-25T05:15:31.152+0000] {subprocess.py:78} INFO - Tmp dir root location: /tmp
[2025-05-25T05:15:31.186+0000] {subprocess.py:88} INFO - Running command: ['/usr/bin/bash', '-c', 'mkdir -p /tmp/processed_data/ && mv /tmp/data.csv /tmp/processed_data/']
[2025-05-25T05:15:32.519+0000] {subprocess.py:99} INFO - Output:
[2025-05-25T05:15:33.350+0000] {subprocess.py:110} INFO - Command exited with return code 0
[2025-05-25T05:15:36.715+0000] {taskinstance.py:340} INFO - ::group::Post task execution logs
[2025-05-25T05:15:36.831+0000] {taskinstance.py:352} INFO - Marking task as SUCCESS. dag_id=load_file_to_psql, task_id=move_data_file, run_id=scheduled__2024-11-26T00:00:00+00:00, execution_date=20241126T000000, start_date=20250525T051448, end_date=20250525T051536
[2025-05-25T05:15:41.772+0000] {local_task_job_runner.py:266} INFO - Task exited with return code 0
[2025-05-25T05:15:45.258+0000] {standard_task_runner.py:217} INFO - Process not found (most likely exited), stop collecting metrics
[2025-05-25T05:15:47.989+0000] {taskinstance.py:3895} INFO - 0 downstream tasks scheduled from follow-on schedule check
[2025-05-25T05:15:48.058+0000] {local_task_job_runner.py:245} INFO - ::endgroup::
