[2025-05-25T05:31:36.520+0000] {local_task_job_runner.py:123} INFO - ::group::Pre task execution logs
[2025-05-25T05:31:36.928+0000] {taskinstance.py:2613} INFO - Dependencies all met for dep_context=non-requeueable deps ti=<TaskInstance: load_file_to_psql.move_data_file scheduled__2025-03-02T00:00:00+00:00 [queued]>
[2025-05-25T05:31:37.046+0000] {taskinstance.py:2613} INFO - Dependencies all met for dep_context=requeueable deps ti=<TaskInstance: load_file_to_psql.move_data_file scheduled__2025-03-02T00:00:00+00:00 [queued]>
[2025-05-25T05:31:37.050+0000] {taskinstance.py:2866} INFO - Starting attempt 1 of 1
[2025-05-25T05:31:37.230+0000] {taskinstance.py:2889} INFO - Executing <Task(BashOperator): move_data_file> on 2025-03-02 00:00:00+00:00
[2025-05-25T05:31:37.326+0000] {standard_task_runner.py:104} INFO - Running: ['***', 'tasks', 'run', 'load_file_to_psql', 'move_data_file', 'scheduled__2025-03-02T00:00:00+00:00', '--job-id', '181', '--raw', '--subdir', 'DAGS_FOLDER/data_quality.py', '--cfg-path', '/tmp/tmpykzd37_9']
[2025-05-25T05:31:37.359+0000] {standard_task_runner.py:105} INFO - Job 181: Subtask move_data_file
[2025-05-25T05:31:37.350+0000] {warnings.py:112} WARNING - /home/***/.local/lib/python3.12/site-packages/***/task/task_runner/standard_task_runner.py:70: DeprecationWarning: This process (pid=1249) is multi-threaded, use of fork() may lead to deadlocks in the child.
  pid = os.fork()

[2025-05-25T05:31:37.380+0000] {standard_task_runner.py:72} INFO - Started process 1277 to run task
[2025-05-25T05:31:42.517+0000] {task_command.py:467} INFO - Running <TaskInstance: load_file_to_psql.move_data_file scheduled__2025-03-02T00:00:00+00:00 [running]> on host b4cf172ed0b9
[2025-05-25T05:31:43.927+0000] {taskinstance.py:3132} INFO - Exporting env vars: AIRFLOW_CTX_DAG_EMAIL='https://t.me/Shust_DE' AIRFLOW_CTX_DAG_OWNER='@Shust_DE' AIRFLOW_CTX_DAG_ID='load_file_to_psql' AIRFLOW_CTX_TASK_ID='move_data_file' AIRFLOW_CTX_EXECUTION_DATE='2025-03-02T00:00:00+00:00' AIRFLOW_CTX_TRY_NUMBER='1' AIRFLOW_CTX_DAG_RUN_ID='scheduled__2025-03-02T00:00:00+00:00'
[2025-05-25T05:31:43.949+0000] {taskinstance.py:731} INFO - ::endgroup::
[2025-05-25T05:31:44.470+0000] {subprocess.py:78} INFO - Tmp dir root location: /tmp
[2025-05-25T05:31:44.494+0000] {subprocess.py:88} INFO - Running command: ['/usr/bin/bash', '-c', 'mkdir -p /tmp/processed_data/ && mv /tmp/data.csv /tmp/processed_data/']
[2025-05-25T05:31:44.719+0000] {subprocess.py:99} INFO - Output:
[2025-05-25T05:31:44.747+0000] {subprocess.py:110} INFO - Command exited with return code 0
[2025-05-25T05:31:45.154+0000] {taskinstance.py:340} INFO - ::group::Post task execution logs
[2025-05-25T05:31:45.159+0000] {taskinstance.py:352} INFO - Marking task as SUCCESS. dag_id=load_file_to_psql, task_id=move_data_file, run_id=scheduled__2025-03-02T00:00:00+00:00, execution_date=20250302T000000, start_date=20250525T053136, end_date=20250525T053145
[2025-05-25T05:31:47.464+0000] {local_task_job_runner.py:266} INFO - Task exited with return code 0
[2025-05-25T05:31:47.977+0000] {taskinstance.py:3895} INFO - 0 downstream tasks scheduled from follow-on schedule check
[2025-05-25T05:31:48.011+0000] {local_task_job_runner.py:245} INFO - ::endgroup::
